[ 2014-08-19T09:17:00+08:00 ] 127.0.0.1 /p2p/index.php?m=Public&a=login
INFO: [ app_begin ] --START--
INFO: Run ReadHtmlCache Behavior [ RunTime:0.000000s ]
INFO: [ app_begin ] --END-- [ RunTime:0.000000s ]
INFO: [ view_template ] --START--
INFO: Run LocationTemplate Behavior [ RunTime:0.046875s ]
INFO: [ view_template ] --END-- [ RunTime:0.046875s ]
INFO: [ view_parse ] --START--
INFO: Run ParseTemplate Behavior [ RunTime:0.078125s ]
INFO: [ view_parse ] --END-- [ RunTime:0.078125s ]
INFO: [ view_filter ] --START--
INFO: Run ContentReplace Behavior [ RunTime:0.000000s ]
INFO: Run TokenBuild Behavior [ RunTime:0.000000s ]
INFO: Run WriteHtmlCache Behavior [ RunTime:0.015625s ]
INFO: Run ShowRuntime Behavior [ RunTime:0.000000s ]
INFO: [ view_filter ] --END-- [ RunTime:0.015625s ]
INFO: [ view_end ] --START--
INFO: Run ShowPageTrace Behavior [ RunTime:0.000000s ]
INFO: [ view_end ] --END-- [ RunTime:0.000000s ]

[ 2014-08-19T09:17:06+08:00 ] 127.0.0.1 /p2p/index.php?g=Admin&m=Public&a=doLogin
INFO: [ app_begin ] --START--
INFO: Run ReadHtmlCache Behavior [ RunTime:0.000000s ]
INFO: [ app_begin ] --END-- [ RunTime:0.000000s ]
SQL: SHOW COLUMNS FROM `p_user` [ RunTime:0.156250s ]
SQL: SELECT * FROM `p_user` WHERE ( name='chen' AND password='e10adc3949ba59abbe56e057f20f883e' ) LIMIT 1   [ RunTime:0.031250s ]
INFO: [ view_template ] --START--
INFO: Run LocationTemplate Behavior [ RunTime:0.000000s ]
INFO: [ view_template ] --END-- [ RunTime:0.000000s ]
INFO: [ view_parse ] --START--
INFO: Run ParseTemplate Behavior [ RunTime:0.046875s ]
INFO: [ view_parse ] --END-- [ RunTime:0.046875s ]
INFO: [ view_filter ] --START--
INFO: Run ContentReplace Behavior [ RunTime:0.015625s ]
INFO: Run TokenBuild Behavior [ RunTime:0.000000s ]
INFO: Run WriteHtmlCache Behavior [ RunTime:0.000000s ]
INFO: Run ShowRuntime Behavior [ RunTime:0.000000s ]
INFO: [ view_filter ] --END-- [ RunTime:0.015625s ]
INFO: [ view_end ] --START--
INFO: Run ShowPageTrace Behavior [ RunTime:0.000000s ]
INFO: [ view_end ] --END-- [ RunTime:0.000000s ]

[ 2014-08-19T09:17:07+08:00 ] 127.0.0.1 /p2p/index.php?g=Admin&m=Index&a=index
INFO: [ app_begin ] --START--
INFO: Run ReadHtmlCache Behavior [ RunTime:0.000000s ]
INFO: [ app_begin ] --END-- [ RunTime:0.000000s ]
NOTIC: [8] Undefined index: userInfo D:\SoftWare\wamp\www\p2p\app\Lib\Action\AdminAction.class.php 第 33 行.
SQL: SHOW COLUMNS FROM `p_loa` [ RunTime:0.000000s ]
ERR: Table 'p2p.p_loa' doesn't exist
 [ SQL语句 ] : SHOW COLUMNS FROM `p_loa`
SQL: SELECT `id` FROM `p_loa` WHERE ( `module` = 'Index' ) AND ( `action` = 'index' ) LIMIT 1   [ RunTime:0.000000s ]
ERR: Table 'p2p.p_loa' doesn't exist
 [ SQL语句 ] : SELECT `id` FROM `p_loa` WHERE ( `module` = 'Index' ) AND ( `action` = 'index' ) LIMIT 1  
INFO: [ view_template ] --START--
INFO: Run LocationTemplate Behavior [ RunTime:0.015625s ]
INFO: [ view_template ] --END-- [ RunTime:0.015625s ]
INFO: [ view_parse ] --START--
NOTIC: [8] Undefined index: userInfo D:\SoftWare\wamp\www\p2p\app\Runtime\Cache\Admin\4b70113722ede13045c3ae2dd49777cf.php 第 15 行.
INFO: Run ParseTemplate Behavior [ RunTime:0.062500s ]
INFO: [ view_parse ] --END-- [ RunTime:0.062500s ]
INFO: [ view_filter ] --START--
INFO: Run ContentReplace Behavior [ RunTime:0.015625s ]
INFO: Run TokenBuild Behavior [ RunTime:0.000000s ]
INFO: Run WriteHtmlCache Behavior [ RunTime:0.000000s ]
INFO: Run ShowRuntime Behavior [ RunTime:0.000000s ]
INFO: [ view_filter ] --END-- [ RunTime:0.015625s ]
INFO: [ view_end ] --START--
INFO: Run ShowPageTrace Behavior [ RunTime:0.000000s ]
INFO: [ view_end ] --END-- [ RunTime:0.000000s ]

[ 2014-08-19T09:17:08+08:00 ] ERR: (ThinkException) Model:getTabList您所请求的方法不存在！
[ 2014-08-19T09:39:33+08:00 ] 127.0.0.1 /p2p/index.php?g=Admin&m=Index&a=index
INFO: [ app_begin ] --START--
INFO: Run ReadHtmlCache Behavior [ RunTime:0.015625s ]
INFO: [ app_begin ] --END-- [ RunTime:0.015625s ]
NOTIC: [8] Undefined index: userInfo D:\SoftWare\wamp\www\p2p\app\Lib\Action\AdminAction.class.php 第 33 行.
SQL: SHOW COLUMNS FROM `p_loa` [ RunTime:0.015625s ]
ERR: Table 'p2p.p_loa' doesn't exist
 [ SQL语句 ] : SHOW COLUMNS FROM `p_loa`
SQL: SELECT `id` FROM `p_loa` WHERE ( `module` = 'Index' ) AND ( `action` = 'index' ) LIMIT 1   [ RunTime:0.000000s ]
ERR: Table 'p2p.p_loa' doesn't exist
 [ SQL语句 ] : SELECT `id` FROM `p_loa` WHERE ( `module` = 'Index' ) AND ( `action` = 'index' ) LIMIT 1  
INFO: [ view_template ] --START--
INFO: Run LocationTemplate Behavior [ RunTime:0.015625s ]
INFO: [ view_template ] --END-- [ RunTime:0.015625s ]
INFO: [ view_parse ] --START--
NOTIC: [8] Undefined index: userInfo D:\SoftWare\wamp\www\p2p\app\Runtime\Cache\Admin\4b70113722ede13045c3ae2dd49777cf.php 第 15 行.
INFO: Run ParseTemplate Behavior [ RunTime:0.062500s ]
INFO: [ view_parse ] --END-- [ RunTime:0.062500s ]
INFO: [ view_filter ] --START--
INFO: Run ContentReplace Behavior [ RunTime:0.015625s ]
INFO: Run TokenBuild Behavior [ RunTime:0.000000s ]
INFO: Run WriteHtmlCache Behavior [ RunTime:0.000000s ]
INFO: Run ShowRuntime Behavior [ RunTime:0.015625s ]
INFO: [ view_filter ] --END-- [ RunTime:0.031250s ]
INFO: [ view_end ] --START--
INFO: Run ShowPageTrace Behavior [ RunTime:0.000000s ]
INFO: [ view_end ] --END-- [ RunTime:0.000000s ]

[ 2014-08-19T09:39:34+08:00 ] ERR: (ThinkException) Model:getTabList您所请求的方法不存在！
[ 2014-08-19T09:39:36+08:00 ] 127.0.0.1 /p2p/index.php?g=Admin&m=Index&a=index
INFO: [ app_begin ] --START--
INFO: Run ReadHtmlCache Behavior [ RunTime:0.000000s ]
INFO: [ app_begin ] --END-- [ RunTime:0.015625s ]
NOTIC: [8] Undefined index: userInfo D:\SoftWare\wamp\www\p2p\app\Lib\Action\AdminAction.class.php 第 33 行.
SQL: SHOW COLUMNS FROM `p_loa` [ RunTime:0.015625s ]
ERR: Table 'p2p.p_loa' doesn't exist
 [ SQL语句 ] : SHOW COLUMNS FROM `p_loa`
SQL: SELECT `id` FROM `p_loa` WHERE ( `module` = 'Index' ) AND ( `action` = 'index' ) LIMIT 1   [ RunTime:0.000000s ]
ERR: Table 'p2p.p_loa' doesn't exist
 [ SQL语句 ] : SELECT `id` FROM `p_loa` WHERE ( `module` = 'Index' ) AND ( `action` = 'index' ) LIMIT 1  
INFO: [ view_template ] --START--
INFO: Run LocationTemplate Behavior [ RunTime:0.000000s ]
INFO: [ view_template ] --END-- [ RunTime:0.000000s ]
INFO: [ view_parse ] --START--
NOTIC: [8] Undefined index: userInfo D:\SoftWare\wamp\www\p2p\app\Runtime\Cache\Admin\4b70113722ede13045c3ae2dd49777cf.php 第 15 行.
INFO: Run ParseTemplate Behavior [ RunTime:0.062500s ]
INFO: [ view_parse ] --END-- [ RunTime:0.062500s ]
INFO: [ view_filter ] --START--
INFO: Run ContentReplace Behavior [ RunTime:0.000000s ]
INFO: Run TokenBuild Behavior [ RunTime:0.015625s ]
INFO: Run WriteHtmlCache Behavior [ RunTime:0.000000s ]
INFO: Run ShowRuntime Behavior [ RunTime:0.000000s ]
INFO: [ view_filter ] --END-- [ RunTime:0.015625s ]
INFO: [ view_end ] --START--
INFO: Run ShowPageTrace Behavior [ RunTime:0.000000s ]
INFO: [ view_end ] --END-- [ RunTime:0.000000s ]

[ 2014-08-19T09:39:36+08:00 ] ERR: (ThinkException) Model:getTabList您所请求的方法不存在！
[ 2014-08-19T09:39:38+08:00 ] 127.0.0.1 /p2p/index.php?g=Admin&m=Public&a=logout
INFO: [ app_begin ] --START--
INFO: Run ReadHtmlCache Behavior [ RunTime:0.015625s ]
INFO: [ app_begin ] --END-- [ RunTime:0.015625s ]
NOTIC: [8] Undefined index: current_time D:\SoftWare\wamp\www\p2p\app\Lib\Action\Admin\PublicAction.class.php 第 51 行.
NOTIC: [8] Undefined index: current_ip D:\SoftWare\wamp\www\p2p\app\Lib\Action\Admin\PublicAction.class.php 第 52 行.
SQL: SHOW COLUMNS FROM `p_user` [ RunTime:0.000000s ]
NOTIC: [8] Undefined index: uid D:\SoftWare\wamp\www\p2p\app\Lib\Action\Admin\PublicAction.class.php 第 54 行.
NOTIC: [8] Undefined variable: set D:\SoftWare\wamp\www\p2p\core\ThinkPHP\Lib\Core\Db.class.php 第 283 行.
NOTIC: [2] implode(): Invalid arguments passed D:\SoftWare\wamp\www\p2p\core\ThinkPHP\Lib\Core\Db.class.php 第 283 行.
SQL: UPDATE `p_user` SET  WHERE ( id= ) [ RunTime:0.000000s ]
ERR: You have an error in your SQL syntax; check the manual that corresponds to your MySQL server version for the right syntax to use near 'WHERE ( id= )' at line 1
 [ SQL语句 ] : UPDATE `p_user` SET  WHERE ( id= )
INFO: [ view_template ] --START--
INFO: Run LocationTemplate Behavior [ RunTime:0.000000s ]
INFO: [ view_template ] --END-- [ RunTime:0.000000s ]
INFO: [ view_parse ] --START--
INFO: Run ParseTemplate Behavior [ RunTime:0.031250s ]
INFO: [ view_parse ] --END-- [ RunTime:0.031250s ]
INFO: [ view_filter ] --START--
INFO: Run ContentReplace Behavior [ RunTime:0.015625s ]
INFO: Run TokenBuild Behavior [ RunTime:0.000000s ]
INFO: Run WriteHtmlCache Behavior [ RunTime:0.000000s ]
INFO: Run ShowRuntime Behavior [ RunTime:0.000000s ]
INFO: [ view_filter ] --END-- [ RunTime:0.015625s ]
INFO: [ view_end ] --START--
INFO: Run ShowPageTrace Behavior [ RunTime:0.000000s ]
INFO: [ view_end ] --END-- [ RunTime:0.000000s ]

[ 2014-08-19T09:39:38+08:00 ] 127.0.0.1 /p2p/index.php?g=Admin&m=Public&a=logout
INFO: [ app_begin ] --START--
INFO: Run ReadHtmlCache Behavior [ RunTime:0.015625s ]
INFO: [ app_begin ] --END-- [ RunTime:0.015625s ]
SQL: SHOW COLUMNS FROM `p_user` [ RunTime:0.015625s ]
NOTIC: [8] Undefined variable: set D:\SoftWare\wamp\www\p2p\core\ThinkPHP\Lib\Core\Db.class.php 第 283 行.
NOTIC: [2] implode(): Invalid arguments passed D:\SoftWare\wamp\www\p2p\core\ThinkPHP\Lib\Core\Db.class.php 第 283 行.
SQL: UPDATE `p_user` SET  WHERE ( id=1 ) [ RunTime:0.000000s ]
ERR: You have an error in your SQL syntax; check the manual that corresponds to your MySQL server version for the right syntax to use near 'WHERE ( id=1 )' at line 1
 [ SQL语句 ] : UPDATE `p_user` SET  WHERE ( id=1 )
INFO: [ view_template ] --START--
INFO: Run LocationTemplate Behavior [ RunTime:0.015625s ]
INFO: [ view_template ] --END-- [ RunTime:0.015625s ]
INFO: [ view_parse ] --START--
INFO: Run ParseTemplate Behavior [ RunTime:0.031250s ]
INFO: [ view_parse ] --END-- [ RunTime:0.031250s ]
INFO: [ view_filter ] --START--
INFO: Run ContentReplace Behavior [ RunTime:0.015625s ]
INFO: Run TokenBuild Behavior [ RunTime:0.000000s ]
INFO: Run WriteHtmlCache Behavior [ RunTime:0.000000s ]
INFO: Run ShowRuntime Behavior [ RunTime:0.000000s ]
INFO: [ view_filter ] --END-- [ RunTime:0.015625s ]
INFO: [ view_end ] --START--
INFO: Run ShowPageTrace Behavior [ RunTime:0.000000s ]
INFO: [ view_end ] --END-- [ RunTime:0.000000s ]

[ 2014-08-19T09:39:39+08:00 ] 127.0.0.1 /p2p/index.php?g=Admin&m=Public&a=login
INFO: [ app_begin ] --START--
INFO: Run ReadHtmlCache Behavior [ RunTime:0.015625s ]
INFO: [ app_begin ] --END-- [ RunTime:0.015625s ]
INFO: [ view_template ] --START--
INFO: Run LocationTemplate Behavior [ RunTime:0.015625s ]
INFO: [ view_template ] --END-- [ RunTime:0.015625s ]
INFO: [ view_parse ] --START--
INFO: Run ParseTemplate Behavior [ RunTime:0.046875s ]
INFO: [ view_parse ] --END-- [ RunTime:0.046875s ]
INFO: [ view_filter ] --START--
INFO: Run ContentReplace Behavior [ RunTime:0.015625s ]
INFO: Run TokenBuild Behavior [ RunTime:0.000000s ]
INFO: Run WriteHtmlCache Behavior [ RunTime:0.000000s ]
INFO: Run ShowRuntime Behavior [ RunTime:0.015625s ]
INFO: [ view_filter ] --END-- [ RunTime:0.031250s ]
INFO: [ view_end ] --START--
INFO: Run ShowPageTrace Behavior [ RunTime:0.000000s ]
INFO: [ view_end ] --END-- [ RunTime:0.000000s ]

[ 2014-08-19T09:39:44+08:00 ] 127.0.0.1 /p2p/index.php?g=Admin&m=Public&a=doLogin
INFO: [ app_begin ] --START--
INFO: Run ReadHtmlCache Behavior [ RunTime:0.000000s ]
INFO: [ app_begin ] --END-- [ RunTime:0.000000s ]
SQL: SHOW COLUMNS FROM `p_user` [ RunTime:0.015625s ]
SQL: SELECT * FROM `p_user` WHERE ( name='chen' AND password='e10adc3949ba59abbe56e057f20f883e' ) LIMIT 1   [ RunTime:0.000000s ]
INFO: [ view_template ] --START--
INFO: Run LocationTemplate Behavior [ RunTime:0.000000s ]
INFO: [ view_template ] --END-- [ RunTime:0.000000s ]
INFO: [ view_parse ] --START--
INFO: Run ParseTemplate Behavior [ RunTime:0.046875s ]
INFO: [ view_parse ] --END-- [ RunTime:0.046875s ]
INFO: [ view_filter ] --START--
INFO: Run ContentReplace Behavior [ RunTime:0.000000s ]
INFO: Run TokenBuild Behavior [ RunTime:0.015625s ]
INFO: Run WriteHtmlCache Behavior [ RunTime:0.000000s ]
INFO: Run ShowRuntime Behavior [ RunTime:0.000000s ]
INFO: [ view_filter ] --END-- [ RunTime:0.015625s ]
INFO: [ view_end ] --START--
INFO: Run ShowPageTrace Behavior [ RunTime:0.015625s ]
INFO: [ view_end ] --END-- [ RunTime:0.015625s ]

[ 2014-08-19T09:39:45+08:00 ] 127.0.0.1 /p2p/index.php?g=Admin&m=Index&a=index
INFO: [ app_begin ] --START--
INFO: Run ReadHtmlCache Behavior [ RunTime:0.015625s ]
INFO: [ app_begin ] --END-- [ RunTime:0.015625s ]
NOTIC: [8] Undefined index: userInfo D:\SoftWare\wamp\www\p2p\app\Lib\Action\AdminAction.class.php 第 33 行.
SQL: SHOW COLUMNS FROM `p_loa` [ RunTime:0.015625s ]
ERR: Table 'p2p.p_loa' doesn't exist
 [ SQL语句 ] : SHOW COLUMNS FROM `p_loa`
SQL: SELECT `id` FROM `p_loa` WHERE ( `module` = 'Index' ) AND ( `action` = 'index' ) LIMIT 1   [ RunTime:0.000000s ]
ERR: Table 'p2p.p_loa' doesn't exist
 [ SQL语句 ] : SELECT `id` FROM `p_loa` WHERE ( `module` = 'Index' ) AND ( `action` = 'index' ) LIMIT 1  
INFO: [ view_template ] --START--
INFO: Run LocationTemplate Behavior [ RunTime:0.015625s ]
INFO: [ view_template ] --END-- [ RunTime:0.015625s ]
INFO: [ view_parse ] --START--
NOTIC: [8] Undefined index: userInfo D:\SoftWare\wamp\www\p2p\app\Runtime\Cache\Admin\4b70113722ede13045c3ae2dd49777cf.php 第 15 行.
INFO: Run ParseTemplate Behavior [ RunTime:0.062500s ]
INFO: [ view_parse ] --END-- [ RunTime:0.062500s ]
INFO: [ view_filter ] --START--
INFO: Run ContentReplace Behavior [ RunTime:0.000000s ]
INFO: Run TokenBuild Behavior [ RunTime:0.000000s ]
INFO: Run WriteHtmlCache Behavior [ RunTime:0.015625s ]
INFO: Run ShowRuntime Behavior [ RunTime:0.000000s ]
INFO: [ view_filter ] --END-- [ RunTime:0.015625s ]
INFO: [ view_end ] --START--
INFO: Run ShowPageTrace Behavior [ RunTime:0.000000s ]
INFO: [ view_end ] --END-- [ RunTime:0.000000s ]

[ 2014-08-19T09:39:45+08:00 ] ERR: (ThinkException) Model:getTabList您所请求的方法不存在！
[ 2014-08-19T09:42:26+08:00 ] 127.0.0.1 /p2p/index.php?g=Admin&m=Index&a=index
INFO: [ app_begin ] --START--
INFO: Run ReadHtmlCache Behavior [ RunTime:0.015625s ]
INFO: [ app_begin ] --END-- [ RunTime:0.015625s ]
NOTIC: [8] Undefined index: userInfo D:\SoftWare\wamp\www\p2p\app\Lib\Action\AdminAction.class.php 第 33 行.
SQL: SHOW COLUMNS FROM `p_loa` [ RunTime:0.015625s ]
ERR: Table 'p2p.p_loa' doesn't exist
 [ SQL语句 ] : SHOW COLUMNS FROM `p_loa`
SQL: SELECT `id` FROM `p_loa` WHERE ( `module` = 'Index' ) AND ( `action` = 'index' ) LIMIT 1   [ RunTime:0.000000s ]
ERR: Table 'p2p.p_loa' doesn't exist
 [ SQL语句 ] : SELECT `id` FROM `p_loa` WHERE ( `module` = 'Index' ) AND ( `action` = 'index' ) LIMIT 1  
INFO: [ view_template ] --START--
INFO: Run LocationTemplate Behavior [ RunTime:0.000000s ]
INFO: [ view_template ] --END-- [ RunTime:0.000000s ]
INFO: [ view_parse ] --START--
NOTIC: [8] Undefined index: userInfo D:\SoftWare\wamp\www\p2p\app\Runtime\Cache\Admin\4b70113722ede13045c3ae2dd49777cf.php 第 15 行.
INFO: Run ParseTemplate Behavior [ RunTime:0.062500s ]
INFO: [ view_parse ] --END-- [ RunTime:0.062500s ]
INFO: [ view_filter ] --START--
INFO: Run ContentReplace Behavior [ RunTime:0.000000s ]
INFO: Run TokenBuild Behavior [ RunTime:0.000000s ]
INFO: Run WriteHtmlCache Behavior [ RunTime:0.000000s ]
INFO: Run ShowRuntime Behavior [ RunTime:0.000000s ]
INFO: [ view_filter ] --END-- [ RunTime:0.015625s ]
INFO: [ view_end ] --START--
INFO: Run ShowPageTrace Behavior [ RunTime:0.000000s ]
INFO: [ view_end ] --END-- [ RunTime:0.000000s ]

[ 2014-08-19T09:42:26+08:00 ] ERR: (ThinkException) Model:getTabList您所请求的方法不存在！
[ 2014-08-19T09:55:31+08:00 ] 127.0.0.1 /p2p/index.php?g=Admin&m=Index&a=index
INFO: [ app_begin ] --START--
INFO: Run ReadHtmlCache Behavior [ RunTime:0.015625s ]
INFO: [ app_begin ] --END-- [ RunTime:0.015625s ]
NOTIC: [8] Undefined index: userInfo D:\SoftWare\wamp\www\p2p\app\Lib\Action\AdminAction.class.php 第 33 行.
SQL: SHOW COLUMNS FROM `p_loa` [ RunTime:0.015625s ]
ERR: Table 'p2p.p_loa' doesn't exist
 [ SQL语句 ] : SHOW COLUMNS FROM `p_loa`
SQL: SELECT `id` FROM `p_loa` WHERE ( `module` = 'Index' ) AND ( `action` = 'index' ) LIMIT 1   [ RunTime:0.015625s ]
ERR: Table 'p2p.p_loa' doesn't exist
 [ SQL语句 ] : SELECT `id` FROM `p_loa` WHERE ( `module` = 'Index' ) AND ( `action` = 'index' ) LIMIT 1  
INFO: [ view_template ] --START--
INFO: Run LocationTemplate Behavior [ RunTime:0.015625s ]
INFO: [ view_template ] --END-- [ RunTime:0.015625s ]
INFO: [ view_parse ] --START--
NOTIC: [8] Undefined index: userInfo D:\SoftWare\wamp\www\p2p\app\Runtime\Cache\Admin\4b70113722ede13045c3ae2dd49777cf.php 第 15 行.
INFO: Run ParseTemplate Behavior [ RunTime:0.093750s ]
INFO: [ view_parse ] --END-- [ RunTime:0.093750s ]
INFO: [ view_filter ] --START--
INFO: Run ContentReplace Behavior [ RunTime:0.000000s ]
INFO: Run TokenBuild Behavior [ RunTime:0.015625s ]
INFO: Run WriteHtmlCache Behavior [ RunTime:0.015625s ]
INFO: Run ShowRuntime Behavior [ RunTime:0.000000s ]
INFO: [ view_filter ] --END-- [ RunTime:0.031250s ]
INFO: [ view_end ] --START--
INFO: Run ShowPageTrace Behavior [ RunTime:0.015625s ]
INFO: [ view_end ] --END-- [ RunTime:0.015625s ]

[ 2014-08-19T09:55:31+08:00 ] ERR: (ThinkException) Model:getTabList您所请求的方法不存在！
[ 2014-08-19T09:55:32+08:00 ] 127.0.0.1 /p2p/index.php?g=Admin&m=Index&a=index
INFO: [ app_begin ] --START--
INFO: Run ReadHtmlCache Behavior [ RunTime:0.015625s ]
INFO: [ app_begin ] --END-- [ RunTime:0.015625s ]
NOTIC: [8] Undefined index: userInfo D:\SoftWare\wamp\www\p2p\app\Lib\Action\AdminAction.class.php 第 33 行.
SQL: SHOW COLUMNS FROM `p_loa` [ RunTime:0.015625s ]
ERR: Table 'p2p.p_loa' doesn't exist
 [ SQL语句 ] : SHOW COLUMNS FROM `p_loa`
SQL: SELECT `id` FROM `p_loa` WHERE ( `module` = 'Index' ) AND ( `action` = 'index' ) LIMIT 1   [ RunTime:0.000000s ]
ERR: Table 'p2p.p_loa' doesn't exist
 [ SQL语句 ] : SELECT `id` FROM `p_loa` WHERE ( `module` = 'Index' ) AND ( `action` = 'index' ) LIMIT 1  
INFO: [ view_template ] --START--
INFO: Run LocationTemplate Behavior [ RunTime:0.000000s ]
INFO: [ view_template ] --END-- [ RunTime:0.000000s ]
INFO: [ view_parse ] --START--
NOTIC: [8] Undefined index: userInfo D:\SoftWare\wamp\www\p2p\app\Runtime\Cache\Admin\4b70113722ede13045c3ae2dd49777cf.php 第 15 行.
INFO: Run ParseTemplate Behavior [ RunTime:0.093750s ]
INFO: [ view_parse ] --END-- [ RunTime:0.109375s ]
INFO: [ view_filter ] --START--
INFO: Run ContentReplace Behavior [ RunTime:0.015625s ]
INFO: Run TokenBuild Behavior [ RunTime:0.000000s ]
INFO: Run WriteHtmlCache Behavior [ RunTime:0.015625s ]
INFO: Run ShowRuntime Behavior [ RunTime:0.000000s ]
INFO: [ view_filter ] --END-- [ RunTime:0.046875s ]
INFO: [ view_end ] --START--
INFO: Run ShowPageTrace Behavior [ RunTime:0.000000s ]
INFO: [ view_end ] --END-- [ RunTime:0.000000s ]

[ 2014-08-19T09:55:33+08:00 ] ERR: (ThinkException) Model:getTabList您所请求的方法不存在！
[ 2014-08-19T09:55:34+08:00 ] ERR: (ThinkException) 无法加载模块:User
[ 2014-08-19T09:59:11+08:00 ] 127.0.0.1 /p2p/index.php?g=Admin&m=Index&a=index
INFO: [ app_begin ] --START--
INFO: Run ReadHtmlCache Behavior [ RunTime:0.005859s ]
INFO: [ app_begin ] --END-- [ RunTime:0.006836s ]
NOTIC: [8] Undefined index: userInfo D:\SoftWare\wamp\www\p2p\app\Lib\Action\AdminAction.class.php 第 33 行.
SQL: SHOW COLUMNS FROM `p_loa` [ RunTime:0.013672s ]
ERR: Table 'p2p.p_loa' doesn't exist
 [ SQL语句 ] : SHOW COLUMNS FROM `p_loa`
SQL: SELECT `id` FROM `p_loa` WHERE ( `module` = 'Index' ) AND ( `action` = 'index' ) LIMIT 1   [ RunTime:0.003906s ]
ERR: Table 'p2p.p_loa' doesn't exist
 [ SQL语句 ] : SELECT `id` FROM `p_loa` WHERE ( `module` = 'Index' ) AND ( `action` = 'index' ) LIMIT 1  
INFO: [ view_template ] --START--
INFO: Run LocationTemplate Behavior [ RunTime:0.007813s ]
INFO: [ view_template ] --END-- [ RunTime:0.008789s ]
INFO: [ view_parse ] --START--
NOTIC: [8] Undefined index: userInfo D:\SoftWare\wamp\www\p2p\app\Runtime\Cache\Admin\4b70113722ede13045c3ae2dd49777cf.php 第 15 行.
INFO: Run ParseTemplate Behavior [ RunTime:0.066406s ]
INFO: [ view_parse ] --END-- [ RunTime:0.066406s ]
INFO: [ view_filter ] --START--
INFO: Run ContentReplace Behavior [ RunTime:0.004882s ]
INFO: Run TokenBuild Behavior [ RunTime:0.004883s ]
INFO: Run WriteHtmlCache Behavior [ RunTime:0.005860s ]
INFO: Run ShowRuntime Behavior [ RunTime:0.004883s ]
INFO: [ view_filter ] --END-- [ RunTime:0.023438s ]
INFO: [ view_end ] --START--
INFO: Run ShowPageTrace Behavior [ RunTime:0.004883s ]
INFO: [ view_end ] --END-- [ RunTime:0.006836s ]

[ 2014-08-19T09:59:11+08:00 ] ERR: (ThinkException) Model:getTabList您所请求的方法不存在！
[ 2014-08-19T10:02:21+08:00 ] ERR: (ThinkException) Model:getTabList您所请求的方法不存在！
[ 2014-08-19T10:12:57+08:00 ] 127.0.0.1 /p2p/index.php?g=Admin&m=Index&a=index
INFO: [ app_begin ] --START--
INFO: Run ReadHtmlCache Behavior [ RunTime:0.007813s ]
INFO: [ app_begin ] --END-- [ RunTime:0.007813s ]
NOTIC: [8] Undefined index: userInfo D:\SoftWare\wamp\www\p2p\app\Lib\Action\AdminAction.class.php 第 33 行.
SQL: SHOW COLUMNS FROM `p_loa` [ RunTime:0.011719s ]
ERR: Table 'p2p.p_loa' doesn't exist
 [ SQL语句 ] : SHOW COLUMNS FROM `p_loa`
SQL: SELECT `id` FROM `p_loa` WHERE ( `module` = 'Index' ) AND ( `action` = 'index' ) LIMIT 1   [ RunTime:0.002930s ]
ERR: Table 'p2p.p_loa' doesn't exist
 [ SQL语句 ] : SELECT `id` FROM `p_loa` WHERE ( `module` = 'Index' ) AND ( `action` = 'index' ) LIMIT 1  
INFO: [ view_template ] --START--
INFO: Run LocationTemplate Behavior [ RunTime:0.007812s ]
INFO: [ view_template ] --END-- [ RunTime:0.008789s ]
INFO: [ view_parse ] --START--
NOTIC: [8] Undefined index: userInfo D:\SoftWare\wamp\www\p2p\app\Runtime\Cache\Admin\4b70113722ede13045c3ae2dd49777cf.php 第 15 行.
INFO: Run ParseTemplate Behavior [ RunTime:0.070313s ]
INFO: [ view_parse ] --END-- [ RunTime:0.072265s ]
INFO: [ view_filter ] --START--
INFO: Run ContentReplace Behavior [ RunTime:0.005859s ]
INFO: Run TokenBuild Behavior [ RunTime:0.006836s ]
INFO: Run WriteHtmlCache Behavior [ RunTime:0.003906s ]
INFO: Run ShowRuntime Behavior [ RunTime:0.006836s ]
INFO: [ view_filter ] --END-- [ RunTime:0.025391s ]
INFO: [ view_end ] --START--
INFO: Run ShowPageTrace Behavior [ RunTime:0.005859s ]
INFO: [ view_end ] --END-- [ RunTime:0.006836s ]

[ 2014-08-19T10:12:58+08:00 ] ERR: (ThinkException) Model:getTabList您所请求的方法不存在！
[ 2014-08-19T10:12:59+08:00 ] 127.0.0.1 /p2p/index.php?g=Admin&m=Index&a=index
INFO: [ app_begin ] --START--
INFO: Run ReadHtmlCache Behavior [ RunTime:0.006836s ]
INFO: [ app_begin ] --END-- [ RunTime:0.006836s ]
NOTIC: [8] Undefined index: userInfo D:\SoftWare\wamp\www\p2p\app\Lib\Action\AdminAction.class.php 第 33 行.
SQL: SHOW COLUMNS FROM `p_loa` [ RunTime:0.012695s ]
ERR: Table 'p2p.p_loa' doesn't exist
 [ SQL语句 ] : SHOW COLUMNS FROM `p_loa`
SQL: SELECT `id` FROM `p_loa` WHERE ( `module` = 'Index' ) AND ( `action` = 'index' ) LIMIT 1   [ RunTime:0.002930s ]
ERR: Table 'p2p.p_loa' doesn't exist
 [ SQL语句 ] : SELECT `id` FROM `p_loa` WHERE ( `module` = 'Index' ) AND ( `action` = 'index' ) LIMIT 1  
INFO: [ view_template ] --START--
INFO: Run LocationTemplate Behavior [ RunTime:0.005860s ]
INFO: [ view_template ] --END-- [ RunTime:0.007812s ]
INFO: [ view_parse ] --START--
NOTIC: [8] Undefined index: userInfo D:\SoftWare\wamp\www\p2p\app\Runtime\Cache\Admin\4b70113722ede13045c3ae2dd49777cf.php 第 15 行.
INFO: Run ParseTemplate Behavior [ RunTime:0.067382s ]
INFO: [ view_parse ] --END-- [ RunTime:0.067382s ]
INFO: [ view_filter ] --START--
INFO: Run ContentReplace Behavior [ RunTime:0.005859s ]
INFO: Run TokenBuild Behavior [ RunTime:0.005860s ]
INFO: Run WriteHtmlCache Behavior [ RunTime:0.003906s ]
INFO: Run ShowRuntime Behavior [ RunTime:0.005859s ]
INFO: [ view_filter ] --END-- [ RunTime:0.022461s ]
INFO: [ view_end ] --START--
INFO: Run ShowPageTrace Behavior [ RunTime:0.004882s ]
INFO: [ view_end ] --END-- [ RunTime:0.005859s ]

[ 2014-08-19T10:12:59+08:00 ] ERR: (ThinkException) Model:getTabList您所请求的方法不存在！
[ 2014-08-19T10:13:00+08:00 ] 127.0.0.1 /p2p/index.php?g=Admin&m=Index&a=index
INFO: [ app_begin ] --START--
INFO: Run ReadHtmlCache Behavior [ RunTime:0.005860s ]
INFO: [ app_begin ] --END-- [ RunTime:0.006836s ]
NOTIC: [8] Undefined index: userInfo D:\SoftWare\wamp\www\p2p\app\Lib\Action\AdminAction.class.php 第 33 行.
SQL: SHOW COLUMNS FROM `p_loa` [ RunTime:0.013672s ]
ERR: Table 'p2p.p_loa' doesn't exist
 [ SQL语句 ] : SHOW COLUMNS FROM `p_loa`
SQL: SELECT `id` FROM `p_loa` WHERE ( `module` = 'Index' ) AND ( `action` = 'index' ) LIMIT 1   [ RunTime:0.001954s ]
ERR: Table 'p2p.p_loa' doesn't exist
 [ SQL语句 ] : SELECT `id` FROM `p_loa` WHERE ( `module` = 'Index' ) AND ( `action` = 'index' ) LIMIT 1  
INFO: [ view_template ] --START--
INFO: Run LocationTemplate Behavior [ RunTime:0.008789s ]
INFO: [ view_template ] --END-- [ RunTime:0.008789s ]
INFO: [ view_parse ] --START--
NOTIC: [8] Undefined index: userInfo D:\SoftWare\wamp\www\p2p\app\Runtime\Cache\Admin\4b70113722ede13045c3ae2dd49777cf.php 第 15 行.
INFO: Run ParseTemplate Behavior [ RunTime:0.069336s ]
INFO: [ view_parse ] --END-- [ RunTime:0.069336s ]
INFO: [ view_filter ] --START--
INFO: Run ContentReplace Behavior [ RunTime:0.004883s ]
INFO: Run TokenBuild Behavior [ RunTime:0.005859s ]
INFO: Run WriteHtmlCache Behavior [ RunTime:0.004883s ]
INFO: Run ShowRuntime Behavior [ RunTime:0.005860s ]
INFO: [ view_filter ] --END-- [ RunTime:0.024414s ]
INFO: [ view_end ] --START--
INFO: Run ShowPageTrace Behavior [ RunTime:0.004883s ]
INFO: [ view_end ] --END-- [ RunTime:0.005860s ]

[ 2014-08-19T10:13:01+08:00 ] ERR: (ThinkException) Model:getTabList您所请求的方法不存在！
[ 2014-08-19T10:27:57+08:00 ] 127.0.0.1 /p2p/index.php?g=Admin&m=Index&a=index
INFO: [ app_begin ] --START--
INFO: Run ReadHtmlCache Behavior [ RunTime:0.006836s ]
INFO: [ app_begin ] --END-- [ RunTime:0.006836s ]
NOTIC: [8] Undefined index: userInfo D:\SoftWare\wamp\www\p2p\app\Lib\Action\AdminAction.class.php 第 33 行.
SQL: SHOW COLUMNS FROM `p_loa` [ RunTime:0.012695s ]
ERR: Table 'p2p.p_loa' doesn't exist
 [ SQL语句 ] : SHOW COLUMNS FROM `p_loa`
SQL: SELECT `id` FROM `p_loa` WHERE ( `module` = 'Index' ) AND ( `action` = 'index' ) LIMIT 1   [ RunTime:0.002930s ]
ERR: Table 'p2p.p_loa' doesn't exist
 [ SQL语句 ] : SELECT `id` FROM `p_loa` WHERE ( `module` = 'Index' ) AND ( `action` = 'index' ) LIMIT 1  
INFO: [ view_template ] --START--
INFO: Run LocationTemplate Behavior [ RunTime:0.008789s ]
INFO: [ view_template ] --END-- [ RunTime:0.009766s ]
INFO: [ view_parse ] --START--
NOTIC: [8] Undefined index: userInfo D:\SoftWare\wamp\www\p2p\app\Runtime\Cache\Admin\4b70113722ede13045c3ae2dd49777cf.php 第 15 行.
INFO: Run ParseTemplate Behavior [ RunTime:0.078125s ]
INFO: [ view_parse ] --END-- [ RunTime:0.078125s ]
INFO: [ view_filter ] --START--
INFO: Run ContentReplace Behavior [ RunTime:0.012696s ]
INFO: Run TokenBuild Behavior [ RunTime:0.004883s ]
INFO: Run WriteHtmlCache Behavior [ RunTime:0.005859s ]
INFO: Run ShowRuntime Behavior [ RunTime:0.005859s ]
INFO: [ view_filter ] --END-- [ RunTime:0.032227s ]
INFO: [ view_end ] --START--
INFO: Run ShowPageTrace Behavior [ RunTime:0.004882s ]
INFO: [ view_end ] --END-- [ RunTime:0.005859s ]

[ 2014-08-19T10:27:57+08:00 ] ERR: (ThinkException) Model:getTabList您所请求的方法不存在！
[ 2014-08-19T10:27:58+08:00 ] 127.0.0.1 /p2p/index.php?g=Admin&m=Index&a=index
INFO: [ app_begin ] --START--
INFO: Run ReadHtmlCache Behavior [ RunTime:0.006836s ]
INFO: [ app_begin ] --END-- [ RunTime:0.007812s ]
NOTIC: [8] Undefined index: userInfo D:\SoftWare\wamp\www\p2p\app\Lib\Action\AdminAction.class.php 第 33 行.
SQL: SHOW COLUMNS FROM `p_loa` [ RunTime:0.012696s ]
ERR: Table 'p2p.p_loa' doesn't exist
 [ SQL语句 ] : SHOW COLUMNS FROM `p_loa`
SQL: SELECT `id` FROM `p_loa` WHERE ( `module` = 'Index' ) AND ( `action` = 'index' ) LIMIT 1   [ RunTime:0.002930s ]
ERR: Table 'p2p.p_loa' doesn't exist
 [ SQL语句 ] : SELECT `id` FROM `p_loa` WHERE ( `module` = 'Index' ) AND ( `action` = 'index' ) LIMIT 1  
INFO: [ view_template ] --START--
INFO: Run LocationTemplate Behavior [ RunTime:0.008789s ]
INFO: [ view_template ] --END-- [ RunTime:0.008789s ]
INFO: [ view_parse ] --START--
NOTIC: [8] Undefined index: userInfo D:\SoftWare\wamp\www\p2p\app\Runtime\Cache\Admin\4b70113722ede13045c3ae2dd49777cf.php 第 15 行.
INFO: Run ParseTemplate Behavior [ RunTime:0.083008s ]
INFO: [ view_parse ] --END-- [ RunTime:0.083984s ]
INFO: [ view_filter ] --START--
INFO: Run ContentReplace Behavior [ RunTime:0.007812s ]
INFO: Run TokenBuild Behavior [ RunTime:0.005860s ]
INFO: Run WriteHtmlCache Behavior [ RunTime:0.004883s ]
INFO: Run ShowRuntime Behavior [ RunTime:0.006836s ]
INFO: [ view_filter ] --END-- [ RunTime:0.028321s ]
INFO: [ view_end ] --START--
INFO: Run ShowPageTrace Behavior [ RunTime:0.005859s ]
INFO: [ view_end ] --END-- [ RunTime:0.006836s ]

[ 2014-08-19T10:27:58+08:00 ] ERR: (ThinkException) Model:getTabList您所请求的方法不存在！
[ 2014-08-19T10:27:59+08:00 ] 127.0.0.1 /p2p/index.php?g=Admin&m=Index&a=index
INFO: [ app_begin ] --START--
INFO: Run ReadHtmlCache Behavior [ RunTime:0.003906s ]
INFO: [ app_begin ] --END-- [ RunTime:0.004882s ]
NOTIC: [8] Undefined index: userInfo D:\SoftWare\wamp\www\p2p\app\Lib\Action\AdminAction.class.php 第 33 行.
SQL: SHOW COLUMNS FROM `p_loa` [ RunTime:0.012695s ]
ERR: Table 'p2p.p_loa' doesn't exist
 [ SQL语句 ] : SHOW COLUMNS FROM `p_loa`
SQL: SELECT `id` FROM `p_loa` WHERE ( `module` = 'Index' ) AND ( `action` = 'index' ) LIMIT 1   [ RunTime:0.001953s ]
ERR: Table 'p2p.p_loa' doesn't exist
 [ SQL语句 ] : SELECT `id` FROM `p_loa` WHERE ( `module` = 'Index' ) AND ( `action` = 'index' ) LIMIT 1  
INFO: [ view_template ] --START--
INFO: Run LocationTemplate Behavior [ RunTime:0.007812s ]
INFO: [ view_template ] --END-- [ RunTime:0.009766s ]
INFO: [ view_parse ] --START--
NOTIC: [8] Undefined index: userInfo D:\SoftWare\wamp\www\p2p\app\Runtime\Cache\Admin\4b70113722ede13045c3ae2dd49777cf.php 第 15 行.
INFO: Run ParseTemplate Behavior [ RunTime:0.068360s ]
INFO: [ view_parse ] --END-- [ RunTime:0.071289s ]
INFO: [ view_filter ] --START--
INFO: Run ContentReplace Behavior [ RunTime:0.003906s ]
INFO: Run TokenBuild Behavior [ RunTime:0.004883s ]
INFO: Run WriteHtmlCache Behavior [ RunTime:0.002930s ]
INFO: Run ShowRuntime Behavior [ RunTime:0.004883s ]
INFO: [ view_filter ] --END-- [ RunTime:0.017578s ]
INFO: [ view_end ] --START--
INFO: Run ShowPageTrace Behavior [ RunTime:0.004883s ]
INFO: [ view_end ] --END-- [ RunTime:0.004883s ]

[ 2014-08-19T10:27:59+08:00 ] ERR: (ThinkException) Model:getTabList您所请求的方法不存在！
[ 2014-08-19T10:28:00+08:00 ] 127.0.0.1 /p2p/index.php?g=Admin&m=Index&a=index
INFO: [ app_begin ] --START--
INFO: Run ReadHtmlCache Behavior [ RunTime:0.005860s ]
INFO: [ app_begin ] --END-- [ RunTime:0.006836s ]
NOTIC: [8] Undefined index: userInfo D:\SoftWare\wamp\www\p2p\app\Lib\Action\AdminAction.class.php 第 33 行.
SQL: SHOW COLUMNS FROM `p_loa` [ RunTime:0.014648s ]
ERR: Table 'p2p.p_loa' doesn't exist
 [ SQL语句 ] : SHOW COLUMNS FROM `p_loa`
SQL: SELECT `id` FROM `p_loa` WHERE ( `module` = 'Index' ) AND ( `action` = 'index' ) LIMIT 1   [ RunTime:0.002930s ]
ERR: Table 'p2p.p_loa' doesn't exist
 [ SQL语句 ] : SELECT `id` FROM `p_loa` WHERE ( `module` = 'Index' ) AND ( `action` = 'index' ) LIMIT 1  
INFO: [ view_template ] --START--
INFO: Run LocationTemplate Behavior [ RunTime:0.005860s ]
INFO: [ view_template ] --END-- [ RunTime:0.007812s ]
INFO: [ view_parse ] --START--
NOTIC: [8] Undefined index: userInfo D:\SoftWare\wamp\www\p2p\app\Runtime\Cache\Admin\4b70113722ede13045c3ae2dd49777cf.php 第 15 行.
INFO: Run ParseTemplate Behavior [ RunTime:0.067383s ]
INFO: [ view_parse ] --END-- [ RunTime:0.067383s ]
INFO: [ view_filter ] --START--
INFO: Run ContentReplace Behavior [ RunTime:0.003906s ]
INFO: Run TokenBuild Behavior [ RunTime:0.003906s ]
INFO: Run WriteHtmlCache Behavior [ RunTime:0.002929s ]
INFO: Run ShowRuntime Behavior [ RunTime:0.004883s ]
INFO: [ view_filter ] --END-- [ RunTime:0.018555s ]
INFO: [ view_end ] --START--
INFO: Run ShowPageTrace Behavior [ RunTime:0.004883s ]
INFO: [ view_end ] --END-- [ RunTime:0.004883s ]

[ 2014-08-19T10:28:00+08:00 ] ERR: (ThinkException) Model:getTabList您所请求的方法不存在！
[ 2014-08-19T10:35:05+08:00 ] 127.0.0.1 /p2p/index.php?g=Admin&m=Index&a=index
INFO: [ app_begin ] --START--
INFO: Run ReadHtmlCache Behavior [ RunTime:0.004883s ]
INFO: [ app_begin ] --END-- [ RunTime:0.006836s ]
NOTIC: [8] Undefined index: userInfo D:\SoftWare\wamp\www\p2p\app\Lib\Action\AdminAction.class.php 第 33 行.
SQL: SHOW COLUMNS FROM `p_loa` [ RunTime:0.015625s ]
ERR: Table 'p2p.p_loa' doesn't exist
 [ SQL语句 ] : SHOW COLUMNS FROM `p_loa`
SQL: SELECT `id` FROM `p_loa` WHERE ( `module` = 'Index' ) AND ( `action` = 'index' ) LIMIT 1   [ RunTime:0.002929s ]
ERR: Table 'p2p.p_loa' doesn't exist
 [ SQL语句 ] : SELECT `id` FROM `p_loa` WHERE ( `module` = 'Index' ) AND ( `action` = 'index' ) LIMIT 1  
INFO: [ view_template ] --START--
INFO: Run LocationTemplate Behavior [ RunTime:0.007813s ]
INFO: [ view_template ] --END-- [ RunTime:0.009765s ]
INFO: [ view_parse ] --START--
NOTIC: [8] Undefined index: userInfo D:\SoftWare\wamp\www\p2p\app\Runtime\Cache\Admin\4b70113722ede13045c3ae2dd49777cf.php 第 15 行.
INFO: Run ParseTemplate Behavior [ RunTime:0.066406s ]
INFO: [ view_parse ] --END-- [ RunTime:0.067383s ]
INFO: [ view_filter ] --START--
INFO: Run ContentReplace Behavior [ RunTime:0.003906s ]
INFO: Run TokenBuild Behavior [ RunTime:0.006836s ]
INFO: Run WriteHtmlCache Behavior [ RunTime:0.002929s ]
INFO: Run ShowRuntime Behavior [ RunTime:0.004883s ]
INFO: [ view_filter ] --END-- [ RunTime:0.021485s ]
INFO: [ view_end ] --START--
INFO: Run ShowPageTrace Behavior [ RunTime:0.003906s ]
INFO: [ view_end ] --END-- [ RunTime:0.004883s ]

[ 2014-08-19T10:35:06+08:00 ] ERR: (ThinkException) Model:getTabList您所请求的方法不存在！
[ 2014-08-19T10:35:10+08:00 ] ERR: (ThinkException) 无法加载模块:User
[ 2014-08-19T10:35:22+08:00 ] ERR: (ThinkException) Model:getTabList您所请求的方法不存在！
[ 2014-08-19T10:35:24+08:00 ] ERR: (ThinkException) 无法加载模块:User
[ 2014-08-19T10:35:50+08:00 ] ERR: (ThinkException) Model:getTabList您所请求的方法不存在！
[ 2014-08-19T10:36:05+08:00 ] ERR: (ThinkException) Model:getTabList您所请求的方法不存在！
[ 2014-08-19T10:36:07+08:00 ] ERR: (ThinkException) Model:getTabList您所请求的方法不存在！
[ 2014-08-19T10:36:07+08:00 ] ERR: (ThinkException) Model:getTabList您所请求的方法不存在！
[ 2014-08-19T10:36:08+08:00 ] ERR: (ThinkException) Model:getTabList您所请求的方法不存在！
[ 2014-08-19T10:36:09+08:00 ] ERR: (ThinkException) Model:getTabList您所请求的方法不存在！
[ 2014-08-19T10:36:09+08:00 ] ERR: (ThinkException) Model:getTabList您所请求的方法不存在！
[ 2014-08-19T10:36:09+08:00 ] ERR: (ThinkException) Model:getTabList您所请求的方法不存在！
[ 2014-08-19T10:36:10+08:00 ] ERR: (ThinkException) Model:getTabList您所请求的方法不存在！
[ 2014-08-19T10:36:10+08:00 ] ERR: (ThinkException) Model:getTabList您所请求的方法不存在！
[ 2014-08-19T10:36:11+08:00 ] ERR: (ThinkException) Model:getTabList您所请求的方法不存在！
[ 2014-08-19T10:36:12+08:00 ] ERR: (ThinkException) Model:getTabList您所请求的方法不存在！
[ 2014-08-19T10:36:12+08:00 ] ERR: (ThinkException) Model:getTabList您所请求的方法不存在！
[ 2014-08-19T10:36:13+08:00 ] ERR: (ThinkException) Model:getTabList您所请求的方法不存在！
[ 2014-08-19T10:36:13+08:00 ] ERR: (ThinkException) Model:getTabList您所请求的方法不存在！
[ 2014-08-19T10:36:14+08:00 ] ERR: (ThinkException) Model:getTabList您所请求的方法不存在！
[ 2014-08-19T10:36:14+08:00 ] ERR: (ThinkException) Model:getTabList您所请求的方法不存在！
[ 2014-08-19T10:36:15+08:00 ] ERR: (ThinkException) Model:getTabList您所请求的方法不存在！
[ 2014-08-19T10:36:15+08:00 ] ERR: (ThinkException) Model:getTabList您所请求的方法不存在！
[ 2014-08-19T10:36:16+08:00 ] ERR: (ThinkException) Model:getTabList您所请求的方法不存在！
[ 2014-08-19T10:37:37+08:00 ] ERR: (ThinkException) Action:get_tpl_list您所请求的方法不存在！
[ 2014-08-19T10:37:40+08:00 ] ERR: (ThinkException) Action:get_tpl_list您所请求的方法不存在！
[ 2014-08-19T10:38:48+08:00 ] 127.0.0.1 /p2p/index.php?g=Admin&m=Setting&a=pwd
INFO: [ app_begin ] --START--
INFO: Run ReadHtmlCache Behavior [ RunTime:0.004883s ]
INFO: [ app_begin ] --END-- [ RunTime:0.005859s ]
SQL: SHOW COLUMNS FROM `p_user` [ RunTime:0.014649s ]
SQL: SELECT `password` FROM `p_user` WHERE ( id=1 ) LIMIT 1   [ RunTime:0.018555s ]
SQL: UPDATE `p_user` SET `password`='4297f44b13955235245b2497399d7a93' WHERE ( id=1 ) [ RunTime:0.041993s ]
INFO: [ view_template ] --START--
INFO: Run LocationTemplate Behavior [ RunTime:0.007812s ]
INFO: [ view_template ] --END-- [ RunTime:0.007812s ]
INFO: [ view_parse ] --START--
INFO: Run ParseTemplate Behavior [ RunTime:0.045898s ]
INFO: [ view_parse ] --END-- [ RunTime:0.045898s ]
INFO: [ view_filter ] --START--
INFO: Run ContentReplace Behavior [ RunTime:0.003906s ]
INFO: Run TokenBuild Behavior [ RunTime:0.004882s ]
INFO: Run WriteHtmlCache Behavior [ RunTime:0.003906s ]
INFO: Run ShowRuntime Behavior [ RunTime:0.005860s ]
INFO: [ view_filter ] --END-- [ RunTime:0.020508s ]
INFO: [ view_end ] --START--
INFO: Run ShowPageTrace Behavior [ RunTime:0.005859s ]
INFO: [ view_end ] --END-- [ RunTime:0.006836s ]

[ 2014-08-19T10:38:59+08:00 ] 127.0.0.1 /p2p/index.php?g=Admin&m=Setting&a=pwd
INFO: [ app_begin ] --START--
INFO: Run ReadHtmlCache Behavior [ RunTime:0.004882s ]
INFO: [ app_begin ] --END-- [ RunTime:0.004882s ]
SQL: SHOW COLUMNS FROM `p_user` [ RunTime:0.016601s ]
SQL: SELECT `password` FROM `p_user` WHERE ( id=1 ) LIMIT 1   [ RunTime:0.000976s ]
SQL: UPDATE `p_user` SET `password`='e10adc3949ba59abbe56e057f20f883e' WHERE ( id=1 ) [ RunTime:0.031250s ]
INFO: [ view_template ] --START--
INFO: Run LocationTemplate Behavior [ RunTime:0.005859s ]
INFO: [ view_template ] --END-- [ RunTime:0.007813s ]
INFO: [ view_parse ] --START--
INFO: Run ParseTemplate Behavior [ RunTime:0.033204s ]
INFO: [ view_parse ] --END-- [ RunTime:0.034180s ]
INFO: [ view_filter ] --START--
INFO: Run ContentReplace Behavior [ RunTime:0.002930s ]
INFO: Run TokenBuild Behavior [ RunTime:0.003906s ]
INFO: Run WriteHtmlCache Behavior [ RunTime:0.002930s ]
INFO: Run ShowRuntime Behavior [ RunTime:0.004883s ]
INFO: [ view_filter ] --END-- [ RunTime:0.014649s ]
INFO: [ view_end ] --START--
INFO: Run ShowPageTrace Behavior [ RunTime:0.002930s ]
INFO: [ view_end ] --END-- [ RunTime:0.003906s ]

[ 2014-08-19T10:39:13+08:00 ] ERR: (ThinkException) Action:get_tpl_list您所请求的方法不存在！
[ 2014-08-19T10:47:18+08:00 ] 127.0.0.1 /p2p/index.php?g=Admin&m=Index&a=index
INFO: [ app_begin ] --START--
INFO: Run ReadHtmlCache Behavior [ RunTime:0.007813s ]
INFO: [ app_begin ] --END-- [ RunTime:0.007813s ]
INFO: [ view_template ] --START--
INFO: Run LocationTemplate Behavior [ RunTime:0.008789s ]
INFO: [ view_template ] --END-- [ RunTime:0.009765s ]
INFO: [ view_parse ] --START--
NOTIC: [8] Undefined index: userInfo D:\SoftWare\wamp\www\p2p\app\Runtime\Cache\Admin\4b70113722ede13045c3ae2dd49777cf.php 第 15 行.
INFO: Run ParseTemplate Behavior [ RunTime:0.070312s ]
INFO: [ view_parse ] --END-- [ RunTime:0.071289s ]
INFO: [ view_filter ] --START--
INFO: Run ContentReplace Behavior [ RunTime:0.003906s ]
INFO: Run TokenBuild Behavior [ RunTime:0.003906s ]
INFO: Run WriteHtmlCache Behavior [ RunTime:0.004882s ]
INFO: Run ShowRuntime Behavior [ RunTime:0.004883s ]
INFO: [ view_filter ] --END-- [ RunTime:0.021485s ]
INFO: [ view_end ] --START--
INFO: Run ShowPageTrace Behavior [ RunTime:0.009766s ]
INFO: [ view_end ] --END-- [ RunTime:0.010743s ]

[ 2014-08-19T10:47:42+08:00 ] 127.0.0.1 /p2p/index.php?g=Admin&m=Index&a=index
INFO: [ app_begin ] --START--
INFO: Run ReadHtmlCache Behavior [ RunTime:0.005860s ]
INFO: [ app_begin ] --END-- [ RunTime:0.006836s ]
INFO: [ view_template ] --START--
INFO: Run LocationTemplate Behavior [ RunTime:0.007812s ]
INFO: [ view_template ] --END-- [ RunTime:0.008789s ]
INFO: [ view_parse ] --START--
NOTIC: [8] Undefined index: userInfo D:\SoftWare\wamp\www\p2p\app\Runtime\Cache\Admin\4b70113722ede13045c3ae2dd49777cf.php 第 15 行.
INFO: Run ParseTemplate Behavior [ RunTime:0.070312s ]
INFO: [ view_parse ] --END-- [ RunTime:0.070312s ]
INFO: [ view_filter ] --START--
INFO: Run ContentReplace Behavior [ RunTime:0.005859s ]
INFO: Run TokenBuild Behavior [ RunTime:0.005859s ]
INFO: Run WriteHtmlCache Behavior [ RunTime:0.005860s ]
INFO: Run ShowRuntime Behavior [ RunTime:0.005859s ]
INFO: [ view_filter ] --END-- [ RunTime:0.024414s ]
INFO: [ view_end ] --START--
INFO: Run ShowPageTrace Behavior [ RunTime:0.004883s ]
INFO: [ view_end ] --END-- [ RunTime:0.005860s ]

[ 2014-08-19T10:47:45+08:00 ] 127.0.0.1 /p2p/index.php?g=Admin&m=Article&a=ls
INFO: [ app_begin ] --START--
INFO: Run ReadHtmlCache Behavior [ RunTime:0.006836s ]
INFO: [ app_begin ] --END-- [ RunTime:0.006836s ]
SQL: SHOW COLUMNS FROM `p_article` [ RunTime:0.013672s ]
ERR: Table 'p2p.p_article' doesn't exist
 [ SQL语句 ] : SHOW COLUMNS FROM `p_article`
SQL: SELECT * FROM `p_article` WHERE ( pid=0 )  [ RunTime:0.002930s ]
ERR: Table 'p2p.p_article' doesn't exist
 [ SQL语句 ] : SELECT * FROM `p_article` WHERE ( pid=0 ) 
INFO: [ view_template ] --START--
INFO: Run LocationTemplate Behavior [ RunTime:0.007813s ]
INFO: [ view_template ] --END-- [ RunTime:0.008789s ]
INFO: [ view_parse ] --START--
INFO: Run ParseTemplate Behavior [ RunTime:0.103515s ]
INFO: [ view_parse ] --END-- [ RunTime:0.104492s ]
INFO: [ view_filter ] --START--
INFO: Run ContentReplace Behavior [ RunTime:0.004883s ]
INFO: Run TokenBuild Behavior [ RunTime:0.004883s ]
INFO: Run WriteHtmlCache Behavior [ RunTime:0.003906s ]
INFO: Run ShowRuntime Behavior [ RunTime:0.007812s ]
INFO: [ view_filter ] --END-- [ RunTime:0.023437s ]
INFO: [ view_end ] --START--
INFO: Run ShowPageTrace Behavior [ RunTime:0.004882s ]
INFO: [ view_end ] --END-- [ RunTime:0.005859s ]

[ 2014-08-19T10:47:53+08:00 ] 127.0.0.1 /p2p/index.php?g=Admin&m=Tpl&a=ls
INFO: [ app_begin ] --START--
INFO: Run ReadHtmlCache Behavior [ RunTime:0.004882s ]
INFO: [ app_begin ] --END-- [ RunTime:0.005859s ]

[ 2014-08-19T10:47:56+08:00 ] 127.0.0.1 /p2p/index.php?g=Admin&m=New&a=info
INFO: [ app_begin ] --START--
INFO: Run ReadHtmlCache Behavior [ RunTime:0.005860s ]
INFO: [ app_begin ] --END-- [ RunTime:0.006836s ]

[ 2014-08-19T10:47:57+08:00 ] ERR: (ThinkException) 无法加载模块:User
[ 2014-08-19T10:47:59+08:00 ] 127.0.0.1 /p2p/index.php?g=Admin&m=New&a=info
INFO: [ app_begin ] --START--
INFO: Run ReadHtmlCache Behavior [ RunTime:0.004883s ]
INFO: [ app_begin ] --END-- [ RunTime:0.005859s ]

[ 2014-08-19T10:48:01+08:00 ] 127.0.0.1 /p2p/index.php?g=Admin&m=Tpl&a=ls
INFO: [ app_begin ] --START--
INFO: Run ReadHtmlCache Behavior [ RunTime:0.004883s ]
INFO: [ app_begin ] --END-- [ RunTime:0.006836s ]

[ 2014-08-19T11:03:51+08:00 ] 127.0.0.1 /p2p/index.php?g=Admin&m=Index&a=index
INFO: [ app_begin ] --START--
INFO: Run ReadHtmlCache Behavior [ RunTime:0.006836s ]
INFO: [ app_begin ] --END-- [ RunTime:0.006836s ]
INFO: [ view_template ] --START--
INFO: Run LocationTemplate Behavior [ RunTime:0.008789s ]
INFO: [ view_template ] --END-- [ RunTime:0.009765s ]
INFO: [ view_parse ] --START--
NOTIC: [8] Undefined index: userInfo D:\SoftWare\wamp\www\p2p\app\Runtime\Cache\Admin\4b70113722ede13045c3ae2dd49777cf.php 第 15 行.
INFO: Run ParseTemplate Behavior [ RunTime:0.068359s ]
INFO: [ view_parse ] --END-- [ RunTime:0.069336s ]
INFO: [ view_filter ] --START--
INFO: Run ContentReplace Behavior [ RunTime:0.005859s ]
INFO: Run TokenBuild Behavior [ RunTime:0.005859s ]
INFO: Run WriteHtmlCache Behavior [ RunTime:0.003907s ]
INFO: Run ShowRuntime Behavior [ RunTime:0.016602s ]
INFO: [ view_filter ] --END-- [ RunTime:0.033203s ]
INFO: [ view_end ] --START--
INFO: Run ShowPageTrace Behavior [ RunTime:0.005860s ]
INFO: [ view_end ] --END-- [ RunTime:0.006836s ]

[ 2014-08-19T11:03:51+08:00 ] 127.0.0.1 /p2p/index.php?g=Admin&m=Index&a=index
INFO: [ app_begin ] --START--
INFO: Run ReadHtmlCache Behavior [ RunTime:0.006836s ]
INFO: [ app_begin ] --END-- [ RunTime:0.006836s ]
INFO: [ view_template ] --START--
INFO: Run LocationTemplate Behavior [ RunTime:0.008789s ]
INFO: [ view_template ] --END-- [ RunTime:0.008789s ]
INFO: [ view_parse ] --START--
NOTIC: [8] Undefined index: userInfo D:\SoftWare\wamp\www\p2p\app\Runtime\Cache\Admin\4b70113722ede13045c3ae2dd49777cf.php 第 15 行.
INFO: Run ParseTemplate Behavior [ RunTime:0.117187s ]
INFO: [ view_parse ] --END-- [ RunTime:0.118164s ]
INFO: [ view_filter ] --START--
INFO: Run ContentReplace Behavior [ RunTime:0.004883s ]
INFO: Run TokenBuild Behavior [ RunTime:0.004882s ]
INFO: Run WriteHtmlCache Behavior [ RunTime:0.004883s ]
INFO: Run ShowRuntime Behavior [ RunTime:0.005859s ]
INFO: [ view_filter ] --END-- [ RunTime:0.024414s ]
INFO: [ view_end ] --START--
INFO: Run ShowPageTrace Behavior [ RunTime:0.005860s ]
INFO: [ view_end ] --END-- [ RunTime:0.005860s ]

[ 2014-08-19T11:03:51+08:00 ] 127.0.0.1 /p2p/index.php?g=Admin&m=Index&a=index
INFO: [ app_begin ] --START--
INFO: Run ReadHtmlCache Behavior [ RunTime:0.006836s ]
INFO: [ app_begin ] --END-- [ RunTime:0.025390s ]
INFO: [ view_template ] --START--
INFO: Run LocationTemplate Behavior [ RunTime:0.007812s ]
INFO: [ view_template ] --END-- [ RunTime:0.009766s ]
INFO: [ view_parse ] --START--
NOTIC: [8] Undefined index: userInfo D:\SoftWare\wamp\www\p2p\app\Runtime\Cache\Admin\4b70113722ede13045c3ae2dd49777cf.php 第 15 行.
INFO: Run ParseTemplate Behavior [ RunTime:0.075196s ]
INFO: [ view_parse ] --END-- [ RunTime:0.075196s ]
INFO: [ view_filter ] --START--
INFO: Run ContentReplace Behavior [ RunTime:0.005860s ]
INFO: Run TokenBuild Behavior [ RunTime:0.004883s ]
INFO: Run WriteHtmlCache Behavior [ RunTime:0.005859s ]
INFO: Run ShowRuntime Behavior [ RunTime:0.005860s ]
INFO: [ view_filter ] --END-- [ RunTime:0.023438s ]
INFO: [ view_end ] --START--
INFO: Run ShowPageTrace Behavior [ RunTime:0.005859s ]
INFO: [ view_end ] --END-- [ RunTime:0.006836s ]

[ 2014-08-19T11:03:51+08:00 ] 127.0.0.1 /p2p/index.php?g=Admin&m=Index&a=index
INFO: [ app_begin ] --START--
INFO: Run ReadHtmlCache Behavior [ RunTime:0.005859s ]
INFO: [ app_begin ] --END-- [ RunTime:0.006836s ]
INFO: [ view_template ] --START--
INFO: Run LocationTemplate Behavior [ RunTime:0.008789s ]
INFO: [ view_template ] --END-- [ RunTime:0.009766s ]
INFO: [ view_parse ] --START--
NOTIC: [8] Undefined index: userInfo D:\SoftWare\wamp\www\p2p\app\Runtime\Cache\Admin\4b70113722ede13045c3ae2dd49777cf.php 第 15 行.
INFO: Run ParseTemplate Behavior [ RunTime:0.069336s ]
INFO: [ view_parse ] --END-- [ RunTime:0.071289s ]
INFO: [ view_filter ] --START--
INFO: Run ContentReplace Behavior [ RunTime:0.004883s ]
INFO: Run TokenBuild Behavior [ RunTime:0.004883s ]
INFO: Run WriteHtmlCache Behavior [ RunTime:0.005859s ]
INFO: Run ShowRuntime Behavior [ RunTime:0.005859s ]
INFO: [ view_filter ] --END-- [ RunTime:0.023437s ]
INFO: [ view_end ] --START--
INFO: Run ShowPageTrace Behavior [ RunTime:0.005859s ]
INFO: [ view_end ] --END-- [ RunTime:0.005859s ]

[ 2014-08-19T11:03:52+08:00 ] 127.0.0.1 /p2p/index.php?g=Admin&m=Index&a=index
INFO: [ app_begin ] --START--
INFO: Run ReadHtmlCache Behavior [ RunTime:0.024414s ]
INFO: [ app_begin ] --END-- [ RunTime:0.045898s ]
INFO: [ view_template ] --START--
INFO: Run LocationTemplate Behavior [ RunTime:0.006836s ]
INFO: [ view_template ] --END-- [ RunTime:0.008789s ]
INFO: [ view_parse ] --START--
NOTIC: [8] Undefined index: userInfo D:\SoftWare\wamp\www\p2p\app\Runtime\Cache\Admin\4b70113722ede13045c3ae2dd49777cf.php 第 15 行.
INFO: Run ParseTemplate Behavior [ RunTime:0.093750s ]
INFO: [ view_parse ] --END-- [ RunTime:0.094726s ]
INFO: [ view_filter ] --START--
INFO: Run ContentReplace Behavior [ RunTime:0.032227s ]
INFO: Run TokenBuild Behavior [ RunTime:0.009766s ]
INFO: Run WriteHtmlCache Behavior [ RunTime:0.002930s ]
INFO: Run ShowRuntime Behavior [ RunTime:0.006835s ]
INFO: [ view_filter ] --END-- [ RunTime:0.054687s ]
INFO: [ view_end ] --START--
INFO: Run ShowPageTrace Behavior [ RunTime:0.005859s ]
INFO: [ view_end ] --END-- [ RunTime:0.006836s ]

[ 2014-08-19T11:03:52+08:00 ] 127.0.0.1 /p2p/index.php?g=Admin&m=Index&a=index
INFO: [ app_begin ] --START--
INFO: Run ReadHtmlCache Behavior [ RunTime:0.038086s ]
INFO: [ app_begin ] --END-- [ RunTime:0.039062s ]
INFO: [ view_template ] --START--
INFO: Run LocationTemplate Behavior [ RunTime:0.011718s ]
INFO: [ view_template ] --END-- [ RunTime:0.012695s ]
INFO: [ view_parse ] --START--
NOTIC: [8] Undefined index: userInfo D:\SoftWare\wamp\www\p2p\app\Runtime\Cache\Admin\4b70113722ede13045c3ae2dd49777cf.php 第 15 行.
INFO: Run ParseTemplate Behavior [ RunTime:0.152343s ]
INFO: [ view_parse ] --END-- [ RunTime:0.153320s ]
INFO: [ view_filter ] --START--
INFO: Run ContentReplace Behavior [ RunTime:0.010742s ]
INFO: Run TokenBuild Behavior [ RunTime:0.008789s ]
INFO: Run WriteHtmlCache Behavior [ RunTime:0.016601s ]
INFO: Run ShowRuntime Behavior [ RunTime:0.004883s ]
INFO: [ view_filter ] --END-- [ RunTime:0.044922s ]
INFO: [ view_end ] --START--
INFO: Run ShowPageTrace Behavior [ RunTime:0.007812s ]
INFO: [ view_end ] --END-- [ RunTime:0.009766s ]

[ 2014-08-19T11:03:52+08:00 ] 127.0.0.1 /p2p/index.php?g=Admin&m=Index&a=index
INFO: [ app_begin ] --START--
INFO: Run ReadHtmlCache Behavior [ RunTime:0.004883s ]
INFO: [ app_begin ] --END-- [ RunTime:0.006836s ]
INFO: [ view_template ] --START--
INFO: Run LocationTemplate Behavior [ RunTime:0.006836s ]
INFO: [ view_template ] --END-- [ RunTime:0.007812s ]
INFO: [ view_parse ] --START--
NOTIC: [8] Undefined index: userInfo D:\SoftWare\wamp\www\p2p\app\Runtime\Cache\Admin\4b70113722ede13045c3ae2dd49777cf.php 第 15 行.
INFO: Run ParseTemplate Behavior [ RunTime:0.069336s ]
INFO: [ view_parse ] --END-- [ RunTime:0.071289s ]
INFO: [ view_filter ] --START--
INFO: Run ContentReplace Behavior [ RunTime:0.004883s ]
INFO: Run TokenBuild Behavior [ RunTime:0.005860s ]
INFO: Run WriteHtmlCache Behavior [ RunTime:0.006835s ]
INFO: Run ShowRuntime Behavior [ RunTime:0.005859s ]
INFO: [ view_filter ] --END-- [ RunTime:0.026367s ]
INFO: [ view_end ] --START--
INFO: Run ShowPageTrace Behavior [ RunTime:0.006835s ]
INFO: [ view_end ] --END-- [ RunTime:0.006835s ]

[ 2014-08-19T11:03:52+08:00 ] 127.0.0.1 /p2p/index.php?g=Admin&m=Index&a=index
INFO: [ app_begin ] --START--
INFO: Run ReadHtmlCache Behavior [ RunTime:0.011719s ]
INFO: [ app_begin ] --END-- [ RunTime:0.016601s ]
INFO: [ view_template ] --START--
INFO: Run LocationTemplate Behavior [ RunTime:0.006836s ]
INFO: [ view_template ] --END-- [ RunTime:0.007812s ]
INFO: [ view_parse ] --START--
NOTIC: [8] Undefined index: userInfo D:\SoftWare\wamp\www\p2p\app\Runtime\Cache\Admin\4b70113722ede13045c3ae2dd49777cf.php 第 15 行.
INFO: Run ParseTemplate Behavior [ RunTime:0.064453s ]
INFO: [ view_parse ] --END-- [ RunTime:0.066406s ]
INFO: [ view_filter ] --START--
INFO: Run ContentReplace Behavior [ RunTime:0.004883s ]
INFO: Run TokenBuild Behavior [ RunTime:0.004883s ]
INFO: Run WriteHtmlCache Behavior [ RunTime:0.005860s ]
INFO: Run ShowRuntime Behavior [ RunTime:0.004882s ]
INFO: [ view_filter ] --END-- [ RunTime:0.023438s ]
INFO: [ view_end ] --START--
INFO: Run ShowPageTrace Behavior [ RunTime:0.004883s ]
INFO: [ view_end ] --END-- [ RunTime:0.005860s ]

[ 2014-08-19T11:09:39+08:00 ] 127.0.0.1 /p2p/index.php?g=Admin&m=Article&a=ls
INFO: [ app_begin ] --START--
INFO: Run ReadHtmlCache Behavior [ RunTime:0.006836s ]
INFO: [ app_begin ] --END-- [ RunTime:0.006836s ]
SQL: SHOW COLUMNS FROM `p_article` [ RunTime:0.013672s ]
ERR: Table 'p2p.p_article' doesn't exist
 [ SQL语句 ] : SHOW COLUMNS FROM `p_article`
SQL: SELECT * FROM `p_article` WHERE ( pid=0 )  [ RunTime:0.003906s ]
ERR: Table 'p2p.p_article' doesn't exist
 [ SQL语句 ] : SELECT * FROM `p_article` WHERE ( pid=0 ) 
INFO: [ view_template ] --START--
INFO: Run LocationTemplate Behavior [ RunTime:0.008789s ]
INFO: [ view_template ] --END-- [ RunTime:0.009766s ]
INFO: [ view_parse ] --START--
INFO: Run ParseTemplate Behavior [ RunTime:0.060547s ]
INFO: [ view_parse ] --END-- [ RunTime:0.060547s ]
INFO: [ view_filter ] --START--
INFO: Run ContentReplace Behavior [ RunTime:0.005859s ]
INFO: Run TokenBuild Behavior [ RunTime:0.011719s ]
INFO: Run WriteHtmlCache Behavior [ RunTime:0.004883s ]
INFO: Run ShowRuntime Behavior [ RunTime:0.004883s ]
INFO: [ view_filter ] --END-- [ RunTime:0.028320s ]
INFO: [ view_end ] --START--
INFO: Run ShowPageTrace Behavior [ RunTime:0.005860s ]
INFO: [ view_end ] --END-- [ RunTime:0.006836s ]

[ 2014-08-19T11:12:01+08:00 ] 127.0.0.1 /p2p/index.php?g=Admin&m=Index&a=index
INFO: [ app_begin ] --START--
INFO: Run ReadHtmlCache Behavior [ RunTime:0.006836s ]
INFO: [ app_begin ] --END-- [ RunTime:0.006836s ]
INFO: [ view_template ] --START--
INFO: Run LocationTemplate Behavior [ RunTime:0.008790s ]
INFO: [ view_template ] --END-- [ RunTime:0.009766s ]
INFO: [ view_parse ] --START--
NOTIC: [8] Undefined index: userInfo D:\SoftWare\wamp\www\p2p\app\Runtime\Cache\Admin\4b70113722ede13045c3ae2dd49777cf.php 第 15 行.
INFO: Run ParseTemplate Behavior [ RunTime:0.072265s ]
INFO: [ view_parse ] --END-- [ RunTime:0.073242s ]
INFO: [ view_filter ] --START--
INFO: Run ContentReplace Behavior [ RunTime:0.004883s ]
INFO: Run TokenBuild Behavior [ RunTime:0.004882s ]
INFO: Run WriteHtmlCache Behavior [ RunTime:0.004883s ]
INFO: Run ShowRuntime Behavior [ RunTime:0.004883s ]
INFO: [ view_filter ] --END-- [ RunTime:0.019531s ]
INFO: [ view_end ] --START--
INFO: Run ShowPageTrace Behavior [ RunTime:0.004883s ]
INFO: [ view_end ] --END-- [ RunTime:0.005859s ]

[ 2014-08-19T11:12:05+08:00 ] 127.0.0.1 /p2p/index.php?g=Admin&m=Tpl&a=ls
INFO: [ app_begin ] --START--
INFO: Run ReadHtmlCache Behavior [ RunTime:0.003906s ]
INFO: [ app_begin ] --END-- [ RunTime:0.005860s ]

[ 2014-08-19T11:13:50+08:00 ] 127.0.0.1 /p2p/index.php?g=Admin&m=New&a=info
INFO: [ app_begin ] --START--
INFO: Run ReadHtmlCache Behavior [ RunTime:0.004882s ]
INFO: [ app_begin ] --END-- [ RunTime:0.006836s ]

[ 2014-08-19T11:13:51+08:00 ] 127.0.0.1 /p2p/index.php?g=Admin&m=New&a=info
INFO: [ app_begin ] --START--
INFO: Run ReadHtmlCache Behavior [ RunTime:0.003906s ]
INFO: [ app_begin ] --END-- [ RunTime:0.005859s ]

[ 2014-08-19T11:13:51+08:00 ] 127.0.0.1 /p2p/index.php?g=Admin&m=New&a=info
INFO: [ app_begin ] --START--
INFO: Run ReadHtmlCache Behavior [ RunTime:0.004883s ]
INFO: [ app_begin ] --END-- [ RunTime:0.005860s ]

[ 2014-08-19T11:13:51+08:00 ] 127.0.0.1 /p2p/index.php?g=Admin&m=New&a=info
INFO: [ app_begin ] --START--
INFO: Run ReadHtmlCache Behavior [ RunTime:0.005859s ]
INFO: [ app_begin ] --END-- [ RunTime:0.005859s ]

[ 2014-08-19T14:01:15+08:00 ] 127.0.0.1 /p2p/index.php?g=Admin&m=Article&a=ls
INFO: [ app_begin ] --START--
INFO: Run ReadHtmlCache Behavior [ RunTime:0.010743s ]
INFO: [ app_begin ] --END-- [ RunTime:0.010743s ]
SQL: SHOW COLUMNS FROM `p_article` [ RunTime:0.013672s ]
ERR: Table 'p2p.p_article' doesn't exist
 [ SQL语句 ] : SHOW COLUMNS FROM `p_article`
SQL: SELECT * FROM `p_article` WHERE ( pid=0 )  [ RunTime:0.003906s ]
ERR: Table 'p2p.p_article' doesn't exist
 [ SQL语句 ] : SELECT * FROM `p_article` WHERE ( pid=0 ) 
INFO: [ view_template ] --START--
INFO: Run LocationTemplate Behavior [ RunTime:0.039062s ]
INFO: [ view_template ] --END-- [ RunTime:0.039062s ]
INFO: [ view_parse ] --START--
INFO: Run ParseTemplate Behavior [ RunTime:0.135742s ]
INFO: [ view_parse ] --END-- [ RunTime:0.136719s ]
INFO: [ view_filter ] --START--
INFO: Run ContentReplace Behavior [ RunTime:0.014649s ]
INFO: Run TokenBuild Behavior [ RunTime:0.006836s ]
INFO: Run WriteHtmlCache Behavior [ RunTime:0.020508s ]
INFO: Run ShowRuntime Behavior [ RunTime:0.005859s ]
INFO: [ view_filter ] --END-- [ RunTime:0.052734s ]
INFO: [ view_end ] --START--
INFO: Run ShowPageTrace Behavior [ RunTime:0.005860s ]
INFO: [ view_end ] --END-- [ RunTime:0.007812s ]

[ 2014-08-19T14:01:16+08:00 ] 127.0.0.1 /p2p/index.php?g=Admin&m=Article&a=ls
INFO: [ app_begin ] --START--
INFO: Run ReadHtmlCache Behavior [ RunTime:0.005860s ]
INFO: [ app_begin ] --END-- [ RunTime:0.007813s ]
SQL: SHOW COLUMNS FROM `p_article` [ RunTime:0.031250s ]
ERR: Table 'p2p.p_article' doesn't exist
 [ SQL语句 ] : SHOW COLUMNS FROM `p_article`
SQL: SELECT * FROM `p_article` WHERE ( pid=0 )  [ RunTime:0.001953s ]
ERR: Table 'p2p.p_article' doesn't exist
 [ SQL语句 ] : SELECT * FROM `p_article` WHERE ( pid=0 ) 
INFO: [ view_template ] --START--
INFO: Run LocationTemplate Behavior [ RunTime:0.011719s ]
INFO: [ view_template ] --END-- [ RunTime:0.011719s ]
INFO: [ view_parse ] --START--
INFO: Run ParseTemplate Behavior [ RunTime:0.072265s ]
INFO: [ view_parse ] --END-- [ RunTime:0.072265s ]
INFO: [ view_filter ] --START--
INFO: Run ContentReplace Behavior [ RunTime:0.004883s ]
INFO: Run TokenBuild Behavior [ RunTime:0.005859s ]
INFO: Run WriteHtmlCache Behavior [ RunTime:0.002930s ]
INFO: Run ShowRuntime Behavior [ RunTime:0.006836s ]
INFO: [ view_filter ] --END-- [ RunTime:0.022461s ]
INFO: [ view_end ] --START--
INFO: Run ShowPageTrace Behavior [ RunTime:0.006836s ]
INFO: [ view_end ] --END-- [ RunTime:0.007812s ]

[ 2014-08-19T14:01:31+08:00 ] 127.0.0.1 /p2p/index.php?g=Admin&m=Tpl&a=ls
INFO: [ app_begin ] --START--
INFO: Run ReadHtmlCache Behavior [ RunTime:0.005859s ]
INFO: [ app_begin ] --END-- [ RunTime:0.005859s ]

[ 2014-08-19T14:01:32+08:00 ] 127.0.0.1 /p2p/index.php?g=Admin&m=New&a=info
INFO: [ app_begin ] --START--
INFO: Run ReadHtmlCache Behavior [ RunTime:0.008789s ]
INFO: [ app_begin ] --END-- [ RunTime:0.008789s ]

[ 2014-08-19T14:01:33+08:00 ] 127.0.0.1 /p2p/index.php?g=Admin&m=Tpl&a=ls
INFO: [ app_begin ] --START--
INFO: Run ReadHtmlCache Behavior [ RunTime:0.004883s ]
INFO: [ app_begin ] --END-- [ RunTime:0.005860s ]

[ 2014-08-19T14:02:39+08:00 ] 127.0.0.1 /p2p/index.php?g=Admin&m=Article&a=ls
INFO: [ app_begin ] --START--
INFO: Run ReadHtmlCache Behavior [ RunTime:0.012695s ]
INFO: [ app_begin ] --END-- [ RunTime:0.013672s ]
SQL: SHOW COLUMNS FROM `p_article` [ RunTime:0.012695s ]
ERR: Table 'p2p.p_article' doesn't exist
 [ SQL语句 ] : SHOW COLUMNS FROM `p_article`
SQL: SELECT * FROM `p_article` WHERE ( pid=0 )  [ RunTime:0.001953s ]
ERR: Table 'p2p.p_article' doesn't exist
 [ SQL语句 ] : SELECT * FROM `p_article` WHERE ( pid=0 ) 
INFO: [ view_template ] --START--
INFO: Run LocationTemplate Behavior [ RunTime:0.008789s ]
INFO: [ view_template ] --END-- [ RunTime:0.009766s ]
INFO: [ view_parse ] --START--
INFO: Run ParseTemplate Behavior [ RunTime:0.063477s ]
INFO: [ view_parse ] --END-- [ RunTime:0.065429s ]
INFO: [ view_filter ] --START--
INFO: Run ContentReplace Behavior [ RunTime:0.004883s ]
INFO: Run TokenBuild Behavior [ RunTime:0.004883s ]
INFO: Run WriteHtmlCache Behavior [ RunTime:0.003906s ]
INFO: Run ShowRuntime Behavior [ RunTime:0.004883s ]
INFO: [ view_filter ] --END-- [ RunTime:0.020508s ]
INFO: [ view_end ] --START--
INFO: Run ShowPageTrace Behavior [ RunTime:0.004883s ]
INFO: [ view_end ] --END-- [ RunTime:0.004883s ]

[ 2014-08-19T14:03:34+08:00 ] 127.0.0.1 /p2p/index.php?g=Admin&m=Article&a=ls
INFO: [ app_begin ] --START--
INFO: Run ReadHtmlCache Behavior [ RunTime:0.005860s ]
INFO: [ app_begin ] --END-- [ RunTime:0.005860s ]
SQL: SHOW COLUMNS FROM `p_article` [ RunTime:0.052734s ]
ERR: Table 'p2p.p_article' doesn't exist
 [ SQL语句 ] : SHOW COLUMNS FROM `p_article`
SQL: SELECT * FROM `p_article` WHERE ( pid=0 )  [ RunTime:0.006836s ]
ERR: Table 'p2p.p_article' doesn't exist
 [ SQL语句 ] : SELECT * FROM `p_article` WHERE ( pid=0 ) 
INFO: [ view_template ] --START--
INFO: Run LocationTemplate Behavior [ RunTime:0.010743s ]
INFO: [ view_template ] --END-- [ RunTime:0.011719s ]
INFO: [ view_parse ] --START--
INFO: Run ParseTemplate Behavior [ RunTime:0.077149s ]
INFO: [ view_parse ] --END-- [ RunTime:0.084961s ]
INFO: [ view_filter ] --START--
INFO: Run ContentReplace Behavior [ RunTime:0.003906s ]
INFO: Run TokenBuild Behavior [ RunTime:0.004882s ]
INFO: Run WriteHtmlCache Behavior [ RunTime:0.003907s ]
INFO: Run ShowRuntime Behavior [ RunTime:0.008789s ]
INFO: [ view_filter ] --END-- [ RunTime:0.022461s ]
INFO: [ view_end ] --START--
INFO: Run ShowPageTrace Behavior [ RunTime:0.004883s ]
INFO: [ view_end ] --END-- [ RunTime:0.006836s ]

[ 2014-08-19T14:03:36+08:00 ] 127.0.0.1 /p2p/index.php?m=Public&a=login
INFO: [ app_begin ] --START--
INFO: Run ReadHtmlCache Behavior [ RunTime:0.006836s ]
INFO: [ app_begin ] --END-- [ RunTime:0.007813s ]
INFO: [ view_template ] --START--
INFO: Run LocationTemplate Behavior [ RunTime:0.009766s ]
INFO: [ view_template ] --END-- [ RunTime:0.009766s ]
INFO: [ view_parse ] --START--
INFO: Run ParseTemplate Behavior [ RunTime:0.084961s ]
INFO: [ view_parse ] --END-- [ RunTime:0.084961s ]
INFO: [ view_filter ] --START--
INFO: Run ContentReplace Behavior [ RunTime:0.006836s ]
INFO: Run TokenBuild Behavior [ RunTime:0.004882s ]
INFO: Run WriteHtmlCache Behavior [ RunTime:0.005859s ]
INFO: Run ShowRuntime Behavior [ RunTime:0.008789s ]
INFO: [ view_filter ] --END-- [ RunTime:0.028320s ]
INFO: [ view_end ] --START--
INFO: Run ShowPageTrace Behavior [ RunTime:0.006836s ]
INFO: [ view_end ] --END-- [ RunTime:0.006836s ]

[ 2014-08-19T14:03:37+08:00 ] 127.0.0.1 /p2p/index.php?g=Admin&m=Article&a=ls
INFO: [ app_begin ] --START--
INFO: Run ReadHtmlCache Behavior [ RunTime:0.005860s ]
INFO: [ app_begin ] --END-- [ RunTime:0.007812s ]
SQL: SHOW COLUMNS FROM `p_article` [ RunTime:0.014649s ]
ERR: Table 'p2p.p_article' doesn't exist
 [ SQL语句 ] : SHOW COLUMNS FROM `p_article`
SQL: SELECT * FROM `p_article` WHERE ( pid=0 )  [ RunTime:0.002930s ]
ERR: Table 'p2p.p_article' doesn't exist
 [ SQL语句 ] : SELECT * FROM `p_article` WHERE ( pid=0 ) 
INFO: [ view_template ] --START--
INFO: Run LocationTemplate Behavior [ RunTime:0.014649s ]
INFO: [ view_template ] --END-- [ RunTime:0.015625s ]
INFO: [ view_parse ] --START--
INFO: Run ParseTemplate Behavior [ RunTime:0.083008s ]
INFO: [ view_parse ] --END-- [ RunTime:0.083008s ]
INFO: [ view_filter ] --START--
INFO: Run ContentReplace Behavior [ RunTime:0.003907s ]
INFO: Run TokenBuild Behavior [ RunTime:0.004883s ]
INFO: Run WriteHtmlCache Behavior [ RunTime:0.002930s ]
INFO: Run ShowRuntime Behavior [ RunTime:0.005860s ]
INFO: [ view_filter ] --END-- [ RunTime:0.019532s ]
INFO: [ view_end ] --START--
INFO: Run ShowPageTrace Behavior [ RunTime:0.005860s ]
INFO: [ view_end ] --END-- [ RunTime:0.006836s ]

[ 2014-08-19T14:03:39+08:00 ] 127.0.0.1 /p2p/index.php?m=Public&a=login
INFO: [ app_begin ] --START--
INFO: Run ReadHtmlCache Behavior [ RunTime:0.006836s ]
INFO: [ app_begin ] --END-- [ RunTime:0.007813s ]
INFO: [ view_template ] --START--
INFO: Run LocationTemplate Behavior [ RunTime:0.008789s ]
INFO: [ view_template ] --END-- [ RunTime:0.009766s ]
INFO: [ view_parse ] --START--
INFO: Run ParseTemplate Behavior [ RunTime:0.068360s ]
INFO: [ view_parse ] --END-- [ RunTime:0.069336s ]
INFO: [ view_filter ] --START--
INFO: Run ContentReplace Behavior [ RunTime:0.006836s ]
INFO: Run TokenBuild Behavior [ RunTime:0.005860s ]
INFO: Run WriteHtmlCache Behavior [ RunTime:0.005859s ]
INFO: Run ShowRuntime Behavior [ RunTime:0.011719s ]
INFO: [ view_filter ] --END-- [ RunTime:0.032226s ]
INFO: [ view_end ] --START--
INFO: Run ShowPageTrace Behavior [ RunTime:0.007812s ]
INFO: [ view_end ] --END-- [ RunTime:0.007812s ]

[ 2014-08-19T14:03:39+08:00 ] 127.0.0.1 /p2p/index.php?g=Admin&m=Article&a=ls
INFO: [ app_begin ] --START--
INFO: Run ReadHtmlCache Behavior [ RunTime:0.005860s ]
INFO: [ app_begin ] --END-- [ RunTime:0.007812s ]
SQL: SHOW COLUMNS FROM `p_article` [ RunTime:0.017578s ]
ERR: Table 'p2p.p_article' doesn't exist
 [ SQL语句 ] : SHOW COLUMNS FROM `p_article`
SQL: SELECT * FROM `p_article` WHERE ( pid=0 )  [ RunTime:0.003907s ]
ERR: Table 'p2p.p_article' doesn't exist
 [ SQL语句 ] : SELECT * FROM `p_article` WHERE ( pid=0 ) 
INFO: [ view_template ] --START--
INFO: Run LocationTemplate Behavior [ RunTime:0.007813s ]
INFO: [ view_template ] --END-- [ RunTime:0.008789s ]
INFO: [ view_parse ] --START--
INFO: Run ParseTemplate Behavior [ RunTime:0.061523s ]
INFO: [ view_parse ] --END-- [ RunTime:0.062500s ]
INFO: [ view_filter ] --START--
INFO: Run ContentReplace Behavior [ RunTime:0.003906s ]
INFO: Run TokenBuild Behavior [ RunTime:0.005860s ]
INFO: Run WriteHtmlCache Behavior [ RunTime:0.002929s ]
INFO: Run ShowRuntime Behavior [ RunTime:0.004883s ]
INFO: [ view_filter ] --END-- [ RunTime:0.018555s ]
INFO: [ view_end ] --START--
INFO: Run ShowPageTrace Behavior [ RunTime:0.009766s ]
INFO: [ view_end ] --END-- [ RunTime:0.009766s ]

[ 2014-08-19T14:43:54+08:00 ] 127.0.0.1 /p2p/index.php?g=Admin&m=Tpl&a=ls
INFO: [ app_begin ] --START--
INFO: Run ReadHtmlCache Behavior [ RunTime:0.016601s ]
INFO: [ app_begin ] --END-- [ RunTime:0.017578s ]

[ 2014-08-19T14:43:57+08:00 ] 127.0.0.1 /p2p/index.php?g=Admin&m=Article&a=ls
INFO: [ app_begin ] --START--
INFO: Run ReadHtmlCache Behavior [ RunTime:0.005859s ]
INFO: [ app_begin ] --END-- [ RunTime:0.007812s ]
SQL: SHOW COLUMNS FROM `p_article` [ RunTime:0.013672s ]
ERR: Table 'p2p.p_article' doesn't exist
 [ SQL语句 ] : SHOW COLUMNS FROM `p_article`
SQL: SELECT * FROM `p_article` WHERE ( pid=0 )  [ RunTime:0.001953s ]
ERR: Table 'p2p.p_article' doesn't exist
 [ SQL语句 ] : SELECT * FROM `p_article` WHERE ( pid=0 ) 
INFO: [ view_template ] --START--
INFO: Run LocationTemplate Behavior [ RunTime:0.009766s ]
INFO: [ view_template ] --END-- [ RunTime:0.010743s ]
INFO: [ view_parse ] --START--
INFO: Run ParseTemplate Behavior [ RunTime:0.105469s ]
INFO: [ view_parse ] --END-- [ RunTime:0.107421s ]
INFO: [ view_filter ] --START--
INFO: Run ContentReplace Behavior [ RunTime:0.005860s ]
INFO: Run TokenBuild Behavior [ RunTime:0.004883s ]
INFO: Run WriteHtmlCache Behavior [ RunTime:0.008789s ]
INFO: Run ShowRuntime Behavior [ RunTime:0.010742s ]
INFO: [ view_filter ] --END-- [ RunTime:0.033204s ]
INFO: [ view_end ] --START--
INFO: Run ShowPageTrace Behavior [ RunTime:0.005860s ]
INFO: [ view_end ] --END-- [ RunTime:0.005860s ]

[ 2014-08-19T14:44:33+08:00 ] 127.0.0.1 /p2p/index.php?g=Admin&m=Tpl&a=ls
INFO: [ app_begin ] --START--
INFO: Run ReadHtmlCache Behavior [ RunTime:0.006836s ]
INFO: [ app_begin ] --END-- [ RunTime:0.007812s ]

[ 2014-08-19T14:45:07+08:00 ] ERR: (ThinkException) 无法加载模块:User
[ 2014-08-19T15:14:52+08:00 ] 127.0.0.1 /p2p/index.php?g=Admin&m=New&a=info
INFO: [ app_begin ] --START--
INFO: Run ReadHtmlCache Behavior [ RunTime:0.006836s ]
INFO: [ app_begin ] --END-- [ RunTime:0.008789s ]

[ 2014-08-19T15:14:52+08:00 ] 127.0.0.1 /p2p/index.php?g=Admin&m=Tpl&a=ls
INFO: [ app_begin ] --START--
INFO: Run ReadHtmlCache Behavior [ RunTime:0.005860s ]
INFO: [ app_begin ] --END-- [ RunTime:0.005860s ]

[ 2014-08-19T15:14:54+08:00 ] 127.0.0.1 /p2p/index.php?g=Admin&m=Article&a=ls
INFO: [ app_begin ] --START--
INFO: Run ReadHtmlCache Behavior [ RunTime:0.004883s ]
INFO: [ app_begin ] --END-- [ RunTime:0.006836s ]
SQL: SHOW COLUMNS FROM `p_article` [ RunTime:0.021485s ]
ERR: Table 'p2p.p_article' doesn't exist
 [ SQL语句 ] : SHOW COLUMNS FROM `p_article`
SQL: SELECT * FROM `p_article` WHERE ( pid=0 )  [ RunTime:0.001953s ]
ERR: Table 'p2p.p_article' doesn't exist
 [ SQL语句 ] : SELECT * FROM `p_article` WHERE ( pid=0 ) 
INFO: [ view_template ] --START--
INFO: Run LocationTemplate Behavior [ RunTime:0.008789s ]
INFO: [ view_template ] --END-- [ RunTime:0.009765s ]
INFO: [ view_parse ] --START--
INFO: Run ParseTemplate Behavior [ RunTime:0.067383s ]
INFO: [ view_parse ] --END-- [ RunTime:0.068359s ]
INFO: [ view_filter ] --START--
INFO: Run ContentReplace Behavior [ RunTime:0.006836s ]
INFO: Run TokenBuild Behavior [ RunTime:0.006836s ]
INFO: Run WriteHtmlCache Behavior [ RunTime:0.004882s ]
INFO: Run ShowRuntime Behavior [ RunTime:0.006836s ]
INFO: [ view_filter ] --END-- [ RunTime:0.025390s ]
INFO: [ view_end ] --START--
INFO: Run ShowPageTrace Behavior [ RunTime:0.004883s ]
INFO: [ view_end ] --END-- [ RunTime:0.006836s ]

[ 2014-08-19T15:59:21+08:00 ] 127.0.0.1 /p2p/index.php?g=Admin&m=Tpl&a=ls
INFO: [ app_begin ] --START--
INFO: Run ReadHtmlCache Behavior [ RunTime:0.009765s ]
INFO: [ app_begin ] --END-- [ RunTime:0.010742s ]

[ 2014-08-19T16:00:43+08:00 ] 127.0.0.1 /p2p/index.php?g=Admin&m=Tpl&a=ls
INFO: [ app_begin ] --START--
INFO: Run ReadHtmlCache Behavior [ RunTime:0.006836s ]
INFO: [ app_begin ] --END-- [ RunTime:0.006836s ]

[ 2014-08-19T16:00:46+08:00 ] 127.0.0.1 /p2p/index.php?g=Admin&m=Index&a=index
INFO: [ app_begin ] --START--
INFO: Run ReadHtmlCache Behavior [ RunTime:0.005860s ]
INFO: [ app_begin ] --END-- [ RunTime:0.006836s ]
INFO: [ view_template ] --START--
INFO: Run LocationTemplate Behavior [ RunTime:0.017578s ]
INFO: [ view_template ] --END-- [ RunTime:0.018555s ]
INFO: [ view_parse ] --START--
NOTIC: [8] Undefined index: userInfo D:\SoftWare\wamp\www\p2p\app\Runtime\Cache\Admin\4b70113722ede13045c3ae2dd49777cf.php 第 15 行.
INFO: Run ParseTemplate Behavior [ RunTime:0.089844s ]
INFO: [ view_parse ] --END-- [ RunTime:0.089844s ]
INFO: [ view_filter ] --START--
INFO: Run ContentReplace Behavior [ RunTime:0.004882s ]
INFO: Run TokenBuild Behavior [ RunTime:0.004883s ]
INFO: Run WriteHtmlCache Behavior [ RunTime:0.004883s ]
INFO: Run ShowRuntime Behavior [ RunTime:0.004883s ]
INFO: [ view_filter ] --END-- [ RunTime:0.021484s ]
INFO: [ view_end ] --START--
INFO: Run ShowPageTrace Behavior [ RunTime:0.006836s ]
INFO: [ view_end ] --END-- [ RunTime:0.007813s ]

[ 2014-08-19T16:00:49+08:00 ] 127.0.0.1 /p2p/index.php?g=Admin&m=Tpl&a=ls
INFO: [ app_begin ] --START--
INFO: Run ReadHtmlCache Behavior [ RunTime:0.004882s ]
INFO: [ app_begin ] --END-- [ RunTime:0.005859s ]

[ 2014-08-19T16:00:50+08:00 ] 127.0.0.1 /p2p/index.php?g=Admin&m=Tpl&a=ls
INFO: [ app_begin ] --START--
INFO: Run ReadHtmlCache Behavior [ RunTime:0.006836s ]
INFO: [ app_begin ] --END-- [ RunTime:0.006836s ]

[ 2014-08-19T16:00:50+08:00 ] 127.0.0.1 /p2p/index.php?g=Admin&m=Tpl&a=ls
INFO: [ app_begin ] --START--
INFO: Run ReadHtmlCache Behavior [ RunTime:0.005859s ]
INFO: [ app_begin ] --END-- [ RunTime:0.006836s ]

[ 2014-08-19T16:00:51+08:00 ] 127.0.0.1 /p2p/index.php?g=Admin&m=Tpl&a=ls
INFO: [ app_begin ] --START--
INFO: Run ReadHtmlCache Behavior [ RunTime:0.005860s ]
INFO: [ app_begin ] --END-- [ RunTime:0.005860s ]

[ 2014-08-19T16:00:51+08:00 ] 127.0.0.1 /p2p/index.php?g=Admin&m=Tpl&a=ls
INFO: [ app_begin ] --START--
INFO: Run ReadHtmlCache Behavior [ RunTime:0.004882s ]
INFO: [ app_begin ] --END-- [ RunTime:0.006836s ]

[ 2014-08-19T16:00:51+08:00 ] 127.0.0.1 /p2p/index.php?g=Admin&m=Tpl&a=ls
INFO: [ app_begin ] --START--
INFO: Run ReadHtmlCache Behavior [ RunTime:0.005859s ]
INFO: [ app_begin ] --END-- [ RunTime:0.006836s ]

[ 2014-08-19T16:00:51+08:00 ] 127.0.0.1 /p2p/index.php?g=Admin&m=Tpl&a=ls
INFO: [ app_begin ] --START--
INFO: Run ReadHtmlCache Behavior [ RunTime:0.004883s ]
INFO: [ app_begin ] --END-- [ RunTime:0.006836s ]

[ 2014-08-19T16:00:52+08:00 ] 127.0.0.1 /p2p/index.php?g=Admin&m=Tpl&a=ls
INFO: [ app_begin ] --START--
INFO: Run ReadHtmlCache Behavior [ RunTime:0.005859s ]
INFO: [ app_begin ] --END-- [ RunTime:0.006836s ]

[ 2014-08-19T16:07:41+08:00 ] 127.0.0.1 /p2p/index.php?g=Admin&m=Tpl&a=ls
INFO: [ app_begin ] --START--
INFO: Run ReadHtmlCache Behavior [ RunTime:0.005859s ]
INFO: [ app_begin ] --END-- [ RunTime:0.006836s ]

[ 2014-08-19T16:07:42+08:00 ] 127.0.0.1 /p2p/index.php?g=Admin&m=Tpl&a=ls
INFO: [ app_begin ] --START--
INFO: Run ReadHtmlCache Behavior [ RunTime:0.003906s ]
INFO: [ app_begin ] --END-- [ RunTime:0.005859s ]

[ 2014-08-19T16:07:43+08:00 ] 127.0.0.1 /p2p/index.php?g=Admin&m=Tpl&a=ls
INFO: [ app_begin ] --START--
INFO: Run ReadHtmlCache Behavior [ RunTime:0.003906s ]
INFO: [ app_begin ] --END-- [ RunTime:0.004883s ]

[ 2014-08-19T16:07:43+08:00 ] 127.0.0.1 /p2p/index.php?g=Admin&m=Tpl&a=ls
INFO: [ app_begin ] --START--
INFO: Run ReadHtmlCache Behavior [ RunTime:0.004883s ]
INFO: [ app_begin ] --END-- [ RunTime:0.004883s ]

[ 2014-08-19T16:07:44+08:00 ] 127.0.0.1 /p2p/index.php?g=Admin&m=Tpl&a=ls
INFO: [ app_begin ] --START--
INFO: Run ReadHtmlCache Behavior [ RunTime:0.003906s ]
INFO: [ app_begin ] --END-- [ RunTime:0.004883s ]

[ 2014-08-19T16:07:44+08:00 ] 127.0.0.1 /p2p/index.php?g=Admin&m=Tpl&a=ls
INFO: [ app_begin ] --START--
INFO: Run ReadHtmlCache Behavior [ RunTime:0.003906s ]
INFO: [ app_begin ] --END-- [ RunTime:0.004883s ]

[ 2014-08-19T16:07:44+08:00 ] 127.0.0.1 /p2p/index.php?g=Admin&m=Tpl&a=ls
INFO: [ app_begin ] --START--
INFO: Run ReadHtmlCache Behavior [ RunTime:0.004882s ]
INFO: [ app_begin ] --END-- [ RunTime:0.006836s ]

[ 2014-08-19T16:07:44+08:00 ] 127.0.0.1 /p2p/index.php?g=Admin&m=Tpl&a=ls
INFO: [ app_begin ] --START--
INFO: Run ReadHtmlCache Behavior [ RunTime:0.003906s ]
INFO: [ app_begin ] --END-- [ RunTime:0.004883s ]

[ 2014-08-19T16:07:45+08:00 ] 127.0.0.1 /p2p/index.php?g=Admin&m=Tpl&a=ls
INFO: [ app_begin ] --START--
INFO: Run ReadHtmlCache Behavior [ RunTime:0.003907s ]
INFO: [ app_begin ] --END-- [ RunTime:0.004883s ]

[ 2014-08-19T16:07:45+08:00 ] 127.0.0.1 /p2p/index.php?g=Admin&m=Tpl&a=ls
INFO: [ app_begin ] --START--
INFO: Run ReadHtmlCache Behavior [ RunTime:0.004883s ]
INFO: [ app_begin ] --END-- [ RunTime:0.004883s ]

[ 2014-08-19T16:15:26+08:00 ] 127.0.0.1 /p2p/index.php?g=Admin&m=Tpl&a=ls
INFO: [ app_begin ] --START--
INFO: Run ReadHtmlCache Behavior [ RunTime:0.005860s ]
INFO: [ app_begin ] --END-- [ RunTime:0.006836s ]

[ 2014-08-19T16:15:28+08:00 ] 127.0.0.1 /p2p/index.php?g=Admin&m=Tpl&a=ls
INFO: [ app_begin ] --START--
INFO: Run ReadHtmlCache Behavior [ RunTime:0.004883s ]
INFO: [ app_begin ] --END-- [ RunTime:0.006836s ]

[ 2014-08-19T16:15:28+08:00 ] 127.0.0.1 /p2p/index.php?g=Admin&m=Tpl&a=ls
INFO: [ app_begin ] --START--
INFO: Run ReadHtmlCache Behavior [ RunTime:0.003906s ]
INFO: [ app_begin ] --END-- [ RunTime:0.004883s ]

[ 2014-08-19T16:15:29+08:00 ] 127.0.0.1 /p2p/index.php?g=Admin&m=Tpl&a=ls
INFO: [ app_begin ] --START--
INFO: Run ReadHtmlCache Behavior [ RunTime:0.004883s ]
INFO: [ app_begin ] --END-- [ RunTime:0.006836s ]

[ 2014-08-19T16:15:29+08:00 ] 127.0.0.1 /p2p/index.php?g=Admin&m=Tpl&a=ls
INFO: [ app_begin ] --START--
INFO: Run ReadHtmlCache Behavior [ RunTime:0.003907s ]
INFO: [ app_begin ] --END-- [ RunTime:0.005859s ]

[ 2014-08-19T16:15:30+08:00 ] 127.0.0.1 /p2p/index.php?g=Admin&m=Tpl&a=ls
INFO: [ app_begin ] --START--
INFO: Run ReadHtmlCache Behavior [ RunTime:0.004883s ]
INFO: [ app_begin ] --END-- [ RunTime:0.005859s ]

[ 2014-08-19T16:15:30+08:00 ] 127.0.0.1 /p2p/index.php?g=Admin&m=Tpl&a=ls
INFO: [ app_begin ] --START--
INFO: Run ReadHtmlCache Behavior [ RunTime:0.003907s ]
INFO: [ app_begin ] --END-- [ RunTime:0.004883s ]

[ 2014-08-19T16:15:30+08:00 ] 127.0.0.1 /p2p/index.php?g=Admin&m=Tpl&a=ls
INFO: [ app_begin ] --START--
INFO: Run ReadHtmlCache Behavior [ RunTime:0.003906s ]
INFO: [ app_begin ] --END-- [ RunTime:0.004883s ]

[ 2014-08-19T16:15:30+08:00 ] 127.0.0.1 /p2p/index.php?g=Admin&m=Tpl&a=ls
INFO: [ app_begin ] --START--
INFO: Run ReadHtmlCache Behavior [ RunTime:0.003906s ]
INFO: [ app_begin ] --END-- [ RunTime:0.005859s ]

[ 2014-08-19T16:15:53+08:00 ] 127.0.0.1 /p2p/index.php?g=Admin&m=Tpl&a=ls
INFO: [ app_begin ] --START--
INFO: Run ReadHtmlCache Behavior [ RunTime:0.003906s ]
INFO: [ app_begin ] --END-- [ RunTime:0.005860s ]

[ 2014-08-19T16:15:54+08:00 ] 127.0.0.1 /p2p/index.php?g=Admin&m=Tpl&a=ls
INFO: [ app_begin ] --START--
INFO: Run ReadHtmlCache Behavior [ RunTime:0.004882s ]
INFO: [ app_begin ] --END-- [ RunTime:0.005859s ]

[ 2014-08-19T16:15:55+08:00 ] 127.0.0.1 /p2p/index.php?g=Admin&m=Tpl&a=ls
INFO: [ app_begin ] --START--
INFO: Run ReadHtmlCache Behavior [ RunTime:0.003907s ]
INFO: [ app_begin ] --END-- [ RunTime:0.005859s ]

[ 2014-08-19T16:16:39+08:00 ] 127.0.0.1 /p2p/index.php?g=Admin&m=Tpl&a=ls
INFO: [ app_begin ] --START--
INFO: Run ReadHtmlCache Behavior [ RunTime:0.003906s ]
INFO: [ app_begin ] --END-- [ RunTime:0.004883s ]

[ 2014-08-19T16:16:40+08:00 ] 127.0.0.1 /p2p/index.php?g=Admin&m=Tpl&a=ls
INFO: [ app_begin ] --START--
INFO: Run ReadHtmlCache Behavior [ RunTime:0.007813s ]
INFO: [ app_begin ] --END-- [ RunTime:0.008789s ]

[ 2014-08-19T16:16:41+08:00 ] 127.0.0.1 /p2p/index.php?g=Admin&m=Tpl&a=ls
INFO: [ app_begin ] --START--
INFO: Run ReadHtmlCache Behavior [ RunTime:0.004883s ]
INFO: [ app_begin ] --END-- [ RunTime:0.006836s ]

[ 2014-08-19T16:16:41+08:00 ] 127.0.0.1 /p2p/index.php?g=Admin&m=Tpl&a=ls
INFO: [ app_begin ] --START--
INFO: Run ReadHtmlCache Behavior [ RunTime:0.004883s ]
INFO: [ app_begin ] --END-- [ RunTime:0.004883s ]

[ 2014-08-19T16:33:04+08:00 ] ERR: (ThinkException) Action:get_tpl_list您所请求的方法不存在！
[ 2014-08-19T16:33:30+08:00 ] ERR: (ThinkException) Action:get_tpl_list您所请求的方法不存在！
[ 2014-08-19T16:33:33+08:00 ] ERR: (ThinkException) Action:get_tpl_list您所请求的方法不存在！
[ 2014-08-19T16:33:33+08:00 ] ERR: (ThinkException) Action:get_tpl_list您所请求的方法不存在！
[ 2014-08-19T16:33:34+08:00 ] ERR: (ThinkException) Action:get_tpl_list您所请求的方法不存在！
[ 2014-08-19T16:33:35+08:00 ] ERR: (ThinkException) Action:get_tpl_list您所请求的方法不存在！
[ 2014-08-19T16:45:13+08:00 ] 127.0.0.1 /p2p/index.php?g=Admin&m=Tpl&a=ls
INFO: [ app_begin ] --START--
INFO: Run ReadHtmlCache Behavior [ RunTime:0.004882s ]
INFO: [ app_begin ] --END-- [ RunTime:0.004882s ]

[ 2014-08-19T16:45:16+08:00 ] 127.0.0.1 /p2p/index.php?g=Admin&m=Article&a=ls
INFO: [ app_begin ] --START--
INFO: Run ReadHtmlCache Behavior [ RunTime:0.004883s ]
INFO: [ app_begin ] --END-- [ RunTime:0.005859s ]
SQL: SHOW COLUMNS FROM `p_article` [ RunTime:0.016601s ]
ERR: Table 'p2p.p_article' doesn't exist
 [ SQL语句 ] : SHOW COLUMNS FROM `p_article`
SQL: SELECT * FROM `p_article` WHERE ( pid=0 )  [ RunTime:0.001953s ]
ERR: Table 'p2p.p_article' doesn't exist
 [ SQL语句 ] : SELECT * FROM `p_article` WHERE ( pid=0 ) 
INFO: [ view_template ] --START--
INFO: Run LocationTemplate Behavior [ RunTime:0.006836s ]
INFO: [ view_template ] --END-- [ RunTime:0.007812s ]
INFO: [ view_parse ] --START--
INFO: Run ParseTemplate Behavior [ RunTime:0.067383s ]
INFO: [ view_parse ] --END-- [ RunTime:0.068359s ]
INFO: [ view_filter ] --START--
INFO: Run ContentReplace Behavior [ RunTime:0.003906s ]
INFO: Run TokenBuild Behavior [ RunTime:0.004883s ]
INFO: Run WriteHtmlCache Behavior [ RunTime:0.003906s ]
INFO: Run ShowRuntime Behavior [ RunTime:0.003906s ]
INFO: [ view_filter ] --END-- [ RunTime:0.018555s ]
INFO: [ view_end ] --START--
INFO: Run ShowPageTrace Behavior [ RunTime:0.003906s ]
INFO: [ view_end ] --END-- [ RunTime:0.004883s ]

[ 2014-08-19T16:46:30+08:00 ] 127.0.0.1 /p2p/index.php?g=Admin&m=Tpl&a=ls
INFO: [ app_begin ] --START--
INFO: Run ReadHtmlCache Behavior [ RunTime:0.009765s ]
INFO: [ app_begin ] --END-- [ RunTime:0.010742s ]

[ 2014-08-19T17:04:16+08:00 ] 127.0.0.1 /p2p/index.php?g=Admin&m=Tpl&a=ls
INFO: [ app_begin ] --START--
INFO: Run ReadHtmlCache Behavior [ RunTime:0.006836s ]
INFO: [ app_begin ] --END-- [ RunTime:0.007813s ]

