[ 2014-09-12T09:05:53+08:00 ] 127.0.0.1 /p2p/
INFO: [ app_begin ] --START--
INFO: Run ReadHtmlCache Behavior [ RunTime:0.019532s ]
INFO: [ app_begin ] --END-- [ RunTime:0.023438s ]
INFO: [ view_template ] --START--
INFO: Run LocationTemplate Behavior [ RunTime:0.030274s ]
INFO: [ view_template ] --END-- [ RunTime:0.030274s ]
INFO: [ view_parse ] --START--
INFO: Run ParseTemplate Behavior [ RunTime:0.156250s ]
INFO: [ view_parse ] --END-- [ RunTime:0.156250s ]
INFO: [ view_filter ] --START--
INFO: Run ContentReplace Behavior [ RunTime:0.003907s ]
INFO: Run TokenBuild Behavior [ RunTime:0.005859s ]
INFO: Run WriteHtmlCache Behavior [ RunTime:0.002930s ]
INFO: Run ShowRuntime Behavior [ RunTime:0.014648s ]
INFO: [ view_filter ] --END-- [ RunTime:0.030273s ]
INFO: [ view_end ] --START--
INFO: Run ShowPageTrace Behavior [ RunTime:0.004883s ]
INFO: [ view_end ] --END-- [ RunTime:0.005859s ]

[ 2014-09-12T09:20:58+08:00 ] 127.0.0.1 /p2p/
INFO: [ app_begin ] --START--
INFO: Run ReadHtmlCache Behavior [ RunTime:0.007812s ]
INFO: [ app_begin ] --END-- [ RunTime:0.007812s ]
INFO: [ view_template ] --START--
INFO: Run LocationTemplate Behavior [ RunTime:0.015625s ]
INFO: [ view_template ] --END-- [ RunTime:0.015625s ]
INFO: [ view_parse ] --START--
INFO: Run ParseTemplate Behavior [ RunTime:0.085937s ]
INFO: [ view_parse ] --END-- [ RunTime:0.085937s ]
INFO: [ view_filter ] --START--
INFO: Run ContentReplace Behavior [ RunTime:0.007813s ]
INFO: Run TokenBuild Behavior [ RunTime:0.007812s ]
INFO: Run WriteHtmlCache Behavior [ RunTime:0.007813s ]
INFO: Run ShowRuntime Behavior [ RunTime:0.007812s ]
INFO: [ view_filter ] --END-- [ RunTime:0.031250s ]
INFO: [ view_end ] --START--
INFO: Run ShowPageTrace Behavior [ RunTime:0.007813s ]
INFO: [ view_end ] --END-- [ RunTime:0.007813s ]

[ 2014-09-12T09:21:01+08:00 ] 127.0.0.1 /p2p/index.php?m=Tpl&a=product
INFO: [ app_begin ] --START--
INFO: Run ReadHtmlCache Behavior [ RunTime:0.007812s ]
INFO: [ app_begin ] --END-- [ RunTime:0.007812s ]
SQL: SHOW COLUMNS FROM `p_product` [ RunTime:0.020508s ]
SQL: SELECT * FROM `p_product`  [ RunTime:0.000977s ]
NOTIC: [8] Undefined index: id D:\SoftWare\wamp\www\p2p\app\Lib\Action\Home\TplAction.class.php 第 24 行.
INFO: [ view_template ] --START--
INFO: Run LocationTemplate Behavior [ RunTime:0.008789s ]
INFO: [ view_template ] --END-- [ RunTime:0.008789s ]
INFO: [ view_parse ] --START--
INFO: Run ParseTemplate Behavior [ RunTime:0.081054s ]
INFO: [ view_parse ] --END-- [ RunTime:0.081054s ]
INFO: [ view_filter ] --START--
INFO: Run ContentReplace Behavior [ RunTime:0.007813s ]
INFO: Run TokenBuild Behavior [ RunTime:0.000000s ]
INFO: Run WriteHtmlCache Behavior [ RunTime:0.000000s ]
INFO: Run ShowRuntime Behavior [ RunTime:0.007812s ]
INFO: [ view_filter ] --END-- [ RunTime:0.031250s ]
INFO: [ view_end ] --START--
INFO: Run ShowPageTrace Behavior [ RunTime:0.000000s ]
INFO: [ view_end ] --END-- [ RunTime:0.007812s ]

[ 2014-09-12T09:21:05+08:00 ] 127.0.0.1 /p2p/index.php?m=Tpl&a=product#
INFO: [ app_begin ] --START--
INFO: Run ReadHtmlCache Behavior [ RunTime:0.000000s ]
INFO: [ app_begin ] --END-- [ RunTime:0.000000s ]
SQL: SHOW COLUMNS FROM `p_product` [ RunTime:0.033203s ]
SQL: SELECT * FROM `p_product`  [ RunTime:0.000000s ]
NOTIC: [8] Undefined index: id D:\SoftWare\wamp\www\p2p\app\Lib\Action\Home\TplAction.class.php 第 24 行.
INFO: [ view_template ] --START--
INFO: Run LocationTemplate Behavior [ RunTime:0.007812s ]
INFO: [ view_template ] --END-- [ RunTime:0.007812s ]
INFO: [ view_parse ] --START--
INFO: Run ParseTemplate Behavior [ RunTime:0.071290s ]
INFO: [ view_parse ] --END-- [ RunTime:0.072266s ]
INFO: [ view_filter ] --START--
INFO: Run ContentReplace Behavior [ RunTime:0.002929s ]
INFO: Run TokenBuild Behavior [ RunTime:0.003907s ]
INFO: Run WriteHtmlCache Behavior [ RunTime:0.001953s ]
INFO: Run ShowRuntime Behavior [ RunTime:0.007813s ]
INFO: [ view_filter ] --END-- [ RunTime:0.018555s ]
INFO: [ view_end ] --START--
INFO: Run ShowPageTrace Behavior [ RunTime:0.007812s ]
INFO: [ view_end ] --END-- [ RunTime:0.007812s ]

[ 2014-09-12T09:21:06+08:00 ] 127.0.0.1 /p2p/index.php?m=Tpl&a=product#
INFO: [ app_begin ] --START--
INFO: Run ReadHtmlCache Behavior [ RunTime:0.007813s ]
INFO: [ app_begin ] --END-- [ RunTime:0.007813s ]
SQL: SHOW COLUMNS FROM `p_product` [ RunTime:0.015625s ]
SQL: SELECT * FROM `p_product`  [ RunTime:0.000000s ]
NOTIC: [8] Undefined index: id D:\SoftWare\wamp\www\p2p\app\Lib\Action\Home\TplAction.class.php 第 24 行.
INFO: [ view_template ] --START--
INFO: Run LocationTemplate Behavior [ RunTime:0.008789s ]
INFO: [ view_template ] --END-- [ RunTime:0.008789s ]
INFO: [ view_parse ] --START--
INFO: Run ParseTemplate Behavior [ RunTime:0.057617s ]
INFO: [ view_parse ] --END-- [ RunTime:0.057617s ]
INFO: [ view_filter ] --START--
INFO: Run ContentReplace Behavior [ RunTime:0.007813s ]
INFO: Run TokenBuild Behavior [ RunTime:0.000000s ]
INFO: Run WriteHtmlCache Behavior [ RunTime:0.007812s ]
INFO: Run ShowRuntime Behavior [ RunTime:0.000000s ]
INFO: [ view_filter ] --END-- [ RunTime:0.015625s ]
INFO: [ view_end ] --START--
INFO: Run ShowPageTrace Behavior [ RunTime:0.000000s ]
INFO: [ view_end ] --END-- [ RunTime:0.000000s ]

[ 2014-09-12T09:21:14+08:00 ] 127.0.0.1 /p2p/index.php?m=Tpl&a=product
INFO: [ app_begin ] --START--
INFO: Run ReadHtmlCache Behavior [ RunTime:0.000000s ]
INFO: [ app_begin ] --END-- [ RunTime:0.000000s ]
SQL: SHOW COLUMNS FROM `p_product` [ RunTime:0.015625s ]
SQL: SELECT * FROM `p_product`  [ RunTime:0.000000s ]
NOTIC: [8] Undefined index: id D:\SoftWare\wamp\www\p2p\app\Lib\Action\Home\TplAction.class.php 第 24 行.
INFO: [ view_template ] --START--
INFO: Run LocationTemplate Behavior [ RunTime:0.007812s ]
INFO: [ view_template ] --END-- [ RunTime:0.007812s ]
INFO: [ view_parse ] --START--
INFO: Run ParseTemplate Behavior [ RunTime:0.054688s ]
INFO: [ view_parse ] --END-- [ RunTime:0.054688s ]
INFO: [ view_filter ] --START--
INFO: Run ContentReplace Behavior [ RunTime:0.000000s ]
INFO: Run TokenBuild Behavior [ RunTime:0.007813s ]
INFO: Run WriteHtmlCache Behavior [ RunTime:0.000000s ]
INFO: Run ShowRuntime Behavior [ RunTime:0.007812s ]
INFO: [ view_filter ] --END-- [ RunTime:0.015625s ]
INFO: [ view_end ] --START--
INFO: Run ShowPageTrace Behavior [ RunTime:0.000000s ]
INFO: [ view_end ] --END-- [ RunTime:0.000000s ]

[ 2014-09-12T09:21:14+08:00 ] 127.0.0.1 /p2p/index.php?m=Tpl&a=product
INFO: [ app_begin ] --START--
INFO: Run ReadHtmlCache Behavior [ RunTime:0.007813s ]
INFO: [ app_begin ] --END-- [ RunTime:0.007813s ]
SQL: SHOW COLUMNS FROM `p_product` [ RunTime:0.015625s ]
SQL: SELECT * FROM `p_product`  [ RunTime:0.007812s ]
NOTIC: [8] Undefined index: id D:\SoftWare\wamp\www\p2p\app\Lib\Action\Home\TplAction.class.php 第 24 行.
INFO: [ view_template ] --START--
INFO: Run LocationTemplate Behavior [ RunTime:0.015625s ]
INFO: [ view_template ] --END-- [ RunTime:0.015625s ]
INFO: [ view_parse ] --START--
INFO: Run ParseTemplate Behavior [ RunTime:0.062500s ]
INFO: [ view_parse ] --END-- [ RunTime:0.062500s ]
INFO: [ view_filter ] --START--
INFO: Run ContentReplace Behavior [ RunTime:0.007813s ]
INFO: Run TokenBuild Behavior [ RunTime:0.000000s ]
INFO: Run WriteHtmlCache Behavior [ RunTime:0.000000s ]
INFO: Run ShowRuntime Behavior [ RunTime:0.007813s ]
INFO: [ view_filter ] --END-- [ RunTime:0.023438s ]
INFO: [ view_end ] --START--
INFO: Run ShowPageTrace Behavior [ RunTime:0.007812s ]
INFO: [ view_end ] --END-- [ RunTime:0.007812s ]

[ 2014-09-12T09:21:18+08:00 ] 127.0.0.1 /p2p/index.php?m=Article&a=details
INFO: [ app_begin ] --START--
INFO: Run ReadHtmlCache Behavior [ RunTime:0.007813s ]
INFO: [ app_begin ] --END-- [ RunTime:0.007813s ]
NOTIC: [8] Undefined index: id D:\SoftWare\wamp\www\p2p\app\Lib\Action\Home\ArticleAction.class.php 第 33 行.
INFO: [ view_template ] --START--
INFO: Run LocationTemplate Behavior [ RunTime:0.007813s ]
INFO: [ view_template ] --END-- [ RunTime:0.007813s ]
INFO: [ view_parse ] --START--
INFO: Run ParseTemplate Behavior [ RunTime:0.078125s ]
INFO: [ view_parse ] --END-- [ RunTime:0.078125s ]
INFO: [ view_filter ] --START--
INFO: Run ContentReplace Behavior [ RunTime:0.007812s ]
INFO: Run TokenBuild Behavior [ RunTime:0.000000s ]
INFO: Run WriteHtmlCache Behavior [ RunTime:0.000000s ]
INFO: Run ShowRuntime Behavior [ RunTime:0.007812s ]
INFO: [ view_filter ] --END-- [ RunTime:0.023437s ]
INFO: [ view_end ] --START--
INFO: Run ShowPageTrace Behavior [ RunTime:0.007813s ]
INFO: [ view_end ] --END-- [ RunTime:0.007813s ]

[ 2014-09-12T09:21:18+08:00 ] 127.0.0.1 /p2p/index.php?m=Article&a=details
INFO: [ app_begin ] --START--
INFO: Run ReadHtmlCache Behavior [ RunTime:0.008789s ]
INFO: [ app_begin ] --END-- [ RunTime:0.009765s ]
NOTIC: [8] Undefined index: id D:\SoftWare\wamp\www\p2p\app\Lib\Action\Home\ArticleAction.class.php 第 33 行.
INFO: [ view_template ] --START--
INFO: Run LocationTemplate Behavior [ RunTime:0.007812s ]
INFO: [ view_template ] --END-- [ RunTime:0.007812s ]
INFO: [ view_parse ] --START--
INFO: Run ParseTemplate Behavior [ RunTime:0.075195s ]
INFO: [ view_parse ] --END-- [ RunTime:0.075195s ]
INFO: [ view_filter ] --START--
INFO: Run ContentReplace Behavior [ RunTime:0.007813s ]
INFO: Run TokenBuild Behavior [ RunTime:0.007812s ]
INFO: Run WriteHtmlCache Behavior [ RunTime:0.000000s ]
INFO: Run ShowRuntime Behavior [ RunTime:0.007813s ]
INFO: [ view_filter ] --END-- [ RunTime:0.023438s ]
INFO: [ view_end ] --START--
INFO: Run ShowPageTrace Behavior [ RunTime:0.007812s ]
INFO: [ view_end ] --END-- [ RunTime:0.007812s ]

[ 2014-09-12T09:21:22+08:00 ] 127.0.0.1 /p2p/index.php?m=Tpl&a=product#
INFO: [ app_begin ] --START--
INFO: Run ReadHtmlCache Behavior [ RunTime:0.007812s ]
INFO: [ app_begin ] --END-- [ RunTime:0.007812s ]
SQL: SHOW COLUMNS FROM `p_product` [ RunTime:0.015625s ]
SQL: SELECT * FROM `p_product`  [ RunTime:0.000000s ]
NOTIC: [8] Undefined index: id D:\SoftWare\wamp\www\p2p\app\Lib\Action\Home\TplAction.class.php 第 24 行.
INFO: [ view_template ] --START--
INFO: Run LocationTemplate Behavior [ RunTime:0.007812s ]
INFO: [ view_template ] --END-- [ RunTime:0.007812s ]
INFO: [ view_parse ] --START--
INFO: Run ParseTemplate Behavior [ RunTime:0.062500s ]
INFO: [ view_parse ] --END-- [ RunTime:0.062500s ]
INFO: [ view_filter ] --START--
INFO: Run ContentReplace Behavior [ RunTime:0.000000s ]
INFO: Run TokenBuild Behavior [ RunTime:0.007813s ]
INFO: Run WriteHtmlCache Behavior [ RunTime:0.000000s ]
INFO: Run ShowRuntime Behavior [ RunTime:0.007812s ]
INFO: [ view_filter ] --END-- [ RunTime:0.015625s ]
INFO: [ view_end ] --START--
INFO: Run ShowPageTrace Behavior [ RunTime:0.007813s ]
INFO: [ view_end ] --END-- [ RunTime:0.007813s ]

[ 2014-09-12T09:21:25+08:00 ] 127.0.0.1 /p2p/index.php?m=Article&a=details
INFO: [ app_begin ] --START--
INFO: Run ReadHtmlCache Behavior [ RunTime:0.000000s ]
INFO: [ app_begin ] --END-- [ RunTime:0.000000s ]
NOTIC: [8] Undefined index: id D:\SoftWare\wamp\www\p2p\app\Lib\Action\Home\ArticleAction.class.php 第 33 行.
INFO: [ view_template ] --START--
INFO: Run LocationTemplate Behavior [ RunTime:0.007813s ]
INFO: [ view_template ] --END-- [ RunTime:0.007813s ]
INFO: [ view_parse ] --START--
INFO: Run ParseTemplate Behavior [ RunTime:0.070313s ]
INFO: [ view_parse ] --END-- [ RunTime:0.070313s ]
INFO: [ view_filter ] --START--
INFO: Run ContentReplace Behavior [ RunTime:0.000000s ]
INFO: Run TokenBuild Behavior [ RunTime:0.000000s ]
INFO: Run WriteHtmlCache Behavior [ RunTime:0.007813s ]
INFO: Run ShowRuntime Behavior [ RunTime:0.007812s ]
INFO: [ view_filter ] --END-- [ RunTime:0.023437s ]
INFO: [ view_end ] --START--
INFO: Run ShowPageTrace Behavior [ RunTime:0.007813s ]
INFO: [ view_end ] --END-- [ RunTime:0.007813s ]

[ 2014-09-12T09:39:58+08:00 ] 127.0.0.1 /p2p/
INFO: [ app_begin ] --START--
INFO: Run ReadHtmlCache Behavior [ RunTime:0.011719s ]
INFO: [ app_begin ] --END-- [ RunTime:0.011719s ]
INFO: [ view_template ] --START--
INFO: Run LocationTemplate Behavior [ RunTime:0.011719s ]
INFO: [ view_template ] --END-- [ RunTime:0.014648s ]
INFO: [ view_parse ] --START--
NOTIC: [8] Undefined variable: vo D:\SoftWare\wamp\www\p2p\app\Runtime\Cache\Home\c0dbbd2c9e2e115db198551ce50ab7fb.php 第 98 行.
NOTIC: [8] Undefined variable: vo D:\SoftWare\wamp\www\p2p\app\Runtime\Cache\Home\c0dbbd2c9e2e115db198551ce50ab7fb.php 第 99 行.
INFO: Run ParseTemplate Behavior [ RunTime:0.127930s ]
INFO: [ view_parse ] --END-- [ RunTime:0.129883s ]
INFO: [ view_filter ] --START--
INFO: Run ContentReplace Behavior [ RunTime:0.004883s ]
INFO: Run TokenBuild Behavior [ RunTime:0.004883s ]
INFO: Run WriteHtmlCache Behavior [ RunTime:0.003907s ]
INFO: Run ShowRuntime Behavior [ RunTime:0.004883s ]
INFO: [ view_filter ] --END-- [ RunTime:0.021485s ]
INFO: [ view_end ] --START--
INFO: Run ShowPageTrace Behavior [ RunTime:0.005860s ]
INFO: [ view_end ] --END-- [ RunTime:0.005860s ]

[ 2014-09-12T09:40:02+08:00 ] 127.0.0.1 /p2p/index.php?m=Tpl&a=product
INFO: [ app_begin ] --START--
INFO: Run ReadHtmlCache Behavior [ RunTime:0.007812s ]
INFO: [ app_begin ] --END-- [ RunTime:0.008789s ]
SQL: SHOW COLUMNS FROM `p_product` [ RunTime:0.015625s ]
SQL: SELECT * FROM `p_product`  [ RunTime:0.000976s ]
NOTIC: [8] Undefined index: id D:\SoftWare\wamp\www\p2p\app\Lib\Action\Home\TplAction.class.php 第 24 行.
INFO: [ view_template ] --START--
INFO: Run LocationTemplate Behavior [ RunTime:0.006836s ]
INFO: [ view_template ] --END-- [ RunTime:0.007813s ]
INFO: [ view_parse ] --START--
INFO: Run ParseTemplate Behavior [ RunTime:0.073243s ]
INFO: [ view_parse ] --END-- [ RunTime:0.074219s ]
INFO: [ view_filter ] --START--
INFO: Run ContentReplace Behavior [ RunTime:0.004883s ]
INFO: Run TokenBuild Behavior [ RunTime:0.004883s ]
INFO: Run WriteHtmlCache Behavior [ RunTime:0.004883s ]
INFO: Run ShowRuntime Behavior [ RunTime:0.006836s ]
INFO: [ view_filter ] --END-- [ RunTime:0.023438s ]
INFO: [ view_end ] --START--
INFO: Run ShowPageTrace Behavior [ RunTime:0.005860s ]
INFO: [ view_end ] --END-- [ RunTime:0.006836s ]

[ 2014-09-12T10:22:04+08:00 ] 127.0.0.1 /p2p/
INFO: [ app_begin ] --START--
INFO: Run ReadHtmlCache Behavior [ RunTime:0.013672s ]
INFO: [ app_begin ] --END-- [ RunTime:0.013672s ]
INFO: [ view_template ] --START--
INFO: Run LocationTemplate Behavior [ RunTime:0.013672s ]
INFO: [ view_template ] --END-- [ RunTime:0.014649s ]
INFO: [ view_parse ] --START--
NOTIC: [8] Undefined variable: vo D:\SoftWare\wamp\www\p2p\app\Runtime\Cache\Home\c0dbbd2c9e2e115db198551ce50ab7fb.php 第 98 行.
NOTIC: [8] Undefined variable: vo D:\SoftWare\wamp\www\p2p\app\Runtime\Cache\Home\c0dbbd2c9e2e115db198551ce50ab7fb.php 第 99 行.
INFO: Run ParseTemplate Behavior [ RunTime:0.085938s ]
INFO: [ view_parse ] --END-- [ RunTime:0.087890s ]
INFO: [ view_filter ] --START--
INFO: Run ContentReplace Behavior [ RunTime:0.008789s ]
INFO: Run TokenBuild Behavior [ RunTime:0.006836s ]
INFO: Run WriteHtmlCache Behavior [ RunTime:0.003906s ]
INFO: Run ShowRuntime Behavior [ RunTime:0.008789s ]
INFO: [ view_filter ] --END-- [ RunTime:0.031250s ]
INFO: [ view_end ] --START--
INFO: Run ShowPageTrace Behavior [ RunTime:0.006836s ]
INFO: [ view_end ] --END-- [ RunTime:0.008789s ]

[ 2014-09-12T10:22:05+08:00 ] 127.0.0.1 /p2p/
INFO: [ app_begin ] --START--
INFO: Run ReadHtmlCache Behavior [ RunTime:0.007813s ]
INFO: [ app_begin ] --END-- [ RunTime:0.007813s ]
INFO: [ view_template ] --START--
INFO: Run LocationTemplate Behavior [ RunTime:0.007812s ]
INFO: [ view_template ] --END-- [ RunTime:0.007812s ]
INFO: [ view_parse ] --START--
NOTIC: [8] Undefined variable: vo D:\SoftWare\wamp\www\p2p\app\Runtime\Cache\Home\c0dbbd2c9e2e115db198551ce50ab7fb.php 第 98 行.
NOTIC: [8] Undefined variable: vo D:\SoftWare\wamp\www\p2p\app\Runtime\Cache\Home\c0dbbd2c9e2e115db198551ce50ab7fb.php 第 99 行.
INFO: Run ParseTemplate Behavior [ RunTime:0.070313s ]
INFO: [ view_parse ] --END-- [ RunTime:0.070313s ]
INFO: [ view_filter ] --START--
INFO: Run ContentReplace Behavior [ RunTime:0.007812s ]
INFO: Run TokenBuild Behavior [ RunTime:0.007813s ]
INFO: Run WriteHtmlCache Behavior [ RunTime:0.000000s ]
INFO: Run ShowRuntime Behavior [ RunTime:0.007812s ]
INFO: [ view_filter ] --END-- [ RunTime:0.023437s ]
INFO: [ view_end ] --START--
INFO: Run ShowPageTrace Behavior [ RunTime:0.007813s ]
INFO: [ view_end ] --END-- [ RunTime:0.007813s ]

[ 2014-09-12T10:24:08+08:00 ] 127.0.0.1 /p2p/
INFO: [ app_begin ] --START--
INFO: Run ReadHtmlCache Behavior [ RunTime:0.011719s ]
INFO: [ app_begin ] --END-- [ RunTime:0.013671s ]
INFO: [ view_template ] --START--
INFO: Run LocationTemplate Behavior [ RunTime:0.005859s ]
INFO: [ view_template ] --END-- [ RunTime:0.006836s ]
INFO: [ view_parse ] --START--
NOTIC: [8] Undefined variable: vo D:\SoftWare\wamp\www\p2p\app\Runtime\Cache\Home\c0dbbd2c9e2e115db198551ce50ab7fb.php 第 98 行.
NOTIC: [8] Undefined variable: vo D:\SoftWare\wamp\www\p2p\app\Runtime\Cache\Home\c0dbbd2c9e2e115db198551ce50ab7fb.php 第 99 行.
NOTIC: [8] Undefined variable: vo D:\SoftWare\wamp\www\p2p\app\Runtime\Cache\Home\c0dbbd2c9e2e115db198551ce50ab7fb.php 第 100 行.
INFO: Run ParseTemplate Behavior [ RunTime:0.099610s ]
INFO: [ view_parse ] --END-- [ RunTime:0.099610s ]
INFO: [ view_filter ] --START--
INFO: Run ContentReplace Behavior [ RunTime:0.002930s ]
INFO: Run TokenBuild Behavior [ RunTime:0.004883s ]
INFO: Run WriteHtmlCache Behavior [ RunTime:0.002929s ]
INFO: Run ShowRuntime Behavior [ RunTime:0.003907s ]
INFO: [ view_filter ] --END-- [ RunTime:0.026367s ]
INFO: [ view_end ] --START--
INFO: Run ShowPageTrace Behavior [ RunTime:0.005859s ]
INFO: [ view_end ] --END-- [ RunTime:0.006836s ]

[ 2014-09-12T10:24:11+08:00 ] 127.0.0.1 /p2p/index.php?m=Tpl&a=product
INFO: [ app_begin ] --START--
INFO: Run ReadHtmlCache Behavior [ RunTime:0.002929s ]
INFO: [ app_begin ] --END-- [ RunTime:0.002929s ]
SQL: SHOW COLUMNS FROM `p_product` [ RunTime:0.018555s ]
SQL: SELECT * FROM `p_product`  [ RunTime:0.001953s ]
NOTIC: [8] Undefined index: id D:\SoftWare\wamp\www\p2p\app\Lib\Action\Home\TplAction.class.php 第 24 行.
INFO: [ view_template ] --START--
INFO: Run LocationTemplate Behavior [ RunTime:0.006836s ]
INFO: [ view_template ] --END-- [ RunTime:0.007813s ]
INFO: [ view_parse ] --START--
INFO: Run ParseTemplate Behavior [ RunTime:0.046875s ]
INFO: [ view_parse ] --END-- [ RunTime:0.047851s ]
INFO: [ view_filter ] --START--
INFO: Run ContentReplace Behavior [ RunTime:0.001953s ]
INFO: Run TokenBuild Behavior [ RunTime:0.002930s ]
INFO: Run WriteHtmlCache Behavior [ RunTime:0.001953s ]
INFO: Run ShowRuntime Behavior [ RunTime:0.004883s ]
INFO: [ view_filter ] --END-- [ RunTime:0.012695s ]
INFO: [ view_end ] --START--
INFO: Run ShowPageTrace Behavior [ RunTime:0.013672s ]
INFO: [ view_end ] --END-- [ RunTime:0.014649s ]

[ 2014-09-12T10:32:50+08:00 ] 127.0.0.1 /p2p/index.php?m=Tpl&a=product
INFO: [ app_begin ] --START--
INFO: Run ReadHtmlCache Behavior [ RunTime:0.003907s ]
INFO: [ app_begin ] --END-- [ RunTime:0.005859s ]
SQL: SHOW COLUMNS FROM `p_product` [ RunTime:0.012695s ]
SQL: SELECT * FROM `p_product`  [ RunTime:0.001953s ]
NOTIC: [8] Undefined index: id D:\SoftWare\wamp\www\p2p\app\Lib\Action\Home\TplAction.class.php 第 24 行.
INFO: [ view_template ] --START--
INFO: Run LocationTemplate Behavior [ RunTime:0.005859s ]
INFO: [ view_template ] --END-- [ RunTime:0.006836s ]
INFO: [ view_parse ] --START--
INFO: Run ParseTemplate Behavior [ RunTime:0.046875s ]
INFO: [ view_parse ] --END-- [ RunTime:0.048828s ]
INFO: [ view_filter ] --START--
INFO: Run ContentReplace Behavior [ RunTime:0.003906s ]
INFO: Run TokenBuild Behavior [ RunTime:0.003906s ]
INFO: Run WriteHtmlCache Behavior [ RunTime:0.001953s ]
INFO: Run ShowRuntime Behavior [ RunTime:0.004882s ]
INFO: [ view_filter ] --END-- [ RunTime:0.016601s ]
INFO: [ view_end ] --START--
INFO: Run ShowPageTrace Behavior [ RunTime:0.003906s ]
INFO: [ view_end ] --END-- [ RunTime:0.004883s ]

[ 2014-09-12T10:32:51+08:00 ] 127.0.0.1 /p2p/index.php?m=Tpl&a=product
INFO: [ app_begin ] --START--
INFO: Run ReadHtmlCache Behavior [ RunTime:0.003906s ]
INFO: [ app_begin ] --END-- [ RunTime:0.004883s ]
SQL: SHOW COLUMNS FROM `p_product` [ RunTime:0.012695s ]
SQL: SELECT * FROM `p_product`  [ RunTime:0.001953s ]
NOTIC: [8] Undefined index: id D:\SoftWare\wamp\www\p2p\app\Lib\Action\Home\TplAction.class.php 第 24 行.
INFO: [ view_template ] --START--
INFO: Run LocationTemplate Behavior [ RunTime:0.005860s ]
INFO: [ view_template ] --END-- [ RunTime:0.006836s ]
INFO: [ view_parse ] --START--
INFO: Run ParseTemplate Behavior [ RunTime:0.047851s ]
INFO: [ view_parse ] --END-- [ RunTime:0.047851s ]
INFO: [ view_filter ] --START--
INFO: Run ContentReplace Behavior [ RunTime:0.003906s ]
INFO: Run TokenBuild Behavior [ RunTime:0.002930s ]
INFO: Run WriteHtmlCache Behavior [ RunTime:0.001953s ]
INFO: Run ShowRuntime Behavior [ RunTime:0.003906s ]
INFO: [ view_filter ] --END-- [ RunTime:0.014648s ]
INFO: [ view_end ] --START--
INFO: Run ShowPageTrace Behavior [ RunTime:0.003906s ]
INFO: [ view_end ] --END-- [ RunTime:0.003906s ]

[ 2014-09-12T10:32:55+08:00 ] 127.0.0.1 /p2p/
INFO: [ app_begin ] --START--
INFO: Run ReadHtmlCache Behavior [ RunTime:0.003906s ]
INFO: [ app_begin ] --END-- [ RunTime:0.004882s ]
INFO: [ view_template ] --START--
INFO: Run LocationTemplate Behavior [ RunTime:0.003906s ]
INFO: [ view_template ] --END-- [ RunTime:0.004882s ]
INFO: [ view_parse ] --START--
NOTIC: [8] Undefined variable: vo D:\SoftWare\wamp\www\p2p\app\Runtime\Cache\Home\c0dbbd2c9e2e115db198551ce50ab7fb.php 第 98 行.
NOTIC: [8] Undefined variable: vo D:\SoftWare\wamp\www\p2p\app\Runtime\Cache\Home\c0dbbd2c9e2e115db198551ce50ab7fb.php 第 99 行.
NOTIC: [8] Undefined variable: vo D:\SoftWare\wamp\www\p2p\app\Runtime\Cache\Home\c0dbbd2c9e2e115db198551ce50ab7fb.php 第 100 行.
INFO: Run ParseTemplate Behavior [ RunTime:0.052734s ]
INFO: [ view_parse ] --END-- [ RunTime:0.053711s ]
INFO: [ view_filter ] --START--
INFO: Run ContentReplace Behavior [ RunTime:0.002930s ]
INFO: Run TokenBuild Behavior [ RunTime:0.002930s ]
INFO: Run WriteHtmlCache Behavior [ RunTime:0.003906s ]
INFO: Run ShowRuntime Behavior [ RunTime:0.001953s ]
INFO: [ view_filter ] --END-- [ RunTime:0.014648s ]
INFO: [ view_end ] --START--
INFO: Run ShowPageTrace Behavior [ RunTime:0.002930s ]
INFO: [ view_end ] --END-- [ RunTime:0.002930s ]

[ 2014-09-12T10:32:59+08:00 ] 127.0.0.1 /p2p/index.php?m=Tpl&a=product
INFO: [ app_begin ] --START--
INFO: Run ReadHtmlCache Behavior [ RunTime:0.004883s ]
INFO: [ app_begin ] --END-- [ RunTime:0.004883s ]
SQL: SHOW COLUMNS FROM `p_product` [ RunTime:0.025391s ]
SQL: SELECT * FROM `p_product`  [ RunTime:0.001953s ]
NOTIC: [8] Undefined index: id D:\SoftWare\wamp\www\p2p\app\Lib\Action\Home\TplAction.class.php 第 24 行.
INFO: [ view_template ] --START--
INFO: Run LocationTemplate Behavior [ RunTime:0.002930s ]
INFO: [ view_template ] --END-- [ RunTime:0.002930s ]
INFO: [ view_parse ] --START--
INFO: Run ParseTemplate Behavior [ RunTime:0.048828s ]
INFO: [ view_parse ] --END-- [ RunTime:0.048828s ]
INFO: [ view_filter ] --START--
INFO: Run ContentReplace Behavior [ RunTime:0.001953s ]
INFO: Run TokenBuild Behavior [ RunTime:0.001953s ]
INFO: Run WriteHtmlCache Behavior [ RunTime:0.000976s ]
INFO: Run ShowRuntime Behavior [ RunTime:0.001953s ]
INFO: [ view_filter ] --END-- [ RunTime:0.014649s ]
INFO: [ view_end ] --START--
INFO: Run ShowPageTrace Behavior [ RunTime:0.005860s ]
INFO: [ view_end ] --END-- [ RunTime:0.006836s ]

[ 2014-09-12T10:32:59+08:00 ] 127.0.0.1 /p2p/index.php?m=Tpl&a=product
INFO: [ app_begin ] --START--
INFO: Run ReadHtmlCache Behavior [ RunTime:0.002930s ]
INFO: [ app_begin ] --END-- [ RunTime:0.003906s ]
SQL: SHOW COLUMNS FROM `p_product` [ RunTime:0.011718s ]
SQL: SELECT * FROM `p_product`  [ RunTime:0.000977s ]
NOTIC: [8] Undefined index: id D:\SoftWare\wamp\www\p2p\app\Lib\Action\Home\TplAction.class.php 第 24 行.
INFO: [ view_template ] --START--
INFO: Run LocationTemplate Behavior [ RunTime:0.001953s ]
INFO: [ view_template ] --END-- [ RunTime:0.002929s ]
INFO: [ view_parse ] --START--
INFO: Run ParseTemplate Behavior [ RunTime:0.041016s ]
INFO: [ view_parse ] --END-- [ RunTime:0.042969s ]
INFO: [ view_filter ] --START--
INFO: Run ContentReplace Behavior [ RunTime:0.001953s ]
INFO: Run TokenBuild Behavior [ RunTime:0.002930s ]
INFO: Run WriteHtmlCache Behavior [ RunTime:0.001953s ]
INFO: Run ShowRuntime Behavior [ RunTime:0.002929s ]
INFO: [ view_filter ] --END-- [ RunTime:0.011719s ]
INFO: [ view_end ] --START--
INFO: Run ShowPageTrace Behavior [ RunTime:0.002930s ]
INFO: [ view_end ] --END-- [ RunTime:0.003907s ]

[ 2014-09-12T10:33:02+08:00 ] 127.0.0.1 /p2p/
INFO: [ app_begin ] --START--
INFO: Run ReadHtmlCache Behavior [ RunTime:0.006836s ]
INFO: [ app_begin ] --END-- [ RunTime:0.007813s ]
INFO: [ view_template ] --START--
INFO: Run LocationTemplate Behavior [ RunTime:0.005859s ]
INFO: [ view_template ] --END-- [ RunTime:0.006836s ]
INFO: [ view_parse ] --START--
NOTIC: [8] Undefined variable: vo D:\SoftWare\wamp\www\p2p\app\Runtime\Cache\Home\c0dbbd2c9e2e115db198551ce50ab7fb.php 第 98 行.
NOTIC: [8] Undefined variable: vo D:\SoftWare\wamp\www\p2p\app\Runtime\Cache\Home\c0dbbd2c9e2e115db198551ce50ab7fb.php 第 99 行.
NOTIC: [8] Undefined variable: vo D:\SoftWare\wamp\www\p2p\app\Runtime\Cache\Home\c0dbbd2c9e2e115db198551ce50ab7fb.php 第 100 行.
INFO: Run ParseTemplate Behavior [ RunTime:0.096680s ]
INFO: [ view_parse ] --END-- [ RunTime:0.097657s ]
INFO: [ view_filter ] --START--
INFO: Run ContentReplace Behavior [ RunTime:0.001953s ]
INFO: Run TokenBuild Behavior [ RunTime:0.005860s ]
INFO: Run WriteHtmlCache Behavior [ RunTime:0.003907s ]
INFO: Run ShowRuntime Behavior [ RunTime:0.002929s ]
INFO: [ view_filter ] --END-- [ RunTime:0.017578s ]
INFO: [ view_end ] --START--
INFO: Run ShowPageTrace Behavior [ RunTime:0.002930s ]
INFO: [ view_end ] --END-- [ RunTime:0.003907s ]

[ 2014-09-12T10:33:04+08:00 ] 127.0.0.1 /p2p/
INFO: [ app_begin ] --START--
INFO: Run ReadHtmlCache Behavior [ RunTime:0.002929s ]
INFO: [ app_begin ] --END-- [ RunTime:0.003906s ]
INFO: [ view_template ] --START--
INFO: Run LocationTemplate Behavior [ RunTime:0.001954s ]
INFO: [ view_template ] --END-- [ RunTime:0.002930s ]
INFO: [ view_parse ] --START--
NOTIC: [8] Undefined variable: vo D:\SoftWare\wamp\www\p2p\app\Runtime\Cache\Home\c0dbbd2c9e2e115db198551ce50ab7fb.php 第 98 行.
NOTIC: [8] Undefined variable: vo D:\SoftWare\wamp\www\p2p\app\Runtime\Cache\Home\c0dbbd2c9e2e115db198551ce50ab7fb.php 第 99 行.
NOTIC: [8] Undefined variable: vo D:\SoftWare\wamp\www\p2p\app\Runtime\Cache\Home\c0dbbd2c9e2e115db198551ce50ab7fb.php 第 100 行.
INFO: Run ParseTemplate Behavior [ RunTime:0.051757s ]
INFO: [ view_parse ] --END-- [ RunTime:0.052734s ]
INFO: [ view_filter ] --START--
INFO: Run ContentReplace Behavior [ RunTime:0.002930s ]
INFO: Run TokenBuild Behavior [ RunTime:0.001953s ]
INFO: Run WriteHtmlCache Behavior [ RunTime:0.001954s ]
INFO: Run ShowRuntime Behavior [ RunTime:0.003906s ]
INFO: [ view_filter ] --END-- [ RunTime:0.012695s ]
INFO: [ view_end ] --START--
INFO: Run ShowPageTrace Behavior [ RunTime:0.004883s ]
INFO: [ view_end ] --END-- [ RunTime:0.005859s ]

[ 2014-09-12T10:33:12+08:00 ] 127.0.0.1 /p2p/
INFO: [ app_begin ] --START--
INFO: Run ReadHtmlCache Behavior [ RunTime:0.002929s ]
INFO: [ app_begin ] --END-- [ RunTime:0.003906s ]
INFO: [ view_template ] --START--
INFO: Run LocationTemplate Behavior [ RunTime:0.001953s ]
INFO: [ view_template ] --END-- [ RunTime:0.002930s ]
INFO: [ view_parse ] --START--
NOTIC: [8] Undefined variable: vo D:\SoftWare\wamp\www\p2p\app\Runtime\Cache\Home\c0dbbd2c9e2e115db198551ce50ab7fb.php 第 98 行.
NOTIC: [8] Undefined variable: vo D:\SoftWare\wamp\www\p2p\app\Runtime\Cache\Home\c0dbbd2c9e2e115db198551ce50ab7fb.php 第 99 行.
NOTIC: [8] Undefined variable: vo D:\SoftWare\wamp\www\p2p\app\Runtime\Cache\Home\c0dbbd2c9e2e115db198551ce50ab7fb.php 第 100 行.
INFO: Run ParseTemplate Behavior [ RunTime:0.051758s ]
INFO: [ view_parse ] --END-- [ RunTime:0.051758s ]
INFO: [ view_filter ] --START--
INFO: Run ContentReplace Behavior [ RunTime:0.002930s ]
INFO: Run TokenBuild Behavior [ RunTime:0.002929s ]
INFO: Run WriteHtmlCache Behavior [ RunTime:0.001953s ]
INFO: Run ShowRuntime Behavior [ RunTime:0.002929s ]
INFO: [ view_filter ] --END-- [ RunTime:0.013672s ]
INFO: [ view_end ] --START--
INFO: Run ShowPageTrace Behavior [ RunTime:0.001953s ]
INFO: [ view_end ] --END-- [ RunTime:0.003906s ]

[ 2014-09-12T10:33:21+08:00 ] 127.0.0.1 /p2p/
INFO: [ app_begin ] --START--
INFO: Run ReadHtmlCache Behavior [ RunTime:0.004882s ]
INFO: [ app_begin ] --END-- [ RunTime:0.005859s ]
INFO: [ view_template ] --START--
INFO: Run LocationTemplate Behavior [ RunTime:0.010743s ]
INFO: [ view_template ] --END-- [ RunTime:0.011719s ]
INFO: [ view_parse ] --START--
NOTIC: [8] Undefined variable: vo D:\SoftWare\wamp\www\p2p\app\Runtime\Cache\Home\c0dbbd2c9e2e115db198551ce50ab7fb.php 第 98 行.
NOTIC: [8] Undefined variable: vo D:\SoftWare\wamp\www\p2p\app\Runtime\Cache\Home\c0dbbd2c9e2e115db198551ce50ab7fb.php 第 99 行.
INFO: Run ParseTemplate Behavior [ RunTime:0.070312s ]
INFO: [ view_parse ] --END-- [ RunTime:0.070312s ]
INFO: [ view_filter ] --START--
INFO: Run ContentReplace Behavior [ RunTime:0.004883s ]
INFO: Run TokenBuild Behavior [ RunTime:0.005859s ]
INFO: Run WriteHtmlCache Behavior [ RunTime:0.003906s ]
INFO: Run ShowRuntime Behavior [ RunTime:0.004883s ]
INFO: [ view_filter ] --END-- [ RunTime:0.020508s ]
INFO: [ view_end ] --START--
INFO: Run ShowPageTrace Behavior [ RunTime:0.004883s ]
INFO: [ view_end ] --END-- [ RunTime:0.006836s ]

[ 2014-09-12T10:33:33+08:00 ] 127.0.0.1 /p2p/index.php?m=Users&a=index
INFO: [ app_begin ] --START--
INFO: Run ReadHtmlCache Behavior [ RunTime:0.004882s ]
INFO: [ app_begin ] --END-- [ RunTime:0.004882s ]
NOTIC: [8] Undefined index: id D:\SoftWare\wamp\www\p2p\app\Lib\Action\Home\UsersAction.class.php 第 83 行.
INFO: [ view_template ] --START--
INFO: Run LocationTemplate Behavior [ RunTime:0.006836s ]
INFO: [ view_template ] --END-- [ RunTime:0.008789s ]
INFO: [ view_parse ] --START--
INFO: Run ParseTemplate Behavior [ RunTime:0.072266s ]
INFO: [ view_parse ] --END-- [ RunTime:0.072266s ]
INFO: [ view_filter ] --START--
INFO: Run ContentReplace Behavior [ RunTime:0.003907s ]
INFO: Run TokenBuild Behavior [ RunTime:0.003906s ]
INFO: Run WriteHtmlCache Behavior [ RunTime:0.002930s ]
INFO: Run ShowRuntime Behavior [ RunTime:0.004883s ]
INFO: [ view_filter ] --END-- [ RunTime:0.016602s ]
INFO: [ view_end ] --START--
INFO: Run ShowPageTrace Behavior [ RunTime:0.004882s ]
INFO: [ view_end ] --END-- [ RunTime:0.004882s ]

[ 2014-09-12T10:34:00+08:00 ] 127.0.0.1 /p2p/
INFO: [ app_begin ] --START--
INFO: Run ReadHtmlCache Behavior [ RunTime:0.004883s ]
INFO: [ app_begin ] --END-- [ RunTime:0.006836s ]
INFO: [ view_template ] --START--
INFO: Run LocationTemplate Behavior [ RunTime:0.005860s ]
INFO: [ view_template ] --END-- [ RunTime:0.006836s ]
INFO: [ view_parse ] --START--
NOTIC: [8] Undefined variable: vo D:\SoftWare\wamp\www\p2p\app\Runtime\Cache\Home\c0dbbd2c9e2e115db198551ce50ab7fb.php 第 98 行.
NOTIC: [8] Undefined variable: vo D:\SoftWare\wamp\www\p2p\app\Runtime\Cache\Home\c0dbbd2c9e2e115db198551ce50ab7fb.php 第 99 行.
INFO: Run ParseTemplate Behavior [ RunTime:0.073242s ]
INFO: [ view_parse ] --END-- [ RunTime:0.073242s ]
INFO: [ view_filter ] --START--
INFO: Run ContentReplace Behavior [ RunTime:0.004883s ]
INFO: Run TokenBuild Behavior [ RunTime:0.003907s ]
INFO: Run WriteHtmlCache Behavior [ RunTime:0.003906s ]
INFO: Run ShowRuntime Behavior [ RunTime:0.004883s ]
INFO: [ view_filter ] --END-- [ RunTime:0.019531s ]
INFO: [ view_end ] --START--
INFO: Run ShowPageTrace Behavior [ RunTime:0.003906s ]
INFO: [ view_end ] --END-- [ RunTime:0.004883s ]

[ 2014-09-12T10:39:01+08:00 ] 127.0.0.1 /p2p/
INFO: [ app_begin ] --START--
INFO: Run ReadHtmlCache Behavior [ RunTime:0.006836s ]
INFO: [ app_begin ] --END-- [ RunTime:0.008789s ]
INFO: [ view_template ] --START--
INFO: Run LocationTemplate Behavior [ RunTime:0.007813s ]
INFO: [ view_template ] --END-- [ RunTime:0.008789s ]
INFO: [ view_parse ] --START--
NOTIC: [8] Undefined variable: vo D:\SoftWare\wamp\www\p2p\app\Runtime\Cache\Home\c0dbbd2c9e2e115db198551ce50ab7fb.php 第 99 行.
NOTIC: [8] Undefined variable: vo D:\SoftWare\wamp\www\p2p\app\Runtime\Cache\Home\c0dbbd2c9e2e115db198551ce50ab7fb.php 第 100 行.
INFO: Run ParseTemplate Behavior [ RunTime:0.071290s ]
INFO: [ view_parse ] --END-- [ RunTime:0.072266s ]
INFO: [ view_filter ] --START--
INFO: Run ContentReplace Behavior [ RunTime:0.005859s ]
INFO: Run TokenBuild Behavior [ RunTime:0.003906s ]
INFO: Run WriteHtmlCache Behavior [ RunTime:0.002930s ]
INFO: Run ShowRuntime Behavior [ RunTime:0.003906s ]
INFO: [ view_filter ] --END-- [ RunTime:0.020508s ]
INFO: [ view_end ] --START--
INFO: Run ShowPageTrace Behavior [ RunTime:0.003907s ]
INFO: [ view_end ] --END-- [ RunTime:0.004883s ]

[ 2014-09-12T10:39:07+08:00 ] 127.0.0.1 /p2p/
INFO: [ app_begin ] --START--
INFO: Run ReadHtmlCache Behavior [ RunTime:0.004883s ]
INFO: [ app_begin ] --END-- [ RunTime:0.004883s ]
INFO: [ view_template ] --START--
INFO: Run LocationTemplate Behavior [ RunTime:0.007813s ]
INFO: [ view_template ] --END-- [ RunTime:0.008789s ]
INFO: [ view_parse ] --START--
NOTIC: [8] Undefined variable: vo D:\SoftWare\wamp\www\p2p\app\Runtime\Cache\Home\c0dbbd2c9e2e115db198551ce50ab7fb.php 第 99 行.
NOTIC: [8] Undefined variable: vo D:\SoftWare\wamp\www\p2p\app\Runtime\Cache\Home\c0dbbd2c9e2e115db198551ce50ab7fb.php 第 100 行.
INFO: Run ParseTemplate Behavior [ RunTime:0.152344s ]
INFO: [ view_parse ] --END-- [ RunTime:0.154297s ]
INFO: [ view_filter ] --START--
INFO: Run ContentReplace Behavior [ RunTime:0.002929s ]
INFO: Run TokenBuild Behavior [ RunTime:0.003907s ]
INFO: Run WriteHtmlCache Behavior [ RunTime:0.002929s ]
INFO: Run ShowRuntime Behavior [ RunTime:0.005860s ]
INFO: [ view_filter ] --END-- [ RunTime:0.016602s ]
INFO: [ view_end ] --START--
INFO: Run ShowPageTrace Behavior [ RunTime:0.003907s ]
INFO: [ view_end ] --END-- [ RunTime:0.003907s ]

[ 2014-09-12T11:09:54+08:00 ] 127.0.0.1 /p2p/
INFO: [ app_begin ] --START--
INFO: Run ReadHtmlCache Behavior [ RunTime:0.006836s ]
INFO: [ app_begin ] --END-- [ RunTime:0.007813s ]
INFO: [ view_template ] --START--
INFO: Run LocationTemplate Behavior [ RunTime:0.006836s ]
INFO: [ view_template ] --END-- [ RunTime:0.008789s ]
INFO: [ view_parse ] --START--
NOTIC: [8] Undefined variable: vo D:\SoftWare\wamp\www\p2p\app\Runtime\Cache\Home\c0dbbd2c9e2e115db198551ce50ab7fb.php 第 99 行.
NOTIC: [8] Undefined variable: vo D:\SoftWare\wamp\www\p2p\app\Runtime\Cache\Home\c0dbbd2c9e2e115db198551ce50ab7fb.php 第 100 行.
INFO: Run ParseTemplate Behavior [ RunTime:0.076172s ]
INFO: [ view_parse ] --END-- [ RunTime:0.076172s ]
INFO: [ view_filter ] --START--
INFO: Run ContentReplace Behavior [ RunTime:0.005859s ]
INFO: Run TokenBuild Behavior [ RunTime:0.004883s ]
INFO: Run WriteHtmlCache Behavior [ RunTime:0.003907s ]
INFO: Run ShowRuntime Behavior [ RunTime:0.005860s ]
INFO: [ view_filter ] --END-- [ RunTime:0.022461s ]
INFO: [ view_end ] --START--
INFO: Run ShowPageTrace Behavior [ RunTime:0.004883s ]
INFO: [ view_end ] --END-- [ RunTime:0.005860s ]

[ 2014-09-12T11:09:56+08:00 ] 127.0.0.1 /p2p/
INFO: [ app_begin ] --START--
INFO: Run ReadHtmlCache Behavior [ RunTime:0.004883s ]
INFO: [ app_begin ] --END-- [ RunTime:0.006836s ]
INFO: [ view_template ] --START--
INFO: Run LocationTemplate Behavior [ RunTime:0.005860s ]
INFO: [ view_template ] --END-- [ RunTime:0.007812s ]
INFO: [ view_parse ] --START--
NOTIC: [8] Undefined variable: vo D:\SoftWare\wamp\www\p2p\app\Runtime\Cache\Home\c0dbbd2c9e2e115db198551ce50ab7fb.php 第 99 行.
NOTIC: [8] Undefined variable: vo D:\SoftWare\wamp\www\p2p\app\Runtime\Cache\Home\c0dbbd2c9e2e115db198551ce50ab7fb.php 第 100 行.
INFO: Run ParseTemplate Behavior [ RunTime:0.074219s ]
INFO: [ view_parse ] --END-- [ RunTime:0.075195s ]
INFO: [ view_filter ] --START--
INFO: Run ContentReplace Behavior [ RunTime:0.004883s ]
INFO: Run TokenBuild Behavior [ RunTime:0.004882s ]
INFO: Run WriteHtmlCache Behavior [ RunTime:0.003906s ]
INFO: Run ShowRuntime Behavior [ RunTime:0.009766s ]
INFO: [ view_filter ] --END-- [ RunTime:0.026367s ]
INFO: [ view_end ] --START--
INFO: Run ShowPageTrace Behavior [ RunTime:0.005859s ]
INFO: [ view_end ] --END-- [ RunTime:0.007813s ]

[ 2014-09-12T11:10:58+08:00 ] 127.0.0.1 /p2p/
INFO: [ app_begin ] --START--
INFO: Run ReadHtmlCache Behavior [ RunTime:0.001954s ]
INFO: [ app_begin ] --END-- [ RunTime:0.003906s ]
INFO: [ view_template ] --START--
INFO: Run LocationTemplate Behavior [ RunTime:0.001953s ]
INFO: [ view_template ] --END-- [ RunTime:0.001953s ]
INFO: [ view_parse ] --START--
NOTIC: [8] Undefined variable: vo D:\SoftWare\wamp\www\p2p\app\Runtime\Cache\Home\c0dbbd2c9e2e115db198551ce50ab7fb.php 第 98 行.
NOTIC: [8] Undefined variable: vo D:\SoftWare\wamp\www\p2p\app\Runtime\Cache\Home\c0dbbd2c9e2e115db198551ce50ab7fb.php 第 99 行.
INFO: Run ParseTemplate Behavior [ RunTime:0.054688s ]
INFO: [ view_parse ] --END-- [ RunTime:0.055664s ]
INFO: [ view_filter ] --START--
INFO: Run ContentReplace Behavior [ RunTime:0.002929s ]
INFO: Run TokenBuild Behavior [ RunTime:0.004883s ]
INFO: Run WriteHtmlCache Behavior [ RunTime:0.001953s ]
INFO: Run ShowRuntime Behavior [ RunTime:0.008789s ]
INFO: [ view_filter ] --END-- [ RunTime:0.021484s ]
INFO: [ view_end ] --START--
INFO: Run ShowPageTrace Behavior [ RunTime:0.004883s ]
INFO: [ view_end ] --END-- [ RunTime:0.005860s ]

[ 2014-09-12T11:11:00+08:00 ] 127.0.0.1 /p2p/index.php?m=Tpl&a=product
INFO: [ app_begin ] --START--
INFO: Run ReadHtmlCache Behavior [ RunTime:0.005859s ]
INFO: [ app_begin ] --END-- [ RunTime:0.006836s ]
SQL: SHOW COLUMNS FROM `p_product` [ RunTime:0.033203s ]
SQL: SELECT * FROM `p_product`  [ RunTime:0.000976s ]
NOTIC: [8] Undefined index: id D:\SoftWare\wamp\www\p2p\app\Lib\Action\Home\TplAction.class.php 第 24 行.
INFO: [ view_template ] --START--
INFO: Run LocationTemplate Behavior [ RunTime:0.006835s ]
INFO: [ view_template ] --END-- [ RunTime:0.006835s ]
INFO: [ view_parse ] --START--
INFO: Run ParseTemplate Behavior [ RunTime:0.047852s ]
INFO: [ view_parse ] --END-- [ RunTime:0.047852s ]
INFO: [ view_filter ] --START--
INFO: Run ContentReplace Behavior [ RunTime:0.003906s ]
INFO: Run TokenBuild Behavior [ RunTime:0.009766s ]
INFO: Run WriteHtmlCache Behavior [ RunTime:0.002930s ]
INFO: Run ShowRuntime Behavior [ RunTime:0.004883s ]
INFO: [ view_filter ] --END-- [ RunTime:0.021485s ]
INFO: [ view_end ] --START--
INFO: Run ShowPageTrace Behavior [ RunTime:0.003906s ]
INFO: [ view_end ] --END-- [ RunTime:0.003906s ]

[ 2014-09-12T11:11:01+08:00 ] 127.0.0.1 /p2p/index.php?m=Tpl&a=product
INFO: [ app_begin ] --START--
INFO: Run ReadHtmlCache Behavior [ RunTime:0.002929s ]
INFO: [ app_begin ] --END-- [ RunTime:0.003906s ]
SQL: SHOW COLUMNS FROM `p_product` [ RunTime:0.015625s ]
SQL: SELECT * FROM `p_product`  [ RunTime:0.001953s ]
NOTIC: [8] Undefined index: id D:\SoftWare\wamp\www\p2p\app\Lib\Action\Home\TplAction.class.php 第 24 行.
INFO: [ view_template ] --START--
INFO: Run LocationTemplate Behavior [ RunTime:0.004883s ]
INFO: [ view_template ] --END-- [ RunTime:0.005859s ]
INFO: [ view_parse ] --START--
INFO: Run ParseTemplate Behavior [ RunTime:0.047852s ]
INFO: [ view_parse ] --END-- [ RunTime:0.048828s ]
INFO: [ view_filter ] --START--
INFO: Run ContentReplace Behavior [ RunTime:0.002929s ]
INFO: Run TokenBuild Behavior [ RunTime:0.003906s ]
INFO: Run WriteHtmlCache Behavior [ RunTime:0.000977s ]
INFO: Run ShowRuntime Behavior [ RunTime:0.002930s ]
INFO: [ view_filter ] --END-- [ RunTime:0.013672s ]
INFO: [ view_end ] --START--
INFO: Run ShowPageTrace Behavior [ RunTime:0.002929s ]
INFO: [ view_end ] --END-- [ RunTime:0.003906s ]

[ 2014-09-12T11:12:49+08:00 ] 127.0.0.1 /p2p/
INFO: [ app_begin ] --START--
INFO: Run ReadHtmlCache Behavior [ RunTime:0.003906s ]
INFO: [ app_begin ] --END-- [ RunTime:0.005860s ]
INFO: [ view_template ] --START--
INFO: Run LocationTemplate Behavior [ RunTime:0.005860s ]
INFO: [ view_template ] --END-- [ RunTime:0.006836s ]
INFO: [ view_parse ] --START--
NOTIC: [8] Undefined variable: vo D:\SoftWare\wamp\www\p2p\app\Runtime\Cache\Home\c0dbbd2c9e2e115db198551ce50ab7fb.php 第 98 行.
NOTIC: [8] Undefined variable: vo D:\SoftWare\wamp\www\p2p\app\Runtime\Cache\Home\c0dbbd2c9e2e115db198551ce50ab7fb.php 第 99 行.
INFO: Run ParseTemplate Behavior [ RunTime:0.069336s ]
INFO: [ view_parse ] --END-- [ RunTime:0.070313s ]
INFO: [ view_filter ] --START--
INFO: Run ContentReplace Behavior [ RunTime:0.002930s ]
INFO: Run TokenBuild Behavior [ RunTime:0.005860s ]
INFO: Run WriteHtmlCache Behavior [ RunTime:0.000977s ]
INFO: Run ShowRuntime Behavior [ RunTime:0.002930s ]
INFO: [ view_filter ] --END-- [ RunTime:0.014649s ]
INFO: [ view_end ] --START--
INFO: Run ShowPageTrace Behavior [ RunTime:0.001953s ]
INFO: [ view_end ] --END-- [ RunTime:0.003907s ]

[ 2014-09-12T11:12:50+08:00 ] 127.0.0.1 /p2p/
INFO: [ app_begin ] --START--
INFO: Run ReadHtmlCache Behavior [ RunTime:0.006836s ]
INFO: [ app_begin ] --END-- [ RunTime:0.006836s ]
INFO: [ view_template ] --START--
INFO: Run LocationTemplate Behavior [ RunTime:0.001953s ]
INFO: [ view_template ] --END-- [ RunTime:0.002929s ]
INFO: [ view_parse ] --START--
NOTIC: [8] Undefined variable: vo D:\SoftWare\wamp\www\p2p\app\Runtime\Cache\Home\c0dbbd2c9e2e115db198551ce50ab7fb.php 第 98 行.
NOTIC: [8] Undefined variable: vo D:\SoftWare\wamp\www\p2p\app\Runtime\Cache\Home\c0dbbd2c9e2e115db198551ce50ab7fb.php 第 99 行.
INFO: Run ParseTemplate Behavior [ RunTime:0.059570s ]
INFO: [ view_parse ] --END-- [ RunTime:0.060547s ]
INFO: [ view_filter ] --START--
INFO: Run ContentReplace Behavior [ RunTime:0.001953s ]
INFO: Run TokenBuild Behavior [ RunTime:0.002930s ]
INFO: Run WriteHtmlCache Behavior [ RunTime:0.001953s ]
INFO: Run ShowRuntime Behavior [ RunTime:0.001953s ]
INFO: [ view_filter ] --END-- [ RunTime:0.011719s ]
INFO: [ view_end ] --START--
INFO: Run ShowPageTrace Behavior [ RunTime:0.001953s ]
INFO: [ view_end ] --END-- [ RunTime:0.002930s ]

[ 2014-09-12T11:36:57+08:00 ] 127.0.0.1 /p2p/index.php?m=Tpl&a=productList&type=%E5%9F%BA%E9%87%91
INFO: [ app_begin ] --START--
INFO: Run ReadHtmlCache Behavior [ RunTime:0.004883s ]
INFO: [ app_begin ] --END-- [ RunTime:0.004883s ]
INFO: [ view_template ] --START--
INFO: Run LocationTemplate Behavior [ RunTime:0.010742s ]
INFO: [ view_template ] --END-- [ RunTime:0.012696s ]
INFO: [ view_parse ] --START--
INFO: Run ParseTemplate Behavior [ RunTime:0.073242s ]
INFO: [ view_parse ] --END-- [ RunTime:0.074218s ]
INFO: [ view_filter ] --START--
INFO: Run ContentReplace Behavior [ RunTime:0.002930s ]
INFO: Run TokenBuild Behavior [ RunTime:0.003906s ]
INFO: Run WriteHtmlCache Behavior [ RunTime:0.002930s ]
INFO: Run ShowRuntime Behavior [ RunTime:0.003906s ]
INFO: [ view_filter ] --END-- [ RunTime:0.015625s ]
INFO: [ view_end ] --START--
INFO: Run ShowPageTrace Behavior [ RunTime:0.003906s ]
INFO: [ view_end ] --END-- [ RunTime:0.004882s ]

[ 2014-09-12T11:36:57+08:00 ] 127.0.0.1 /p2p/index.php?m=Tpl&a=productList&type=%E5%9F%BA%E9%87%91
INFO: [ app_begin ] --START--
INFO: Run ReadHtmlCache Behavior [ RunTime:0.005860s ]
INFO: [ app_begin ] --END-- [ RunTime:0.007812s ]
INFO: [ view_template ] --START--
INFO: Run LocationTemplate Behavior [ RunTime:0.010742s ]
INFO: [ view_template ] --END-- [ RunTime:0.012695s ]
INFO: [ view_parse ] --START--
INFO: Run ParseTemplate Behavior [ RunTime:0.063476s ]
INFO: [ view_parse ] --END-- [ RunTime:0.063476s ]
INFO: [ view_filter ] --START--
INFO: Run ContentReplace Behavior [ RunTime:0.004883s ]
INFO: Run TokenBuild Behavior [ RunTime:0.004883s ]
INFO: Run WriteHtmlCache Behavior [ RunTime:0.007812s ]
INFO: Run ShowRuntime Behavior [ RunTime:0.005860s ]
INFO: [ view_filter ] --END-- [ RunTime:0.024414s ]
INFO: [ view_end ] --START--
INFO: Run ShowPageTrace Behavior [ RunTime:0.004883s ]
INFO: [ view_end ] --END-- [ RunTime:0.004883s ]

[ 2014-09-12T11:37:40+08:00 ] 127.0.0.1 /p2p/
INFO: [ app_begin ] --START--
INFO: Run ReadHtmlCache Behavior [ RunTime:0.005859s ]
INFO: [ app_begin ] --END-- [ RunTime:0.005859s ]
SQL: SHOW COLUMNS FROM `p_product` [ RunTime:0.030273s ]
SQL: SELECT * FROM `p_product`  [ RunTime:0.001953s ]
INFO: [ view_template ] --START--
INFO: Run LocationTemplate Behavior [ RunTime:0.008789s ]
INFO: [ view_template ] --END-- [ RunTime:0.008789s ]
INFO: [ view_parse ] --START--
NOTIC: [8] Undefined variable: vo D:\SoftWare\wamp\www\p2p\app\Runtime\Cache\Home\c0dbbd2c9e2e115db198551ce50ab7fb.php 第 98 行.
NOTIC: [8] Undefined variable: vo D:\SoftWare\wamp\www\p2p\app\Runtime\Cache\Home\c0dbbd2c9e2e115db198551ce50ab7fb.php 第 99 行.
INFO: Run ParseTemplate Behavior [ RunTime:0.080078s ]
INFO: [ view_parse ] --END-- [ RunTime:0.080078s ]
INFO: [ view_filter ] --START--
INFO: Run ContentReplace Behavior [ RunTime:0.004882s ]
INFO: Run TokenBuild Behavior [ RunTime:0.005860s ]
INFO: Run WriteHtmlCache Behavior [ RunTime:0.004883s ]
INFO: Run ShowRuntime Behavior [ RunTime:0.004883s ]
INFO: [ view_filter ] --END-- [ RunTime:0.022461s ]
INFO: [ view_end ] --START--
INFO: Run ShowPageTrace Behavior [ RunTime:0.008789s ]
INFO: [ view_end ] --END-- [ RunTime:0.010742s ]

[ 2014-09-12T11:37:42+08:00 ] 127.0.0.1 /p2p/
INFO: [ app_begin ] --START--
INFO: Run ReadHtmlCache Behavior [ RunTime:0.012696s ]
INFO: [ app_begin ] --END-- [ RunTime:0.013672s ]
SQL: SHOW COLUMNS FROM `p_product` [ RunTime:0.013672s ]
SQL: SELECT * FROM `p_product`  [ RunTime:0.001953s ]
INFO: [ view_template ] --START--
INFO: Run LocationTemplate Behavior [ RunTime:0.009765s ]
INFO: [ view_template ] --END-- [ RunTime:0.010742s ]
INFO: [ view_parse ] --START--
NOTIC: [8] Undefined variable: vo D:\SoftWare\wamp\www\p2p\app\Runtime\Cache\Home\c0dbbd2c9e2e115db198551ce50ab7fb.php 第 98 行.
NOTIC: [8] Undefined variable: vo D:\SoftWare\wamp\www\p2p\app\Runtime\Cache\Home\c0dbbd2c9e2e115db198551ce50ab7fb.php 第 99 行.
INFO: Run ParseTemplate Behavior [ RunTime:0.088867s ]
INFO: [ view_parse ] --END-- [ RunTime:0.088867s ]
INFO: [ view_filter ] --START--
INFO: Run ContentReplace Behavior [ RunTime:0.007812s ]
INFO: Run TokenBuild Behavior [ RunTime:0.005859s ]
INFO: Run WriteHtmlCache Behavior [ RunTime:0.003906s ]
INFO: Run ShowRuntime Behavior [ RunTime:0.009765s ]
INFO: [ view_filter ] --END-- [ RunTime:0.029296s ]
INFO: [ view_end ] --START--
INFO: Run ShowPageTrace Behavior [ RunTime:0.005859s ]
INFO: [ view_end ] --END-- [ RunTime:0.007812s ]

[ 2014-09-12T17:40:09+08:00 ] 127.0.0.1 /p2p/
INFO: [ app_begin ] --START--
INFO: Run ReadHtmlCache Behavior [ RunTime:0.002930s ]
INFO: [ app_begin ] --END-- [ RunTime:0.002930s ]
SQL: SHOW COLUMNS FROM `p_product` [ RunTime:0.012695s ]
SQL: SELECT * FROM `p_product`  [ RunTime:0.000977s ]
INFO: [ view_template ] --START--
INFO: Run LocationTemplate Behavior [ RunTime:0.001953s ]
INFO: [ view_template ] --END-- [ RunTime:0.002930s ]
INFO: [ view_parse ] --START--
NOTIC: [8] Undefined variable: vo D:\SoftWare\wamp\www\p2p\app\Runtime\Cache\Home\c0dbbd2c9e2e115db198551ce50ab7fb.php 第 99 行.
NOTIC: [8] Undefined variable: vo D:\SoftWare\wamp\www\p2p\app\Runtime\Cache\Home\c0dbbd2c9e2e115db198551ce50ab7fb.php 第 100 行.
NOTIC: [8] Undefined variable: vo D:\SoftWare\wamp\www\p2p\app\Runtime\Cache\Home\c0dbbd2c9e2e115db198551ce50ab7fb.php 第 117 行.
NOTIC: [8] Undefined variable: vo D:\SoftWare\wamp\www\p2p\app\Runtime\Cache\Home\c0dbbd2c9e2e115db198551ce50ab7fb.php 第 118 行.
INFO: Run ParseTemplate Behavior [ RunTime:0.048828s ]
INFO: [ view_parse ] --END-- [ RunTime:0.048828s ]
INFO: [ view_filter ] --START--
INFO: Run ContentReplace Behavior [ RunTime:0.003906s ]
INFO: Run TokenBuild Behavior [ RunTime:0.003907s ]
INFO: Run WriteHtmlCache Behavior [ RunTime:0.002929s ]
INFO: Run ShowRuntime Behavior [ RunTime:0.004883s ]
INFO: [ view_filter ] --END-- [ RunTime:0.017578s ]
INFO: [ view_end ] --START--
INFO: Run ShowPageTrace Behavior [ RunTime:0.004883s ]
INFO: [ view_end ] --END-- [ RunTime:0.005859s ]

