[ 2014-09-15T08:58:34+08:00 ] 127.0.0.1 /p2p/
INFO: [ app_begin ] --START--
INFO: Run ReadHtmlCache Behavior [ RunTime:0.015625s ]
INFO: [ app_begin ] --END-- [ RunTime:0.015625s ]
SQL: SHOW COLUMNS FROM `p_product` [ RunTime:0.062500s ]
SQL: SELECT * FROM `p_product`  [ RunTime:0.000000s ]
INFO: [ view_template ] --START--
INFO: Run LocationTemplate Behavior [ RunTime:0.046875s ]
INFO: [ view_template ] --END-- [ RunTime:0.046875s ]
INFO: [ view_parse ] --START--
NOTIC: [8] Undefined variable: vo D:\SoftWare\wamp\www\p2p\app\Runtime\Cache\Home\c0dbbd2c9e2e115db198551ce50ab7fb.php 第 105 行.
NOTIC: [8] Undefined variable: vo D:\SoftWare\wamp\www\p2p\app\Runtime\Cache\Home\c0dbbd2c9e2e115db198551ce50ab7fb.php 第 106 行.
NOTIC: [8] Undefined variable: vo D:\SoftWare\wamp\www\p2p\app\Runtime\Cache\Home\c0dbbd2c9e2e115db198551ce50ab7fb.php 第 122 行.
NOTIC: [8] Undefined variable: vo D:\SoftWare\wamp\www\p2p\app\Runtime\Cache\Home\c0dbbd2c9e2e115db198551ce50ab7fb.php 第 123 行.
INFO: Run ParseTemplate Behavior [ RunTime:0.171875s ]
INFO: [ view_parse ] --END-- [ RunTime:0.171875s ]
INFO: [ view_filter ] --START--
INFO: Run ContentReplace Behavior [ RunTime:0.015625s ]
INFO: Run TokenBuild Behavior [ RunTime:0.000000s ]
INFO: Run WriteHtmlCache Behavior [ RunTime:0.000000s ]
INFO: Run ShowRuntime Behavior [ RunTime:0.000000s ]
INFO: [ view_filter ] --END-- [ RunTime:0.015625s ]
INFO: [ view_end ] --START--
INFO: Run ShowPageTrace Behavior [ RunTime:0.015625s ]
INFO: [ view_end ] --END-- [ RunTime:0.015625s ]

