[ 2014-09-20T09:54:21+08:00 ] 127.0.0.1 /p2p/
INFO: [ app_begin ] --START--
INFO: Run ReadHtmlCache Behavior [ RunTime:0.004883s ]
INFO: [ app_begin ] --END-- [ RunTime:0.007813s ]
SQL: SHOW COLUMNS FROM `p_product` [ RunTime:0.199218s ]
SQL: SELECT * FROM `p_product`  [ RunTime:0.000977s ]
INFO: [ view_template ] --START--
INFO: Run LocationTemplate Behavior [ RunTime:0.020508s ]
INFO: [ view_template ] --END-- [ RunTime:0.022461s ]
INFO: [ view_parse ] --START--
INFO: Run ParseTemplate Behavior [ RunTime:0.162109s ]
INFO: [ view_parse ] --END-- [ RunTime:0.163086s ]
INFO: [ view_filter ] --START--
INFO: Run ContentReplace Behavior [ RunTime:0.003906s ]
INFO: Run TokenBuild Behavior [ RunTime:0.003906s ]
INFO: Run WriteHtmlCache Behavior [ RunTime:0.004883s ]
INFO: Run ShowRuntime Behavior [ RunTime:0.004883s ]
INFO: [ view_filter ] --END-- [ RunTime:0.017578s ]
INFO: [ view_end ] --START--
INFO: Run ShowPageTrace Behavior [ RunTime:0.003907s ]
INFO: [ view_end ] --END-- [ RunTime:0.004883s ]

[ 2014-09-20T10:05:50+08:00 ] 127.0.0.1 /p2p/
INFO: [ app_begin ] --START--
INFO: Run ReadHtmlCache Behavior [ RunTime:0.003906s ]
INFO: [ app_begin ] --END-- [ RunTime:0.005859s ]
SQL: SHOW COLUMNS FROM `p_product` [ RunTime:0.012696s ]
SQL: SELECT * FROM `p_product`  [ RunTime:0.001953s ]
INFO: [ view_template ] --START--
INFO: Run LocationTemplate Behavior [ RunTime:0.005860s ]
INFO: [ view_template ] --END-- [ RunTime:0.005860s ]
INFO: [ view_parse ] --START--
INFO: Run ParseTemplate Behavior [ RunTime:0.055664s ]
INFO: [ view_parse ] --END-- [ RunTime:0.055664s ]
INFO: [ view_filter ] --START--
INFO: Run ContentReplace Behavior [ RunTime:0.002930s ]
INFO: Run TokenBuild Behavior [ RunTime:0.002930s ]
INFO: Run WriteHtmlCache Behavior [ RunTime:0.002930s ]
INFO: Run ShowRuntime Behavior [ RunTime:0.003906s ]
INFO: [ view_filter ] --END-- [ RunTime:0.013672s ]
INFO: [ view_end ] --START--
INFO: Run ShowPageTrace Behavior [ RunTime:0.003907s ]
INFO: [ view_end ] --END-- [ RunTime:0.003907s ]

[ 2014-09-20T10:06:55+08:00 ] 127.0.0.1 /p2p/index.php?m=Public&a=login
INFO: [ app_begin ] --START--
INFO: Run ReadHtmlCache Behavior [ RunTime:0.001953s ]
INFO: [ app_begin ] --END-- [ RunTime:0.002930s ]
NOTIC: [8] Undefined index: id D:\SoftWare\wamp\www\p2p\app\Lib\Action\Home\PublicAction.class.php 第 33 行.
SQL: SHOW COLUMNS FROM `p_user` [ RunTime:0.075195s ]
INFO: [ view_template ] --START--
INFO: Run LocationTemplate Behavior [ RunTime:0.002930s ]
INFO: [ view_template ] --END-- [ RunTime:0.003906s ]
INFO: [ view_parse ] --START--
INFO: Run ParseTemplate Behavior [ RunTime:0.043945s ]
INFO: [ view_parse ] --END-- [ RunTime:0.043945s ]
INFO: [ view_filter ] --START--
INFO: Run ContentReplace Behavior [ RunTime:0.001954s ]
INFO: Run TokenBuild Behavior [ RunTime:0.001953s ]
INFO: Run WriteHtmlCache Behavior [ RunTime:0.000977s ]
INFO: Run ShowRuntime Behavior [ RunTime:0.001954s ]
INFO: [ view_filter ] --END-- [ RunTime:0.010742s ]
INFO: [ view_end ] --START--
INFO: Run ShowPageTrace Behavior [ RunTime:0.001953s ]
INFO: [ view_end ] --END-- [ RunTime:0.003906s ]

[ 2014-09-20T10:07:06+08:00 ] 127.0.0.1 /p2p/index.php?m=Public&a=doLogin
INFO: [ app_begin ] --START--
INFO: Run ReadHtmlCache Behavior [ RunTime:0.002930s ]
INFO: [ app_begin ] --END-- [ RunTime:0.002930s ]
SQL: SHOW COLUMNS FROM `p_user` [ RunTime:0.011719s ]
SQL: SELECT * FROM `p_user` WHERE ( name='chen' AND password='e10adc3949ba59abbe56e057f20f883e' ) LIMIT 1   [ RunTime:0.144531s ]
INFO: [ view_template ] --START--
INFO: Run LocationTemplate Behavior [ RunTime:0.001953s ]
INFO: [ view_template ] --END-- [ RunTime:0.003906s ]
INFO: [ view_parse ] --START--
INFO: Run ParseTemplate Behavior [ RunTime:0.050782s ]
INFO: [ view_parse ] --END-- [ RunTime:0.051758s ]
INFO: [ view_filter ] --START--
INFO: Run ContentReplace Behavior [ RunTime:0.001953s ]
INFO: Run TokenBuild Behavior [ RunTime:0.001953s ]
INFO: Run WriteHtmlCache Behavior [ RunTime:0.000976s ]
INFO: Run ShowRuntime Behavior [ RunTime:0.002929s ]
INFO: [ view_filter ] --END-- [ RunTime:0.010742s ]
INFO: [ view_end ] --START--
INFO: Run ShowPageTrace Behavior [ RunTime:0.002930s ]
INFO: [ view_end ] --END-- [ RunTime:0.002930s ]

[ 2014-09-20T10:07:08+08:00 ] 127.0.0.1 /p2p/index.php?m=Users&a=index
INFO: [ app_begin ] --START--
INFO: Run ReadHtmlCache Behavior [ RunTime:0.002930s ]
INFO: [ app_begin ] --END-- [ RunTime:0.002930s ]
NOTIC: [8] Undefined index: id D:\SoftWare\wamp\www\p2p\app\Lib\Action\Home\UsersAction.class.php 第 87 行.
INFO: [ view_template ] --START--
INFO: Run LocationTemplate Behavior [ RunTime:0.003906s ]
INFO: [ view_template ] --END-- [ RunTime:0.004883s ]
INFO: [ view_parse ] --START--
INFO: Run ParseTemplate Behavior [ RunTime:0.051757s ]
INFO: [ view_parse ] --END-- [ RunTime:0.051757s ]
INFO: [ view_filter ] --START--
INFO: Run ContentReplace Behavior [ RunTime:0.001953s ]
INFO: Run TokenBuild Behavior [ RunTime:0.001953s ]
INFO: Run WriteHtmlCache Behavior [ RunTime:0.000976s ]
INFO: Run ShowRuntime Behavior [ RunTime:0.001953s ]
INFO: [ view_filter ] --END-- [ RunTime:0.010743s ]
INFO: [ view_end ] --START--
INFO: Run ShowPageTrace Behavior [ RunTime:0.001953s ]
INFO: [ view_end ] --END-- [ RunTime:0.002930s ]

[ 2014-09-20T10:07:55+08:00 ] 127.0.0.1 /p2p/index.php?m=Article&a=myorder
INFO: [ app_begin ] --START--
INFO: Run ReadHtmlCache Behavior [ RunTime:0.003906s ]
INFO: [ app_begin ] --END-- [ RunTime:0.005860s ]
NOTIC: [8] Undefined index: id D:\SoftWare\wamp\www\p2p\app\Lib\Action\Home\ArticleAction.class.php 第 43 行.
INFO: [ view_template ] --START--
INFO: Run LocationTemplate Behavior [ RunTime:0.005860s ]
INFO: [ view_template ] --END-- [ RunTime:0.005860s ]
INFO: [ view_parse ] --START--
INFO: Run ParseTemplate Behavior [ RunTime:0.070313s ]
INFO: [ view_parse ] --END-- [ RunTime:0.071289s ]
INFO: [ view_filter ] --START--
INFO: Run ContentReplace Behavior [ RunTime:0.003907s ]
INFO: Run TokenBuild Behavior [ RunTime:0.002929s ]
INFO: Run WriteHtmlCache Behavior [ RunTime:0.001953s ]
INFO: Run ShowRuntime Behavior [ RunTime:0.003906s ]
INFO: [ view_filter ] --END-- [ RunTime:0.014649s ]
INFO: [ view_end ] --START--
INFO: Run ShowPageTrace Behavior [ RunTime:0.002930s ]
INFO: [ view_end ] --END-- [ RunTime:0.003907s ]

[ 2014-09-20T10:07:55+08:00 ] 127.0.0.1 /p2p/index.php?m=Article&a=myorder
INFO: [ app_begin ] --START--
INFO: Run ReadHtmlCache Behavior [ RunTime:0.003907s ]
INFO: [ app_begin ] --END-- [ RunTime:0.004883s ]
NOTIC: [8] Undefined index: id D:\SoftWare\wamp\www\p2p\app\Lib\Action\Home\ArticleAction.class.php 第 43 行.
INFO: [ view_template ] --START--
INFO: Run LocationTemplate Behavior [ RunTime:0.004883s ]
INFO: [ view_template ] --END-- [ RunTime:0.005860s ]
INFO: [ view_parse ] --START--
INFO: Run ParseTemplate Behavior [ RunTime:0.046875s ]
INFO: [ view_parse ] --END-- [ RunTime:0.047851s ]
INFO: [ view_filter ] --START--
INFO: Run ContentReplace Behavior [ RunTime:0.002929s ]
INFO: Run TokenBuild Behavior [ RunTime:0.003907s ]
INFO: Run WriteHtmlCache Behavior [ RunTime:0.001953s ]
INFO: Run ShowRuntime Behavior [ RunTime:0.002930s ]
INFO: [ view_filter ] --END-- [ RunTime:0.013672s ]
INFO: [ view_end ] --START--
INFO: Run ShowPageTrace Behavior [ RunTime:0.002930s ]
INFO: [ view_end ] --END-- [ RunTime:0.003906s ]

[ 2014-09-20T10:08:01+08:00 ] 127.0.0.1 /p2p/index.php?m=Article&a=order
INFO: [ app_begin ] --START--
INFO: Run ReadHtmlCache Behavior [ RunTime:0.001953s ]
INFO: [ app_begin ] --END-- [ RunTime:0.002930s ]
NOTIC: [8] Undefined index: id D:\SoftWare\wamp\www\p2p\app\Lib\Action\Home\ArticleAction.class.php 第 53 行.
INFO: [ view_template ] --START--
INFO: Run LocationTemplate Behavior [ RunTime:0.002929s ]
INFO: [ view_template ] --END-- [ RunTime:0.003906s ]
INFO: [ view_parse ] --START--
INFO: Run ParseTemplate Behavior [ RunTime:0.053711s ]
INFO: [ view_parse ] --END-- [ RunTime:0.054688s ]
INFO: [ view_filter ] --START--
INFO: Run ContentReplace Behavior [ RunTime:0.002930s ]
INFO: Run TokenBuild Behavior [ RunTime:0.001953s ]
INFO: Run WriteHtmlCache Behavior [ RunTime:0.001953s ]
INFO: Run ShowRuntime Behavior [ RunTime:0.002929s ]
INFO: [ view_filter ] --END-- [ RunTime:0.012695s ]
INFO: [ view_end ] --START--
INFO: Run ShowPageTrace Behavior [ RunTime:0.002930s ]
INFO: [ view_end ] --END-- [ RunTime:0.002930s ]

[ 2014-09-20T10:08:01+08:00 ] 127.0.0.1 /p2p/index.php?m=Article&a=order
INFO: [ app_begin ] --START--
INFO: Run ReadHtmlCache Behavior [ RunTime:0.004883s ]
INFO: [ app_begin ] --END-- [ RunTime:0.005860s ]
NOTIC: [8] Undefined index: id D:\SoftWare\wamp\www\p2p\app\Lib\Action\Home\ArticleAction.class.php 第 53 行.
INFO: [ view_template ] --START--
INFO: Run LocationTemplate Behavior [ RunTime:0.006836s ]
INFO: [ view_template ] --END-- [ RunTime:0.006836s ]
INFO: [ view_parse ] --START--
INFO: Run ParseTemplate Behavior [ RunTime:0.040039s ]
INFO: [ view_parse ] --END-- [ RunTime:0.040039s ]
INFO: [ view_filter ] --START--
INFO: Run ContentReplace Behavior [ RunTime:0.002930s ]
INFO: Run TokenBuild Behavior [ RunTime:0.002930s ]
INFO: Run WriteHtmlCache Behavior [ RunTime:0.001953s ]
INFO: Run ShowRuntime Behavior [ RunTime:0.002929s ]
INFO: [ view_filter ] --END-- [ RunTime:0.013672s ]
INFO: [ view_end ] --START--
INFO: Run ShowPageTrace Behavior [ RunTime:0.003907s ]
INFO: [ view_end ] --END-- [ RunTime:0.003907s ]

[ 2014-09-20T10:22:29+08:00 ] 127.0.0.1 /p2p/index.php?m=Article&a=myorder
INFO: [ app_begin ] --START--
INFO: Run ReadHtmlCache Behavior [ RunTime:0.005859s ]
INFO: [ app_begin ] --END-- [ RunTime:0.006836s ]
NOTIC: [8] Undefined index: id D:\SoftWare\wamp\www\p2p\app\Lib\Action\Home\ArticleAction.class.php 第 43 行.
INFO: [ view_template ] --START--
INFO: Run LocationTemplate Behavior [ RunTime:0.004883s ]
INFO: [ view_template ] --END-- [ RunTime:0.005860s ]
INFO: [ view_parse ] --START--
INFO: Run ParseTemplate Behavior [ RunTime:0.056641s ]
INFO: [ view_parse ] --END-- [ RunTime:0.057617s ]
INFO: [ view_filter ] --START--
INFO: Run ContentReplace Behavior [ RunTime:0.003907s ]
INFO: Run TokenBuild Behavior [ RunTime:0.003906s ]
INFO: Run WriteHtmlCache Behavior [ RunTime:0.002930s ]
INFO: Run ShowRuntime Behavior [ RunTime:0.005859s ]
INFO: [ view_filter ] --END-- [ RunTime:0.017579s ]
INFO: [ view_end ] --START--
INFO: Run ShowPageTrace Behavior [ RunTime:0.002930s ]
INFO: [ view_end ] --END-- [ RunTime:0.004882s ]

[ 2014-09-20T10:22:43+08:00 ] 127.0.0.1 /p2p/index.php?m=Article&a=myorder
INFO: [ app_begin ] --START--
INFO: Run ReadHtmlCache Behavior [ RunTime:0.004883s ]
INFO: [ app_begin ] --END-- [ RunTime:0.004883s ]
NOTIC: [8] Undefined index: id D:\SoftWare\wamp\www\p2p\app\Lib\Action\Home\ArticleAction.class.php 第 43 行.
INFO: [ view_template ] --START--
INFO: Run LocationTemplate Behavior [ RunTime:0.004882s ]
INFO: [ view_template ] --END-- [ RunTime:0.005859s ]
INFO: [ view_parse ] --START--
INFO: Run ParseTemplate Behavior [ RunTime:0.047851s ]
INFO: [ view_parse ] --END-- [ RunTime:0.049805s ]
INFO: [ view_filter ] --START--
INFO: Run ContentReplace Behavior [ RunTime:0.002929s ]
INFO: Run TokenBuild Behavior [ RunTime:0.003906s ]
INFO: Run WriteHtmlCache Behavior [ RunTime:0.001953s ]
INFO: Run ShowRuntime Behavior [ RunTime:0.003906s ]
INFO: [ view_filter ] --END-- [ RunTime:0.015625s ]
INFO: [ view_end ] --START--
INFO: Run ShowPageTrace Behavior [ RunTime:0.003906s ]
INFO: [ view_end ] --END-- [ RunTime:0.003906s ]

[ 2014-09-20T10:22:43+08:00 ] 127.0.0.1 /p2p/index.php?m=Article&a=myorder
INFO: [ app_begin ] --START--
INFO: Run ReadHtmlCache Behavior [ RunTime:0.006836s ]
INFO: [ app_begin ] --END-- [ RunTime:0.006836s ]
NOTIC: [8] Undefined index: id D:\SoftWare\wamp\www\p2p\app\Lib\Action\Home\ArticleAction.class.php 第 43 行.
INFO: [ view_template ] --START--
INFO: Run LocationTemplate Behavior [ RunTime:0.005860s ]
INFO: [ view_template ] --END-- [ RunTime:0.005860s ]
INFO: [ view_parse ] --START--
INFO: Run ParseTemplate Behavior [ RunTime:0.049805s ]
INFO: [ view_parse ] --END-- [ RunTime:0.051758s ]
INFO: [ view_filter ] --START--
INFO: Run ContentReplace Behavior [ RunTime:0.002930s ]
INFO: Run TokenBuild Behavior [ RunTime:0.002930s ]
INFO: Run WriteHtmlCache Behavior [ RunTime:0.002930s ]
INFO: Run ShowRuntime Behavior [ RunTime:0.003906s ]
INFO: [ view_filter ] --END-- [ RunTime:0.013672s ]
INFO: [ view_end ] --START--
INFO: Run ShowPageTrace Behavior [ RunTime:0.004882s ]
INFO: [ view_end ] --END-- [ RunTime:0.005859s ]

[ 2014-09-20T10:24:32+08:00 ] 127.0.0.1 /p2p/index.php?m=Article&a=myorder
INFO: [ app_begin ] --START--
INFO: Run ReadHtmlCache Behavior [ RunTime:0.002930s ]
INFO: [ app_begin ] --END-- [ RunTime:0.002930s ]
NOTIC: [8] Undefined index: id D:\SoftWare\wamp\www\p2p\app\Lib\Action\Home\ArticleAction.class.php 第 43 行.
INFO: [ view_template ] --START--
INFO: Run LocationTemplate Behavior [ RunTime:0.001953s ]
INFO: [ view_template ] --END-- [ RunTime:0.002929s ]
INFO: [ view_parse ] --START--
INFO: Run ParseTemplate Behavior [ RunTime:0.041992s ]
INFO: [ view_parse ] --END-- [ RunTime:0.041992s ]
INFO: [ view_filter ] --START--
INFO: Run ContentReplace Behavior [ RunTime:0.001953s ]
INFO: Run TokenBuild Behavior [ RunTime:0.001953s ]
INFO: Run WriteHtmlCache Behavior [ RunTime:0.001954s ]
INFO: Run ShowRuntime Behavior [ RunTime:0.001953s ]
INFO: [ view_filter ] --END-- [ RunTime:0.010742s ]
INFO: [ view_end ] --START--
INFO: Run ShowPageTrace Behavior [ RunTime:0.001953s ]
INFO: [ view_end ] --END-- [ RunTime:0.002930s ]

[ 2014-09-20T10:24:32+08:00 ] 127.0.0.1 /p2p/index.php?m=Article&a=myorder
INFO: [ app_begin ] --START--
INFO: Run ReadHtmlCache Behavior [ RunTime:0.002930s ]
INFO: [ app_begin ] --END-- [ RunTime:0.003907s ]
NOTIC: [8] Undefined index: id D:\SoftWare\wamp\www\p2p\app\Lib\Action\Home\ArticleAction.class.php 第 43 行.
INFO: [ view_template ] --START--
INFO: Run LocationTemplate Behavior [ RunTime:0.001953s ]
INFO: [ view_template ] --END-- [ RunTime:0.002930s ]
INFO: [ view_parse ] --START--
INFO: Run ParseTemplate Behavior [ RunTime:0.046875s ]
INFO: [ view_parse ] --END-- [ RunTime:0.048828s ]
INFO: [ view_filter ] --START--
INFO: Run ContentReplace Behavior [ RunTime:0.001953s ]
INFO: Run TokenBuild Behavior [ RunTime:0.002929s ]
INFO: Run WriteHtmlCache Behavior [ RunTime:0.000977s ]
INFO: Run ShowRuntime Behavior [ RunTime:0.002930s ]
INFO: [ view_filter ] --END-- [ RunTime:0.010742s ]
INFO: [ view_end ] --START--
INFO: Run ShowPageTrace Behavior [ RunTime:0.002929s ]
INFO: [ view_end ] --END-- [ RunTime:0.002929s ]

[ 2014-09-20T10:26:35+08:00 ] ERR: (ThinkException) 非法操作:Article
[ 2014-09-20T10:26:35+08:00 ] ERR: (ThinkException) 非法操作:Article
[ 2014-09-20T10:30:26+08:00 ] 127.0.0.1 /p2p/index.php?m=Article&a=myorder
INFO: [ app_begin ] --START--
INFO: Run ReadHtmlCache Behavior [ RunTime:0.003907s ]
INFO: [ app_begin ] --END-- [ RunTime:0.004883s ]
NOTIC: [8] Undefined index: id D:\SoftWare\wamp\www\p2p\app\Lib\Action\Home\ArticleAction.class.php 第 43 行.
INFO: [ view_template ] --START--
INFO: Run LocationTemplate Behavior [ RunTime:0.004883s ]
INFO: [ view_template ] --END-- [ RunTime:0.005859s ]
INFO: [ view_parse ] --START--
INFO: Run ParseTemplate Behavior [ RunTime:0.052734s ]
INFO: [ view_parse ] --END-- [ RunTime:0.052734s ]
INFO: [ view_filter ] --START--
INFO: Run ContentReplace Behavior [ RunTime:0.002930s ]
INFO: Run TokenBuild Behavior [ RunTime:0.003906s ]
INFO: Run WriteHtmlCache Behavior [ RunTime:0.001953s ]
INFO: Run ShowRuntime Behavior [ RunTime:0.002930s ]
INFO: [ view_filter ] --END-- [ RunTime:0.014648s ]
INFO: [ view_end ] --START--
INFO: Run ShowPageTrace Behavior [ RunTime:0.002930s ]
INFO: [ view_end ] --END-- [ RunTime:0.004883s ]

[ 2014-09-20T10:30:34+08:00 ] 127.0.0.1 /p2p/index.php?m=Article&a=allocation
INFO: [ app_begin ] --START--
INFO: Run ReadHtmlCache Behavior [ RunTime:0.004883s ]
INFO: [ app_begin ] --END-- [ RunTime:0.005860s ]
NOTIC: [8] Undefined index: id D:\SoftWare\wamp\www\p2p\app\Lib\Action\Home\ArticleAction.class.php 第 13 行.
INFO: [ view_template ] --START--
INFO: Run LocationTemplate Behavior [ RunTime:0.004883s ]
INFO: [ view_template ] --END-- [ RunTime:0.006836s ]
INFO: [ view_parse ] --START--
INFO: Run ParseTemplate Behavior [ RunTime:0.063477s ]
INFO: [ view_parse ] --END-- [ RunTime:0.064453s ]
INFO: [ view_filter ] --START--
INFO: Run ContentReplace Behavior [ RunTime:0.002930s ]
INFO: Run TokenBuild Behavior [ RunTime:0.002929s ]
INFO: Run WriteHtmlCache Behavior [ RunTime:0.002930s ]
INFO: Run ShowRuntime Behavior [ RunTime:0.002930s ]
INFO: [ view_filter ] --END-- [ RunTime:0.014648s ]
INFO: [ view_end ] --START--
INFO: Run ShowPageTrace Behavior [ RunTime:0.002930s ]
INFO: [ view_end ] --END-- [ RunTime:0.003906s ]

[ 2014-09-20T10:30:34+08:00 ] 127.0.0.1 /p2p/index.php?m=Article&a=allocation
INFO: [ app_begin ] --START--
INFO: Run ReadHtmlCache Behavior [ RunTime:0.003907s ]
INFO: [ app_begin ] --END-- [ RunTime:0.005859s ]
NOTIC: [8] Undefined index: id D:\SoftWare\wamp\www\p2p\app\Lib\Action\Home\ArticleAction.class.php 第 13 行.
INFO: [ view_template ] --START--
INFO: Run LocationTemplate Behavior [ RunTime:0.004883s ]
INFO: [ view_template ] --END-- [ RunTime:0.005859s ]
INFO: [ view_parse ] --START--
INFO: Run ParseTemplate Behavior [ RunTime:0.045898s ]
INFO: [ view_parse ] --END-- [ RunTime:0.045898s ]
INFO: [ view_filter ] --START--
INFO: Run ContentReplace Behavior [ RunTime:0.002929s ]
INFO: Run TokenBuild Behavior [ RunTime:0.002930s ]
INFO: Run WriteHtmlCache Behavior [ RunTime:0.001953s ]
INFO: Run ShowRuntime Behavior [ RunTime:0.003906s ]
INFO: [ view_filter ] --END-- [ RunTime:0.013671s ]
INFO: [ view_end ] --START--
INFO: Run ShowPageTrace Behavior [ RunTime:0.003906s ]
INFO: [ view_end ] --END-- [ RunTime:0.004882s ]

[ 2014-09-20T10:31:12+08:00 ] 127.0.0.1 /p2p/index.php?m=Article&a=myorder
INFO: [ app_begin ] --START--
INFO: Run ReadHtmlCache Behavior [ RunTime:0.002929s ]
INFO: [ app_begin ] --END-- [ RunTime:0.003906s ]
NOTIC: [8] Undefined index: id D:\SoftWare\wamp\www\p2p\app\Lib\Action\Home\ArticleAction.class.php 第 43 行.
INFO: [ view_template ] --START--
INFO: Run LocationTemplate Behavior [ RunTime:0.002930s ]
INFO: [ view_template ] --END-- [ RunTime:0.003906s ]
INFO: [ view_parse ] --START--
INFO: Run ParseTemplate Behavior [ RunTime:0.042968s ]
INFO: [ view_parse ] --END-- [ RunTime:0.042968s ]
INFO: [ view_filter ] --START--
INFO: Run ContentReplace Behavior [ RunTime:0.001953s ]
INFO: Run TokenBuild Behavior [ RunTime:0.002929s ]
INFO: Run WriteHtmlCache Behavior [ RunTime:0.000977s ]
INFO: Run ShowRuntime Behavior [ RunTime:0.002929s ]
INFO: [ view_filter ] --END-- [ RunTime:0.010742s ]
INFO: [ view_end ] --START--
INFO: Run ShowPageTrace Behavior [ RunTime:0.002930s ]
INFO: [ view_end ] --END-- [ RunTime:0.002930s ]

[ 2014-09-20T10:31:17+08:00 ] 127.0.0.1 /p2p/index.php?m=Article&a=complete
INFO: [ app_begin ] --START--
INFO: Run ReadHtmlCache Behavior [ RunTime:0.003906s ]
INFO: [ app_begin ] --END-- [ RunTime:0.004883s ]
NOTIC: [8] Undefined index: id D:\SoftWare\wamp\www\p2p\app\Lib\Action\Home\ArticleAction.class.php 第 23 行.
INFO: [ view_template ] --START--
INFO: Run LocationTemplate Behavior [ RunTime:0.002930s ]
INFO: [ view_template ] --END-- [ RunTime:0.003906s ]
INFO: [ view_parse ] --START--
INFO: Run ParseTemplate Behavior [ RunTime:0.065430s ]
INFO: [ view_parse ] --END-- [ RunTime:0.066406s ]
INFO: [ view_filter ] --START--
INFO: Run ContentReplace Behavior [ RunTime:0.002930s ]
INFO: Run TokenBuild Behavior [ RunTime:0.002929s ]
INFO: Run WriteHtmlCache Behavior [ RunTime:0.001953s ]
INFO: Run ShowRuntime Behavior [ RunTime:0.002930s ]
INFO: [ view_filter ] --END-- [ RunTime:0.012696s ]
INFO: [ view_end ] --START--
INFO: Run ShowPageTrace Behavior [ RunTime:0.002930s ]
INFO: [ view_end ] --END-- [ RunTime:0.002930s ]

[ 2014-09-20T10:31:23+08:00 ] 127.0.0.1 /p2p/index.php?m=Article&a=proces
INFO: [ app_begin ] --START--
INFO: Run ReadHtmlCache Behavior [ RunTime:0.001953s ]
INFO: [ app_begin ] --END-- [ RunTime:0.002930s ]
NOTIC: [8] Undefined index: id D:\SoftWare\wamp\www\p2p\app\Lib\Action\Home\ArticleAction.class.php 第 73 行.
INFO: [ view_template ] --START--
INFO: Run LocationTemplate Behavior [ RunTime:0.002930s ]
INFO: [ view_template ] --END-- [ RunTime:0.002930s ]
INFO: [ view_parse ] --START--
INFO: Run ParseTemplate Behavior [ RunTime:0.064453s ]
INFO: [ view_parse ] --END-- [ RunTime:0.065430s ]
INFO: [ view_filter ] --START--
INFO: Run ContentReplace Behavior [ RunTime:0.001953s ]
INFO: Run TokenBuild Behavior [ RunTime:0.002929s ]
INFO: Run WriteHtmlCache Behavior [ RunTime:0.000977s ]
INFO: Run ShowRuntime Behavior [ RunTime:0.002930s ]
INFO: [ view_filter ] --END-- [ RunTime:0.011719s ]
INFO: [ view_end ] --START--
INFO: Run ShowPageTrace Behavior [ RunTime:0.002930s ]
INFO: [ view_end ] --END-- [ RunTime:0.003907s ]

[ 2014-09-20T10:31:23+08:00 ] 127.0.0.1 /p2p/index.php?m=Article&a=proces
INFO: [ app_begin ] --START--
INFO: Run ReadHtmlCache Behavior [ RunTime:0.004883s ]
INFO: [ app_begin ] --END-- [ RunTime:0.005859s ]
NOTIC: [8] Undefined index: id D:\SoftWare\wamp\www\p2p\app\Lib\Action\Home\ArticleAction.class.php 第 73 行.
INFO: [ view_template ] --START--
INFO: Run LocationTemplate Behavior [ RunTime:0.004882s ]
INFO: [ view_template ] --END-- [ RunTime:0.006836s ]
INFO: [ view_parse ] --START--
INFO: Run ParseTemplate Behavior [ RunTime:0.053711s ]
INFO: [ view_parse ] --END-- [ RunTime:0.055665s ]
INFO: [ view_filter ] --START--
INFO: Run ContentReplace Behavior [ RunTime:0.003906s ]
INFO: Run TokenBuild Behavior [ RunTime:0.002930s ]
INFO: Run WriteHtmlCache Behavior [ RunTime:0.001953s ]
INFO: Run ShowRuntime Behavior [ RunTime:0.004883s ]
INFO: [ view_filter ] --END-- [ RunTime:0.016601s ]
INFO: [ view_end ] --START--
INFO: Run ShowPageTrace Behavior [ RunTime:0.002930s ]
INFO: [ view_end ] --END-- [ RunTime:0.004882s ]

[ 2014-09-20T10:39:13+08:00 ] 127.0.0.1 /p2p/index.php?m=Article&a=myorder
INFO: [ app_begin ] --START--
INFO: Run ReadHtmlCache Behavior [ RunTime:0.003906s ]
INFO: [ app_begin ] --END-- [ RunTime:0.004883s ]
NOTIC: [8] Undefined index: id D:\SoftWare\wamp\www\p2p\app\Lib\Action\Home\ArticleAction.class.php 第 43 行.
INFO: [ view_template ] --START--
INFO: Run LocationTemplate Behavior [ RunTime:0.007812s ]
INFO: [ view_template ] --END-- [ RunTime:0.008789s ]
INFO: [ view_parse ] --START--
INFO: Run ParseTemplate Behavior [ RunTime:0.049805s ]
INFO: [ view_parse ] --END-- [ RunTime:0.050781s ]
INFO: [ view_filter ] --START--
INFO: Run ContentReplace Behavior [ RunTime:0.002929s ]
INFO: Run TokenBuild Behavior [ RunTime:0.002929s ]
INFO: Run WriteHtmlCache Behavior [ RunTime:0.001953s ]
INFO: Run ShowRuntime Behavior [ RunTime:0.003906s ]
INFO: [ view_filter ] --END-- [ RunTime:0.013671s ]
INFO: [ view_end ] --START--
INFO: Run ShowPageTrace Behavior [ RunTime:0.002929s ]
INFO: [ view_end ] --END-- [ RunTime:0.004883s ]

[ 2014-09-20T10:49:00+08:00 ] 127.0.0.1 /p2p/index.php?m=Tpl&a=product
INFO: [ app_begin ] --START--
INFO: Run ReadHtmlCache Behavior [ RunTime:0.007813s ]
INFO: [ app_begin ] --END-- [ RunTime:0.007813s ]
NOTIC: [8] Undefined index: id D:\SoftWare\wamp\www\p2p\app\Lib\Action\Home\TplAction.class.php 第 22 行.
SQL: SHOW COLUMNS FROM `p_product` [ RunTime:0.014649s ]
SQL: SELECT * FROM `p_product` WHERE ( id= ) LIMIT 1   [ RunTime:0.000977s ]
ERR: You have an error in your SQL syntax; check the manual that corresponds to your MySQL server version for the right syntax to use near ') LIMIT 1' at line 1
 [ SQL语句 ] : SELECT * FROM `p_product` WHERE ( id= ) LIMIT 1  
INFO: [ view_template ] --START--
INFO: Run LocationTemplate Behavior [ RunTime:0.005859s ]
INFO: [ view_template ] --END-- [ RunTime:0.006836s ]
INFO: [ view_parse ] --START--
INFO: Run ParseTemplate Behavior [ RunTime:0.069336s ]
INFO: [ view_parse ] --END-- [ RunTime:0.070312s ]
INFO: [ view_filter ] --START--
INFO: Run ContentReplace Behavior [ RunTime:0.002930s ]
INFO: Run TokenBuild Behavior [ RunTime:0.003906s ]
INFO: Run WriteHtmlCache Behavior [ RunTime:0.002930s ]
INFO: Run ShowRuntime Behavior [ RunTime:0.004883s ]
INFO: [ view_filter ] --END-- [ RunTime:0.018555s ]
INFO: [ view_end ] --START--
INFO: Run ShowPageTrace Behavior [ RunTime:0.002930s ]
INFO: [ view_end ] --END-- [ RunTime:0.003906s ]

[ 2014-09-20T13:40:37+08:00 ] 127.0.0.1 /p2p/index.php?m=Tpl&a=product
INFO: [ app_begin ] --START--
INFO: Run ReadHtmlCache Behavior [ RunTime:0.015625s ]
INFO: [ app_begin ] --END-- [ RunTime:0.015625s ]
NOTIC: [8] Undefined index: id D:\SoftWare\wamp\www\p2p\app\Lib\Action\Home\TplAction.class.php 第 22 行.
SQL: SHOW COLUMNS FROM `p_product` [ RunTime:0.125000s ]
SQL: SELECT * FROM `p_product` WHERE ( id= ) LIMIT 1   [ RunTime:0.000000s ]
ERR: You have an error in your SQL syntax; check the manual that corresponds to your MySQL server version for the right syntax to use near ') LIMIT 1' at line 1
 [ SQL语句 ] : SELECT * FROM `p_product` WHERE ( id= ) LIMIT 1  
INFO: [ view_template ] --START--
INFO: Run LocationTemplate Behavior [ RunTime:0.031250s ]
INFO: [ view_template ] --END-- [ RunTime:0.031250s ]
INFO: [ view_parse ] --START--
INFO: Run ParseTemplate Behavior [ RunTime:0.140625s ]
INFO: [ view_parse ] --END-- [ RunTime:0.140625s ]
INFO: [ view_filter ] --START--
INFO: Run ContentReplace Behavior [ RunTime:0.015625s ]
INFO: Run TokenBuild Behavior [ RunTime:0.031250s ]
INFO: Run WriteHtmlCache Behavior [ RunTime:0.000000s ]
INFO: Run ShowRuntime Behavior [ RunTime:0.015625s ]
INFO: [ view_filter ] --END-- [ RunTime:0.062500s ]
INFO: [ view_end ] --START--
INFO: Run ShowPageTrace Behavior [ RunTime:0.000000s ]
INFO: [ view_end ] --END-- [ RunTime:0.000000s ]

[ 2014-09-20T13:56:03+08:00 ] 127.0.0.1 /p2p/index.php?m=Article&a=myorder
INFO: [ app_begin ] --START--
INFO: Run ReadHtmlCache Behavior [ RunTime:0.015625s ]
INFO: [ app_begin ] --END-- [ RunTime:0.015625s ]
NOTIC: [8] Undefined index: id D:\SoftWare\wamp\www\p2p\app\Lib\Action\Home\ArticleAction.class.php 第 43 行.
INFO: [ view_template ] --START--
INFO: Run LocationTemplate Behavior [ RunTime:0.015625s ]
INFO: [ view_template ] --END-- [ RunTime:0.015625s ]
INFO: [ view_parse ] --START--
INFO: Run ParseTemplate Behavior [ RunTime:0.062500s ]
INFO: [ view_parse ] --END-- [ RunTime:0.062500s ]
INFO: [ view_filter ] --START--
INFO: Run ContentReplace Behavior [ RunTime:0.015625s ]
INFO: Run TokenBuild Behavior [ RunTime:0.000000s ]
INFO: Run WriteHtmlCache Behavior [ RunTime:0.000000s ]
INFO: Run ShowRuntime Behavior [ RunTime:0.000000s ]
INFO: [ view_filter ] --END-- [ RunTime:0.015625s ]
INFO: [ view_end ] --START--
INFO: Run ShowPageTrace Behavior [ RunTime:0.015625s ]
INFO: [ view_end ] --END-- [ RunTime:0.015625s ]

[ 2014-09-20T13:56:10+08:00 ] 127.0.0.1 /p2p/index.php?m=Article&a=myorder
INFO: [ app_begin ] --START--
INFO: Run ReadHtmlCache Behavior [ RunTime:0.001953s ]
INFO: [ app_begin ] --END-- [ RunTime:0.003906s ]
NOTIC: [8] Undefined index: id D:\SoftWare\wamp\www\p2p\app\Lib\Action\Home\ArticleAction.class.php 第 43 行.
INFO: [ view_template ] --START--
INFO: Run LocationTemplate Behavior [ RunTime:0.001953s ]
INFO: [ view_template ] --END-- [ RunTime:0.002930s ]
INFO: [ view_parse ] --START--
INFO: Run ParseTemplate Behavior [ RunTime:0.057617s ]
INFO: [ view_parse ] --END-- [ RunTime:0.059570s ]
INFO: [ view_filter ] --START--
INFO: Run ContentReplace Behavior [ RunTime:0.002930s ]
INFO: Run TokenBuild Behavior [ RunTime:0.007812s ]
INFO: Run WriteHtmlCache Behavior [ RunTime:0.000976s ]
INFO: Run ShowRuntime Behavior [ RunTime:0.002929s ]
INFO: [ view_filter ] --END-- [ RunTime:0.016601s ]
INFO: [ view_end ] --START--
INFO: Run ShowPageTrace Behavior [ RunTime:0.004883s ]
INFO: [ view_end ] --END-- [ RunTime:0.005859s ]

[ 2014-09-20T13:56:16+08:00 ] 127.0.0.1 /p2p/index.php?m=Public&a=login
INFO: [ app_begin ] --START--
INFO: Run ReadHtmlCache Behavior [ RunTime:0.002930s ]
INFO: [ app_begin ] --END-- [ RunTime:0.002930s ]
NOTIC: [8] Undefined index: id D:\SoftWare\wamp\www\p2p\app\Lib\Action\Home\PublicAction.class.php 第 33 行.
SQL: SHOW COLUMNS FROM `p_user` [ RunTime:0.071289s ]
INFO: [ view_template ] --START--
INFO: Run LocationTemplate Behavior [ RunTime:0.002929s ]
INFO: [ view_template ] --END-- [ RunTime:0.003906s ]
INFO: [ view_parse ] --START--
INFO: Run ParseTemplate Behavior [ RunTime:0.045898s ]
INFO: [ view_parse ] --END-- [ RunTime:0.046875s ]
INFO: [ view_filter ] --START--
INFO: Run ContentReplace Behavior [ RunTime:0.001953s ]
INFO: Run TokenBuild Behavior [ RunTime:0.001953s ]
INFO: Run WriteHtmlCache Behavior [ RunTime:0.000977s ]
INFO: Run ShowRuntime Behavior [ RunTime:0.002930s ]
INFO: [ view_filter ] --END-- [ RunTime:0.010742s ]
INFO: [ view_end ] --START--
INFO: Run ShowPageTrace Behavior [ RunTime:0.002929s ]
INFO: [ view_end ] --END-- [ RunTime:0.003906s ]

[ 2014-09-20T13:58:42+08:00 ] 127.0.0.1 /p2p/index.php?m=Users&a=index
INFO: [ app_begin ] --START--
INFO: Run ReadHtmlCache Behavior [ RunTime:0.000000s ]
INFO: [ app_begin ] --END-- [ RunTime:0.000000s ]
NOTIC: [8] Undefined index: id D:\SoftWare\wamp\www\p2p\app\Lib\Action\Home\UsersAction.class.php 第 87 行.
INFO: [ view_template ] --START--
INFO: Run LocationTemplate Behavior [ RunTime:0.000000s ]
INFO: [ view_template ] --END-- [ RunTime:0.000000s ]
INFO: [ view_parse ] --START--
INFO: Run ParseTemplate Behavior [ RunTime:0.062500s ]
INFO: [ view_parse ] --END-- [ RunTime:0.062500s ]
INFO: [ view_filter ] --START--
INFO: Run ContentReplace Behavior [ RunTime:0.000000s ]
INFO: Run TokenBuild Behavior [ RunTime:0.000000s ]
INFO: Run WriteHtmlCache Behavior [ RunTime:0.000000s ]
INFO: Run ShowRuntime Behavior [ RunTime:0.015625s ]
INFO: [ view_filter ] --END-- [ RunTime:0.015625s ]
INFO: [ view_end ] --START--
INFO: Run ShowPageTrace Behavior [ RunTime:0.000000s ]
INFO: [ view_end ] --END-- [ RunTime:0.000000s ]

[ 2014-09-20T13:58:48+08:00 ] 127.0.0.1 /p2p/index.php?m=Users&a=index
INFO: [ app_begin ] --START--
INFO: Run ReadHtmlCache Behavior [ RunTime:0.015625s ]
INFO: [ app_begin ] --END-- [ RunTime:0.015625s ]
NOTIC: [8] Undefined index: id D:\SoftWare\wamp\www\p2p\app\Lib\Action\Home\UsersAction.class.php 第 87 行.
INFO: [ view_template ] --START--
INFO: Run LocationTemplate Behavior [ RunTime:0.000000s ]
INFO: [ view_template ] --END-- [ RunTime:0.000000s ]
INFO: [ view_parse ] --START--
INFO: Run ParseTemplate Behavior [ RunTime:0.046875s ]
INFO: [ view_parse ] --END-- [ RunTime:0.046875s ]
INFO: [ view_filter ] --START--
INFO: Run ContentReplace Behavior [ RunTime:0.000000s ]
INFO: Run TokenBuild Behavior [ RunTime:0.000000s ]
INFO: Run WriteHtmlCache Behavior [ RunTime:0.000000s ]
INFO: Run ShowRuntime Behavior [ RunTime:0.015625s ]
INFO: [ view_filter ] --END-- [ RunTime:0.015625s ]
INFO: [ view_end ] --START--
INFO: Run ShowPageTrace Behavior [ RunTime:0.000000s ]
INFO: [ view_end ] --END-- [ RunTime:0.000000s ]

[ 2014-09-20T13:58:53+08:00 ] 127.0.0.1 /p2p/index.php?m=Index&a=index
INFO: [ app_begin ] --START--
INFO: Run ReadHtmlCache Behavior [ RunTime:0.000000s ]
INFO: [ app_begin ] --END-- [ RunTime:0.000000s ]
SQL: SHOW COLUMNS FROM `p_product` [ RunTime:0.015625s ]
SQL: SELECT * FROM `p_product`  [ RunTime:0.000000s ]
INFO: [ view_template ] --START--
INFO: Run LocationTemplate Behavior [ RunTime:0.000000s ]
INFO: [ view_template ] --END-- [ RunTime:0.015625s ]
INFO: [ view_parse ] --START--
INFO: Run ParseTemplate Behavior [ RunTime:0.078125s ]
INFO: [ view_parse ] --END-- [ RunTime:0.078125s ]
INFO: [ view_filter ] --START--
INFO: Run ContentReplace Behavior [ RunTime:0.000000s ]
INFO: Run TokenBuild Behavior [ RunTime:0.000000s ]
INFO: Run WriteHtmlCache Behavior [ RunTime:0.000000s ]
INFO: Run ShowRuntime Behavior [ RunTime:0.015625s ]
INFO: [ view_filter ] --END-- [ RunTime:0.015625s ]
INFO: [ view_end ] --START--
INFO: Run ShowPageTrace Behavior [ RunTime:0.000000s ]
INFO: [ view_end ] --END-- [ RunTime:0.000000s ]

[ 2014-09-20T13:58:53+08:00 ] 127.0.0.1 /p2p/index.php?m=Index&a=index
INFO: [ app_begin ] --START--
INFO: Run ReadHtmlCache Behavior [ RunTime:0.000000s ]
INFO: [ app_begin ] --END-- [ RunTime:0.015625s ]
SQL: SHOW COLUMNS FROM `p_product` [ RunTime:0.015625s ]
SQL: SELECT * FROM `p_product`  [ RunTime:0.000000s ]
INFO: [ view_template ] --START--
INFO: Run LocationTemplate Behavior [ RunTime:0.015625s ]
INFO: [ view_template ] --END-- [ RunTime:0.015625s ]
INFO: [ view_parse ] --START--
INFO: Run ParseTemplate Behavior [ RunTime:0.046875s ]
INFO: [ view_parse ] --END-- [ RunTime:0.046875s ]
INFO: [ view_filter ] --START--
INFO: Run ContentReplace Behavior [ RunTime:0.015625s ]
INFO: Run TokenBuild Behavior [ RunTime:0.000000s ]
INFO: Run WriteHtmlCache Behavior [ RunTime:0.000000s ]
INFO: Run ShowRuntime Behavior [ RunTime:0.000000s ]
INFO: [ view_filter ] --END-- [ RunTime:0.015625s ]
INFO: [ view_end ] --START--
INFO: Run ShowPageTrace Behavior [ RunTime:0.000000s ]
INFO: [ view_end ] --END-- [ RunTime:0.000000s ]

[ 2014-09-20T13:58:59+08:00 ] 127.0.0.1 /p2p/index.php?m=Index&a=index
INFO: [ app_begin ] --START--
INFO: Run ReadHtmlCache Behavior [ RunTime:0.000000s ]
INFO: [ app_begin ] --END-- [ RunTime:0.000000s ]
SQL: SHOW COLUMNS FROM `p_product` [ RunTime:0.015625s ]
SQL: SELECT * FROM `p_product`  [ RunTime:0.000000s ]
INFO: [ view_template ] --START--
INFO: Run LocationTemplate Behavior [ RunTime:0.015625s ]
INFO: [ view_template ] --END-- [ RunTime:0.015625s ]
INFO: [ view_parse ] --START--
INFO: Run ParseTemplate Behavior [ RunTime:0.047852s ]
INFO: [ view_parse ] --END-- [ RunTime:0.047852s ]
INFO: [ view_filter ] --START--
INFO: Run ContentReplace Behavior [ RunTime:0.000000s ]
INFO: Run TokenBuild Behavior [ RunTime:0.000000s ]
INFO: Run WriteHtmlCache Behavior [ RunTime:0.000000s ]
INFO: Run ShowRuntime Behavior [ RunTime:0.000000s ]
INFO: [ view_filter ] --END-- [ RunTime:0.015625s ]
INFO: [ view_end ] --START--
INFO: Run ShowPageTrace Behavior [ RunTime:0.000000s ]
INFO: [ view_end ] --END-- [ RunTime:0.000000s ]

[ 2014-09-20T13:59:06+08:00 ] 127.0.0.1 /p2p/index.php?m=Public&a=login
INFO: [ app_begin ] --START--
INFO: Run ReadHtmlCache Behavior [ RunTime:0.002930s ]
INFO: [ app_begin ] --END-- [ RunTime:0.002930s ]
NOTIC: [8] Undefined index: id D:\SoftWare\wamp\www\p2p\app\Lib\Action\Home\PublicAction.class.php 第 33 行.
SQL: SHOW COLUMNS FROM `p_user` [ RunTime:0.020508s ]
INFO: [ view_template ] --START--
INFO: Run LocationTemplate Behavior [ RunTime:0.003906s ]
INFO: [ view_template ] --END-- [ RunTime:0.003906s ]
INFO: [ view_parse ] --START--
INFO: Run ParseTemplate Behavior [ RunTime:0.038086s ]
INFO: [ view_parse ] --END-- [ RunTime:0.038086s ]
INFO: [ view_filter ] --START--
INFO: Run ContentReplace Behavior [ RunTime:0.004883s ]
INFO: Run TokenBuild Behavior [ RunTime:0.002930s ]
INFO: Run WriteHtmlCache Behavior [ RunTime:0.001953s ]
INFO: Run ShowRuntime Behavior [ RunTime:0.002930s ]
INFO: [ view_filter ] --END-- [ RunTime:0.013672s ]
INFO: [ view_end ] --START--
INFO: Run ShowPageTrace Behavior [ RunTime:0.002929s ]
INFO: [ view_end ] --END-- [ RunTime:0.002929s ]
INFO: [ view_template ] --START--
INFO: Run LocationTemplate Behavior [ RunTime:0.001954s ]
INFO: [ view_template ] --END-- [ RunTime:-0.073242s ]
INFO: [ view_parse ] --START--
INFO: Run ParseTemplate Behavior [ RunTime:0.033203s ]
INFO: [ view_parse ] --END-- [ RunTime:-0.037109s ]
INFO: [ view_filter ] --START--
INFO: Run ContentReplace Behavior [ RunTime:0.000000s ]
INFO: Run TokenBuild Behavior [ RunTime:0.000976s ]
INFO: Run WriteHtmlCache Behavior [ RunTime:0.000000s ]
INFO: Run ShowRuntime Behavior [ RunTime:0.001953s ]
INFO: [ view_filter ] --END-- [ RunTime:-0.058594s ]
INFO: [ view_end ] --START--
INFO: Run ShowPageTrace Behavior [ RunTime:0.000000s ]
INFO: [ view_end ] --END-- [ RunTime:-0.059571s ]

[ 2014-09-20T13:59:08+08:00 ] 127.0.0.1 /p2p/index.php?m=Users&a=index
INFO: [ app_begin ] --START--
INFO: Run ReadHtmlCache Behavior [ RunTime:0.002929s ]
INFO: [ app_begin ] --END-- [ RunTime:0.002929s ]
NOTIC: [8] Undefined index: id D:\SoftWare\wamp\www\p2p\app\Lib\Action\Home\UsersAction.class.php 第 87 行.
INFO: [ view_template ] --START--
INFO: Run LocationTemplate Behavior [ RunTime:0.001953s ]
INFO: [ view_template ] --END-- [ RunTime:0.002930s ]
INFO: [ view_parse ] --START--
INFO: Run ParseTemplate Behavior [ RunTime:0.040039s ]
INFO: [ view_parse ] --END-- [ RunTime:0.041015s ]
INFO: [ view_filter ] --START--
INFO: Run ContentReplace Behavior [ RunTime:0.002929s ]
INFO: Run TokenBuild Behavior [ RunTime:0.001954s ]
INFO: Run WriteHtmlCache Behavior [ RunTime:0.000977s ]
INFO: Run ShowRuntime Behavior [ RunTime:0.002930s ]
INFO: [ view_filter ] --END-- [ RunTime:0.010742s ]
INFO: [ view_end ] --START--
INFO: Run ShowPageTrace Behavior [ RunTime:0.002930s ]
INFO: [ view_end ] --END-- [ RunTime:0.004882s ]

[ 2014-09-20T13:59:37+08:00 ] 127.0.0.1 /p2p/index.php?m=Users&a=index
INFO: [ app_begin ] --START--
INFO: Run ReadHtmlCache Behavior [ RunTime:0.003906s ]
INFO: [ app_begin ] --END-- [ RunTime:0.003906s ]
NOTIC: [8] Undefined index: id D:\SoftWare\wamp\www\p2p\app\Lib\Action\Home\UsersAction.class.php 第 87 行.
INFO: [ view_template ] --START--
INFO: Run LocationTemplate Behavior [ RunTime:0.001953s ]
INFO: [ view_template ] --END-- [ RunTime:0.002930s ]
INFO: [ view_parse ] --START--
INFO: Run ParseTemplate Behavior [ RunTime:0.034180s ]
INFO: [ view_parse ] --END-- [ RunTime:0.036133s ]
INFO: [ view_filter ] --START--
INFO: Run ContentReplace Behavior [ RunTime:0.001953s ]
INFO: Run TokenBuild Behavior [ RunTime:0.001953s ]
INFO: Run WriteHtmlCache Behavior [ RunTime:0.001953s ]
INFO: Run ShowRuntime Behavior [ RunTime:0.002929s ]
INFO: [ view_filter ] --END-- [ RunTime:0.011718s ]
INFO: [ view_end ] --START--
INFO: Run ShowPageTrace Behavior [ RunTime:0.002930s ]
INFO: [ view_end ] --END-- [ RunTime:0.002930s ]

[ 2014-09-20T14:00:16+08:00 ] 127.0.0.1 /p2p/index.php?m=Users&a=index
INFO: [ app_begin ] --START--
INFO: Run ReadHtmlCache Behavior [ RunTime:0.002929s ]
INFO: [ app_begin ] --END-- [ RunTime:0.003906s ]
NOTIC: [8] Undefined index: id D:\SoftWare\wamp\www\p2p\app\Lib\Action\Home\UsersAction.class.php 第 87 行.
INFO: [ view_template ] --START--
INFO: Run LocationTemplate Behavior [ RunTime:0.001954s ]
INFO: [ view_template ] --END-- [ RunTime:0.002930s ]
INFO: [ view_parse ] --START--
INFO: Run ParseTemplate Behavior [ RunTime:0.035156s ]
INFO: [ view_parse ] --END-- [ RunTime:0.036133s ]
INFO: [ view_filter ] --START--
INFO: Run ContentReplace Behavior [ RunTime:0.003907s ]
INFO: Run TokenBuild Behavior [ RunTime:0.002929s ]
INFO: Run WriteHtmlCache Behavior [ RunTime:0.001954s ]
INFO: Run ShowRuntime Behavior [ RunTime:0.002929s ]
INFO: [ view_filter ] --END-- [ RunTime:0.011719s ]
INFO: [ view_end ] --START--
INFO: Run ShowPageTrace Behavior [ RunTime:0.001953s ]
INFO: [ view_end ] --END-- [ RunTime:0.003906s ]

[ 2014-09-20T14:00:19+08:00 ] 127.0.0.1 /p2p/index.php?m=Users&a=index
INFO: [ app_begin ] --START--
INFO: Run ReadHtmlCache Behavior [ RunTime:0.001953s ]
INFO: [ app_begin ] --END-- [ RunTime:0.006836s ]
NOTIC: [8] Undefined index: id D:\SoftWare\wamp\www\p2p\app\Lib\Action\Home\UsersAction.class.php 第 87 行.
INFO: [ view_template ] --START--
INFO: Run LocationTemplate Behavior [ RunTime:0.002929s ]
INFO: [ view_template ] --END-- [ RunTime:0.002929s ]
INFO: [ view_parse ] --START--
INFO: Run ParseTemplate Behavior [ RunTime:0.035156s ]
INFO: [ view_parse ] --END-- [ RunTime:0.035156s ]
INFO: [ view_filter ] --START--
INFO: Run ContentReplace Behavior [ RunTime:0.002930s ]
INFO: Run TokenBuild Behavior [ RunTime:0.002929s ]
INFO: Run WriteHtmlCache Behavior [ RunTime:0.001953s ]
INFO: Run ShowRuntime Behavior [ RunTime:0.002930s ]
INFO: [ view_filter ] --END-- [ RunTime:0.011719s ]
INFO: [ view_end ] --START--
INFO: Run ShowPageTrace Behavior [ RunTime:0.003906s ]
INFO: [ view_end ] --END-- [ RunTime:0.004882s ]

[ 2014-09-20T14:00:24+08:00 ] 127.0.0.1 /p2p/index.php?m=Users&a=index
INFO: [ app_begin ] --START--
INFO: Run ReadHtmlCache Behavior [ RunTime:0.002930s ]
INFO: [ app_begin ] --END-- [ RunTime:0.003907s ]
NOTIC: [8] Undefined index: id D:\SoftWare\wamp\www\p2p\app\Lib\Action\Home\UsersAction.class.php 第 87 行.
INFO: [ view_template ] --START--
INFO: Run LocationTemplate Behavior [ RunTime:0.001953s ]
INFO: [ view_template ] --END-- [ RunTime:0.002929s ]
INFO: [ view_parse ] --START--
INFO: Run ParseTemplate Behavior [ RunTime:0.043945s ]
INFO: [ view_parse ] --END-- [ RunTime:0.044922s ]
INFO: [ view_filter ] --START--
INFO: Run ContentReplace Behavior [ RunTime:0.001953s ]
INFO: Run TokenBuild Behavior [ RunTime:0.001953s ]
INFO: Run WriteHtmlCache Behavior [ RunTime:0.004882s ]
INFO: Run ShowRuntime Behavior [ RunTime:0.002930s ]
INFO: [ view_filter ] --END-- [ RunTime:0.013672s ]
INFO: [ view_end ] --START--
INFO: Run ShowPageTrace Behavior [ RunTime:0.002930s ]
INFO: [ view_end ] --END-- [ RunTime:0.003907s ]

[ 2014-09-20T14:00:28+08:00 ] 127.0.0.1 /p2p/index.php?m=Index&a=index
INFO: [ app_begin ] --START--
INFO: Run ReadHtmlCache Behavior [ RunTime:0.003906s ]
INFO: [ app_begin ] --END-- [ RunTime:0.004883s ]
SQL: SHOW COLUMNS FROM `p_product` [ RunTime:0.012696s ]
SQL: SELECT * FROM `p_product`  [ RunTime:0.001953s ]
INFO: [ view_template ] --START--
INFO: Run LocationTemplate Behavior [ RunTime:0.005860s ]
INFO: [ view_template ] --END-- [ RunTime:0.005860s ]
INFO: [ view_parse ] --START--
INFO: Run ParseTemplate Behavior [ RunTime:0.055664s ]
INFO: [ view_parse ] --END-- [ RunTime:0.056641s ]
INFO: [ view_filter ] --START--
INFO: Run ContentReplace Behavior [ RunTime:0.002930s ]
INFO: Run TokenBuild Behavior [ RunTime:0.002930s ]
INFO: Run WriteHtmlCache Behavior [ RunTime:0.002930s ]
INFO: Run ShowRuntime Behavior [ RunTime:0.003906s ]
INFO: [ view_filter ] --END-- [ RunTime:0.013672s ]
INFO: [ view_end ] --START--
INFO: Run ShowPageTrace Behavior [ RunTime:0.003907s ]
INFO: [ view_end ] --END-- [ RunTime:0.003907s ]

[ 2014-09-20T14:00:28+08:00 ] 127.0.0.1 /p2p/index.php?m=Index&a=index
INFO: [ app_begin ] --START--
INFO: Run ReadHtmlCache Behavior [ RunTime:0.002929s ]
INFO: [ app_begin ] --END-- [ RunTime:0.003906s ]
SQL: SHOW COLUMNS FROM `p_product` [ RunTime:0.015625s ]
SQL: SELECT * FROM `p_product`  [ RunTime:0.001953s ]
INFO: [ view_template ] --START--
INFO: Run LocationTemplate Behavior [ RunTime:0.003906s ]
INFO: [ view_template ] --END-- [ RunTime:0.004883s ]
INFO: [ view_parse ] --START--
INFO: Run ParseTemplate Behavior [ RunTime:0.055664s ]
INFO: [ view_parse ] --END-- [ RunTime:0.057617s ]
INFO: [ view_filter ] --START--
INFO: Run ContentReplace Behavior [ RunTime:0.001953s ]
INFO: Run TokenBuild Behavior [ RunTime:0.002929s ]
INFO: Run WriteHtmlCache Behavior [ RunTime:0.001953s ]
INFO: Run ShowRuntime Behavior [ RunTime:0.004883s ]
INFO: [ view_filter ] --END-- [ RunTime:0.013672s ]
INFO: [ view_end ] --START--
INFO: Run ShowPageTrace Behavior [ RunTime:0.002930s ]
INFO: [ view_end ] --END-- [ RunTime:0.002930s ]

[ 2014-09-20T14:00:32+08:00 ] 127.0.0.1 /p2p/index.php?m=Index&a=index
INFO: [ app_begin ] --START--
INFO: Run ReadHtmlCache Behavior [ RunTime:0.001954s ]
INFO: [ app_begin ] --END-- [ RunTime:0.003906s ]
SQL: SHOW COLUMNS FROM `p_product` [ RunTime:0.014648s ]
SQL: SELECT * FROM `p_product`  [ RunTime:0.000977s ]
INFO: [ view_template ] --START--
INFO: Run LocationTemplate Behavior [ RunTime:0.003906s ]
INFO: [ view_template ] --END-- [ RunTime:0.003906s ]
INFO: [ view_parse ] --START--
INFO: Run ParseTemplate Behavior [ RunTime:0.056641s ]
INFO: [ view_parse ] --END-- [ RunTime:0.056641s ]
INFO: [ view_filter ] --START--
INFO: Run ContentReplace Behavior [ RunTime:0.001953s ]
INFO: Run TokenBuild Behavior [ RunTime:0.002930s ]
INFO: Run WriteHtmlCache Behavior [ RunTime:0.001953s ]
INFO: Run ShowRuntime Behavior [ RunTime:0.001953s ]
INFO: [ view_filter ] --END-- [ RunTime:0.012695s ]
INFO: [ view_end ] --START--
INFO: Run ShowPageTrace Behavior [ RunTime:0.002929s ]
INFO: [ view_end ] --END-- [ RunTime:0.002929s ]

[ 2014-09-20T14:00:36+08:00 ] 127.0.0.1 /p2p/index.php?m=Public&a=login
INFO: [ app_begin ] --START--
INFO: Run ReadHtmlCache Behavior [ RunTime:0.000000s ]
INFO: [ app_begin ] --END-- [ RunTime:0.000000s ]
NOTIC: [8] Undefined index: id D:\SoftWare\wamp\www\p2p\app\Lib\Action\Home\PublicAction.class.php 第 33 行.
SQL: SHOW COLUMNS FROM `p_user` [ RunTime:0.015625s ]
INFO: [ view_template ] --START--
INFO: Run LocationTemplate Behavior [ RunTime:0.000000s ]
INFO: [ view_template ] --END-- [ RunTime:0.015625s ]
INFO: [ view_parse ] --START--
INFO: Run ParseTemplate Behavior [ RunTime:0.031250s ]
INFO: [ view_parse ] --END-- [ RunTime:0.031250s ]
INFO: [ view_filter ] --START--
INFO: Run ContentReplace Behavior [ RunTime:0.000000s ]
INFO: Run TokenBuild Behavior [ RunTime:0.000000s ]
INFO: Run WriteHtmlCache Behavior [ RunTime:0.000000s ]
INFO: Run ShowRuntime Behavior [ RunTime:0.000000s ]
INFO: [ view_filter ] --END-- [ RunTime:0.000000s ]
INFO: [ view_end ] --START--
INFO: Run ShowPageTrace Behavior [ RunTime:0.015625s ]
INFO: [ view_end ] --END-- [ RunTime:0.015625s ]

[ 2014-09-20T14:00:46+08:00 ] 127.0.0.1 /p2p/index.php?m=Public&a=doLogin
INFO: [ app_begin ] --START--
INFO: Run ReadHtmlCache Behavior [ RunTime:0.000000s ]
INFO: [ app_begin ] --END-- [ RunTime:0.015625s ]
SQL: SHOW COLUMNS FROM `p_user` [ RunTime:0.015625s ]
SQL: SELECT * FROM `p_user` WHERE ( name='chen' AND password='e10adc3949ba59abbe56e057f20f883e' ) LIMIT 1   [ RunTime:0.000000s ]
INFO: [ view_template ] --START--
INFO: Run LocationTemplate Behavior [ RunTime:0.000000s ]
INFO: [ view_template ] --END-- [ RunTime:0.000000s ]
INFO: [ view_parse ] --START--
INFO: Run ParseTemplate Behavior [ RunTime:0.031250s ]
INFO: [ view_parse ] --END-- [ RunTime:0.031250s ]
INFO: [ view_filter ] --START--
INFO: Run ContentReplace Behavior [ RunTime:0.000000s ]
INFO: Run TokenBuild Behavior [ RunTime:0.015625s ]
INFO: Run WriteHtmlCache Behavior [ RunTime:0.000000s ]
INFO: Run ShowRuntime Behavior [ RunTime:0.000000s ]
INFO: [ view_filter ] --END-- [ RunTime:0.015625s ]
INFO: [ view_end ] --START--
INFO: Run ShowPageTrace Behavior [ RunTime:0.015625s ]
INFO: [ view_end ] --END-- [ RunTime:0.015625s ]

[ 2014-09-20T14:00:50+08:00 ] 127.0.0.1 /p2p/index.php?m=Users&a=index
INFO: [ app_begin ] --START--
INFO: Run ReadHtmlCache Behavior [ RunTime:0.000000s ]
INFO: [ app_begin ] --END-- [ RunTime:0.015625s ]
NOTIC: [8] Undefined index: id D:\SoftWare\wamp\www\p2p\app\Lib\Action\Home\UsersAction.class.php 第 87 行.
INFO: [ view_template ] --START--
INFO: Run LocationTemplate Behavior [ RunTime:0.015625s ]
INFO: [ view_template ] --END-- [ RunTime:0.015625s ]
INFO: [ view_parse ] --START--
INFO: Run ParseTemplate Behavior [ RunTime:0.031250s ]
INFO: [ view_parse ] --END-- [ RunTime:0.031250s ]
INFO: [ view_filter ] --START--
INFO: Run ContentReplace Behavior [ RunTime:0.000000s ]
INFO: Run TokenBuild Behavior [ RunTime:0.015625s ]
INFO: Run WriteHtmlCache Behavior [ RunTime:0.000000s ]
INFO: Run ShowRuntime Behavior [ RunTime:0.000000s ]
INFO: [ view_filter ] --END-- [ RunTime:0.015625s ]
INFO: [ view_end ] --START--
INFO: Run ShowPageTrace Behavior [ RunTime:0.000000s ]
INFO: [ view_end ] --END-- [ RunTime:0.000000s ]

[ 2014-09-20T14:01:05+08:00 ] 127.0.0.1 /p2p/index.php?m=Index&a=index
INFO: [ app_begin ] --START--
INFO: Run ReadHtmlCache Behavior [ RunTime:0.000000s ]
INFO: [ app_begin ] --END-- [ RunTime:0.000000s ]
SQL: SHOW COLUMNS FROM `p_product` [ RunTime:0.032227s ]
SQL: SELECT * FROM `p_product`  [ RunTime:0.000000s ]
INFO: [ view_template ] --START--
INFO: Run LocationTemplate Behavior [ RunTime:0.000000s ]
INFO: [ view_template ] --END-- [ RunTime:0.000000s ]
INFO: [ view_parse ] --START--
INFO: Run ParseTemplate Behavior [ RunTime:0.062500s ]
INFO: [ view_parse ] --END-- [ RunTime:0.062500s ]
INFO: [ view_filter ] --START--
INFO: Run ContentReplace Behavior [ RunTime:0.000000s ]
INFO: Run TokenBuild Behavior [ RunTime:0.000000s ]
INFO: Run WriteHtmlCache Behavior [ RunTime:0.000000s ]
INFO: Run ShowRuntime Behavior [ RunTime:0.015625s ]
INFO: [ view_filter ] --END-- [ RunTime:0.015625s ]
INFO: [ view_end ] --START--
INFO: Run ShowPageTrace Behavior [ RunTime:0.000000s ]
INFO: [ view_end ] --END-- [ RunTime:0.000000s ]

[ 2014-09-20T14:01:06+08:00 ] 127.0.0.1 /p2p/index.php?m=Index&a=index
INFO: [ app_begin ] --START--
INFO: Run ReadHtmlCache Behavior [ RunTime:0.000000s ]
INFO: [ app_begin ] --END-- [ RunTime:0.000000s ]
SQL: SHOW COLUMNS FROM `p_product` [ RunTime:0.015625s ]
SQL: SELECT * FROM `p_product`  [ RunTime:0.000000s ]
INFO: [ view_template ] --START--
INFO: Run LocationTemplate Behavior [ RunTime:0.015625s ]
INFO: [ view_template ] --END-- [ RunTime:0.015625s ]
INFO: [ view_parse ] --START--
INFO: Run ParseTemplate Behavior [ RunTime:0.062500s ]
INFO: [ view_parse ] --END-- [ RunTime:0.062500s ]
INFO: [ view_filter ] --START--
INFO: Run ContentReplace Behavior [ RunTime:0.000000s ]
INFO: Run TokenBuild Behavior [ RunTime:0.000000s ]
INFO: Run WriteHtmlCache Behavior [ RunTime:0.015625s ]
INFO: Run ShowRuntime Behavior [ RunTime:0.000000s ]
INFO: [ view_filter ] --END-- [ RunTime:0.015625s ]
INFO: [ view_end ] --START--
INFO: Run ShowPageTrace Behavior [ RunTime:0.000000s ]
INFO: [ view_end ] --END-- [ RunTime:0.000000s ]

[ 2014-09-20T14:01:42+08:00 ] 127.0.0.1 /p2p/index.php?m=Public&a=login
INFO: [ app_begin ] --START--
INFO: Run ReadHtmlCache Behavior [ RunTime:0.003906s ]
INFO: [ app_begin ] --END-- [ RunTime:0.004883s ]
NOTIC: [8] Undefined index: id D:\SoftWare\wamp\www\p2p\app\Lib\Action\Home\PublicAction.class.php 第 33 行.
SQL: SHOW COLUMNS FROM `p_user` [ RunTime:0.019531s ]
INFO: [ view_template ] --START--
INFO: Run LocationTemplate Behavior [ RunTime:0.004883s ]
INFO: [ view_template ] --END-- [ RunTime:0.005860s ]
INFO: [ view_parse ] --START--
INFO: Run ParseTemplate Behavior [ RunTime:0.032227s ]
INFO: [ view_parse ] --END-- [ RunTime:0.034180s ]
INFO: [ view_filter ] --START--
INFO: Run ContentReplace Behavior [ RunTime:0.002929s ]
INFO: Run TokenBuild Behavior [ RunTime:0.001953s ]
INFO: Run WriteHtmlCache Behavior [ RunTime:0.000977s ]
INFO: Run ShowRuntime Behavior [ RunTime:0.003906s ]
INFO: [ view_filter ] --END-- [ RunTime:0.012695s ]
INFO: [ view_end ] --START--
INFO: Run ShowPageTrace Behavior [ RunTime:0.002930s ]
INFO: [ view_end ] --END-- [ RunTime:0.002930s ]

[ 2014-09-20T14:19:44+08:00 ] 127.0.0.1 /p2p/index.php?m=Public&a=doLogin
INFO: [ app_begin ] --START--
INFO: Run ReadHtmlCache Behavior [ RunTime:0.003906s ]
INFO: [ app_begin ] --END-- [ RunTime:0.004883s ]
SQL: SHOW COLUMNS FROM `p_user` [ RunTime:0.014648s ]
SQL: SELECT * FROM `p_user` WHERE ( name='chen' AND password='e10adc3949ba59abbe56e057f20f883e' ) LIMIT 1   [ RunTime:0.000976s ]
INFO: [ view_template ] --START--
INFO: Run LocationTemplate Behavior [ RunTime:0.003906s ]
INFO: [ view_template ] --END-- [ RunTime:0.004882s ]
INFO: [ view_parse ] --START--
INFO: Run ParseTemplate Behavior [ RunTime:0.032227s ]
INFO: [ view_parse ] --END-- [ RunTime:0.033203s ]
INFO: [ view_filter ] --START--
INFO: Run ContentReplace Behavior [ RunTime:0.002929s ]
INFO: Run TokenBuild Behavior [ RunTime:0.002930s ]
INFO: Run WriteHtmlCache Behavior [ RunTime:0.001953s ]
INFO: Run ShowRuntime Behavior [ RunTime:0.002930s ]
INFO: [ view_filter ] --END-- [ RunTime:0.014649s ]
INFO: [ view_end ] --START--
INFO: Run ShowPageTrace Behavior [ RunTime:0.002930s ]
INFO: [ view_end ] --END-- [ RunTime:0.003906s ]

[ 2014-09-20T14:19:47+08:00 ] 127.0.0.1 /p2p/index.php?m=Users&a=index
INFO: [ app_begin ] --START--
INFO: Run ReadHtmlCache Behavior [ RunTime:0.001953s ]
INFO: [ app_begin ] --END-- [ RunTime:0.003906s ]
NOTIC: [8] Undefined index: id D:\SoftWare\wamp\www\p2p\app\Lib\Action\Home\UsersAction.class.php 第 87 行.
INFO: [ view_template ] --START--
INFO: Run LocationTemplate Behavior [ RunTime:0.005859s ]
INFO: [ view_template ] --END-- [ RunTime:0.005859s ]
INFO: [ view_parse ] --START--
INFO: Run ParseTemplate Behavior [ RunTime:0.042969s ]
INFO: [ view_parse ] --END-- [ RunTime:0.042969s ]
INFO: [ view_filter ] --START--
INFO: Run ContentReplace Behavior [ RunTime:0.001953s ]
INFO: Run TokenBuild Behavior [ RunTime:0.001954s ]
INFO: Run WriteHtmlCache Behavior [ RunTime:0.001953s ]
INFO: Run ShowRuntime Behavior [ RunTime:0.002930s ]
INFO: [ view_filter ] --END-- [ RunTime:0.011719s ]
INFO: [ view_end ] --START--
INFO: Run ShowPageTrace Behavior [ RunTime:0.009766s ]
INFO: [ view_end ] --END-- [ RunTime:0.009766s ]

[ 2014-09-20T14:37:01+08:00 ] 127.0.0.1 /p2p/index.php?m=Users&a=index
INFO: [ app_begin ] --START--
INFO: Run ReadHtmlCache Behavior [ RunTime:0.015625s ]
INFO: [ app_begin ] --END-- [ RunTime:0.015625s ]
NOTIC: [8] Undefined index: id D:\SoftWare\wamp\www\p2p\app\Lib\Action\Home\UsersAction.class.php 第 87 行.
INFO: [ view_template ] --START--
INFO: Run LocationTemplate Behavior [ RunTime:0.015625s ]
INFO: [ view_template ] --END-- [ RunTime:0.015625s ]
INFO: [ view_parse ] --START--
INFO: Run ParseTemplate Behavior [ RunTime:0.046875s ]
INFO: [ view_parse ] --END-- [ RunTime:0.046875s ]
INFO: [ view_filter ] --START--
INFO: Run ContentReplace Behavior [ RunTime:0.000000s ]
INFO: Run TokenBuild Behavior [ RunTime:0.000000s ]
INFO: Run WriteHtmlCache Behavior [ RunTime:0.000000s ]
INFO: Run ShowRuntime Behavior [ RunTime:0.015625s ]
INFO: [ view_filter ] --END-- [ RunTime:0.015625s ]
INFO: [ view_end ] --START--
INFO: Run ShowPageTrace Behavior [ RunTime:0.000000s ]
INFO: [ view_end ] --END-- [ RunTime:0.000000s ]

[ 2014-09-20T14:37:05+08:00 ] ERR: (ThinkException) Action:successI您所请求的方法不存在！
[ 2014-09-20T14:37:24+08:00 ] 127.0.0.1 /p2p/index.php?m=Public&a=logout
INFO: [ app_begin ] --START--
INFO: Run ReadHtmlCache Behavior [ RunTime:0.000000s ]
INFO: [ app_begin ] --END-- [ RunTime:0.000000s ]
NOTIC: [8] Undefined index: current_time D:\SoftWare\wamp\www\p2p\app\Lib\Action\Home\PublicAction.class.php 第 116 行.
NOTIC: [8] Undefined index: current_ip D:\SoftWare\wamp\www\p2p\app\Lib\Action\Home\PublicAction.class.php 第 117 行.
SQL: SHOW COLUMNS FROM `p_user` [ RunTime:0.015625s ]
NOTIC: [8] Undefined index: uid D:\SoftWare\wamp\www\p2p\app\Lib\Action\Home\PublicAction.class.php 第 119 行.
NOTIC: [8] Undefined variable: set D:\SoftWare\wamp\www\p2p\core\ThinkPHP\Lib\Core\Db.class.php 第 283 行.
NOTIC: [2] implode(): Invalid arguments passed D:\SoftWare\wamp\www\p2p\core\ThinkPHP\Lib\Core\Db.class.php 第 283 行.
SQL: UPDATE `p_user` SET  WHERE ( id= ) [ RunTime:0.015625s ]
ERR: You have an error in your SQL syntax; check the manual that corresponds to your MySQL server version for the right syntax to use near 'WHERE ( id= )' at line 1
 [ SQL语句 ] : UPDATE `p_user` SET  WHERE ( id= )
INFO: [ view_template ] --START--
INFO: Run LocationTemplate Behavior [ RunTime:0.000000s ]
INFO: [ view_template ] --END-- [ RunTime:0.000000s ]
INFO: [ view_parse ] --START--
INFO: Run ParseTemplate Behavior [ RunTime:0.031250s ]
INFO: [ view_parse ] --END-- [ RunTime:0.031250s ]
INFO: [ view_filter ] --START--
INFO: Run ContentReplace Behavior [ RunTime:0.000000s ]
INFO: Run TokenBuild Behavior [ RunTime:0.015625s ]
INFO: Run WriteHtmlCache Behavior [ RunTime:0.000000s ]
INFO: Run ShowRuntime Behavior [ RunTime:0.000000s ]
INFO: [ view_filter ] --END-- [ RunTime:0.015625s ]
INFO: [ view_end ] --START--
INFO: Run ShowPageTrace Behavior [ RunTime:0.000000s ]
INFO: [ view_end ] --END-- [ RunTime:0.000000s ]

[ 2014-09-20T14:37:28+08:00 ] 127.0.0.1 /p2p/index.php?g=Home&m=Public&a=login
INFO: [ app_begin ] --START--
INFO: Run ReadHtmlCache Behavior [ RunTime:0.000000s ]
INFO: [ app_begin ] --END-- [ RunTime:0.015625s ]
NOTIC: [8] Undefined index: id D:\SoftWare\wamp\www\p2p\app\Lib\Action\Home\PublicAction.class.php 第 33 行.
SQL: SHOW COLUMNS FROM `p_user` [ RunTime:0.015625s ]
INFO: [ view_template ] --START--
INFO: Run LocationTemplate Behavior [ RunTime:0.000000s ]
INFO: [ view_template ] --END-- [ RunTime:0.000000s ]
INFO: [ view_parse ] --START--
INFO: Run ParseTemplate Behavior [ RunTime:0.031250s ]
INFO: [ view_parse ] --END-- [ RunTime:0.031250s ]
INFO: [ view_filter ] --START--
INFO: Run ContentReplace Behavior [ RunTime:0.015625s ]
INFO: Run TokenBuild Behavior [ RunTime:0.000000s ]
INFO: Run WriteHtmlCache Behavior [ RunTime:0.000000s ]
INFO: Run ShowRuntime Behavior [ RunTime:0.000000s ]
INFO: [ view_filter ] --END-- [ RunTime:0.015625s ]
INFO: [ view_end ] --START--
INFO: Run ShowPageTrace Behavior [ RunTime:0.000000s ]
INFO: [ view_end ] --END-- [ RunTime:0.000000s ]

[ 2014-09-20T15:50:14+08:00 ] 127.0.0.1 /p2p/index.php?m=Public&a=doLogin
INFO: [ app_begin ] --START--
INFO: Run ReadHtmlCache Behavior [ RunTime:0.037109s ]
INFO: [ app_begin ] --END-- [ RunTime:0.196289s ]
SQL: SHOW COLUMNS FROM `p_user` [ RunTime:0.308594s ]
SQL: SELECT * FROM `p_user` WHERE ( name='chen' AND password='e10adc3949ba59abbe56e057f20f883e' ) LIMIT 1   [ RunTime:0.110352s ]
INFO: [ view_template ] --START--
INFO: Run LocationTemplate Behavior [ RunTime:0.035157s ]
INFO: [ view_template ] --END-- [ RunTime:0.036133s ]
INFO: [ view_parse ] --START--
INFO: Run ParseTemplate Behavior [ RunTime:0.353516s ]
INFO: [ view_parse ] --END-- [ RunTime:0.361328s ]
INFO: [ view_filter ] --START--
INFO: Run ContentReplace Behavior [ RunTime:0.004883s ]
INFO: Run TokenBuild Behavior [ RunTime:0.047852s ]
INFO: Run WriteHtmlCache Behavior [ RunTime:0.019532s ]
INFO: Run ShowRuntime Behavior [ RunTime:0.043945s ]
INFO: [ view_filter ] --END-- [ RunTime:0.120117s ]
INFO: [ view_end ] --START--
INFO: Run ShowPageTrace Behavior [ RunTime:0.005859s ]
INFO: [ view_end ] --END-- [ RunTime:0.006836s ]

[ 2014-09-20T15:50:18+08:00 ] 127.0.0.1 /p2p/index.php?m=Users&a=index
INFO: [ app_begin ] --START--
INFO: Run ReadHtmlCache Behavior [ RunTime:0.002930s ]
INFO: [ app_begin ] --END-- [ RunTime:0.003906s ]
NOTIC: [8] Undefined index: id D:\SoftWare\wamp\www\p2p\app\Lib\Action\Home\UsersAction.class.php 第 87 行.
INFO: [ view_template ] --START--
INFO: Run LocationTemplate Behavior [ RunTime:0.007812s ]
INFO: [ view_template ] --END-- [ RunTime:0.007812s ]
INFO: [ view_parse ] --START--
INFO: Run ParseTemplate Behavior [ RunTime:0.169922s ]
INFO: [ view_parse ] --END-- [ RunTime:0.169922s ]
INFO: [ view_filter ] --START--
INFO: Run ContentReplace Behavior [ RunTime:0.002930s ]
INFO: Run TokenBuild Behavior [ RunTime:0.002930s ]
INFO: Run WriteHtmlCache Behavior [ RunTime:0.002930s ]
INFO: Run ShowRuntime Behavior [ RunTime:0.003906s ]
INFO: [ view_filter ] --END-- [ RunTime:0.015625s ]
INFO: [ view_end ] --START--
INFO: Run ShowPageTrace Behavior [ RunTime:0.002930s ]
INFO: [ view_end ] --END-- [ RunTime:0.003906s ]

[ 2014-09-20T15:51:23+08:00 ] 127.0.0.1 /p2p/index.php?m=Users&a=procollect
INFO: [ app_begin ] --START--
INFO: Run ReadHtmlCache Behavior [ RunTime:0.004882s ]
INFO: [ app_begin ] --END-- [ RunTime:0.005859s ]
NOTIC: [8] Undefined index: id D:\SoftWare\wamp\www\p2p\app\Lib\Action\Home\UsersAction.class.php 第 69 行.
INFO: [ view_template ] --START--
INFO: Run LocationTemplate Behavior [ RunTime:0.055665s ]
INFO: [ view_template ] --END-- [ RunTime:0.055665s ]
INFO: [ view_parse ] --START--
INFO: Run ParseTemplate Behavior [ RunTime:0.126953s ]
INFO: [ view_parse ] --END-- [ RunTime:0.127930s ]
INFO: [ view_filter ] --START--
INFO: Run ContentReplace Behavior [ RunTime:0.006836s ]
INFO: Run TokenBuild Behavior [ RunTime:0.002930s ]
INFO: Run WriteHtmlCache Behavior [ RunTime:0.002929s ]
INFO: Run ShowRuntime Behavior [ RunTime:0.004883s ]
INFO: [ view_filter ] --END-- [ RunTime:0.019531s ]
INFO: [ view_end ] --START--
INFO: Run ShowPageTrace Behavior [ RunTime:0.006836s ]
INFO: [ view_end ] --END-- [ RunTime:0.006836s ]

[ 2014-09-20T15:51:23+08:00 ] 127.0.0.1 /p2p/index.php?m=Users&a=procollect
INFO: [ app_begin ] --START--
INFO: Run ReadHtmlCache Behavior [ RunTime:0.004883s ]
INFO: [ app_begin ] --END-- [ RunTime:0.004883s ]
NOTIC: [8] Undefined index: id D:\SoftWare\wamp\www\p2p\app\Lib\Action\Home\UsersAction.class.php 第 69 行.
INFO: [ view_template ] --START--
INFO: Run LocationTemplate Behavior [ RunTime:0.003906s ]
INFO: [ view_template ] --END-- [ RunTime:0.005859s ]
INFO: [ view_parse ] --START--
INFO: Run ParseTemplate Behavior [ RunTime:0.117187s ]
INFO: [ view_parse ] --END-- [ RunTime:0.145508s ]
INFO: [ view_filter ] --START--
INFO: Run ContentReplace Behavior [ RunTime:0.004883s ]
INFO: Run TokenBuild Behavior [ RunTime:0.002929s ]
INFO: Run WriteHtmlCache Behavior [ RunTime:0.001953s ]
INFO: Run ShowRuntime Behavior [ RunTime:0.004883s ]
INFO: [ view_filter ] --END-- [ RunTime:0.016602s ]
INFO: [ view_end ] --START--
INFO: Run ShowPageTrace Behavior [ RunTime:0.007812s ]
INFO: [ view_end ] --END-- [ RunTime:0.010742s ]

[ 2014-09-20T15:58:45+08:00 ] 127.0.0.1 /p2p/index.php?m=Public&a=login
INFO: [ app_begin ] --START--
INFO: Run ReadHtmlCache Behavior [ RunTime:0.328125s ]
INFO: [ app_begin ] --END-- [ RunTime:0.343750s ]
NOTIC: [8] Undefined index: id D:\SoftWare\wamp\www\p2p\app\Lib\Action\Home\PublicAction.class.php 第 33 行.
SQL: SHOW COLUMNS FROM `p_user` [ RunTime:0.015625s ]
INFO: [ view_template ] --START--
INFO: Run LocationTemplate Behavior [ RunTime:0.328125s ]
INFO: [ view_template ] --END-- [ RunTime:0.328125s ]
INFO: [ view_parse ] --START--
INFO: Run ParseTemplate Behavior [ RunTime:0.546875s ]
INFO: [ view_parse ] --END-- [ RunTime:0.546875s ]
INFO: [ view_filter ] --START--
INFO: Run ContentReplace Behavior [ RunTime:0.000000s ]
INFO: Run TokenBuild Behavior [ RunTime:0.000000s ]
INFO: Run WriteHtmlCache Behavior [ RunTime:0.000000s ]
INFO: Run ShowRuntime Behavior [ RunTime:0.015625s ]
INFO: [ view_filter ] --END-- [ RunTime:0.046875s ]
INFO: [ view_end ] --START--
INFO: Run ShowPageTrace Behavior [ RunTime:0.000000s ]
INFO: [ view_end ] --END-- [ RunTime:0.000000s ]

[ 2014-09-20T16:09:16+08:00 ] 127.0.0.1 /p2p/index.php?m=Public&a=doLogin
INFO: [ app_begin ] --START--
INFO: Run ReadHtmlCache Behavior [ RunTime:0.007813s ]
INFO: [ app_begin ] --END-- [ RunTime:0.015625s ]
SQL: SHOW COLUMNS FROM `p_user` [ RunTime:0.023437s ]
SQL: SELECT * FROM `p_user` WHERE ( name='chen' AND password='e10adc3949ba59abbe56e057f20f883e' ) LIMIT 1   [ RunTime:0.007813s ]
INFO: [ view_template ] --START--
INFO: Run LocationTemplate Behavior [ RunTime:0.043945s ]
INFO: [ view_template ] --END-- [ RunTime:0.043945s ]
INFO: [ view_parse ] --START--
INFO: Run ParseTemplate Behavior [ RunTime:0.752930s ]
INFO: [ view_parse ] --END-- [ RunTime:0.752930s ]
INFO: [ view_filter ] --START--
INFO: Run ContentReplace Behavior [ RunTime:0.228516s ]
INFO: Run TokenBuild Behavior [ RunTime:0.062500s ]
INFO: Run WriteHtmlCache Behavior [ RunTime:0.012696s ]
INFO: Run ShowRuntime Behavior [ RunTime:0.051758s ]
INFO: [ view_filter ] --END-- [ RunTime:0.356446s ]
INFO: [ view_end ] --START--
INFO: Run ShowPageTrace Behavior [ RunTime:0.180664s ]
INFO: [ view_end ] --END-- [ RunTime:0.180664s ]

[ 2014-09-20T16:09:22+08:00 ] 127.0.0.1 /p2p/index.php?m=Users&a=index
INFO: [ app_begin ] --START--
INFO: Run ReadHtmlCache Behavior [ RunTime:0.062500s ]
INFO: [ app_begin ] --END-- [ RunTime:0.062500s ]
NOTIC: [8] Undefined index: id D:\SoftWare\wamp\www\p2p\app\Lib\Action\Home\UsersAction.class.php 第 87 行.
INFO: [ view_template ] --START--
INFO: Run LocationTemplate Behavior [ RunTime:0.046875s ]
INFO: [ view_template ] --END-- [ RunTime:0.046875s ]
INFO: [ view_parse ] --START--
INFO: Run ParseTemplate Behavior [ RunTime:0.453125s ]
INFO: [ view_parse ] --END-- [ RunTime:0.453125s ]
INFO: [ view_filter ] --START--
INFO: Run ContentReplace Behavior [ RunTime:0.000000s ]
INFO: Run TokenBuild Behavior [ RunTime:0.000000s ]
INFO: Run WriteHtmlCache Behavior [ RunTime:0.000000s ]
INFO: Run ShowRuntime Behavior [ RunTime:0.015625s ]
INFO: [ view_filter ] --END-- [ RunTime:0.015625s ]
INFO: [ view_end ] --START--
INFO: Run ShowPageTrace Behavior [ RunTime:0.015625s ]
INFO: [ view_end ] --END-- [ RunTime:0.015625s ]

[ 2014-09-20T16:11:50+08:00 ] 127.0.0.1 /p2p/index.php?m=Users&a=account
INFO: [ app_begin ] --START--
INFO: Run ReadHtmlCache Behavior [ RunTime:0.004883s ]
INFO: [ app_begin ] --END-- [ RunTime:0.005860s ]
NOTIC: [8] Undefined index: id D:\SoftWare\wamp\www\p2p\app\Lib\Action\Home\UsersAction.class.php 第 11 行.
SQL: SHOW COLUMNS FROM `p_user` [ RunTime:0.022461s ]
SQL: SELECT * FROM `p_user` WHERE ( id ) LIMIT 1   [ RunTime:0.003907s ]
INFO: [ view_template ] --START--
INFO: Run LocationTemplate Behavior [ RunTime:0.020507s ]
INFO: [ view_template ] --END-- [ RunTime:0.022461s ]
INFO: [ view_parse ] --START--
INFO: Run ParseTemplate Behavior [ RunTime:0.130859s ]
INFO: [ view_parse ] --END-- [ RunTime:0.130859s ]
INFO: [ view_filter ] --START--
INFO: Run ContentReplace Behavior [ RunTime:0.005859s ]
INFO: Run TokenBuild Behavior [ RunTime:0.003906s ]
INFO: Run WriteHtmlCache Behavior [ RunTime:0.003906s ]
INFO: Run ShowRuntime Behavior [ RunTime:0.003907s ]
INFO: [ view_filter ] --END-- [ RunTime:0.019531s ]
INFO: [ view_end ] --START--
INFO: Run ShowPageTrace Behavior [ RunTime:0.003906s ]
INFO: [ view_end ] --END-- [ RunTime:0.005859s ]

[ 2014-09-20T16:11:53+08:00 ] 127.0.0.1 /p2p/index.php?m=Users&a=account
INFO: [ app_begin ] --START--
INFO: Run ReadHtmlCache Behavior [ RunTime:0.005859s ]
INFO: [ app_begin ] --END-- [ RunTime:0.007813s ]
NOTIC: [8] Undefined index: id D:\SoftWare\wamp\www\p2p\app\Lib\Action\Home\UsersAction.class.php 第 11 行.
SQL: SHOW COLUMNS FROM `p_user` [ RunTime:0.021485s ]
SQL: SELECT * FROM `p_user` WHERE ( id ) LIMIT 1   [ RunTime:0.002930s ]
INFO: [ view_template ] --START--
INFO: Run LocationTemplate Behavior [ RunTime:0.006836s ]
INFO: [ view_template ] --END-- [ RunTime:0.008789s ]
INFO: [ view_parse ] --START--
INFO: Run ParseTemplate Behavior [ RunTime:0.050782s ]
INFO: [ view_parse ] --END-- [ RunTime:0.051758s ]
INFO: [ view_filter ] --START--
INFO: Run ContentReplace Behavior [ RunTime:0.006836s ]
INFO: Run TokenBuild Behavior [ RunTime:0.005860s ]
INFO: Run WriteHtmlCache Behavior [ RunTime:0.002929s ]
INFO: Run ShowRuntime Behavior [ RunTime:0.003906s ]
INFO: [ view_filter ] --END-- [ RunTime:0.022461s ]
INFO: [ view_end ] --START--
INFO: Run ShowPageTrace Behavior [ RunTime:0.002930s ]
INFO: [ view_end ] --END-- [ RunTime:0.004883s ]

[ 2014-09-20T17:55:42+08:00 ] 127.0.0.1 /p2p/index.php?m=Article&a=myorder
INFO: [ app_begin ] --START--
INFO: Run ReadHtmlCache Behavior [ RunTime:0.003906s ]
INFO: [ app_begin ] --END-- [ RunTime:0.004883s ]
NOTIC: [8] Undefined index: id D:\SoftWare\wamp\www\p2p\app\Lib\Action\Home\ArticleAction.class.php 第 43 行.
INFO: [ view_template ] --START--
INFO: Run LocationTemplate Behavior [ RunTime:0.014648s ]
INFO: [ view_template ] --END-- [ RunTime:0.015625s ]
INFO: [ view_parse ] --START--
INFO: Run ParseTemplate Behavior [ RunTime:0.066406s ]
INFO: [ view_parse ] --END-- [ RunTime:0.067383s ]
INFO: [ view_filter ] --START--
INFO: Run ContentReplace Behavior [ RunTime:0.003906s ]
INFO: Run TokenBuild Behavior [ RunTime:0.002930s ]
INFO: Run WriteHtmlCache Behavior [ RunTime:0.002930s ]
INFO: Run ShowRuntime Behavior [ RunTime:0.002930s ]
INFO: [ view_filter ] --END-- [ RunTime:0.014648s ]
INFO: [ view_end ] --START--
INFO: Run ShowPageTrace Behavior [ RunTime:0.002929s ]
INFO: [ view_end ] --END-- [ RunTime:0.003906s ]

[ 2014-09-20T17:55:42+08:00 ] 127.0.0.1 /p2p/index.php?m=Article&a=myorder
INFO: [ app_begin ] --START--
INFO: Run ReadHtmlCache Behavior [ RunTime:0.004883s ]
INFO: [ app_begin ] --END-- [ RunTime:0.005859s ]
NOTIC: [8] Undefined index: id D:\SoftWare\wamp\www\p2p\app\Lib\Action\Home\ArticleAction.class.php 第 43 行.
INFO: [ view_template ] --START--
INFO: Run LocationTemplate Behavior [ RunTime:0.005860s ]
INFO: [ view_template ] --END-- [ RunTime:0.005860s ]
INFO: [ view_parse ] --START--
INFO: Run ParseTemplate Behavior [ RunTime:0.048828s ]
INFO: [ view_parse ] --END-- [ RunTime:0.049805s ]
INFO: [ view_filter ] --START--
INFO: Run ContentReplace Behavior [ RunTime:0.002930s ]
INFO: Run TokenBuild Behavior [ RunTime:0.002929s ]
INFO: Run WriteHtmlCache Behavior [ RunTime:0.002930s ]
INFO: Run ShowRuntime Behavior [ RunTime:0.002929s ]
INFO: [ view_filter ] --END-- [ RunTime:0.015625s ]
INFO: [ view_end ] --START--
INFO: Run ShowPageTrace Behavior [ RunTime:0.002930s ]
INFO: [ view_end ] --END-- [ RunTime:0.004883s ]

[ 2014-09-20T17:56:36+08:00 ] 127.0.0.1 /p2p/index.php?m=Index&a=index
INFO: [ app_begin ] --START--
INFO: Run ReadHtmlCache Behavior [ RunTime:0.001953s ]
INFO: [ app_begin ] --END-- [ RunTime:0.002929s ]
SQL: SHOW COLUMNS FROM `p_product` [ RunTime:0.073242s ]
SQL: SELECT * FROM `p_product`  [ RunTime:0.001953s ]
INFO: [ view_template ] --START--
INFO: Run LocationTemplate Behavior [ RunTime:0.021485s ]
INFO: [ view_template ] --END-- [ RunTime:0.021485s ]
INFO: [ view_parse ] --START--
INFO: Run ParseTemplate Behavior [ RunTime:0.063477s ]
INFO: [ view_parse ] --END-- [ RunTime:0.063477s ]
INFO: [ view_filter ] --START--
INFO: Run ContentReplace Behavior [ RunTime:0.002930s ]
INFO: Run TokenBuild Behavior [ RunTime:0.001953s ]
INFO: Run WriteHtmlCache Behavior [ RunTime:0.002930s ]
INFO: Run ShowRuntime Behavior [ RunTime:0.002929s ]
INFO: [ view_filter ] --END-- [ RunTime:0.011719s ]
INFO: [ view_end ] --START--
INFO: Run ShowPageTrace Behavior [ RunTime:0.002929s ]
INFO: [ view_end ] --END-- [ RunTime:0.002929s ]

[ 2014-09-20T17:56:37+08:00 ] 127.0.0.1 /p2p/index.php?m=Index&a=index
INFO: [ app_begin ] --START--
INFO: Run ReadHtmlCache Behavior [ RunTime:0.002930s ]
INFO: [ app_begin ] --END-- [ RunTime:0.003906s ]
SQL: SHOW COLUMNS FROM `p_product` [ RunTime:0.012695s ]
SQL: SELECT * FROM `p_product`  [ RunTime:0.001953s ]
INFO: [ view_template ] --START--
INFO: Run LocationTemplate Behavior [ RunTime:0.004882s ]
INFO: [ view_template ] --END-- [ RunTime:0.005859s ]
INFO: [ view_parse ] --START--
INFO: Run ParseTemplate Behavior [ RunTime:0.052734s ]
INFO: [ view_parse ] --END-- [ RunTime:0.053711s ]
INFO: [ view_filter ] --START--
INFO: Run ContentReplace Behavior [ RunTime:0.002930s ]
INFO: Run TokenBuild Behavior [ RunTime:0.001953s ]
INFO: Run WriteHtmlCache Behavior [ RunTime:0.002930s ]
INFO: Run ShowRuntime Behavior [ RunTime:0.002929s ]
INFO: [ view_filter ] --END-- [ RunTime:0.012696s ]
INFO: [ view_end ] --START--
INFO: Run ShowPageTrace Behavior [ RunTime:0.002930s ]
INFO: [ view_end ] --END-- [ RunTime:0.003907s ]

[ 2014-09-20T17:56:43+08:00 ] 127.0.0.1 /p2p/index.php?m=Tpl&a=product&id=2
INFO: [ app_begin ] --START--
INFO: Run ReadHtmlCache Behavior [ RunTime:0.002930s ]
INFO: [ app_begin ] --END-- [ RunTime:0.002930s ]
SQL: SHOW COLUMNS FROM `p_product` [ RunTime:0.014649s ]
SQL: SELECT * FROM `p_product` WHERE ( id=2 ) LIMIT 1   [ RunTime:0.000976s ]
INFO: [ view_template ] --START--
INFO: Run LocationTemplate Behavior [ RunTime:0.011719s ]
INFO: [ view_template ] --END-- [ RunTime:0.012696s ]
INFO: [ view_parse ] --START--
INFO: Run ParseTemplate Behavior [ RunTime:0.057617s ]
INFO: [ view_parse ] --END-- [ RunTime:0.058593s ]
INFO: [ view_filter ] --START--
INFO: Run ContentReplace Behavior [ RunTime:0.002930s ]
INFO: Run TokenBuild Behavior [ RunTime:0.001953s ]
INFO: Run WriteHtmlCache Behavior [ RunTime:0.002930s ]
INFO: Run ShowRuntime Behavior [ RunTime:0.002929s ]
INFO: [ view_filter ] --END-- [ RunTime:0.013672s ]
INFO: [ view_end ] --START--
INFO: Run ShowPageTrace Behavior [ RunTime:0.002930s ]
INFO: [ view_end ] --END-- [ RunTime:0.002930s ]

