[ 2014-09-05T10:01:20+08:00 ] 127.0.0.1 /p2p/
INFO: [ app_begin ] --START--
INFO: Run ReadHtmlCache Behavior [ RunTime:0.007812s ]
INFO: [ app_begin ] --END-- [ RunTime:0.010742s ]
INFO: [ view_template ] --START--
INFO: Run LocationTemplate Behavior [ RunTime:0.016602s ]
INFO: [ view_template ] --END-- [ RunTime:0.022461s ]
INFO: [ view_parse ] --START--
INFO: Run ParseTemplate Behavior [ RunTime:0.066406s ]
INFO: [ view_parse ] --END-- [ RunTime:0.067383s ]
INFO: [ view_filter ] --START--
INFO: Run ContentReplace Behavior [ RunTime:0.003907s ]
INFO: Run TokenBuild Behavior [ RunTime:0.003906s ]
INFO: Run WriteHtmlCache Behavior [ RunTime:0.002930s ]
INFO: Run ShowRuntime Behavior [ RunTime:0.004883s ]
INFO: [ view_filter ] --END-- [ RunTime:0.016602s ]
INFO: [ view_end ] --START--
INFO: Run ShowPageTrace Behavior [ RunTime:0.008789s ]
INFO: [ view_end ] --END-- [ RunTime:0.009765s ]

[ 2014-09-05T14:40:48+08:00 ] 127.0.0.1 /p2p/
INFO: [ app_begin ] --START--
INFO: Run ReadHtmlCache Behavior [ RunTime:0.049805s ]
INFO: [ app_begin ] --END-- [ RunTime:0.059570s ]
INFO: [ view_template ] --START--
INFO: Run LocationTemplate Behavior [ RunTime:0.038086s ]
INFO: [ view_template ] --END-- [ RunTime:0.038086s ]
INFO: [ view_parse ] --START--
INFO: Run ParseTemplate Behavior [ RunTime:0.094727s ]
INFO: [ view_parse ] --END-- [ RunTime:0.095703s ]
INFO: [ view_filter ] --START--
INFO: Run ContentReplace Behavior [ RunTime:0.003906s ]
INFO: Run TokenBuild Behavior [ RunTime:0.022461s ]
INFO: Run WriteHtmlCache Behavior [ RunTime:0.002930s ]
INFO: Run ShowRuntime Behavior [ RunTime:0.004883s ]
INFO: [ view_filter ] --END-- [ RunTime:0.039063s ]
INFO: [ view_end ] --START--
INFO: Run ShowPageTrace Behavior [ RunTime:0.009766s ]
INFO: [ view_end ] --END-- [ RunTime:0.010742s ]

[ 2014-09-05T14:40:50+08:00 ] 127.0.0.1 /p2p/
INFO: [ app_begin ] --START--
INFO: Run ReadHtmlCache Behavior [ RunTime:0.006836s ]
INFO: [ app_begin ] --END-- [ RunTime:0.008789s ]
INFO: [ view_template ] --START--
INFO: Run LocationTemplate Behavior [ RunTime:0.001953s ]
INFO: [ view_template ] --END-- [ RunTime:0.001953s ]
INFO: [ view_parse ] --START--
INFO: Run ParseTemplate Behavior [ RunTime:0.031250s ]
INFO: [ view_parse ] --END-- [ RunTime:0.032227s ]
INFO: [ view_filter ] --START--
INFO: Run ContentReplace Behavior [ RunTime:0.003907s ]
INFO: Run TokenBuild Behavior [ RunTime:0.002929s ]
INFO: Run WriteHtmlCache Behavior [ RunTime:0.001954s ]
INFO: Run ShowRuntime Behavior [ RunTime:0.002930s ]
INFO: [ view_filter ] --END-- [ RunTime:0.012696s ]
INFO: [ view_end ] --START--
INFO: Run ShowPageTrace Behavior [ RunTime:0.002930s ]
INFO: [ view_end ] --END-- [ RunTime:0.002930s ]

[ 2014-09-05T17:54:17+08:00 ] 127.0.0.1 /p2p/
INFO: [ app_begin ] --START--
INFO: Run ReadHtmlCache Behavior [ RunTime:0.006836s ]
INFO: [ app_begin ] --END-- [ RunTime:0.007813s ]
INFO: [ view_template ] --START--
INFO: Run LocationTemplate Behavior [ RunTime:0.009765s ]
INFO: [ view_template ] --END-- [ RunTime:0.009765s ]
INFO: [ view_parse ] --START--
INFO: Run ParseTemplate Behavior [ RunTime:0.120117s ]
INFO: [ view_parse ] --END-- [ RunTime:0.120117s ]
INFO: [ view_filter ] --START--
INFO: Run ContentReplace Behavior [ RunTime:0.004882s ]
INFO: Run TokenBuild Behavior [ RunTime:0.044922s ]
INFO: Run WriteHtmlCache Behavior [ RunTime:0.004883s ]
INFO: Run ShowRuntime Behavior [ RunTime:0.004883s ]
INFO: [ view_filter ] --END-- [ RunTime:0.063477s ]
INFO: [ view_end ] --START--
INFO: Run ShowPageTrace Behavior [ RunTime:0.004883s ]
INFO: [ view_end ] --END-- [ RunTime:0.004883s ]

[ 2014-09-05T17:55:49+08:00 ] 127.0.0.1 /p2p/
INFO: [ app_begin ] --START--
INFO: Run ReadHtmlCache Behavior [ RunTime:0.003906s ]
INFO: [ app_begin ] --END-- [ RunTime:0.003906s ]
INFO: [ view_template ] --START--
INFO: Run LocationTemplate Behavior [ RunTime:0.002929s ]
INFO: [ view_template ] --END-- [ RunTime:0.003906s ]
INFO: [ view_parse ] --START--
INFO: Run ParseTemplate Behavior [ RunTime:0.050781s ]
INFO: [ view_parse ] --END-- [ RunTime:0.050781s ]
INFO: [ view_filter ] --START--
INFO: Run ContentReplace Behavior [ RunTime:0.002929s ]
INFO: Run TokenBuild Behavior [ RunTime:0.003907s ]
INFO: Run WriteHtmlCache Behavior [ RunTime:0.002929s ]
INFO: Run ShowRuntime Behavior [ RunTime:0.003906s ]
INFO: [ view_filter ] --END-- [ RunTime:0.013671s ]
INFO: [ view_end ] --START--
INFO: Run ShowPageTrace Behavior [ RunTime:0.003906s ]
INFO: [ view_end ] --END-- [ RunTime:0.006836s ]

