[ 2014-09-11T09:22:53+08:00 ] 127.0.0.1 /p2p/
INFO: [ app_begin ] --START--
INFO: Run ReadHtmlCache Behavior [ RunTime:0.031250s ]
INFO: [ app_begin ] --END-- [ RunTime:0.187500s ]
INFO: [ view_template ] --START--
INFO: Run LocationTemplate Behavior [ RunTime:0.078125s ]
INFO: [ view_template ] --END-- [ RunTime:0.078125s ]
INFO: [ view_parse ] --START--
INFO: Run ParseTemplate Behavior [ RunTime:0.218750s ]
INFO: [ view_parse ] --END-- [ RunTime:0.218750s ]
INFO: [ view_filter ] --START--
INFO: Run ContentReplace Behavior [ RunTime:0.000000s ]
INFO: Run TokenBuild Behavior [ RunTime:0.000000s ]
INFO: Run WriteHtmlCache Behavior [ RunTime:0.015625s ]
INFO: Run ShowRuntime Behavior [ RunTime:0.000000s ]
INFO: [ view_filter ] --END-- [ RunTime:0.015625s ]
INFO: [ view_end ] --START--
INFO: Run ShowPageTrace Behavior [ RunTime:0.000000s ]
INFO: [ view_end ] --END-- [ RunTime:0.000000s ]

[ 2014-09-11T09:52:56+08:00 ] 127.0.0.1 /p2p/index.php?m=Tpl&a=productList&type=%E9%93%B6%E8%A1%8C%E7%90%86%E8%B4%A2
INFO: [ app_begin ] --START--
INFO: Run ReadHtmlCache Behavior [ RunTime:0.005859s ]
INFO: [ app_begin ] --END-- [ RunTime:0.006836s ]
INFO: [ view_template ] --START--
INFO: Run LocationTemplate Behavior [ RunTime:0.004883s ]
INFO: [ view_template ] --END-- [ RunTime:0.005860s ]
INFO: [ view_parse ] --START--
INFO: Run ParseTemplate Behavior [ RunTime:0.076172s ]
INFO: [ view_parse ] --END-- [ RunTime:0.076172s ]
INFO: [ view_filter ] --START--
INFO: Run ContentReplace Behavior [ RunTime:0.002930s ]
INFO: Run TokenBuild Behavior [ RunTime:0.004883s ]
INFO: Run WriteHtmlCache Behavior [ RunTime:0.002930s ]
INFO: Run ShowRuntime Behavior [ RunTime:0.003906s ]
INFO: [ view_filter ] --END-- [ RunTime:0.016601s ]
INFO: [ view_end ] --START--
INFO: Run ShowPageTrace Behavior [ RunTime:0.003906s ]
INFO: [ view_end ] --END-- [ RunTime:0.004883s ]

[ 2014-09-11T09:52:56+08:00 ] 127.0.0.1 /p2p/index.php?m=Tpl&a=productList&type=%E9%93%B6%E8%A1%8C%E7%90%86%E8%B4%A2
INFO: [ app_begin ] --START--
INFO: Run ReadHtmlCache Behavior [ RunTime:0.004883s ]
INFO: [ app_begin ] --END-- [ RunTime:0.004883s ]
INFO: [ view_template ] --START--
INFO: Run LocationTemplate Behavior [ RunTime:0.006836s ]
INFO: [ view_template ] --END-- [ RunTime:0.006836s ]
INFO: [ view_parse ] --START--
INFO: Run ParseTemplate Behavior [ RunTime:0.066407s ]
INFO: [ view_parse ] --END-- [ RunTime:0.066407s ]
INFO: [ view_filter ] --START--
INFO: Run ContentReplace Behavior [ RunTime:0.003907s ]
INFO: Run TokenBuild Behavior [ RunTime:0.011718s ]
INFO: Run WriteHtmlCache Behavior [ RunTime:0.003907s ]
INFO: Run ShowRuntime Behavior [ RunTime:0.003906s ]
INFO: [ view_filter ] --END-- [ RunTime:0.024414s ]
INFO: [ view_end ] --START--
INFO: Run ShowPageTrace Behavior [ RunTime:0.003906s ]
INFO: [ view_end ] --END-- [ RunTime:0.003906s ]

[ 2014-09-11T09:53:23+08:00 ] 127.0.0.1 /p2p/index.php?m=Tpl&a=productList&type=%E9%93%B6%E8%A1%8C%E7%90%86%E8%B4%A2#
INFO: [ app_begin ] --START--
INFO: Run ReadHtmlCache Behavior [ RunTime:0.002930s ]
INFO: [ app_begin ] --END-- [ RunTime:0.003906s ]
INFO: [ view_template ] --START--
INFO: Run LocationTemplate Behavior [ RunTime:0.002930s ]
INFO: [ view_template ] --END-- [ RunTime:0.003906s ]
INFO: [ view_parse ] --START--
INFO: Run ParseTemplate Behavior [ RunTime:0.038086s ]
INFO: [ view_parse ] --END-- [ RunTime:0.039063s ]
INFO: [ view_filter ] --START--
INFO: Run ContentReplace Behavior [ RunTime:0.002930s ]
INFO: Run TokenBuild Behavior [ RunTime:0.001953s ]
INFO: Run WriteHtmlCache Behavior [ RunTime:0.001953s ]
INFO: Run ShowRuntime Behavior [ RunTime:0.001953s ]
INFO: [ view_filter ] --END-- [ RunTime:0.011719s ]
INFO: [ view_end ] --START--
INFO: Run ShowPageTrace Behavior [ RunTime:0.002930s ]
INFO: [ view_end ] --END-- [ RunTime:0.002930s ]

[ 2014-09-11T09:53:25+08:00 ] 127.0.0.1 /p2p/index.php?m=Tpl&a=productList&type=%E9%93%B6%E8%A1%8C%E7%90%86%E8%B4%A2#
INFO: [ app_begin ] --START--
INFO: Run ReadHtmlCache Behavior [ RunTime:0.002930s ]
INFO: [ app_begin ] --END-- [ RunTime:0.003906s ]
INFO: [ view_template ] --START--
INFO: Run LocationTemplate Behavior [ RunTime:0.002929s ]
INFO: [ view_template ] --END-- [ RunTime:0.002929s ]
INFO: [ view_parse ] --START--
INFO: Run ParseTemplate Behavior [ RunTime:0.038086s ]
INFO: [ view_parse ] --END-- [ RunTime:0.038086s ]
INFO: [ view_filter ] --START--
INFO: Run ContentReplace Behavior [ RunTime:0.002929s ]
INFO: Run TokenBuild Behavior [ RunTime:0.002930s ]
INFO: Run WriteHtmlCache Behavior [ RunTime:0.001953s ]
INFO: Run ShowRuntime Behavior [ RunTime:0.003906s ]
INFO: [ view_filter ] --END-- [ RunTime:0.011718s ]
INFO: [ view_end ] --START--
INFO: Run ShowPageTrace Behavior [ RunTime:0.002930s ]
INFO: [ view_end ] --END-- [ RunTime:0.002930s ]

[ 2014-09-11T09:53:27+08:00 ] 127.0.0.1 /p2p/index.php?m=Tpl&a=product&id=2
INFO: [ app_begin ] --START--
INFO: Run ReadHtmlCache Behavior [ RunTime:0.004882s ]
INFO: [ app_begin ] --END-- [ RunTime:0.004882s ]
INFO: [ view_template ] --START--
INFO: Run LocationTemplate Behavior [ RunTime:0.018555s ]
INFO: [ view_template ] --END-- [ RunTime:0.019531s ]
INFO: [ view_parse ] --START--
INFO: Run ParseTemplate Behavior [ RunTime:0.052734s ]
INFO: [ view_parse ] --END-- [ RunTime:0.053711s ]
INFO: [ view_filter ] --START--
INFO: Run ContentReplace Behavior [ RunTime:0.001953s ]
INFO: Run TokenBuild Behavior [ RunTime:0.001953s ]
INFO: Run WriteHtmlCache Behavior [ RunTime:0.001953s ]
INFO: Run ShowRuntime Behavior [ RunTime:0.002930s ]
INFO: [ view_filter ] --END-- [ RunTime:0.013672s ]
INFO: [ view_end ] --START--
INFO: Run ShowPageTrace Behavior [ RunTime:0.002929s ]
INFO: [ view_end ] --END-- [ RunTime:0.003906s ]

[ 2014-09-11T10:17:06+08:00 ] 127.0.0.1 /p2p/index.php?m=Tpl&a=product&id=2#
INFO: [ app_begin ] --START--
INFO: Run ReadHtmlCache Behavior [ RunTime:0.005859s ]
INFO: [ app_begin ] --END-- [ RunTime:0.005859s ]
INFO: [ view_template ] --START--
INFO: Run LocationTemplate Behavior [ RunTime:0.008789s ]
INFO: [ view_template ] --END-- [ RunTime:0.008789s ]
INFO: [ view_parse ] --START--
INFO: Run ParseTemplate Behavior [ RunTime:0.061524s ]
INFO: [ view_parse ] --END-- [ RunTime:0.061524s ]
INFO: [ view_filter ] --START--
INFO: Run ContentReplace Behavior [ RunTime:0.004883s ]
INFO: Run TokenBuild Behavior [ RunTime:0.004883s ]
INFO: Run WriteHtmlCache Behavior [ RunTime:0.003906s ]
INFO: Run ShowRuntime Behavior [ RunTime:0.003906s ]
INFO: [ view_filter ] --END-- [ RunTime:0.019531s ]
INFO: [ view_end ] --START--
INFO: Run ShowPageTrace Behavior [ RunTime:0.006836s ]
INFO: [ view_end ] --END-- [ RunTime:0.007812s ]

[ 2014-09-11T10:17:08+08:00 ] 127.0.0.1 /p2p/index.php?m=Tpl&a=product&id=2#
INFO: [ app_begin ] --START--
INFO: Run ReadHtmlCache Behavior [ RunTime:0.004883s ]
INFO: [ app_begin ] --END-- [ RunTime:0.005860s ]
INFO: [ view_template ] --START--
INFO: Run LocationTemplate Behavior [ RunTime:0.008789s ]
INFO: [ view_template ] --END-- [ RunTime:0.008789s ]
INFO: [ view_parse ] --START--
INFO: Run ParseTemplate Behavior [ RunTime:0.064453s ]
INFO: [ view_parse ] --END-- [ RunTime:0.064453s ]
INFO: [ view_filter ] --START--
INFO: Run ContentReplace Behavior [ RunTime:0.005860s ]
INFO: Run TokenBuild Behavior [ RunTime:0.003906s ]
INFO: Run WriteHtmlCache Behavior [ RunTime:0.002929s ]
INFO: Run ShowRuntime Behavior [ RunTime:0.004883s ]
INFO: [ view_filter ] --END-- [ RunTime:0.019532s ]
INFO: [ view_end ] --START--
INFO: Run ShowPageTrace Behavior [ RunTime:0.004883s ]
INFO: [ view_end ] --END-- [ RunTime:0.005860s ]

[ 2014-09-11T10:17:09+08:00 ] 127.0.0.1 /p2p/index.php?m=Tpl&a=product&id=2#
INFO: [ app_begin ] --START--
INFO: Run ReadHtmlCache Behavior [ RunTime:0.004883s ]
INFO: [ app_begin ] --END-- [ RunTime:0.004883s ]
INFO: [ view_template ] --START--
INFO: Run LocationTemplate Behavior [ RunTime:0.006835s ]
INFO: [ view_template ] --END-- [ RunTime:0.008789s ]
INFO: [ view_parse ] --START--
INFO: Run ParseTemplate Behavior [ RunTime:0.063476s ]
INFO: [ view_parse ] --END-- [ RunTime:0.064453s ]
INFO: [ view_filter ] --START--
INFO: Run ContentReplace Behavior [ RunTime:0.003907s ]
INFO: Run TokenBuild Behavior [ RunTime:0.004882s ]
INFO: Run WriteHtmlCache Behavior [ RunTime:0.003906s ]
INFO: Run ShowRuntime Behavior [ RunTime:0.004883s ]
INFO: [ view_filter ] --END-- [ RunTime:0.019531s ]
INFO: [ view_end ] --START--
INFO: Run ShowPageTrace Behavior [ RunTime:0.004883s ]
INFO: [ view_end ] --END-- [ RunTime:0.005859s ]

[ 2014-09-11T10:17:12+08:00 ] 127.0.0.1 /p2p/index.php?m=Tpl&a=product&id=2#
INFO: [ app_begin ] --START--
INFO: Run ReadHtmlCache Behavior [ RunTime:0.003906s ]
INFO: [ app_begin ] --END-- [ RunTime:0.005860s ]
INFO: [ view_template ] --START--
INFO: Run LocationTemplate Behavior [ RunTime:0.006836s ]
INFO: [ view_template ] --END-- [ RunTime:0.007813s ]
INFO: [ view_parse ] --START--
INFO: Run ParseTemplate Behavior [ RunTime:0.059571s ]
INFO: [ view_parse ] --END-- [ RunTime:0.059571s ]
INFO: [ view_filter ] --START--
INFO: Run ContentReplace Behavior [ RunTime:0.003907s ]
INFO: Run TokenBuild Behavior [ RunTime:0.004882s ]
INFO: Run WriteHtmlCache Behavior [ RunTime:0.004883s ]
INFO: Run ShowRuntime Behavior [ RunTime:0.004883s ]
INFO: [ view_filter ] --END-- [ RunTime:0.018555s ]
INFO: [ view_end ] --START--
INFO: Run ShowPageTrace Behavior [ RunTime:0.003906s ]
INFO: [ view_end ] --END-- [ RunTime:0.005859s ]

[ 2014-09-11T10:17:16+08:00 ] 127.0.0.1 /p2p/index.php?m=Community&a=index
INFO: [ app_begin ] --START--
INFO: Run ReadHtmlCache Behavior [ RunTime:0.013672s ]
INFO: [ app_begin ] --END-- [ RunTime:0.014649s ]
INFO: [ view_template ] --START--
INFO: Run LocationTemplate Behavior [ RunTime:0.016602s ]
INFO: [ view_template ] --END-- [ RunTime:0.016602s ]
INFO: [ view_parse ] --START--
NOTIC: [8] Undefined variable: title D:\SoftWare\wamp\www\p2p\app\Runtime\Cache\Home\2a3201adac25d7390065615ac81d0351.php 第 14 行.
NOTIC: [8] Undefined variable: title D:\SoftWare\wamp\www\p2p\app\Runtime\Cache\Home\2a3201adac25d7390065615ac81d0351.php 第 23 行.
INFO: Run ParseTemplate Behavior [ RunTime:0.108399s ]
INFO: [ view_parse ] --END-- [ RunTime:0.108399s ]
INFO: [ view_filter ] --START--
INFO: Run ContentReplace Behavior [ RunTime:0.006836s ]
INFO: Run TokenBuild Behavior [ RunTime:0.004883s ]
INFO: Run WriteHtmlCache Behavior [ RunTime:0.010742s ]
INFO: Run ShowRuntime Behavior [ RunTime:0.006836s ]
INFO: [ view_filter ] --END-- [ RunTime:0.030274s ]
INFO: [ view_end ] --START--
INFO: Run ShowPageTrace Behavior [ RunTime:0.005860s ]
INFO: [ view_end ] --END-- [ RunTime:0.005860s ]

[ 2014-09-11T10:17:19+08:00 ] 127.0.0.1 /p2p/index.php?m=Community&a=index#
INFO: [ app_begin ] --START--
INFO: Run ReadHtmlCache Behavior [ RunTime:0.004882s ]
INFO: [ app_begin ] --END-- [ RunTime:0.005859s ]
INFO: [ view_template ] --START--
INFO: Run LocationTemplate Behavior [ RunTime:0.006836s ]
INFO: [ view_template ] --END-- [ RunTime:0.007812s ]
INFO: [ view_parse ] --START--
NOTIC: [8] Undefined variable: title D:\SoftWare\wamp\www\p2p\app\Runtime\Cache\Home\2a3201adac25d7390065615ac81d0351.php 第 14 行.
NOTIC: [8] Undefined variable: title D:\SoftWare\wamp\www\p2p\app\Runtime\Cache\Home\2a3201adac25d7390065615ac81d0351.php 第 23 行.
INFO: Run ParseTemplate Behavior [ RunTime:0.065430s ]
INFO: [ view_parse ] --END-- [ RunTime:0.066407s ]
INFO: [ view_filter ] --START--
INFO: Run ContentReplace Behavior [ RunTime:0.003906s ]
INFO: Run TokenBuild Behavior [ RunTime:0.003906s ]
INFO: Run WriteHtmlCache Behavior [ RunTime:0.003906s ]
INFO: Run ShowRuntime Behavior [ RunTime:0.004883s ]
INFO: [ view_filter ] --END-- [ RunTime:0.019531s ]
INFO: [ view_end ] --START--
INFO: Run ShowPageTrace Behavior [ RunTime:0.004883s ]
INFO: [ view_end ] --END-- [ RunTime:0.004883s ]

[ 2014-09-11T10:17:21+08:00 ] 127.0.0.1 /p2p/index.php?m=Community&a=index#
INFO: [ app_begin ] --START--
INFO: Run ReadHtmlCache Behavior [ RunTime:0.005860s ]
INFO: [ app_begin ] --END-- [ RunTime:0.005860s ]
INFO: [ view_template ] --START--
INFO: Run LocationTemplate Behavior [ RunTime:0.006836s ]
INFO: [ view_template ] --END-- [ RunTime:0.007812s ]
INFO: [ view_parse ] --START--
NOTIC: [8] Undefined variable: title D:\SoftWare\wamp\www\p2p\app\Runtime\Cache\Home\2a3201adac25d7390065615ac81d0351.php 第 14 行.
NOTIC: [8] Undefined variable: title D:\SoftWare\wamp\www\p2p\app\Runtime\Cache\Home\2a3201adac25d7390065615ac81d0351.php 第 23 行.
INFO: Run ParseTemplate Behavior [ RunTime:0.057617s ]
INFO: [ view_parse ] --END-- [ RunTime:0.058594s ]
INFO: [ view_filter ] --START--
INFO: Run ContentReplace Behavior [ RunTime:0.004883s ]
INFO: Run TokenBuild Behavior [ RunTime:0.004883s ]
INFO: Run WriteHtmlCache Behavior [ RunTime:0.003906s ]
INFO: Run ShowRuntime Behavior [ RunTime:0.006836s ]
INFO: [ view_filter ] --END-- [ RunTime:0.021484s ]
INFO: [ view_end ] --START--
INFO: Run ShowPageTrace Behavior [ RunTime:0.005860s ]
INFO: [ view_end ] --END-- [ RunTime:0.005860s ]

[ 2014-09-11T11:10:37+08:00 ] 127.0.0.1 /p2p/index.php?m=Index&a=index
INFO: [ app_begin ] --START--
INFO: Run ReadHtmlCache Behavior [ RunTime:0.005860s ]
INFO: [ app_begin ] --END-- [ RunTime:0.007812s ]
INFO: [ view_template ] --START--
INFO: Run LocationTemplate Behavior [ RunTime:0.011719s ]
INFO: [ view_template ] --END-- [ RunTime:0.011719s ]
INFO: [ view_parse ] --START--
INFO: Run ParseTemplate Behavior [ RunTime:0.098633s ]
INFO: [ view_parse ] --END-- [ RunTime:0.098633s ]
INFO: [ view_filter ] --START--
INFO: Run ContentReplace Behavior [ RunTime:0.003906s ]
INFO: Run TokenBuild Behavior [ RunTime:0.004882s ]
INFO: Run WriteHtmlCache Behavior [ RunTime:0.003907s ]
INFO: Run ShowRuntime Behavior [ RunTime:0.036132s ]
INFO: [ view_filter ] --END-- [ RunTime:0.050781s ]
INFO: [ view_end ] --START--
INFO: Run ShowPageTrace Behavior [ RunTime:0.003906s ]
INFO: [ view_end ] --END-- [ RunTime:0.006836s ]

[ 2014-09-11T11:54:01+08:00 ] 127.0.0.1 /p2p/index.php?m=Index&a=index
INFO: [ app_begin ] --START--
INFO: Run ReadHtmlCache Behavior [ RunTime:0.027344s ]
INFO: [ app_begin ] --END-- [ RunTime:0.028321s ]
INFO: [ view_template ] --START--
INFO: Run LocationTemplate Behavior [ RunTime:0.011719s ]
INFO: [ view_template ] --END-- [ RunTime:0.011719s ]
INFO: [ view_parse ] --START--
INFO: Run ParseTemplate Behavior [ RunTime:0.116211s ]
INFO: [ view_parse ] --END-- [ RunTime:0.118164s ]
INFO: [ view_filter ] --START--
INFO: Run ContentReplace Behavior [ RunTime:0.007812s ]
INFO: Run TokenBuild Behavior [ RunTime:0.005860s ]
INFO: Run WriteHtmlCache Behavior [ RunTime:0.007812s ]
INFO: Run ShowRuntime Behavior [ RunTime:0.008789s ]
INFO: [ view_filter ] --END-- [ RunTime:0.032226s ]
INFO: [ view_end ] --START--
INFO: Run ShowPageTrace Behavior [ RunTime:0.006836s ]
INFO: [ view_end ] --END-- [ RunTime:0.010742s ]

[ 2014-09-11T11:57:03+08:00 ] 127.0.0.1 /p2p/index.php?m=Index&a=index
INFO: [ app_begin ] --START--
INFO: Run ReadHtmlCache Behavior [ RunTime:0.005860s ]
INFO: [ app_begin ] --END-- [ RunTime:0.007812s ]
INFO: [ view_template ] --START--
INFO: Run LocationTemplate Behavior [ RunTime:0.009765s ]
INFO: [ view_template ] --END-- [ RunTime:0.010742s ]
INFO: [ view_parse ] --START--
INFO: Run ParseTemplate Behavior [ RunTime:0.071289s ]
INFO: [ view_parse ] --END-- [ RunTime:0.073242s ]
INFO: [ view_filter ] --START--
INFO: Run ContentReplace Behavior [ RunTime:0.012695s ]
INFO: Run TokenBuild Behavior [ RunTime:0.010742s ]
INFO: Run WriteHtmlCache Behavior [ RunTime:0.004883s ]
INFO: Run ShowRuntime Behavior [ RunTime:0.004882s ]
INFO: [ view_filter ] --END-- [ RunTime:0.035156s ]
INFO: [ view_end ] --START--
INFO: Run ShowPageTrace Behavior [ RunTime:0.004882s ]
INFO: [ view_end ] --END-- [ RunTime:0.005859s ]

[ 2014-09-11T11:57:05+08:00 ] 127.0.0.1 /p2p/index.php?m=Index&a=index
INFO: [ app_begin ] --START--
INFO: Run ReadHtmlCache Behavior [ RunTime:0.004883s ]
INFO: [ app_begin ] --END-- [ RunTime:0.005859s ]
INFO: [ view_template ] --START--
INFO: Run LocationTemplate Behavior [ RunTime:0.006836s ]
INFO: [ view_template ] --END-- [ RunTime:0.008789s ]
INFO: [ view_parse ] --START--
INFO: Run ParseTemplate Behavior [ RunTime:0.081054s ]
INFO: [ view_parse ] --END-- [ RunTime:0.082031s ]
INFO: [ view_filter ] --START--
INFO: Run ContentReplace Behavior [ RunTime:0.003907s ]
INFO: Run TokenBuild Behavior [ RunTime:0.004883s ]
INFO: Run WriteHtmlCache Behavior [ RunTime:0.006836s ]
INFO: Run ShowRuntime Behavior [ RunTime:0.005859s ]
INFO: [ view_filter ] --END-- [ RunTime:0.026367s ]
INFO: [ view_end ] --START--
INFO: Run ShowPageTrace Behavior [ RunTime:0.004883s ]
INFO: [ view_end ] --END-- [ RunTime:0.004883s ]

[ 2014-09-11T11:57:10+08:00 ] 127.0.0.1 /p2p/index.php?m=Tpl&a=productList&type=%E4%BF%A1%E6%89%98%E4%BA%A7%E5%93%81
INFO: [ app_begin ] --START--
INFO: Run ReadHtmlCache Behavior [ RunTime:0.004883s ]
INFO: [ app_begin ] --END-- [ RunTime:0.005860s ]
INFO: [ view_template ] --START--
INFO: Run LocationTemplate Behavior [ RunTime:0.005860s ]
INFO: [ view_template ] --END-- [ RunTime:0.007812s ]
INFO: [ view_parse ] --START--
INFO: Run ParseTemplate Behavior [ RunTime:0.080078s ]
INFO: [ view_parse ] --END-- [ RunTime:0.083008s ]
INFO: [ view_filter ] --START--
INFO: Run ContentReplace Behavior [ RunTime:0.005860s ]
INFO: Run TokenBuild Behavior [ RunTime:0.005859s ]
INFO: Run WriteHtmlCache Behavior [ RunTime:0.002930s ]
INFO: Run ShowRuntime Behavior [ RunTime:0.004883s ]
INFO: [ view_filter ] --END-- [ RunTime:0.023437s ]
INFO: [ view_end ] --START--
INFO: Run ShowPageTrace Behavior [ RunTime:0.003906s ]
INFO: [ view_end ] --END-- [ RunTime:0.006836s ]

[ 2014-09-11T11:57:10+08:00 ] 127.0.0.1 /p2p/index.php?m=Tpl&a=productList&type=%E4%BF%A1%E6%89%98%E4%BA%A7%E5%93%81
INFO: [ app_begin ] --START--
INFO: Run ReadHtmlCache Behavior [ RunTime:0.006836s ]
INFO: [ app_begin ] --END-- [ RunTime:0.007812s ]
INFO: [ view_template ] --START--
INFO: Run LocationTemplate Behavior [ RunTime:0.010742s ]
INFO: [ view_template ] --END-- [ RunTime:0.012695s ]
INFO: [ view_parse ] --START--
INFO: Run ParseTemplate Behavior [ RunTime:0.098633s ]
INFO: [ view_parse ] --END-- [ RunTime:0.100586s ]
INFO: [ view_filter ] --START--
INFO: Run ContentReplace Behavior [ RunTime:0.007813s ]
INFO: Run TokenBuild Behavior [ RunTime:0.004883s ]
INFO: Run WriteHtmlCache Behavior [ RunTime:0.005859s ]
INFO: Run ShowRuntime Behavior [ RunTime:0.007812s ]
INFO: [ view_filter ] --END-- [ RunTime:0.028321s ]
INFO: [ view_end ] --START--
INFO: Run ShowPageTrace Behavior [ RunTime:0.011719s ]
INFO: [ view_end ] --END-- [ RunTime:0.011719s ]

[ 2014-09-11T11:58:00+08:00 ] 127.0.0.1 /p2p/index.php?m=Index&a=index
INFO: [ app_begin ] --START--
INFO: Run ReadHtmlCache Behavior [ RunTime:0.004883s ]
INFO: [ app_begin ] --END-- [ RunTime:0.005859s ]
INFO: [ view_template ] --START--
INFO: Run LocationTemplate Behavior [ RunTime:0.017578s ]
INFO: [ view_template ] --END-- [ RunTime:0.019531s ]
INFO: [ view_parse ] --START--
INFO: Run ParseTemplate Behavior [ RunTime:0.079102s ]
INFO: [ view_parse ] --END-- [ RunTime:0.080078s ]
INFO: [ view_filter ] --START--
INFO: Run ContentReplace Behavior [ RunTime:0.004882s ]
INFO: Run TokenBuild Behavior [ RunTime:0.016602s ]
INFO: Run WriteHtmlCache Behavior [ RunTime:0.007812s ]
INFO: Run ShowRuntime Behavior [ RunTime:0.004883s ]
INFO: [ view_filter ] --END-- [ RunTime:0.036132s ]
INFO: [ view_end ] --START--
INFO: Run ShowPageTrace Behavior [ RunTime:0.007812s ]
INFO: [ view_end ] --END-- [ RunTime:0.008789s ]

[ 2014-09-11T11:59:08+08:00 ] 127.0.0.1 /p2p/index.php?m=Tpl&a=productList&type=%E4%BF%A1%E6%89%98%E4%BA%A7%E5%93%81
INFO: [ app_begin ] --START--
INFO: Run ReadHtmlCache Behavior [ RunTime:0.003907s ]
INFO: [ app_begin ] --END-- [ RunTime:0.004883s ]
INFO: [ view_template ] --START--
INFO: Run LocationTemplate Behavior [ RunTime:0.009765s ]
INFO: [ view_template ] --END-- [ RunTime:0.011719s ]
INFO: [ view_parse ] --START--
INFO: Run ParseTemplate Behavior [ RunTime:0.048829s ]
INFO: [ view_parse ] --END-- [ RunTime:0.049805s ]
INFO: [ view_filter ] --START--
INFO: Run ContentReplace Behavior [ RunTime:0.003906s ]
INFO: Run TokenBuild Behavior [ RunTime:0.002930s ]
INFO: Run WriteHtmlCache Behavior [ RunTime:0.002930s ]
INFO: Run ShowRuntime Behavior [ RunTime:0.004883s ]
INFO: [ view_filter ] --END-- [ RunTime:0.016602s ]
INFO: [ view_end ] --START--
INFO: Run ShowPageTrace Behavior [ RunTime:0.002929s ]
INFO: [ view_end ] --END-- [ RunTime:0.004883s ]

[ 2014-09-11T11:59:08+08:00 ] 127.0.0.1 /p2p/index.php?m=Tpl&a=productList&type=%E4%BF%A1%E6%89%98%E4%BA%A7%E5%93%81
INFO: [ app_begin ] --START--
INFO: Run ReadHtmlCache Behavior [ RunTime:0.015625s ]
INFO: [ app_begin ] --END-- [ RunTime:0.017578s ]
INFO: [ view_template ] --START--
INFO: Run LocationTemplate Behavior [ RunTime:0.012696s ]
INFO: [ view_template ] --END-- [ RunTime:0.013672s ]
INFO: [ view_parse ] --START--
INFO: Run ParseTemplate Behavior [ RunTime:0.066406s ]
INFO: [ view_parse ] --END-- [ RunTime:0.068360s ]
INFO: [ view_filter ] --START--
INFO: Run ContentReplace Behavior [ RunTime:0.007813s ]
INFO: Run TokenBuild Behavior [ RunTime:0.004883s ]
INFO: Run WriteHtmlCache Behavior [ RunTime:0.017578s ]
INFO: Run ShowRuntime Behavior [ RunTime:0.005859s ]
INFO: [ view_filter ] --END-- [ RunTime:0.039062s ]
INFO: [ view_end ] --START--
INFO: Run ShowPageTrace Behavior [ RunTime:0.010742s ]
INFO: [ view_end ] --END-- [ RunTime:0.010742s ]

[ 2014-09-11T11:59:18+08:00 ] 127.0.0.1 /p2p/index.php?m=Index&a=index
INFO: [ app_begin ] --START--
INFO: Run ReadHtmlCache Behavior [ RunTime:0.007813s ]
INFO: [ app_begin ] --END-- [ RunTime:0.007813s ]
INFO: [ view_template ] --START--
INFO: Run LocationTemplate Behavior [ RunTime:0.008790s ]
INFO: [ view_template ] --END-- [ RunTime:0.009766s ]
INFO: [ view_parse ] --START--
NOTIC: [8] Undefined variable: var D:\SoftWare\wamp\www\p2p\core\ThinkPHP\Common\functions.php 第 255 行.
NOTIC: [2] array_reverse() expects parameter 1 to be array, null given D:\SoftWare\wamp\www\p2p\core\ThinkPHP\Common\functions.php 第 255 行.
NOTIC: [2] http_build_query(): Parameter 1 expected to be Array or Object.  Incorrect value given D:\SoftWare\wamp\www\p2p\core\ThinkPHP\Common\functions.php 第 255 行.
NOTIC: [8] Undefined variable: var D:\SoftWare\wamp\www\p2p\core\ThinkPHP\Common\functions.php 第 255 行.
NOTIC: [2] array_reverse() expects parameter 1 to be array, null given D:\SoftWare\wamp\www\p2p\core\ThinkPHP\Common\functions.php 第 255 行.
NOTIC: [2] http_build_query(): Parameter 1 expected to be Array or Object.  Incorrect value given D:\SoftWare\wamp\www\p2p\core\ThinkPHP\Common\functions.php 第 255 行.
NOTIC: [8] Undefined variable: var D:\SoftWare\wamp\www\p2p\core\ThinkPHP\Common\functions.php 第 255 行.
NOTIC: [2] array_reverse() expects parameter 1 to be array, null given D:\SoftWare\wamp\www\p2p\core\ThinkPHP\Common\functions.php 第 255 行.
NOTIC: [2] http_build_query(): Parameter 1 expected to be Array or Object.  Incorrect value given D:\SoftWare\wamp\www\p2p\core\ThinkPHP\Common\functions.php 第 255 行.
NOTIC: [8] Undefined variable: var D:\SoftWare\wamp\www\p2p\core\ThinkPHP\Common\functions.php 第 255 行.
NOTIC: [2] array_reverse() expects parameter 1 to be array, null given D:\SoftWare\wamp\www\p2p\core\ThinkPHP\Common\functions.php 第 255 行.
NOTIC: [2] http_build_query(): Parameter 1 expected to be Array or Object.  Incorrect value given D:\SoftWare\wamp\www\p2p\core\ThinkPHP\Common\functions.php 第 255 行.
INFO: Run ParseTemplate Behavior [ RunTime:0.081054s ]
INFO: [ view_parse ] --END-- [ RunTime:0.081054s ]
INFO: [ view_filter ] --START--
INFO: Run ContentReplace Behavior [ RunTime:0.008789s ]
INFO: Run TokenBuild Behavior [ RunTime:0.005859s ]
INFO: Run WriteHtmlCache Behavior [ RunTime:0.003907s ]
INFO: Run ShowRuntime Behavior [ RunTime:0.005860s ]
INFO: [ view_filter ] --END-- [ RunTime:0.028320s ]
INFO: [ view_end ] --START--
INFO: Run ShowPageTrace Behavior [ RunTime:0.015625s ]
INFO: [ view_end ] --END-- [ RunTime:0.023437s ]

[ 2014-09-11T11:59:27+08:00 ] 127.0.0.1 /p2p/
INFO: [ app_begin ] --START--
INFO: Run ReadHtmlCache Behavior [ RunTime:0.004882s ]
INFO: [ app_begin ] --END-- [ RunTime:0.005859s ]
INFO: [ view_template ] --START--
INFO: Run LocationTemplate Behavior [ RunTime:0.025390s ]
INFO: [ view_template ] --END-- [ RunTime:0.026367s ]
INFO: [ view_parse ] --START--
NOTIC: [8] Undefined variable: var D:\SoftWare\wamp\www\p2p\core\ThinkPHP\Common\functions.php 第 255 行.
NOTIC: [2] array_reverse() expects parameter 1 to be array, null given D:\SoftWare\wamp\www\p2p\core\ThinkPHP\Common\functions.php 第 255 行.
NOTIC: [2] http_build_query(): Parameter 1 expected to be Array or Object.  Incorrect value given D:\SoftWare\wamp\www\p2p\core\ThinkPHP\Common\functions.php 第 255 行.
NOTIC: [8] Undefined variable: var D:\SoftWare\wamp\www\p2p\core\ThinkPHP\Common\functions.php 第 255 行.
NOTIC: [2] array_reverse() expects parameter 1 to be array, null given D:\SoftWare\wamp\www\p2p\core\ThinkPHP\Common\functions.php 第 255 行.
NOTIC: [2] http_build_query(): Parameter 1 expected to be Array or Object.  Incorrect value given D:\SoftWare\wamp\www\p2p\core\ThinkPHP\Common\functions.php 第 255 行.
NOTIC: [8] Undefined variable: var D:\SoftWare\wamp\www\p2p\core\ThinkPHP\Common\functions.php 第 255 行.
NOTIC: [2] array_reverse() expects parameter 1 to be array, null given D:\SoftWare\wamp\www\p2p\core\ThinkPHP\Common\functions.php 第 255 行.
NOTIC: [2] http_build_query(): Parameter 1 expected to be Array or Object.  Incorrect value given D:\SoftWare\wamp\www\p2p\core\ThinkPHP\Common\functions.php 第 255 行.
NOTIC: [8] Undefined variable: var D:\SoftWare\wamp\www\p2p\core\ThinkPHP\Common\functions.php 第 255 行.
NOTIC: [2] array_reverse() expects parameter 1 to be array, null given D:\SoftWare\wamp\www\p2p\core\ThinkPHP\Common\functions.php 第 255 行.
NOTIC: [2] http_build_query(): Parameter 1 expected to be Array or Object.  Incorrect value given D:\SoftWare\wamp\www\p2p\core\ThinkPHP\Common\functions.php 第 255 行.
INFO: Run ParseTemplate Behavior [ RunTime:0.165039s ]
INFO: [ view_parse ] --END-- [ RunTime:0.166992s ]
INFO: [ view_filter ] --START--
INFO: Run ContentReplace Behavior [ RunTime:0.006836s ]
INFO: Run TokenBuild Behavior [ RunTime:0.024414s ]
INFO: Run WriteHtmlCache Behavior [ RunTime:0.004883s ]
INFO: Run ShowRuntime Behavior [ RunTime:0.005859s ]
INFO: [ view_filter ] --END-- [ RunTime:0.043945s ]
INFO: [ view_end ] --START--
INFO: Run ShowPageTrace Behavior [ RunTime:0.041016s ]
INFO: [ view_end ] --END-- [ RunTime:0.041992s ]

[ 2014-09-11T12:01:12+08:00 ] 127.0.0.1 /p2p/
INFO: [ app_begin ] --START--
INFO: Run ReadHtmlCache Behavior [ RunTime:0.006836s ]
INFO: [ app_begin ] --END-- [ RunTime:0.011719s ]
INFO: [ view_template ] --START--
INFO: Run LocationTemplate Behavior [ RunTime:0.009766s ]
INFO: [ view_template ] --END-- [ RunTime:0.011719s ]
INFO: [ view_parse ] --START--
INFO: Run ParseTemplate Behavior [ RunTime:0.080078s ]
INFO: [ view_parse ] --END-- [ RunTime:0.081054s ]
INFO: [ view_filter ] --START--
INFO: Run ContentReplace Behavior [ RunTime:0.004883s ]
INFO: Run TokenBuild Behavior [ RunTime:0.004883s ]
INFO: Run WriteHtmlCache Behavior [ RunTime:0.003906s ]
INFO: Run ShowRuntime Behavior [ RunTime:0.007812s ]
INFO: [ view_filter ] --END-- [ RunTime:0.024414s ]
INFO: [ view_end ] --START--
INFO: Run ShowPageTrace Behavior [ RunTime:0.006836s ]
INFO: [ view_end ] --END-- [ RunTime:0.007812s ]

[ 2014-09-11T12:59:06+08:00 ] 127.0.0.1 /p2p/index.php?m=Tpl&a=productList&type=%E4%BF%A1%E6%89%98%E4%BA%A7%E5%93%81
INFO: [ app_begin ] --START--
INFO: Run ReadHtmlCache Behavior [ RunTime:0.004882s ]
INFO: [ app_begin ] --END-- [ RunTime:0.007812s ]
INFO: [ view_template ] --START--
INFO: Run LocationTemplate Behavior [ RunTime:0.004883s ]
INFO: [ view_template ] --END-- [ RunTime:0.005859s ]
INFO: [ view_parse ] --START--
INFO: Run ParseTemplate Behavior [ RunTime:0.052734s ]
INFO: [ view_parse ] --END-- [ RunTime:0.054688s ]
INFO: [ view_filter ] --START--
INFO: Run ContentReplace Behavior [ RunTime:0.002930s ]
INFO: Run TokenBuild Behavior [ RunTime:0.003906s ]
INFO: Run WriteHtmlCache Behavior [ RunTime:0.002930s ]
INFO: Run ShowRuntime Behavior [ RunTime:0.006836s ]
INFO: [ view_filter ] --END-- [ RunTime:0.017578s ]
INFO: [ view_end ] --START--
INFO: Run ShowPageTrace Behavior [ RunTime:0.003907s ]
INFO: [ view_end ] --END-- [ RunTime:0.003907s ]

[ 2014-09-11T12:59:06+08:00 ] 127.0.0.1 /p2p/index.php?m=Tpl&a=productList&type=%E4%BF%A1%E6%89%98%E4%BA%A7%E5%93%81
INFO: [ app_begin ] --START--
INFO: Run ReadHtmlCache Behavior [ RunTime:0.007813s ]
INFO: [ app_begin ] --END-- [ RunTime:0.009766s ]
INFO: [ view_template ] --START--
INFO: Run LocationTemplate Behavior [ RunTime:0.011719s ]
INFO: [ view_template ] --END-- [ RunTime:0.012695s ]
INFO: [ view_parse ] --START--
INFO: Run ParseTemplate Behavior [ RunTime:0.070312s ]
INFO: [ view_parse ] --END-- [ RunTime:0.071289s ]
INFO: [ view_filter ] --START--
INFO: Run ContentReplace Behavior [ RunTime:0.015625s ]
INFO: Run TokenBuild Behavior [ RunTime:0.004883s ]
INFO: Run WriteHtmlCache Behavior [ RunTime:0.005859s ]
INFO: Run ShowRuntime Behavior [ RunTime:0.005859s ]
INFO: [ view_filter ] --END-- [ RunTime:0.035156s ]
INFO: [ view_end ] --START--
INFO: Run ShowPageTrace Behavior [ RunTime:0.004883s ]
INFO: [ view_end ] --END-- [ RunTime:0.005860s ]

[ 2014-09-11T13:27:32+08:00 ] 127.0.0.1 /p2p/index.php?m=Tpl&a=productList&type=%E4%BF%A1%E6%89%98%E4%BA%A7%E5%93%81#
INFO: [ app_begin ] --START--
INFO: Run ReadHtmlCache Behavior [ RunTime:0.004883s ]
INFO: [ app_begin ] --END-- [ RunTime:0.018555s ]
INFO: [ view_template ] --START--
INFO: Run LocationTemplate Behavior [ RunTime:0.006836s ]
INFO: [ view_template ] --END-- [ RunTime:0.006836s ]
INFO: [ view_parse ] --START--
INFO: Run ParseTemplate Behavior [ RunTime:0.061523s ]
INFO: [ view_parse ] --END-- [ RunTime:0.061523s ]
INFO: [ view_filter ] --START--
INFO: Run ContentReplace Behavior [ RunTime:0.003906s ]
INFO: Run TokenBuild Behavior [ RunTime:0.004883s ]
INFO: Run WriteHtmlCache Behavior [ RunTime:0.002929s ]
INFO: Run ShowRuntime Behavior [ RunTime:0.004883s ]
INFO: [ view_filter ] --END-- [ RunTime:0.018555s ]
INFO: [ view_end ] --START--
INFO: Run ShowPageTrace Behavior [ RunTime:0.004883s ]
INFO: [ view_end ] --END-- [ RunTime:0.004883s ]

[ 2014-09-11T13:43:06+08:00 ] 127.0.0.1 /p2p/index.php?m=Tpl&a=productList&type=%E4%BF%A1%E6%89%98%E4%BA%A7%E5%93%81#
INFO: [ app_begin ] --START--
INFO: Run ReadHtmlCache Behavior [ RunTime:0.003906s ]
INFO: [ app_begin ] --END-- [ RunTime:0.003906s ]
INFO: [ view_template ] --START--
INFO: Run LocationTemplate Behavior [ RunTime:0.005860s ]
INFO: [ view_template ] --END-- [ RunTime:0.006836s ]
INFO: [ view_parse ] --START--
INFO: Run ParseTemplate Behavior [ RunTime:0.060547s ]
INFO: [ view_parse ] --END-- [ RunTime:0.060547s ]
INFO: [ view_filter ] --START--
INFO: Run ContentReplace Behavior [ RunTime:0.002930s ]
INFO: Run TokenBuild Behavior [ RunTime:0.003906s ]
INFO: Run WriteHtmlCache Behavior [ RunTime:0.001953s ]
INFO: Run ShowRuntime Behavior [ RunTime:0.003907s ]
INFO: [ view_filter ] --END-- [ RunTime:0.017578s ]
INFO: [ view_end ] --START--
INFO: Run ShowPageTrace Behavior [ RunTime:0.002929s ]
INFO: [ view_end ] --END-- [ RunTime:0.003906s ]

[ 2014-09-11T13:43:11+08:00 ] 127.0.0.1 /p2p/index.php?m=Tpl&a=productList&type=%E4%BF%A1%E6%89%98%E4%BA%A7%E5%93%81#
INFO: [ app_begin ] --START--
INFO: Run ReadHtmlCache Behavior [ RunTime:0.003906s ]
INFO: [ app_begin ] --END-- [ RunTime:0.003906s ]
INFO: [ view_template ] --START--
INFO: Run LocationTemplate Behavior [ RunTime:0.001953s ]
INFO: [ view_template ] --END-- [ RunTime:0.002930s ]
INFO: [ view_parse ] --START--
INFO: Run ParseTemplate Behavior [ RunTime:0.125000s ]
INFO: [ view_parse ] --END-- [ RunTime:0.125976s ]
INFO: [ view_filter ] --START--
INFO: Run ContentReplace Behavior [ RunTime:0.001953s ]
INFO: Run TokenBuild Behavior [ RunTime:0.003906s ]
INFO: Run WriteHtmlCache Behavior [ RunTime:0.001953s ]
INFO: Run ShowRuntime Behavior [ RunTime:0.004883s ]
INFO: [ view_filter ] --END-- [ RunTime:0.014649s ]
INFO: [ view_end ] --START--
INFO: Run ShowPageTrace Behavior [ RunTime:0.001953s ]
INFO: [ view_end ] --END-- [ RunTime:0.002929s ]

[ 2014-09-11T13:43:14+08:00 ] 127.0.0.1 /p2p/index.php?m=Tpl&a=productList&type=%E4%BF%A1%E6%89%98%E4%BA%A7%E5%93%81#
INFO: [ app_begin ] --START--
INFO: Run ReadHtmlCache Behavior [ RunTime:0.003906s ]
INFO: [ app_begin ] --END-- [ RunTime:0.003906s ]
INFO: [ view_template ] --START--
INFO: Run LocationTemplate Behavior [ RunTime:0.002930s ]
INFO: [ view_template ] --END-- [ RunTime:0.002930s ]
INFO: [ view_parse ] --START--
INFO: Run ParseTemplate Behavior [ RunTime:0.058594s ]
INFO: [ view_parse ] --END-- [ RunTime:0.059571s ]
INFO: [ view_filter ] --START--
INFO: Run ContentReplace Behavior [ RunTime:0.003906s ]
INFO: Run TokenBuild Behavior [ RunTime:0.002930s ]
INFO: Run WriteHtmlCache Behavior [ RunTime:0.001953s ]
INFO: Run ShowRuntime Behavior [ RunTime:0.002930s ]
INFO: [ view_filter ] --END-- [ RunTime:0.012696s ]
INFO: [ view_end ] --START--
INFO: Run ShowPageTrace Behavior [ RunTime:0.002929s ]
INFO: [ view_end ] --END-- [ RunTime:0.002929s ]

[ 2014-09-11T15:36:32+08:00 ] 127.0.0.1 /p2p/index.php?m=Tpl&a=productList&type=%E4%BF%A1%E6%89%98%E4%BA%A7%E5%93%81
INFO: [ app_begin ] --START--
INFO: Run ReadHtmlCache Behavior [ RunTime:0.008789s ]
INFO: [ app_begin ] --END-- [ RunTime:0.010742s ]
INFO: [ view_template ] --START--
INFO: Run LocationTemplate Behavior [ RunTime:0.013672s ]
INFO: [ view_template ] --END-- [ RunTime:0.014649s ]
INFO: [ view_parse ] --START--
INFO: Run ParseTemplate Behavior [ RunTime:0.123047s ]
INFO: [ view_parse ] --END-- [ RunTime:0.123047s ]
INFO: [ view_filter ] --START--
INFO: Run ContentReplace Behavior [ RunTime:0.019531s ]
INFO: Run TokenBuild Behavior [ RunTime:0.008789s ]
INFO: Run WriteHtmlCache Behavior [ RunTime:0.006835s ]
INFO: Run ShowRuntime Behavior [ RunTime:0.006836s ]
INFO: [ view_filter ] --END-- [ RunTime:0.043945s ]
INFO: [ view_end ] --START--
INFO: Run ShowPageTrace Behavior [ RunTime:0.008789s ]
INFO: [ view_end ] --END-- [ RunTime:0.010742s ]

[ 2014-09-11T15:36:33+08:00 ] 127.0.0.1 /p2p/index.php?m=Tpl&a=productList&type=%E4%BF%A1%E6%89%98%E4%BA%A7%E5%93%81
INFO: [ app_begin ] --START--
INFO: Run ReadHtmlCache Behavior [ RunTime:0.017578s ]
INFO: [ app_begin ] --END-- [ RunTime:0.026367s ]
INFO: [ view_template ] --START--
INFO: Run LocationTemplate Behavior [ RunTime:0.019531s ]
INFO: [ view_template ] --END-- [ RunTime:0.021484s ]
INFO: [ view_parse ] --START--
INFO: Run ParseTemplate Behavior [ RunTime:0.143555s ]
INFO: [ view_parse ] --END-- [ RunTime:0.143555s ]
INFO: [ view_filter ] --START--
INFO: Run ContentReplace Behavior [ RunTime:0.007812s ]
INFO: Run TokenBuild Behavior [ RunTime:0.012695s ]
INFO: Run WriteHtmlCache Behavior [ RunTime:0.012695s ]
INFO: Run ShowRuntime Behavior [ RunTime:0.013671s ]
INFO: [ view_filter ] --END-- [ RunTime:0.050781s ]
INFO: [ view_end ] --START--
INFO: Run ShowPageTrace Behavior [ RunTime:0.010742s ]
INFO: [ view_end ] --END-- [ RunTime:0.012695s ]

