[ 2014-09-03T09:40:15+08:00 ] 127.0.0.1 /p2p/index.php?m=Public&a=login
INFO: [ app_begin ] --START--
INFO: Run ReadHtmlCache Behavior [ RunTime:0.002930s ]
INFO: [ app_begin ] --END-- [ RunTime:0.003906s ]
INFO: [ view_template ] --START--
INFO: Run LocationTemplate Behavior [ RunTime:0.071289s ]
INFO: [ view_template ] --END-- [ RunTime:0.071289s ]
INFO: [ view_parse ] --START--
INFO: Run ParseTemplate Behavior [ RunTime:0.153321s ]
INFO: [ view_parse ] --END-- [ RunTime:0.155274s ]
INFO: [ view_filter ] --START--
INFO: Run ContentReplace Behavior [ RunTime:0.026368s ]
INFO: Run TokenBuild Behavior [ RunTime:0.041016s ]
INFO: Run WriteHtmlCache Behavior [ RunTime:0.006836s ]
INFO: Run ShowRuntime Behavior [ RunTime:0.021485s ]
INFO: [ view_filter ] --END-- [ RunTime:0.098633s ]
INFO: [ view_end ] --START--
INFO: Run ShowPageTrace Behavior [ RunTime:0.006836s ]
INFO: [ view_end ] --END-- [ RunTime:0.007813s ]

[ 2014-09-03T09:40:21+08:00 ] 127.0.0.1 /p2p/index.php?g=Admin&m=Public&a=doLogin
INFO: [ app_begin ] --START--
INFO: Run ReadHtmlCache Behavior [ RunTime:0.002930s ]
INFO: [ app_begin ] --END-- [ RunTime:0.002930s ]
SQL: SHOW COLUMNS FROM `p_user` [ RunTime:0.145507s ]
SQL: SELECT * FROM `p_user` WHERE ( name='chen' AND password='e10adc3949ba59abbe56e057f20f883e' ) LIMIT 1   [ RunTime:0.038086s ]
INFO: [ view_template ] --START--
INFO: Run LocationTemplate Behavior [ RunTime:0.003906s ]
INFO: [ view_template ] --END-- [ RunTime:0.003906s ]
INFO: [ view_parse ] --START--
INFO: Run ParseTemplate Behavior [ RunTime:0.080078s ]
INFO: [ view_parse ] --END-- [ RunTime:0.081054s ]
INFO: [ view_filter ] --START--
INFO: Run ContentReplace Behavior [ RunTime:0.001953s ]
INFO: Run TokenBuild Behavior [ RunTime:0.002930s ]
INFO: Run WriteHtmlCache Behavior [ RunTime:0.001953s ]
INFO: Run ShowRuntime Behavior [ RunTime:0.002929s ]
INFO: [ view_filter ] --END-- [ RunTime:0.010742s ]
INFO: [ view_end ] --START--
INFO: Run ShowPageTrace Behavior [ RunTime:0.001953s ]
INFO: [ view_end ] --END-- [ RunTime:0.003906s ]

[ 2014-09-03T09:40:22+08:00 ] 127.0.0.1 /p2p/index.php?g=Admin&m=Index&a=index
INFO: [ app_begin ] --START--
INFO: Run ReadHtmlCache Behavior [ RunTime:0.001953s ]
INFO: [ app_begin ] --END-- [ RunTime:0.003906s ]
INFO: [ view_template ] --START--
INFO: Run LocationTemplate Behavior [ RunTime:0.021484s ]
INFO: [ view_template ] --END-- [ RunTime:0.021484s ]
INFO: [ view_parse ] --START--
NOTIC: [8] Undefined index: userInfo D:\SoftWare\wamp\www\p2p\app\Runtime\Cache\Admin\4b70113722ede13045c3ae2dd49777cf.php 第 15 行.
INFO: Run ParseTemplate Behavior [ RunTime:0.065430s ]
INFO: [ view_parse ] --END-- [ RunTime:0.066407s ]
INFO: [ view_filter ] --START--
INFO: Run ContentReplace Behavior [ RunTime:0.001953s ]
INFO: Run TokenBuild Behavior [ RunTime:0.001954s ]
INFO: Run WriteHtmlCache Behavior [ RunTime:0.000977s ]
INFO: Run ShowRuntime Behavior [ RunTime:0.001953s ]
INFO: [ view_filter ] --END-- [ RunTime:0.010742s ]
INFO: [ view_end ] --START--
INFO: Run ShowPageTrace Behavior [ RunTime:0.002930s ]
INFO: [ view_end ] --END-- [ RunTime:0.002930s ]

