[ 2014-09-04T09:11:23+08:00 ] 127.0.0.1 /p2p/index.php?m=Public&a=login
INFO: [ app_begin ] --START--
INFO: Run ReadHtmlCache Behavior [ RunTime:0.002929s ]
INFO: [ app_begin ] --END-- [ RunTime:0.003906s ]
INFO: [ view_template ] --START--
INFO: Run LocationTemplate Behavior [ RunTime:0.020508s ]
INFO: [ view_template ] --END-- [ RunTime:0.020508s ]
INFO: [ view_parse ] --START--
INFO: Run ParseTemplate Behavior [ RunTime:0.081055s ]
INFO: [ view_parse ] --END-- [ RunTime:0.082032s ]
INFO: [ view_filter ] --START--
INFO: Run ContentReplace Behavior [ RunTime:0.011719s ]
INFO: Run TokenBuild Behavior [ RunTime:0.005859s ]
INFO: Run WriteHtmlCache Behavior [ RunTime:0.003906s ]
INFO: Run ShowRuntime Behavior [ RunTime:0.005860s ]
INFO: [ view_filter ] --END-- [ RunTime:0.028320s ]
INFO: [ view_end ] --START--
INFO: Run ShowPageTrace Behavior [ RunTime:0.026368s ]
INFO: [ view_end ] --END-- [ RunTime:0.026368s ]

[ 2014-09-04T09:11:32+08:00 ] 127.0.0.1 /p2p/index.php?g=Admin&m=Public&a=doLogin
INFO: [ app_begin ] --START--
INFO: Run ReadHtmlCache Behavior [ RunTime:0.002930s ]
INFO: [ app_begin ] --END-- [ RunTime:0.004883s ]
SQL: SHOW COLUMNS FROM `p_user` [ RunTime:0.169922s ]
SQL: SELECT * FROM `p_user` WHERE ( name='chen' AND password='e10adc3949ba59abbe56e057f20f883e' ) LIMIT 1   [ RunTime:0.020508s ]
INFO: [ view_template ] --START--
INFO: Run LocationTemplate Behavior [ RunTime:0.003906s ]
INFO: [ view_template ] --END-- [ RunTime:0.003906s ]
INFO: [ view_parse ] --START--
INFO: Run ParseTemplate Behavior [ RunTime:0.050782s ]
INFO: [ view_parse ] --END-- [ RunTime:0.051758s ]
INFO: [ view_filter ] --START--
INFO: Run ContentReplace Behavior [ RunTime:0.002930s ]
INFO: Run TokenBuild Behavior [ RunTime:0.002930s ]
INFO: Run WriteHtmlCache Behavior [ RunTime:0.001953s ]
INFO: Run ShowRuntime Behavior [ RunTime:0.002929s ]
INFO: [ view_filter ] --END-- [ RunTime:0.011719s ]
INFO: [ view_end ] --START--
INFO: Run ShowPageTrace Behavior [ RunTime:0.002930s ]
INFO: [ view_end ] --END-- [ RunTime:0.003907s ]

[ 2014-09-04T09:11:33+08:00 ] 127.0.0.1 /p2p/index.php?g=Admin&m=Index&a=index
INFO: [ app_begin ] --START--
INFO: Run ReadHtmlCache Behavior [ RunTime:0.002930s ]
INFO: [ app_begin ] --END-- [ RunTime:0.002930s ]
INFO: [ view_template ] --START--
INFO: Run LocationTemplate Behavior [ RunTime:0.004883s ]
INFO: [ view_template ] --END-- [ RunTime:0.005860s ]
INFO: [ view_parse ] --START--
NOTIC: [8] Undefined index: userInfo D:\SoftWare\wamp\www\p2p\app\Runtime\Cache\Admin\4b70113722ede13045c3ae2dd49777cf.php 第 15 行.
INFO: Run ParseTemplate Behavior [ RunTime:0.082031s ]
INFO: [ view_parse ] --END-- [ RunTime:0.083007s ]
INFO: [ view_filter ] --START--
INFO: Run ContentReplace Behavior [ RunTime:0.002930s ]
INFO: Run TokenBuild Behavior [ RunTime:0.003906s ]
INFO: Run WriteHtmlCache Behavior [ RunTime:0.001953s ]
INFO: Run ShowRuntime Behavior [ RunTime:0.003906s ]
INFO: [ view_filter ] --END-- [ RunTime:0.012695s ]
INFO: [ view_end ] --START--
INFO: Run ShowPageTrace Behavior [ RunTime:0.002930s ]
INFO: [ view_end ] --END-- [ RunTime:0.004883s ]

[ 2014-09-04T09:58:23+08:00 ] 127.0.0.1 /p2p/index.php?m=Public&a=login
INFO: [ app_begin ] --START--
INFO: Run ReadHtmlCache Behavior [ RunTime:0.002930s ]
INFO: [ app_begin ] --END-- [ RunTime:0.002930s ]
INFO: [ view_template ] --START--
INFO: Run LocationTemplate Behavior [ RunTime:0.016601s ]
INFO: [ view_template ] --END-- [ RunTime:0.017578s ]
INFO: [ view_parse ] --START--
INFO: Run ParseTemplate Behavior [ RunTime:0.111328s ]
INFO: [ view_parse ] --END-- [ RunTime:0.112304s ]
INFO: [ view_filter ] --START--
INFO: Run ContentReplace Behavior [ RunTime:0.002930s ]
INFO: Run TokenBuild Behavior [ RunTime:0.007812s ]
INFO: Run WriteHtmlCache Behavior [ RunTime:0.014648s ]
INFO: Run ShowRuntime Behavior [ RunTime:0.007813s ]
INFO: [ view_filter ] --END-- [ RunTime:0.039063s ]
INFO: [ view_end ] --START--
INFO: Run ShowPageTrace Behavior [ RunTime:0.004882s ]
INFO: [ view_end ] --END-- [ RunTime:0.004882s ]

[ 2014-09-04T09:58:52+08:00 ] ERR: (ThinkException) 模板不存在[./app/Tpl/Home/Gaoli/index.html]
[ 2014-09-04T09:59:31+08:00 ] 127.0.0.1 /p2p/
INFO: [ app_begin ] --START--
INFO: Run ReadHtmlCache Behavior [ RunTime:0.002929s ]
INFO: [ app_begin ] --END-- [ RunTime:0.003906s ]
INFO: [ view_template ] --START--
INFO: Run LocationTemplate Behavior [ RunTime:0.004883s ]
INFO: [ view_template ] --END-- [ RunTime:0.004883s ]
INFO: [ view_parse ] --START--
INFO: Run ParseTemplate Behavior [ RunTime:0.074219s ]
INFO: [ view_parse ] --END-- [ RunTime:0.074219s ]
INFO: [ view_filter ] --START--
INFO: Run ContentReplace Behavior [ RunTime:0.002930s ]
INFO: Run TokenBuild Behavior [ RunTime:0.003906s ]
INFO: Run WriteHtmlCache Behavior [ RunTime:0.001953s ]
INFO: Run ShowRuntime Behavior [ RunTime:0.004883s ]
INFO: [ view_filter ] --END-- [ RunTime:0.014649s ]
INFO: [ view_end ] --START--
INFO: Run ShowPageTrace Behavior [ RunTime:0.004883s ]
INFO: [ view_end ] --END-- [ RunTime:0.004883s ]

[ 2014-09-04T10:01:01+08:00 ] 127.0.0.1 /p2p/
INFO: [ app_begin ] --START--
INFO: Run ReadHtmlCache Behavior [ RunTime:0.004883s ]
INFO: [ app_begin ] --END-- [ RunTime:0.007812s ]
INFO: [ view_template ] --START--
INFO: Run LocationTemplate Behavior [ RunTime:0.005859s ]
INFO: [ view_template ] --END-- [ RunTime:0.006836s ]
INFO: [ view_parse ] --START--
INFO: Run ParseTemplate Behavior [ RunTime:0.059571s ]
INFO: [ view_parse ] --END-- [ RunTime:0.059571s ]
INFO: [ view_filter ] --START--
INFO: Run ContentReplace Behavior [ RunTime:0.009766s ]
INFO: Run TokenBuild Behavior [ RunTime:0.002929s ]
INFO: Run WriteHtmlCache Behavior [ RunTime:0.004883s ]
INFO: Run ShowRuntime Behavior [ RunTime:0.015625s ]
INFO: [ view_filter ] --END-- [ RunTime:0.033203s ]
INFO: [ view_end ] --START--
INFO: Run ShowPageTrace Behavior [ RunTime:0.003906s ]
INFO: [ view_end ] --END-- [ RunTime:0.003906s ]

[ 2014-09-04T10:03:34+08:00 ] 127.0.0.1 /p2p/
INFO: [ app_begin ] --START--
INFO: Run ReadHtmlCache Behavior [ RunTime:0.003906s ]
INFO: [ app_begin ] --END-- [ RunTime:0.004883s ]
INFO: [ view_template ] --START--
INFO: Run LocationTemplate Behavior [ RunTime:0.007813s ]
INFO: [ view_template ] --END-- [ RunTime:0.008789s ]
INFO: [ view_parse ] --START--
INFO: Run ParseTemplate Behavior [ RunTime:0.084961s ]
INFO: [ view_parse ] --END-- [ RunTime:0.085938s ]
INFO: [ view_filter ] --START--
INFO: Run ContentReplace Behavior [ RunTime:0.004883s ]
INFO: Run TokenBuild Behavior [ RunTime:0.003906s ]
INFO: Run WriteHtmlCache Behavior [ RunTime:0.002930s ]
INFO: Run ShowRuntime Behavior [ RunTime:0.008789s ]
INFO: [ view_filter ] --END-- [ RunTime:0.026367s ]
INFO: [ view_end ] --START--
INFO: Run ShowPageTrace Behavior [ RunTime:0.006836s ]
INFO: [ view_end ] --END-- [ RunTime:0.007813s ]

[ 2014-09-04T10:07:57+08:00 ] 127.0.0.1 /p2p/
INFO: [ app_begin ] --START--
INFO: Run ReadHtmlCache Behavior [ RunTime:0.047852s ]
INFO: [ app_begin ] --END-- [ RunTime:0.047852s ]
INFO: [ view_template ] --START--
INFO: Run LocationTemplate Behavior [ RunTime:0.010742s ]
INFO: [ view_template ] --END-- [ RunTime:0.010742s ]
INFO: [ view_parse ] --START--
INFO: Run ParseTemplate Behavior [ RunTime:0.054687s ]
INFO: [ view_parse ] --END-- [ RunTime:0.058594s ]
INFO: [ view_filter ] --START--
INFO: Run ContentReplace Behavior [ RunTime:0.002929s ]
INFO: Run TokenBuild Behavior [ RunTime:0.002930s ]
INFO: Run WriteHtmlCache Behavior [ RunTime:0.020508s ]
INFO: Run ShowRuntime Behavior [ RunTime:0.003906s ]
INFO: [ view_filter ] --END-- [ RunTime:0.033203s ]
INFO: [ view_end ] --START--
INFO: Run ShowPageTrace Behavior [ RunTime:0.002930s ]
INFO: [ view_end ] --END-- [ RunTime:0.004883s ]

[ 2014-09-04T17:48:41+08:00 ] 127.0.0.1 /p2p/index.php?g=Admin&m=Article&a=ls
INFO: [ app_begin ] --START--
INFO: Run ReadHtmlCache Behavior [ RunTime:0.007812s ]
INFO: [ app_begin ] --END-- [ RunTime:0.031250s ]
SQL: SHOW COLUMNS FROM `p_order` [ RunTime:1.262696s ]
SQL: SELECT * FROM `p_order`  [ RunTime:0.000000s ]
INFO: [ view_template ] --START--
INFO: Run LocationTemplate Behavior [ RunTime:0.015625s ]
INFO: [ view_template ] --END-- [ RunTime:0.023437s ]
INFO: [ view_parse ] --START--
NOTIC: [8] Use of undefined constant id - assumed 'id' D:\SoftWare\wamp\www\p2p\app\Runtime\Cache\Admin\173312f424a6127fd6c31862a819afb3.php 第 62 行.
INFO: Run ParseTemplate Behavior [ RunTime:0.187500s ]
INFO: [ view_parse ] --END-- [ RunTime:0.187500s ]
INFO: [ view_filter ] --START--
INFO: Run ContentReplace Behavior [ RunTime:0.000000s ]
INFO: Run TokenBuild Behavior [ RunTime:0.007813s ]
INFO: Run WriteHtmlCache Behavior [ RunTime:0.023437s ]
INFO: Run ShowRuntime Behavior [ RunTime:0.015625s ]
INFO: [ view_filter ] --END-- [ RunTime:0.046875s ]
INFO: [ view_end ] --START--
INFO: Run ShowPageTrace Behavior [ RunTime:0.015625s ]
INFO: [ view_end ] --END-- [ RunTime:0.015625s ]

[ 2014-09-04T17:48:41+08:00 ] 127.0.0.1 /p2p/index.php?g=Admin&m=Article&a=ls
INFO: [ app_begin ] --START--
INFO: Run ReadHtmlCache Behavior [ RunTime:0.000000s ]
INFO: [ app_begin ] --END-- [ RunTime:0.070313s ]
SQL: SHOW COLUMNS FROM `p_order` [ RunTime:0.041016s ]
SQL: SELECT * FROM `p_order`  [ RunTime:0.001953s ]
INFO: [ view_template ] --START--
INFO: Run LocationTemplate Behavior [ RunTime:0.004883s ]
INFO: [ view_template ] --END-- [ RunTime:0.006836s ]
INFO: [ view_parse ] --START--
NOTIC: [8] Use of undefined constant id - assumed 'id' D:\SoftWare\wamp\www\p2p\app\Runtime\Cache\Admin\173312f424a6127fd6c31862a819afb3.php 第 62 行.
INFO: Run ParseTemplate Behavior [ RunTime:0.066406s ]
INFO: [ view_parse ] --END-- [ RunTime:0.067382s ]
INFO: [ view_filter ] --START--
INFO: Run ContentReplace Behavior [ RunTime:0.000000s ]
INFO: Run TokenBuild Behavior [ RunTime:0.007813s ]
INFO: Run WriteHtmlCache Behavior [ RunTime:0.000000s ]
INFO: Run ShowRuntime Behavior [ RunTime:0.007812s ]
INFO: [ view_filter ] --END-- [ RunTime:0.015625s ]
INFO: [ view_end ] --START--
INFO: Run ShowPageTrace Behavior [ RunTime:0.000000s ]
INFO: [ view_end ] --END-- [ RunTime:0.000000s ]

[ 2014-09-04T17:48:42+08:00 ] 127.0.0.1 /p2p/index.php?g=Admin&m=Article&a=ls
INFO: [ app_begin ] --START--
INFO: Run ReadHtmlCache Behavior [ RunTime:0.000000s ]
INFO: [ app_begin ] --END-- [ RunTime:0.007813s ]
SQL: SHOW COLUMNS FROM `p_order` [ RunTime:0.046875s ]
SQL: SELECT * FROM `p_order`  [ RunTime:0.007813s ]
INFO: [ view_template ] --START--
INFO: Run LocationTemplate Behavior [ RunTime:0.000000s ]
INFO: [ view_template ] --END-- [ RunTime:0.007812s ]
INFO: [ view_parse ] --START--
NOTIC: [8] Use of undefined constant id - assumed 'id' D:\SoftWare\wamp\www\p2p\app\Runtime\Cache\Admin\173312f424a6127fd6c31862a819afb3.php 第 62 行.
INFO: Run ParseTemplate Behavior [ RunTime:0.054688s ]
INFO: [ view_parse ] --END-- [ RunTime:0.054688s ]
INFO: [ view_filter ] --START--
INFO: Run ContentReplace Behavior [ RunTime:0.000000s ]
INFO: Run TokenBuild Behavior [ RunTime:0.007812s ]
INFO: Run WriteHtmlCache Behavior [ RunTime:0.000000s ]
INFO: Run ShowRuntime Behavior [ RunTime:0.007813s ]
INFO: [ view_filter ] --END-- [ RunTime:0.015625s ]
INFO: [ view_end ] --START--
INFO: Run ShowPageTrace Behavior [ RunTime:0.000000s ]
INFO: [ view_end ] --END-- [ RunTime:0.000000s ]

[ 2014-09-04T17:48:42+08:00 ] 127.0.0.1 /p2p/index.php?g=Admin&m=Article&a=ls
INFO: [ app_begin ] --START--
INFO: Run ReadHtmlCache Behavior [ RunTime:0.007813s ]
INFO: [ app_begin ] --END-- [ RunTime:0.007813s ]
SQL: SHOW COLUMNS FROM `p_order` [ RunTime:0.015625s ]
SQL: SELECT * FROM `p_order`  [ RunTime:0.000000s ]
INFO: [ view_template ] --START--
INFO: Run LocationTemplate Behavior [ RunTime:0.007812s ]
INFO: [ view_template ] --END-- [ RunTime:0.007812s ]
INFO: [ view_parse ] --START--
NOTIC: [8] Use of undefined constant id - assumed 'id' D:\SoftWare\wamp\www\p2p\app\Runtime\Cache\Admin\173312f424a6127fd6c31862a819afb3.php 第 62 行.
INFO: Run ParseTemplate Behavior [ RunTime:0.054688s ]
INFO: [ view_parse ] --END-- [ RunTime:0.054688s ]
INFO: [ view_filter ] --START--
INFO: Run ContentReplace Behavior [ RunTime:0.000000s ]
INFO: Run TokenBuild Behavior [ RunTime:0.007812s ]
INFO: Run WriteHtmlCache Behavior [ RunTime:0.000000s ]
INFO: Run ShowRuntime Behavior [ RunTime:0.007813s ]
INFO: [ view_filter ] --END-- [ RunTime:0.015625s ]
INFO: [ view_end ] --START--
INFO: Run ShowPageTrace Behavior [ RunTime:0.000000s ]
INFO: [ view_end ] --END-- [ RunTime:0.000000s ]

[ 2014-09-04T17:48:42+08:00 ] 127.0.0.1 /p2p/index.php?g=Admin&m=Article&a=ls
INFO: [ app_begin ] --START--
INFO: Run ReadHtmlCache Behavior [ RunTime:0.007812s ]
INFO: [ app_begin ] --END-- [ RunTime:0.007812s ]
SQL: SHOW COLUMNS FROM `p_order` [ RunTime:0.007812s ]
SQL: SELECT * FROM `p_order`  [ RunTime:0.000000s ]
INFO: [ view_template ] --START--
INFO: Run LocationTemplate Behavior [ RunTime:0.007812s ]
INFO: [ view_template ] --END-- [ RunTime:0.007812s ]
INFO: [ view_parse ] --START--
NOTIC: [8] Use of undefined constant id - assumed 'id' D:\SoftWare\wamp\www\p2p\app\Runtime\Cache\Admin\173312f424a6127fd6c31862a819afb3.php 第 62 行.
INFO: Run ParseTemplate Behavior [ RunTime:0.070313s ]
INFO: [ view_parse ] --END-- [ RunTime:0.070313s ]
INFO: [ view_filter ] --START--
INFO: Run ContentReplace Behavior [ RunTime:0.007812s ]
INFO: Run TokenBuild Behavior [ RunTime:0.000000s ]
INFO: Run WriteHtmlCache Behavior [ RunTime:0.007813s ]
INFO: Run ShowRuntime Behavior [ RunTime:0.000000s ]
INFO: [ view_filter ] --END-- [ RunTime:0.015625s ]
INFO: [ view_end ] --START--
INFO: Run ShowPageTrace Behavior [ RunTime:0.000000s ]
INFO: [ view_end ] --END-- [ RunTime:0.000000s ]

[ 2014-09-04T17:48:42+08:00 ] 127.0.0.1 /p2p/index.php?g=Admin&m=Article&a=ls
INFO: [ app_begin ] --START--
INFO: Run ReadHtmlCache Behavior [ RunTime:0.007812s ]
INFO: [ app_begin ] --END-- [ RunTime:0.007812s ]
SQL: SHOW COLUMNS FROM `p_order` [ RunTime:0.023437s ]
SQL: SELECT * FROM `p_order`  [ RunTime:0.000000s ]
INFO: [ view_template ] --START--
INFO: Run LocationTemplate Behavior [ RunTime:0.007812s ]
INFO: [ view_template ] --END-- [ RunTime:0.007812s ]
INFO: [ view_parse ] --START--
NOTIC: [8] Use of undefined constant id - assumed 'id' D:\SoftWare\wamp\www\p2p\app\Runtime\Cache\Admin\173312f424a6127fd6c31862a819afb3.php 第 62 行.
INFO: Run ParseTemplate Behavior [ RunTime:0.054688s ]
INFO: [ view_parse ] --END-- [ RunTime:0.054688s ]
INFO: [ view_filter ] --START--
INFO: Run ContentReplace Behavior [ RunTime:0.007812s ]
INFO: Run TokenBuild Behavior [ RunTime:0.000000s ]
INFO: Run WriteHtmlCache Behavior [ RunTime:0.007813s ]
INFO: Run ShowRuntime Behavior [ RunTime:0.007812s ]
INFO: [ view_filter ] --END-- [ RunTime:0.023437s ]
INFO: [ view_end ] --START--
INFO: Run ShowPageTrace Behavior [ RunTime:0.000000s ]
INFO: [ view_end ] --END-- [ RunTime:0.000000s ]

[ 2014-09-04T17:48:43+08:00 ] 127.0.0.1 /p2p/index.php?g=Admin&m=Article&a=organic
INFO: [ app_begin ] --START--
INFO: Run ReadHtmlCache Behavior [ RunTime:0.020508s ]
INFO: [ app_begin ] --END-- [ RunTime:0.020508s ]
SQL: SHOW COLUMNS FROM `p_org` [ RunTime:0.295898s ]
SQL: SELECT * FROM `p_org`  [ RunTime:0.007813s ]
INFO: [ view_template ] --START--
INFO: Run LocationTemplate Behavior [ RunTime:0.007812s ]
INFO: [ view_template ] --END-- [ RunTime:0.007812s ]
INFO: [ view_parse ] --START--
NOTIC: [8] Undefined index: id D:\SoftWare\wamp\www\p2p\app\Runtime\Cache\Admin\9e7f1214d7e23f27ccab23ddd8ad9e19.php 第 55 行.
NOTIC: [8] Use of undefined constant id - assumed 'id' D:\SoftWare\wamp\www\p2p\app\Runtime\Cache\Admin\9e7f1214d7e23f27ccab23ddd8ad9e19.php 第 59 行.
NOTIC: [8] Undefined index: id D:\SoftWare\wamp\www\p2p\app\Runtime\Cache\Admin\9e7f1214d7e23f27ccab23ddd8ad9e19.php 第 59 行.
INFO: Run ParseTemplate Behavior [ RunTime:0.046875s ]
INFO: [ view_parse ] --END-- [ RunTime:0.046875s ]
INFO: [ view_filter ] --START--
INFO: Run ContentReplace Behavior [ RunTime:0.000000s ]
INFO: Run TokenBuild Behavior [ RunTime:0.000000s ]
INFO: Run WriteHtmlCache Behavior [ RunTime:0.007812s ]
INFO: Run ShowRuntime Behavior [ RunTime:0.000000s ]
INFO: [ view_filter ] --END-- [ RunTime:0.015625s ]
INFO: [ view_end ] --START--
INFO: Run ShowPageTrace Behavior [ RunTime:0.000000s ]
INFO: [ view_end ] --END-- [ RunTime:0.000000s ]

[ 2014-09-04T17:49:00+08:00 ] 127.0.0.1 /p2p/index.php?g=Admin&m=Article&a=organic
INFO: [ app_begin ] --START--
INFO: Run ReadHtmlCache Behavior [ RunTime:0.002929s ]
INFO: [ app_begin ] --END-- [ RunTime:0.003906s ]
SQL: SHOW COLUMNS FROM `p_org` [ RunTime:0.015625s ]
SQL: SELECT * FROM `p_org`  [ RunTime:0.007812s ]
INFO: [ view_template ] --START--
INFO: Run LocationTemplate Behavior [ RunTime:0.000000s ]
INFO: [ view_template ] --END-- [ RunTime:0.000000s ]
INFO: [ view_parse ] --START--
NOTIC: [8] Undefined index: id D:\SoftWare\wamp\www\p2p\app\Runtime\Cache\Admin\9e7f1214d7e23f27ccab23ddd8ad9e19.php 第 55 行.
NOTIC: [8] Use of undefined constant id - assumed 'id' D:\SoftWare\wamp\www\p2p\app\Runtime\Cache\Admin\9e7f1214d7e23f27ccab23ddd8ad9e19.php 第 59 行.
NOTIC: [8] Undefined index: id D:\SoftWare\wamp\www\p2p\app\Runtime\Cache\Admin\9e7f1214d7e23f27ccab23ddd8ad9e19.php 第 59 行.
INFO: Run ParseTemplate Behavior [ RunTime:0.046875s ]
INFO: [ view_parse ] --END-- [ RunTime:0.046875s ]
INFO: [ view_filter ] --START--
INFO: Run ContentReplace Behavior [ RunTime:0.000000s ]
INFO: Run TokenBuild Behavior [ RunTime:0.007813s ]
INFO: Run WriteHtmlCache Behavior [ RunTime:0.000000s ]
INFO: Run ShowRuntime Behavior [ RunTime:0.000000s ]
INFO: [ view_filter ] --END-- [ RunTime:0.015625s ]
INFO: [ view_end ] --START--
INFO: Run ShowPageTrace Behavior [ RunTime:0.000000s ]
INFO: [ view_end ] --END-- [ RunTime:0.000000s ]

[ 2014-09-04T17:49:01+08:00 ] 127.0.0.1 /p2p/index.php?g=Admin&m=Article&a=ls
INFO: [ app_begin ] --START--
INFO: Run ReadHtmlCache Behavior [ RunTime:0.000000s ]
INFO: [ app_begin ] --END-- [ RunTime:0.000000s ]
SQL: SHOW COLUMNS FROM `p_order` [ RunTime:0.015625s ]
SQL: SELECT * FROM `p_order`  [ RunTime:0.000000s ]
INFO: [ view_template ] --START--
INFO: Run LocationTemplate Behavior [ RunTime:0.000000s ]
INFO: [ view_template ] --END-- [ RunTime:0.000000s ]
INFO: [ view_parse ] --START--
NOTIC: [8] Use of undefined constant id - assumed 'id' D:\SoftWare\wamp\www\p2p\app\Runtime\Cache\Admin\173312f424a6127fd6c31862a819afb3.php 第 62 行.
INFO: Run ParseTemplate Behavior [ RunTime:0.046875s ]
INFO: [ view_parse ] --END-- [ RunTime:0.046875s ]
INFO: [ view_filter ] --START--
INFO: Run ContentReplace Behavior [ RunTime:0.000000s ]
INFO: Run TokenBuild Behavior [ RunTime:0.007812s ]
INFO: Run WriteHtmlCache Behavior [ RunTime:0.000000s ]
INFO: Run ShowRuntime Behavior [ RunTime:0.007813s ]
INFO: [ view_filter ] --END-- [ RunTime:0.015625s ]
INFO: [ view_end ] --START--
INFO: Run ShowPageTrace Behavior [ RunTime:0.000000s ]
INFO: [ view_end ] --END-- [ RunTime:0.000000s ]

[ 2014-09-04T17:49:02+08:00 ] 127.0.0.1 /p2p/index.php?g=Admin&m=Article&a=manager
INFO: [ app_begin ] --START--
INFO: Run ReadHtmlCache Behavior [ RunTime:0.000000s ]
INFO: [ app_begin ] --END-- [ RunTime:0.007812s ]
SQL: SHOW COLUMNS FROM `p_man` [ RunTime:0.085938s ]
SQL: SELECT * FROM `p_man`  [ RunTime:0.007812s ]
INFO: [ view_template ] --START--
INFO: Run LocationTemplate Behavior [ RunTime:0.007813s ]
INFO: [ view_template ] --END-- [ RunTime:0.007813s ]
INFO: [ view_parse ] --START--
NOTIC: [8] Use of undefined constant id - assumed 'id' D:\SoftWare\wamp\www\p2p\app\Runtime\Cache\Admin\6b79aac52e5c021940b14e48dfeffa4c.php 第 60 行.
INFO: Run ParseTemplate Behavior [ RunTime:0.039062s ]
INFO: [ view_parse ] --END-- [ RunTime:0.039062s ]
INFO: [ view_filter ] --START--
INFO: Run ContentReplace Behavior [ RunTime:0.000000s ]
INFO: Run TokenBuild Behavior [ RunTime:0.000000s ]
INFO: Run WriteHtmlCache Behavior [ RunTime:0.007812s ]
INFO: Run ShowRuntime Behavior [ RunTime:0.000000s ]
INFO: [ view_filter ] --END-- [ RunTime:0.015625s ]
INFO: [ view_end ] --START--
INFO: Run ShowPageTrace Behavior [ RunTime:0.007813s ]
INFO: [ view_end ] --END-- [ RunTime:0.007813s ]

[ 2014-09-04T17:49:06+08:00 ] 127.0.0.1 /p2p/index.php?g=Admin&m=Article&a=organic
INFO: [ app_begin ] --START--
INFO: Run ReadHtmlCache Behavior [ RunTime:0.002930s ]
INFO: [ app_begin ] --END-- [ RunTime:0.003906s ]
SQL: SHOW COLUMNS FROM `p_org` [ RunTime:0.007812s ]
SQL: SELECT * FROM `p_org`  [ RunTime:0.000000s ]
INFO: [ view_template ] --START--
INFO: Run LocationTemplate Behavior [ RunTime:0.000000s ]
INFO: [ view_template ] --END-- [ RunTime:0.007812s ]
INFO: [ view_parse ] --START--
NOTIC: [8] Undefined index: id D:\SoftWare\wamp\www\p2p\app\Runtime\Cache\Admin\9e7f1214d7e23f27ccab23ddd8ad9e19.php 第 55 行.
NOTIC: [8] Use of undefined constant id - assumed 'id' D:\SoftWare\wamp\www\p2p\app\Runtime\Cache\Admin\9e7f1214d7e23f27ccab23ddd8ad9e19.php 第 59 行.
NOTIC: [8] Undefined index: id D:\SoftWare\wamp\www\p2p\app\Runtime\Cache\Admin\9e7f1214d7e23f27ccab23ddd8ad9e19.php 第 59 行.
INFO: Run ParseTemplate Behavior [ RunTime:0.039063s ]
INFO: [ view_parse ] --END-- [ RunTime:0.039063s ]
INFO: [ view_filter ] --START--
INFO: Run ContentReplace Behavior [ RunTime:0.007812s ]
INFO: Run TokenBuild Behavior [ RunTime:0.000000s ]
INFO: Run WriteHtmlCache Behavior [ RunTime:0.000000s ]
INFO: Run ShowRuntime Behavior [ RunTime:0.007813s ]
INFO: [ view_filter ] --END-- [ RunTime:0.015625s ]
INFO: [ view_end ] --START--
INFO: Run ShowPageTrace Behavior [ RunTime:0.000000s ]
INFO: [ view_end ] --END-- [ RunTime:0.000000s ]

[ 2014-09-04T17:49:07+08:00 ] 127.0.0.1 /p2p/index.php?g=Admin&m=Article&a=ls
INFO: [ app_begin ] --START--
INFO: Run ReadHtmlCache Behavior [ RunTime:0.003906s ]
INFO: [ app_begin ] --END-- [ RunTime:0.005859s ]
SQL: SHOW COLUMNS FROM `p_order` [ RunTime:0.015625s ]
SQL: SELECT * FROM `p_order`  [ RunTime:0.000000s ]
INFO: [ view_template ] --START--
INFO: Run LocationTemplate Behavior [ RunTime:0.000000s ]
INFO: [ view_template ] --END-- [ RunTime:0.000000s ]
INFO: [ view_parse ] --START--
NOTIC: [8] Use of undefined constant id - assumed 'id' D:\SoftWare\wamp\www\p2p\app\Runtime\Cache\Admin\173312f424a6127fd6c31862a819afb3.php 第 62 行.
INFO: Run ParseTemplate Behavior [ RunTime:0.046875s ]
INFO: [ view_parse ] --END-- [ RunTime:0.046875s ]
INFO: [ view_filter ] --START--
INFO: Run ContentReplace Behavior [ RunTime:0.000000s ]
INFO: Run TokenBuild Behavior [ RunTime:0.000000s ]
INFO: Run WriteHtmlCache Behavior [ RunTime:0.007813s ]
INFO: Run ShowRuntime Behavior [ RunTime:0.000000s ]
INFO: [ view_filter ] --END-- [ RunTime:0.007813s ]
INFO: [ view_end ] --START--
INFO: Run ShowPageTrace Behavior [ RunTime:0.007812s ]
INFO: [ view_end ] --END-- [ RunTime:0.007812s ]

