[ 2014-09-13T11:08:38+08:00 ] 127.0.0.1 /p2p/
INFO: [ app_begin ] --START--
INFO: Run ReadHtmlCache Behavior [ RunTime:0.007813s ]
INFO: [ app_begin ] --END-- [ RunTime:0.009766s ]
SQL: SHOW COLUMNS FROM `p_product` [ RunTime:0.088867s ]
SQL: SELECT * FROM `p_product`  [ RunTime:0.001953s ]
INFO: [ view_template ] --START--
INFO: Run LocationTemplate Behavior [ RunTime:0.017578s ]
INFO: [ view_template ] --END-- [ RunTime:0.018555s ]
INFO: [ view_parse ] --START--
NOTIC: [8] Undefined variable: vo D:\SoftWare\wamp\www\p2p\app\Runtime\Cache\Home\c0dbbd2c9e2e115db198551ce50ab7fb.php 第 98 行.
NOTIC: [8] Undefined variable: vo D:\SoftWare\wamp\www\p2p\app\Runtime\Cache\Home\c0dbbd2c9e2e115db198551ce50ab7fb.php 第 99 行.
NOTIC: [8] Undefined variable: vo D:\SoftWare\wamp\www\p2p\app\Runtime\Cache\Home\c0dbbd2c9e2e115db198551ce50ab7fb.php 第 115 行.
NOTIC: [8] Undefined variable: vo D:\SoftWare\wamp\www\p2p\app\Runtime\Cache\Home\c0dbbd2c9e2e115db198551ce50ab7fb.php 第 116 行.
INFO: Run ParseTemplate Behavior [ RunTime:0.285156s ]
INFO: [ view_parse ] --END-- [ RunTime:0.286132s ]
INFO: [ view_filter ] --START--
INFO: Run ContentReplace Behavior [ RunTime:0.007813s ]
INFO: Run TokenBuild Behavior [ RunTime:0.005859s ]
INFO: Run WriteHtmlCache Behavior [ RunTime:0.003906s ]
INFO: Run ShowRuntime Behavior [ RunTime:0.004883s ]
INFO: [ view_filter ] --END-- [ RunTime:0.024414s ]
INFO: [ view_end ] --START--
INFO: Run ShowPageTrace Behavior [ RunTime:0.003906s ]
INFO: [ view_end ] --END-- [ RunTime:0.004882s ]

[ 2014-09-13T11:11:25+08:00 ] 127.0.0.1 /p2p/index.php?m=Tpl&a=productList&type=%E9%93%B6%E8%A1%8C%E7%90%86%E8%B4%A2
INFO: [ app_begin ] --START--
INFO: Run ReadHtmlCache Behavior [ RunTime:0.011718s ]
INFO: [ app_begin ] --END-- [ RunTime:0.012695s ]
INFO: [ view_template ] --START--
INFO: Run LocationTemplate Behavior [ RunTime:0.007812s ]
INFO: [ view_template ] --END-- [ RunTime:0.040039s ]
INFO: [ view_parse ] --START--
INFO: Run ParseTemplate Behavior [ RunTime:0.090820s ]
INFO: [ view_parse ] --END-- [ RunTime:0.091796s ]
INFO: [ view_filter ] --START--
INFO: Run ContentReplace Behavior [ RunTime:0.023437s ]
INFO: Run TokenBuild Behavior [ RunTime:0.003906s ]
INFO: Run WriteHtmlCache Behavior [ RunTime:0.002930s ]
INFO: Run ShowRuntime Behavior [ RunTime:0.004883s ]
INFO: [ view_filter ] --END-- [ RunTime:0.039062s ]
INFO: [ view_end ] --START--
INFO: Run ShowPageTrace Behavior [ RunTime:0.003906s ]
INFO: [ view_end ] --END-- [ RunTime:0.005860s ]

[ 2014-09-13T11:11:25+08:00 ] 127.0.0.1 /p2p/index.php?m=Tpl&a=productList&type=%E9%93%B6%E8%A1%8C%E7%90%86%E8%B4%A2
INFO: [ app_begin ] --START--
INFO: Run ReadHtmlCache Behavior [ RunTime:0.007813s ]
INFO: [ app_begin ] --END-- [ RunTime:0.009765s ]
INFO: [ view_template ] --START--
INFO: Run LocationTemplate Behavior [ RunTime:0.005859s ]
INFO: [ view_template ] --END-- [ RunTime:0.005859s ]
INFO: [ view_parse ] --START--
INFO: Run ParseTemplate Behavior [ RunTime:0.055664s ]
INFO: [ view_parse ] --END-- [ RunTime:0.055664s ]
INFO: [ view_filter ] --START--
INFO: Run ContentReplace Behavior [ RunTime:0.002930s ]
INFO: Run TokenBuild Behavior [ RunTime:0.002929s ]
INFO: Run WriteHtmlCache Behavior [ RunTime:0.001953s ]
INFO: Run ShowRuntime Behavior [ RunTime:0.004882s ]
INFO: [ view_filter ] --END-- [ RunTime:0.015625s ]
INFO: [ view_end ] --START--
INFO: Run ShowPageTrace Behavior [ RunTime:0.002929s ]
INFO: [ view_end ] --END-- [ RunTime:0.003906s ]

[ 2014-09-13T11:19:14+08:00 ] 127.0.0.1 /p2p/index.php?m=Index&a=index
INFO: [ app_begin ] --START--
INFO: Run ReadHtmlCache Behavior [ RunTime:0.056641s ]
INFO: [ app_begin ] --END-- [ RunTime:0.061523s ]
SQL: SHOW COLUMNS FROM `p_product` [ RunTime:0.032226s ]
SQL: SELECT * FROM `p_product`  [ RunTime:0.001953s ]
INFO: [ view_template ] --START--
INFO: Run LocationTemplate Behavior [ RunTime:0.009766s ]
INFO: [ view_template ] --END-- [ RunTime:0.009766s ]
INFO: [ view_parse ] --START--
NOTIC: [8] Undefined variable: vo D:\SoftWare\wamp\www\p2p\app\Runtime\Cache\Home\c0dbbd2c9e2e115db198551ce50ab7fb.php 第 98 行.
NOTIC: [8] Undefined variable: vo D:\SoftWare\wamp\www\p2p\app\Runtime\Cache\Home\c0dbbd2c9e2e115db198551ce50ab7fb.php 第 99 行.
NOTIC: [8] Undefined variable: vo D:\SoftWare\wamp\www\p2p\app\Runtime\Cache\Home\c0dbbd2c9e2e115db198551ce50ab7fb.php 第 115 行.
NOTIC: [8] Undefined variable: vo D:\SoftWare\wamp\www\p2p\app\Runtime\Cache\Home\c0dbbd2c9e2e115db198551ce50ab7fb.php 第 116 行.
INFO: Run ParseTemplate Behavior [ RunTime:0.083985s ]
INFO: [ view_parse ] --END-- [ RunTime:0.084961s ]
INFO: [ view_filter ] --START--
INFO: Run ContentReplace Behavior [ RunTime:0.003906s ]
INFO: Run TokenBuild Behavior [ RunTime:0.003906s ]
INFO: Run WriteHtmlCache Behavior [ RunTime:0.003906s ]
INFO: Run ShowRuntime Behavior [ RunTime:0.003906s ]
INFO: [ view_filter ] --END-- [ RunTime:0.019532s ]
INFO: [ view_end ] --START--
INFO: Run ShowPageTrace Behavior [ RunTime:0.004883s ]
INFO: [ view_end ] --END-- [ RunTime:0.004883s ]

[ 2014-09-13T11:21:39+08:00 ] 127.0.0.1 /p2p/index.php?m=Tpl&a=product
INFO: [ app_begin ] --START--
INFO: Run ReadHtmlCache Behavior [ RunTime:0.004883s ]
INFO: [ app_begin ] --END-- [ RunTime:0.005860s ]
NOTIC: [8] Undefined index: id D:\SoftWare\wamp\www\p2p\app\Lib\Action\Home\TplAction.class.php 第 23 行.
INFO: [ view_template ] --START--
INFO: Run LocationTemplate Behavior [ RunTime:0.006836s ]
INFO: [ view_template ] --END-- [ RunTime:0.007812s ]
INFO: [ view_parse ] --START--
INFO: Run ParseTemplate Behavior [ RunTime:0.051758s ]
INFO: [ view_parse ] --END-- [ RunTime:0.053711s ]
INFO: [ view_filter ] --START--
INFO: Run ContentReplace Behavior [ RunTime:0.002929s ]
INFO: Run TokenBuild Behavior [ RunTime:0.002930s ]
INFO: Run WriteHtmlCache Behavior [ RunTime:0.002930s ]
INFO: Run ShowRuntime Behavior [ RunTime:0.004883s ]
INFO: [ view_filter ] --END-- [ RunTime:0.016602s ]
INFO: [ view_end ] --START--
INFO: Run ShowPageTrace Behavior [ RunTime:0.004883s ]
INFO: [ view_end ] --END-- [ RunTime:0.004883s ]

[ 2014-09-13T11:21:39+08:00 ] 127.0.0.1 /p2p/index.php?m=Tpl&a=product
INFO: [ app_begin ] --START--
INFO: Run ReadHtmlCache Behavior [ RunTime:0.004883s ]
INFO: [ app_begin ] --END-- [ RunTime:0.005860s ]
NOTIC: [8] Undefined index: id D:\SoftWare\wamp\www\p2p\app\Lib\Action\Home\TplAction.class.php 第 23 行.
INFO: [ view_template ] --START--
INFO: Run LocationTemplate Behavior [ RunTime:0.007812s ]
INFO: [ view_template ] --END-- [ RunTime:0.008789s ]
INFO: [ view_parse ] --START--
INFO: Run ParseTemplate Behavior [ RunTime:0.056640s ]
INFO: [ view_parse ] --END-- [ RunTime:0.057617s ]
INFO: [ view_filter ] --START--
INFO: Run ContentReplace Behavior [ RunTime:0.003907s ]
INFO: Run TokenBuild Behavior [ RunTime:0.003906s ]
INFO: Run WriteHtmlCache Behavior [ RunTime:0.002930s ]
INFO: Run ShowRuntime Behavior [ RunTime:0.003906s ]
INFO: [ view_filter ] --END-- [ RunTime:0.014649s ]
INFO: [ view_end ] --START--
INFO: Run ShowPageTrace Behavior [ RunTime:0.002930s ]
INFO: [ view_end ] --END-- [ RunTime:0.003907s ]

[ 2014-09-13T11:26:52+08:00 ] 127.0.0.1 /p2p/index.php?m=Tpl&a=product#
INFO: [ app_begin ] --START--
INFO: Run ReadHtmlCache Behavior [ RunTime:0.006836s ]
INFO: [ app_begin ] --END-- [ RunTime:0.006836s ]
NOTIC: [8] Undefined index: id D:\SoftWare\wamp\www\p2p\app\Lib\Action\Home\TplAction.class.php 第 23 行.
INFO: [ view_template ] --START--
INFO: Run LocationTemplate Behavior [ RunTime:0.008789s ]
INFO: [ view_template ] --END-- [ RunTime:0.021484s ]
INFO: [ view_parse ] --START--
INFO: Run ParseTemplate Behavior [ RunTime:0.059570s ]
INFO: [ view_parse ] --END-- [ RunTime:0.067383s ]
INFO: [ view_filter ] --START--
INFO: Run ContentReplace Behavior [ RunTime:0.006836s ]
INFO: Run TokenBuild Behavior [ RunTime:0.003906s ]
INFO: Run WriteHtmlCache Behavior [ RunTime:0.003906s ]
INFO: Run ShowRuntime Behavior [ RunTime:0.003906s ]
INFO: [ view_filter ] --END-- [ RunTime:0.020508s ]
INFO: [ view_end ] --START--
INFO: Run ShowPageTrace Behavior [ RunTime:0.004882s ]
INFO: [ view_end ] --END-- [ RunTime:0.004882s ]

[ 2014-09-13T11:32:47+08:00 ] 127.0.0.1 /p2p/index.php?m=Tpl&a=product#
INFO: [ app_begin ] --START--
INFO: Run ReadHtmlCache Behavior [ RunTime:0.005859s ]
INFO: [ app_begin ] --END-- [ RunTime:0.006836s ]
NOTIC: [8] Undefined index: id D:\SoftWare\wamp\www\p2p\app\Lib\Action\Home\TplAction.class.php 第 23 行.
INFO: [ view_template ] --START--
INFO: Run LocationTemplate Behavior [ RunTime:0.007813s ]
INFO: [ view_template ] --END-- [ RunTime:0.007813s ]
INFO: [ view_parse ] --START--
INFO: Run ParseTemplate Behavior [ RunTime:0.063476s ]
INFO: [ view_parse ] --END-- [ RunTime:0.064453s ]
INFO: [ view_filter ] --START--
INFO: Run ContentReplace Behavior [ RunTime:0.003906s ]
INFO: Run TokenBuild Behavior [ RunTime:0.003906s ]
INFO: Run WriteHtmlCache Behavior [ RunTime:0.003907s ]
INFO: Run ShowRuntime Behavior [ RunTime:0.004882s ]
INFO: [ view_filter ] --END-- [ RunTime:0.016601s ]
INFO: [ view_end ] --START--
INFO: Run ShowPageTrace Behavior [ RunTime:0.003906s ]
INFO: [ view_end ] --END-- [ RunTime:0.004883s ]

[ 2014-09-13T11:32:48+08:00 ] 127.0.0.1 /p2p/index.php?m=Tpl&a=product
INFO: [ app_begin ] --START--
INFO: Run ReadHtmlCache Behavior [ RunTime:0.005859s ]
INFO: [ app_begin ] --END-- [ RunTime:0.006836s ]
NOTIC: [8] Undefined index: id D:\SoftWare\wamp\www\p2p\app\Lib\Action\Home\TplAction.class.php 第 23 行.
INFO: [ view_template ] --START--
INFO: Run LocationTemplate Behavior [ RunTime:0.025390s ]
INFO: [ view_template ] --END-- [ RunTime:0.026367s ]
INFO: [ view_parse ] --START--
INFO: Run ParseTemplate Behavior [ RunTime:0.075195s ]
INFO: [ view_parse ] --END-- [ RunTime:0.075195s ]
INFO: [ view_filter ] --START--
INFO: Run ContentReplace Behavior [ RunTime:0.003907s ]
INFO: Run TokenBuild Behavior [ RunTime:0.002929s ]
INFO: Run WriteHtmlCache Behavior [ RunTime:0.002930s ]
INFO: Run ShowRuntime Behavior [ RunTime:0.003906s ]
INFO: [ view_filter ] --END-- [ RunTime:0.016602s ]
INFO: [ view_end ] --START--
INFO: Run ShowPageTrace Behavior [ RunTime:0.003906s ]
INFO: [ view_end ] --END-- [ RunTime:0.005859s ]

[ 2014-09-13T13:33:32+08:00 ] 127.0.0.1 /p2p/index.php?m=Tpl&a=product#
INFO: [ app_begin ] --START--
INFO: Run ReadHtmlCache Behavior [ RunTime:0.004883s ]
INFO: [ app_begin ] --END-- [ RunTime:0.005860s ]
NOTIC: [8] Undefined index: id D:\SoftWare\wamp\www\p2p\app\Lib\Action\Home\TplAction.class.php 第 23 行.
INFO: [ view_template ] --START--
INFO: Run LocationTemplate Behavior [ RunTime:0.005859s ]
INFO: [ view_template ] --END-- [ RunTime:0.006836s ]
INFO: [ view_parse ] --START--
INFO: Run ParseTemplate Behavior [ RunTime:0.049805s ]
INFO: [ view_parse ] --END-- [ RunTime:0.049805s ]
INFO: [ view_filter ] --START--
INFO: Run ContentReplace Behavior [ RunTime:0.003906s ]
INFO: Run TokenBuild Behavior [ RunTime:0.002930s ]
INFO: Run WriteHtmlCache Behavior [ RunTime:0.001953s ]
INFO: Run ShowRuntime Behavior [ RunTime:0.002930s ]
INFO: [ view_filter ] --END-- [ RunTime:0.013672s ]
INFO: [ view_end ] --START--
INFO: Run ShowPageTrace Behavior [ RunTime:0.002929s ]
INFO: [ view_end ] --END-- [ RunTime:0.004883s ]

[ 2014-09-13T14:07:07+08:00 ] 127.0.0.1 /p2p/index.php?m=Tpl&a=product
INFO: [ app_begin ] --START--
INFO: Run ReadHtmlCache Behavior [ RunTime:0.004883s ]
INFO: [ app_begin ] --END-- [ RunTime:0.005859s ]
NOTIC: [8] Undefined index: id D:\SoftWare\wamp\www\p2p\app\Lib\Action\Home\TplAction.class.php 第 23 行.
INFO: [ view_template ] --START--
INFO: Run LocationTemplate Behavior [ RunTime:0.005859s ]
INFO: [ view_template ] --END-- [ RunTime:0.006836s ]
INFO: [ view_parse ] --START--
INFO: Run ParseTemplate Behavior [ RunTime:0.061523s ]
INFO: [ view_parse ] --END-- [ RunTime:0.061523s ]
INFO: [ view_filter ] --START--
INFO: Run ContentReplace Behavior [ RunTime:0.002930s ]
INFO: Run TokenBuild Behavior [ RunTime:0.003906s ]
INFO: Run WriteHtmlCache Behavior [ RunTime:0.002930s ]
INFO: Run ShowRuntime Behavior [ RunTime:0.004883s ]
INFO: [ view_filter ] --END-- [ RunTime:0.016601s ]
INFO: [ view_end ] --START--
INFO: Run ShowPageTrace Behavior [ RunTime:0.003906s ]
INFO: [ view_end ] --END-- [ RunTime:0.003906s ]

[ 2014-09-13T14:07:08+08:00 ] 127.0.0.1 /p2p/index.php?m=Tpl&a=product
INFO: [ app_begin ] --START--
INFO: Run ReadHtmlCache Behavior [ RunTime:0.004883s ]
INFO: [ app_begin ] --END-- [ RunTime:0.005859s ]
NOTIC: [8] Undefined index: id D:\SoftWare\wamp\www\p2p\app\Lib\Action\Home\TplAction.class.php 第 23 行.
INFO: [ view_template ] --START--
INFO: Run LocationTemplate Behavior [ RunTime:0.008789s ]
INFO: [ view_template ] --END-- [ RunTime:0.009766s ]
INFO: [ view_parse ] --START--
INFO: Run ParseTemplate Behavior [ RunTime:0.044922s ]
INFO: [ view_parse ] --END-- [ RunTime:0.045898s ]
INFO: [ view_filter ] --START--
INFO: Run ContentReplace Behavior [ RunTime:0.002929s ]
INFO: Run TokenBuild Behavior [ RunTime:0.003907s ]
INFO: Run WriteHtmlCache Behavior [ RunTime:0.001953s ]
INFO: Run ShowRuntime Behavior [ RunTime:0.003907s ]
INFO: [ view_filter ] --END-- [ RunTime:0.014649s ]
INFO: [ view_end ] --START--
INFO: Run ShowPageTrace Behavior [ RunTime:0.004883s ]
INFO: [ view_end ] --END-- [ RunTime:0.004883s ]

[ 2014-09-13T14:07:29+08:00 ] 127.0.0.1 /p2p/index.php?m=Index&a=index
INFO: [ app_begin ] --START--
INFO: Run ReadHtmlCache Behavior [ RunTime:0.003906s ]
INFO: [ app_begin ] --END-- [ RunTime:0.003906s ]
SQL: SHOW COLUMNS FROM `p_product` [ RunTime:0.038086s ]
SQL: SELECT * FROM `p_product`  [ RunTime:0.000977s ]
INFO: [ view_template ] --START--
INFO: Run LocationTemplate Behavior [ RunTime:0.006836s ]
INFO: [ view_template ] --END-- [ RunTime:0.007812s ]
INFO: [ view_parse ] --START--
NOTIC: [8] Undefined variable: vo D:\SoftWare\wamp\www\p2p\app\Runtime\Cache\Home\c0dbbd2c9e2e115db198551ce50ab7fb.php 第 98 行.
NOTIC: [8] Undefined variable: vo D:\SoftWare\wamp\www\p2p\app\Runtime\Cache\Home\c0dbbd2c9e2e115db198551ce50ab7fb.php 第 99 行.
NOTIC: [8] Undefined variable: vo D:\SoftWare\wamp\www\p2p\app\Runtime\Cache\Home\c0dbbd2c9e2e115db198551ce50ab7fb.php 第 115 行.
NOTIC: [8] Undefined variable: vo D:\SoftWare\wamp\www\p2p\app\Runtime\Cache\Home\c0dbbd2c9e2e115db198551ce50ab7fb.php 第 116 行.
INFO: Run ParseTemplate Behavior [ RunTime:0.097656s ]
INFO: [ view_parse ] --END-- [ RunTime:0.098632s ]
INFO: [ view_filter ] --START--
INFO: Run ContentReplace Behavior [ RunTime:0.006836s ]
INFO: Run TokenBuild Behavior [ RunTime:0.017578s ]
INFO: Run WriteHtmlCache Behavior [ RunTime:0.002930s ]
INFO: Run ShowRuntime Behavior [ RunTime:0.003907s ]
INFO: [ view_filter ] --END-- [ RunTime:0.035157s ]
INFO: [ view_end ] --START--
INFO: Run ShowPageTrace Behavior [ RunTime:0.005860s ]
INFO: [ view_end ] --END-- [ RunTime:0.006836s ]

[ 2014-09-13T14:07:31+08:00 ] 127.0.0.1 /p2p/index.php?m=Tpl&a=news
INFO: [ app_begin ] --START--
INFO: Run ReadHtmlCache Behavior [ RunTime:0.003907s ]
INFO: [ app_begin ] --END-- [ RunTime:0.003907s ]
INFO: [ view_template ] --START--
INFO: Run LocationTemplate Behavior [ RunTime:0.004883s ]
INFO: [ view_template ] --END-- [ RunTime:0.006836s ]
INFO: [ view_parse ] --START--
NOTIC: [8] Undefined variable: title D:\SoftWare\wamp\www\p2p\app\Runtime\Cache\Home\2ce7210e886c4287034840e1150c3472.php 第 14 行.
NOTIC: [8] Undefined variable: title D:\SoftWare\wamp\www\p2p\app\Runtime\Cache\Home\2ce7210e886c4287034840e1150c3472.php 第 23 行.
INFO: Run ParseTemplate Behavior [ RunTime:0.076172s ]
INFO: [ view_parse ] --END-- [ RunTime:0.077148s ]
INFO: [ view_filter ] --START--
INFO: Run ContentReplace Behavior [ RunTime:0.006836s ]
INFO: Run TokenBuild Behavior [ RunTime:0.003906s ]
INFO: Run WriteHtmlCache Behavior [ RunTime:0.002930s ]
INFO: Run ShowRuntime Behavior [ RunTime:0.005859s ]
INFO: [ view_filter ] --END-- [ RunTime:0.020508s ]
INFO: [ view_end ] --START--
INFO: Run ShowPageTrace Behavior [ RunTime:0.003906s ]
INFO: [ view_end ] --END-- [ RunTime:0.004883s ]

[ 2014-09-13T14:07:59+08:00 ] 127.0.0.1 /p2p/index.php?m=Index&a=index
INFO: [ app_begin ] --START--
INFO: Run ReadHtmlCache Behavior [ RunTime:0.002930s ]
INFO: [ app_begin ] --END-- [ RunTime:0.002930s ]
SQL: SHOW COLUMNS FROM `p_product` [ RunTime:0.020508s ]
SQL: SELECT * FROM `p_product`  [ RunTime:0.000976s ]
INFO: [ view_template ] --START--
INFO: Run LocationTemplate Behavior [ RunTime:0.003906s ]
INFO: [ view_template ] --END-- [ RunTime:0.005859s ]
INFO: [ view_parse ] --START--
NOTIC: [8] Undefined variable: vo D:\SoftWare\wamp\www\p2p\app\Runtime\Cache\Home\c0dbbd2c9e2e115db198551ce50ab7fb.php 第 98 行.
NOTIC: [8] Undefined variable: vo D:\SoftWare\wamp\www\p2p\app\Runtime\Cache\Home\c0dbbd2c9e2e115db198551ce50ab7fb.php 第 99 行.
NOTIC: [8] Undefined variable: vo D:\SoftWare\wamp\www\p2p\app\Runtime\Cache\Home\c0dbbd2c9e2e115db198551ce50ab7fb.php 第 115 行.
NOTIC: [8] Undefined variable: vo D:\SoftWare\wamp\www\p2p\app\Runtime\Cache\Home\c0dbbd2c9e2e115db198551ce50ab7fb.php 第 116 行.
INFO: Run ParseTemplate Behavior [ RunTime:0.052734s ]
INFO: [ view_parse ] --END-- [ RunTime:0.054688s ]
INFO: [ view_filter ] --START--
INFO: Run ContentReplace Behavior [ RunTime:0.001954s ]
INFO: Run TokenBuild Behavior [ RunTime:0.002929s ]
INFO: Run WriteHtmlCache Behavior [ RunTime:0.001953s ]
INFO: Run ShowRuntime Behavior [ RunTime:0.002930s ]
INFO: [ view_filter ] --END-- [ RunTime:0.011719s ]
INFO: [ view_end ] --START--
INFO: Run ShowPageTrace Behavior [ RunTime:0.005860s ]
INFO: [ view_end ] --END-- [ RunTime:0.005860s ]

[ 2014-09-13T14:32:57+08:00 ] 127.0.0.1 /p2p/index.php?m=Tpl&a=productList&type=%E4%BF%A1%E6%89%98%E4%BA%A7%E5%93%81
INFO: [ app_begin ] --START--
INFO: Run ReadHtmlCache Behavior [ RunTime:0.005860s ]
INFO: [ app_begin ] --END-- [ RunTime:0.005860s ]
INFO: [ view_template ] --START--
INFO: Run LocationTemplate Behavior [ RunTime:0.006836s ]
INFO: [ view_template ] --END-- [ RunTime:0.007813s ]
INFO: [ view_parse ] --START--
INFO: Run ParseTemplate Behavior [ RunTime:0.082032s ]
INFO: [ view_parse ] --END-- [ RunTime:0.082032s ]
INFO: [ view_filter ] --START--
INFO: Run ContentReplace Behavior [ RunTime:0.003907s ]
INFO: Run TokenBuild Behavior [ RunTime:0.003906s ]
INFO: Run WriteHtmlCache Behavior [ RunTime:0.002930s ]
INFO: Run ShowRuntime Behavior [ RunTime:0.004883s ]
INFO: [ view_filter ] --END-- [ RunTime:0.017578s ]
INFO: [ view_end ] --START--
INFO: Run ShowPageTrace Behavior [ RunTime:0.004883s ]
INFO: [ view_end ] --END-- [ RunTime:0.004883s ]

[ 2014-09-13T14:32:58+08:00 ] 127.0.0.1 /p2p/index.php?m=Tpl&a=productList&type=%E4%BF%A1%E6%89%98%E4%BA%A7%E5%93%81
INFO: [ app_begin ] --START--
INFO: Run ReadHtmlCache Behavior [ RunTime:0.004883s ]
INFO: [ app_begin ] --END-- [ RunTime:0.005859s ]
INFO: [ view_template ] --START--
INFO: Run LocationTemplate Behavior [ RunTime:0.004882s ]
INFO: [ view_template ] --END-- [ RunTime:0.006836s ]
INFO: [ view_parse ] --START--
INFO: Run ParseTemplate Behavior [ RunTime:0.046875s ]
INFO: [ view_parse ] --END-- [ RunTime:0.047852s ]
INFO: [ view_filter ] --START--
INFO: Run ContentReplace Behavior [ RunTime:0.002929s ]
INFO: Run TokenBuild Behavior [ RunTime:0.002929s ]
INFO: Run WriteHtmlCache Behavior [ RunTime:0.003907s ]
INFO: Run ShowRuntime Behavior [ RunTime:0.003906s ]
INFO: [ view_filter ] --END-- [ RunTime:0.015625s ]
INFO: [ view_end ] --START--
INFO: Run ShowPageTrace Behavior [ RunTime:0.003906s ]
INFO: [ view_end ] --END-- [ RunTime:0.003906s ]

[ 2014-09-13T16:21:47+08:00 ] 127.0.0.1 /p2p/index.php?m=Tpl&a=product&id=2
INFO: [ app_begin ] --START--
INFO: Run ReadHtmlCache Behavior [ RunTime:0.249023s ]
INFO: [ app_begin ] --END-- [ RunTime:0.250000s ]
INFO: [ view_template ] --START--
INFO: Run LocationTemplate Behavior [ RunTime:0.369140s ]
INFO: [ view_template ] --END-- [ RunTime:0.371093s ]
INFO: [ view_parse ] --START--
INFO: Run ParseTemplate Behavior [ RunTime:1.196289s ]
INFO: [ view_parse ] --END-- [ RunTime:1.196289s ]
INFO: [ view_filter ] --START--
INFO: Run ContentReplace Behavior [ RunTime:0.019532s ]
INFO: Run TokenBuild Behavior [ RunTime:0.081055s ]
INFO: Run WriteHtmlCache Behavior [ RunTime:0.040039s ]
INFO: Run ShowRuntime Behavior [ RunTime:0.022461s ]
INFO: [ view_filter ] --END-- [ RunTime:0.166016s ]
INFO: [ view_end ] --START--
INFO: Run ShowPageTrace Behavior [ RunTime:0.038086s ]
INFO: [ view_end ] --END-- [ RunTime:0.039062s ]

