[ 2014-08-12T09:36:02+08:00 ] ERR: (ThinkException) 非法操作:login
[ 2014-08-12T09:36:43+08:00 ] ERR: (ThinkException) 非法操作:login
[ 2014-08-12T09:36:44+08:00 ] ERR: (ThinkException) 非法操作:login
[ 2014-08-12T09:37:31+08:00 ] ERR: (ThinkException) 模板不存在[./app/Tpl/Admin/Public/login.html]
[ 2014-08-12T09:37:55+08:00 ] 127.0.0.1 /p2p/index.php?m=Public&a=login
INFO: [ app_begin ] --START--
INFO: Run ReadHtmlCache Behavior [ RunTime:0.000000s ]
INFO: [ app_begin ] --END-- [ RunTime:0.000000s ]
INFO: [ view_template ] --START--
INFO: Run LocationTemplate Behavior [ RunTime:0.015625s ]
INFO: [ view_template ] --END-- [ RunTime:0.015625s ]
INFO: [ view_parse ] --START--
INFO: Run ParseTemplate Behavior [ RunTime:0.125000s ]
INFO: [ view_parse ] --END-- [ RunTime:0.125000s ]
INFO: [ view_filter ] --START--
INFO: Run ContentReplace Behavior [ RunTime:0.000000s ]
INFO: Run TokenBuild Behavior [ RunTime:0.015625s ]
INFO: Run WriteHtmlCache Behavior [ RunTime:0.015625s ]
INFO: Run ShowRuntime Behavior [ RunTime:0.000000s ]
INFO: [ view_filter ] --END-- [ RunTime:0.031250s ]
INFO: [ view_end ] --START--
INFO: Run ShowPageTrace Behavior [ RunTime:0.000000s ]
INFO: [ view_end ] --END-- [ RunTime:0.000000s ]

[ 2014-08-12T09:38:16+08:00 ] 127.0.0.1 /p2p/index.php?m=Public&a=login
INFO: [ app_begin ] --START--
INFO: Run ReadHtmlCache Behavior [ RunTime:0.000000s ]
INFO: [ app_begin ] --END-- [ RunTime:0.000000s ]
INFO: [ view_template ] --START--
INFO: Run LocationTemplate Behavior [ RunTime:0.000000s ]
INFO: [ view_template ] --END-- [ RunTime:0.000000s ]
INFO: [ view_parse ] --START--
INFO: Run ParseTemplate Behavior [ RunTime:0.031250s ]
INFO: [ view_parse ] --END-- [ RunTime:0.031250s ]
INFO: [ view_filter ] --START--
INFO: Run ContentReplace Behavior [ RunTime:0.015625s ]
INFO: Run TokenBuild Behavior [ RunTime:0.000000s ]
INFO: Run WriteHtmlCache Behavior [ RunTime:0.000000s ]
INFO: Run ShowRuntime Behavior [ RunTime:0.000000s ]
INFO: [ view_filter ] --END-- [ RunTime:0.015625s ]
INFO: [ view_end ] --START--
INFO: Run ShowPageTrace Behavior [ RunTime:0.000000s ]
INFO: [ view_end ] --END-- [ RunTime:0.000000s ]

[ 2014-08-12T09:41:44+08:00 ] 127.0.0.1 /p2p/index.php?m=Public&a=login
INFO: [ app_begin ] --START--
INFO: Run ReadHtmlCache Behavior [ RunTime:0.006836s ]
INFO: [ app_begin ] --END-- [ RunTime:0.007812s ]
INFO: [ view_template ] --START--
INFO: Run LocationTemplate Behavior [ RunTime:0.005860s ]
INFO: [ view_template ] --END-- [ RunTime:0.006836s ]
INFO: [ view_parse ] --START--
INFO: Run ParseTemplate Behavior [ RunTime:0.043945s ]
INFO: [ view_parse ] --END-- [ RunTime:0.044922s ]
INFO: [ view_filter ] --START--
INFO: Run ContentReplace Behavior [ RunTime:0.002929s ]
INFO: Run TokenBuild Behavior [ RunTime:0.002930s ]
INFO: Run WriteHtmlCache Behavior [ RunTime:0.002930s ]
INFO: Run ShowRuntime Behavior [ RunTime:0.003906s ]
INFO: [ view_filter ] --END-- [ RunTime:0.015625s ]
INFO: [ view_end ] --START--
INFO: Run ShowPageTrace Behavior [ RunTime:0.003907s ]
INFO: [ view_end ] --END-- [ RunTime:0.003907s ]

[ 2014-08-12T09:42:21+08:00 ] ERR: (ThinkException) 无法加载模块:Public
[ 2014-08-12T09:43:48+08:00 ] ERR: (ThinkException) 无法加载模块:Public
[ 2014-08-12T09:43:52+08:00 ] ERR: (ThinkException) 无法加载模块:Public
[ 2014-08-12T09:43:59+08:00 ] 127.0.0.1 /p2p/index.php?m=Public&a=login
INFO: [ app_begin ] --START--
INFO: Run ReadHtmlCache Behavior [ RunTime:0.000000s ]
INFO: [ app_begin ] --END-- [ RunTime:0.000000s ]
INFO: [ view_template ] --START--
INFO: Run LocationTemplate Behavior [ RunTime:0.007812s ]
INFO: [ view_template ] --END-- [ RunTime:0.007812s ]
INFO: [ view_parse ] --START--
INFO: Run ParseTemplate Behavior [ RunTime:0.046875s ]
INFO: [ view_parse ] --END-- [ RunTime:0.046875s ]
INFO: [ view_filter ] --START--
INFO: Run ContentReplace Behavior [ RunTime:0.000000s ]
INFO: Run TokenBuild Behavior [ RunTime:0.007813s ]
INFO: Run WriteHtmlCache Behavior [ RunTime:0.000000s ]
INFO: Run ShowRuntime Behavior [ RunTime:0.007812s ]
INFO: [ view_filter ] --END-- [ RunTime:0.015625s ]
INFO: [ view_end ] --START--
INFO: Run ShowPageTrace Behavior [ RunTime:0.000000s ]
INFO: [ view_end ] --END-- [ RunTime:0.000000s ]

[ 2014-08-12T10:04:22+08:00 ] ERR: (ThinkException) 无法加载模块:Public
[ 2014-08-12T10:07:20+08:00 ] ERR: (ThinkException) 无法加载模块:Public
[ 2014-08-12T10:14:15+08:00 ] ERR: (ThinkException) 无法加载模块:Public
[ 2014-08-12T10:14:17+08:00 ] ERR: (ThinkException) 无法加载模块:Public
[ 2014-08-12T10:16:27+08:00 ] ERR: (ThinkException) 无法加载模块:Public
[ 2014-08-12T10:16:28+08:00 ] ERR: (ThinkException) 无法加载模块:Public
[ 2014-08-12T10:16:29+08:00 ] ERR: (ThinkException) 无法加载模块:Public
[ 2014-08-12T10:16:30+08:00 ] ERR: (ThinkException) 无法加载模块:Public
[ 2014-08-12T10:16:30+08:00 ] ERR: (ThinkException) 无法加载模块:Public
[ 2014-08-12T10:17:44+08:00 ] ERR: (ThinkException) 无法加载模块:Public
[ 2014-08-12T10:17:45+08:00 ] ERR: (ThinkException) 无法加载模块:Public
[ 2014-08-12T10:21:52+08:00 ] ERR: (ThinkException) 无法加载模块:Public
[ 2014-08-12T10:25:20+08:00 ] ERR: (ThinkException) 无法加载模块:Public
[ 2014-08-12T10:25:26+08:00 ] ERR: (ThinkException) 无法加载模块:Public
[ 2014-08-12T10:25:52+08:00 ] ERR: (ThinkException) 无法加载模块:Public
[ 2014-08-12T10:29:10+08:00 ] ERR: (ThinkException) 无法加载模块:Public
[ 2014-08-12T10:31:44+08:00 ] ERR: (ThinkException) 无法加载模块:Public
[ 2014-08-12T10:36:24+08:00 ] ERR: (ThinkException) 无法加载模块:Public
[ 2014-08-12T10:57:23+08:00 ] ERR: (ThinkException) 无法加载模块:Public
[ 2014-08-12T13:07:14+08:00 ] ERR: (ThinkException) 无法加载模块:Public
[ 2014-08-12T14:14:38+08:00 ] ERR: (ThinkException) 无法加载模块:Public
[ 2014-08-12T14:21:37+08:00 ] ERR: (ThinkException) 无法加载模块:Public
[ 2014-08-12T14:21:39+08:00 ] ERR: (ThinkException) 无法加载模块:Public
[ 2014-08-12T14:28:46+08:00 ] ERR: (ThinkException) 无法加载模块:Public
[ 2014-08-12T14:28:47+08:00 ] ERR: (ThinkException) 无法加载模块:Public
[ 2014-08-12T14:28:48+08:00 ] ERR: (ThinkException) 无法加载模块:Public
[ 2014-08-12T14:28:49+08:00 ] ERR: (ThinkException) 无法加载模块:Public
[ 2014-08-12T14:28:50+08:00 ] ERR: (ThinkException) 无法加载模块:Public
[ 2014-08-12T14:48:52+08:00 ] ERR: (ThinkException) 无法加载模块:Public
[ 2014-08-12T14:59:45+08:00 ] ERR: (ThinkException) 无法加载模块:Public
[ 2014-08-12T15:01:23+08:00 ] ERR: (ThinkException) 无法加载模块:Public
[ 2014-08-12T15:01:53+08:00 ] ERR: (ThinkException) 无法加载模块:Public
[ 2014-08-12T15:21:17+08:00 ] ERR: (ThinkException) 无法加载模块:Public
[ 2014-08-12T15:25:58+08:00 ] ERR: (ThinkException) 无法加载模块:Public
[ 2014-08-12T15:25:59+08:00 ] ERR: (ThinkException) 无法加载模块:Public
[ 2014-08-12T15:26:00+08:00 ] ERR: (ThinkException) 无法加载模块:Public
[ 2014-08-12T15:29:03+08:00 ] ERR: (ThinkException) 无法加载模块:Public
[ 2014-08-12T15:42:08+08:00 ] ERR: (ThinkException) 无法加载模块:Public
[ 2014-08-12T15:42:08+08:00 ] ERR: (ThinkException) 无法加载模块:Public
[ 2014-08-12T15:42:09+08:00 ] ERR: (ThinkException) 无法加载模块:Public
[ 2014-08-12T15:42:09+08:00 ] ERR: (ThinkException) 无法加载模块:Public
[ 2014-08-12T15:42:10+08:00 ] ERR: (ThinkException) 无法加载模块:Public
[ 2014-08-12T15:42:10+08:00 ] ERR: (ThinkException) 无法加载模块:Public
[ 2014-08-12T15:42:11+08:00 ] ERR: (ThinkException) 无法加载模块:Public
[ 2014-08-12T15:42:11+08:00 ] ERR: (ThinkException) 无法加载模块:Public
[ 2014-08-12T15:42:11+08:00 ] ERR: (ThinkException) 无法加载模块:Public
[ 2014-08-12T15:42:12+08:00 ] ERR: (ThinkException) 无法加载模块:Public
[ 2014-08-12T15:42:12+08:00 ] ERR: (ThinkException) 无法加载模块:Public
[ 2014-08-12T15:42:13+08:00 ] ERR: (ThinkException) 无法加载模块:Public
[ 2014-08-12T16:12:56+08:00 ] ERR: (ThinkException) 无法加载模块:Public
[ 2014-08-12T16:12:58+08:00 ] ERR: (ThinkException) 无法加载模块:Public
[ 2014-08-12T16:12:59+08:00 ] ERR: (ThinkException) 无法加载模块:Public
[ 2014-08-12T16:12:59+08:00 ] ERR: (ThinkException) 无法加载模块:Public
[ 2014-08-12T16:20:12+08:00 ] ERR: (ThinkException) 无法加载模块:Public
[ 2014-08-12T16:38:57+08:00 ] ERR: (ThinkException) 无法加载模块:Public
[ 2014-08-12T16:38:58+08:00 ] ERR: (ThinkException) 无法加载模块:Public
[ 2014-08-12T16:38:59+08:00 ] ERR: (ThinkException) 无法加载模块:Public
[ 2014-08-12T16:39:00+08:00 ] ERR: (ThinkException) 无法加载模块:Public
[ 2014-08-12T17:03:30+08:00 ] ERR: (ThinkException) 无法加载模块:Public
[ 2014-08-12T17:20:52+08:00 ] ERR: (ThinkException) 无法加载模块:Public
[ 2014-08-12T17:24:45+08:00 ] ERR: (ThinkException) 无法加载模块:Public
[ 2014-08-12T17:24:46+08:00 ] ERR: (ThinkException) 无法加载模块:Public
[ 2014-08-12T17:24:47+08:00 ] ERR: (ThinkException) 无法加载模块:Public
[ 2014-08-12T17:24:47+08:00 ] ERR: (ThinkException) 无法加载模块:Public
[ 2014-08-12T17:24:47+08:00 ] ERR: (ThinkException) 无法加载模块:Public
[ 2014-08-12T17:24:48+08:00 ] ERR: (ThinkException) 无法加载模块:Public
[ 2014-08-12T17:24:49+08:00 ] ERR: (ThinkException) 无法加载模块:Public
[ 2014-08-12T17:24:49+08:00 ] ERR: (ThinkException) 无法加载模块:Public
[ 2014-08-12T17:24:50+08:00 ] ERR: (ThinkException) 无法加载模块:Public
[ 2014-08-12T17:24:50+08:00 ] ERR: (ThinkException) 无法加载模块:Public
[ 2014-08-12T17:24:51+08:00 ] ERR: (ThinkException) 无法加载模块:Public
[ 2014-08-12T17:24:51+08:00 ] ERR: (ThinkException) 无法加载模块:Public
[ 2014-08-12T17:24:52+08:00 ] ERR: (ThinkException) 无法加载模块:Public
[ 2014-08-12T17:24:52+08:00 ] ERR: (ThinkException) 无法加载模块:Public
[ 2014-08-12T17:24:52+08:00 ] ERR: (ThinkException) 无法加载模块:Public
[ 2014-08-12T17:27:50+08:00 ] ERR: (ThinkException) 无法加载模块:Public
[ 2014-08-12T17:30:52+08:00 ] ERR: (ThinkException) 无法加载模块:Public
[ 2014-08-12T17:31:20+08:00 ] ERR: (ThinkException) 无法加载模块:Public
[ 2014-08-12T17:31:24+08:00 ] ERR: (ThinkException) 无法加载模块:Public
