[ 2014-08-21T09:50:44+08:00 ] 127.0.0.1 /p2p/index.php?m=Public&a=login
INFO: [ app_begin ] --START--
INFO: Run ReadHtmlCache Behavior [ RunTime:0.002930s ]
INFO: [ app_begin ] --END-- [ RunTime:0.003906s ]
INFO: [ view_template ] --START--
INFO: Run LocationTemplate Behavior [ RunTime:0.035156s ]
INFO: [ view_template ] --END-- [ RunTime:0.037110s ]
INFO: [ view_parse ] --START--
INFO: Run ParseTemplate Behavior [ RunTime:0.078125s ]
INFO: [ view_parse ] --END-- [ RunTime:0.080078s ]
INFO: [ view_filter ] --START--
INFO: Run ContentReplace Behavior [ RunTime:0.002930s ]
INFO: Run TokenBuild Behavior [ RunTime:0.009766s ]
INFO: Run WriteHtmlCache Behavior [ RunTime:0.004883s ]
INFO: Run ShowRuntime Behavior [ RunTime:0.024414s ]
INFO: [ view_filter ] --END-- [ RunTime:0.044922s ]
INFO: [ view_end ] --START--
INFO: Run ShowPageTrace Behavior [ RunTime:0.005859s ]
INFO: [ view_end ] --END-- [ RunTime:0.006836s ]

[ 2014-08-21T09:50:49+08:00 ] 127.0.0.1 /p2p/index.php?g=Admin&m=Public&a=doLogin
INFO: [ app_begin ] --START--
INFO: Run ReadHtmlCache Behavior [ RunTime:0.001954s ]
INFO: [ app_begin ] --END-- [ RunTime:0.003906s ]
SQL: SHOW COLUMNS FROM `p_user` [ RunTime:0.105469s ]
SQL: SELECT * FROM `p_user` WHERE ( name='chen' AND password='e10adc3949ba59abbe56e057f20f883e' ) LIMIT 1   [ RunTime:0.012695s ]
INFO: [ view_template ] --START--
INFO: Run LocationTemplate Behavior [ RunTime:0.002930s ]
INFO: [ view_template ] --END-- [ RunTime:0.002930s ]
INFO: [ view_parse ] --START--
INFO: Run ParseTemplate Behavior [ RunTime:0.122070s ]
INFO: [ view_parse ] --END-- [ RunTime:0.123047s ]
INFO: [ view_filter ] --START--
INFO: Run ContentReplace Behavior [ RunTime:0.002930s ]
INFO: Run TokenBuild Behavior [ RunTime:0.002930s ]
INFO: Run WriteHtmlCache Behavior [ RunTime:0.001953s ]
INFO: Run ShowRuntime Behavior [ RunTime:0.002930s ]
INFO: [ view_filter ] --END-- [ RunTime:0.014648s ]
INFO: [ view_end ] --START--
INFO: Run ShowPageTrace Behavior [ RunTime:0.002929s ]
INFO: [ view_end ] --END-- [ RunTime:0.003906s ]

[ 2014-08-21T09:50:50+08:00 ] 127.0.0.1 /p2p/index.php?g=Admin&m=Index&a=index
INFO: [ app_begin ] --START--
INFO: Run ReadHtmlCache Behavior [ RunTime:0.003907s ]
INFO: [ app_begin ] --END-- [ RunTime:0.003907s ]
INFO: [ view_template ] --START--
INFO: Run LocationTemplate Behavior [ RunTime:0.003906s ]
INFO: [ view_template ] --END-- [ RunTime:0.004883s ]
INFO: [ view_parse ] --START--
NOTIC: [8] Undefined index: userInfo D:\SoftWare\wamp\www\p2p\app\Runtime\Cache\Admin\4b70113722ede13045c3ae2dd49777cf.php 第 15 行.
INFO: Run ParseTemplate Behavior [ RunTime:0.089844s ]
INFO: [ view_parse ] --END-- [ RunTime:0.091797s ]
INFO: [ view_filter ] --START--
INFO: Run ContentReplace Behavior [ RunTime:0.002930s ]
INFO: Run TokenBuild Behavior [ RunTime:0.001953s ]
INFO: Run WriteHtmlCache Behavior [ RunTime:0.002929s ]
INFO: Run ShowRuntime Behavior [ RunTime:0.002930s ]
INFO: [ view_filter ] --END-- [ RunTime:0.012695s ]
INFO: [ view_end ] --START--
INFO: Run ShowPageTrace Behavior [ RunTime:0.003906s ]
INFO: [ view_end ] --END-- [ RunTime:0.003906s ]

[ 2014-08-21T09:50:52+08:00 ] 127.0.0.1 /p2p/index.php?g=Admin&m=Users&a=ls
INFO: [ app_begin ] --START--
INFO: Run ReadHtmlCache Behavior [ RunTime:0.002930s ]
INFO: [ app_begin ] --END-- [ RunTime:0.003906s ]
SQL: SHOW COLUMNS FROM `p_users` [ RunTime:0.012695s ]
ERR: Table 'p2p.p_users' doesn't exist
 [ SQL语句 ] : SHOW COLUMNS FROM `p_users`
SQL: SELECT * FROM `p_users`  [ RunTime:0.001953s ]
ERR: Table 'p2p.p_users' doesn't exist
 [ SQL语句 ] : SELECT * FROM `p_users` 
INFO: [ view_template ] --START--
INFO: Run LocationTemplate Behavior [ RunTime:0.004883s ]
INFO: [ view_template ] --END-- [ RunTime:0.004883s ]
INFO: [ view_parse ] --START--
INFO: Run ParseTemplate Behavior [ RunTime:0.048828s ]
INFO: [ view_parse ] --END-- [ RunTime:0.049804s ]
INFO: [ view_filter ] --START--
INFO: Run ContentReplace Behavior [ RunTime:0.001953s ]
INFO: Run TokenBuild Behavior [ RunTime:0.002930s ]
INFO: Run WriteHtmlCache Behavior [ RunTime:0.000977s ]
INFO: Run ShowRuntime Behavior [ RunTime:0.003907s ]
INFO: [ view_filter ] --END-- [ RunTime:0.012696s ]
INFO: [ view_end ] --START--
INFO: Run ShowPageTrace Behavior [ RunTime:0.002930s ]
INFO: [ view_end ] --END-- [ RunTime:0.002930s ]

[ 2014-08-21T09:56:10+08:00 ] 127.0.0.1 /p2p/index.php?g=Admin&m=Users&a=ls
INFO: [ app_begin ] --START--
INFO: Run ReadHtmlCache Behavior [ RunTime:0.004883s ]
INFO: [ app_begin ] --END-- [ RunTime:0.005859s ]
SQL: SHOW COLUMNS FROM `p_users` [ RunTime:0.014648s ]
ERR: Table 'p2p.p_users' doesn't exist
 [ SQL语句 ] : SHOW COLUMNS FROM `p_users`
SQL: SELECT * FROM `p_users`  [ RunTime:0.001953s ]
ERR: Table 'p2p.p_users' doesn't exist
 [ SQL语句 ] : SELECT * FROM `p_users` 
INFO: [ view_template ] --START--
INFO: Run LocationTemplate Behavior [ RunTime:0.006836s ]
INFO: [ view_template ] --END-- [ RunTime:0.007812s ]
INFO: [ view_parse ] --START--
INFO: Run ParseTemplate Behavior [ RunTime:0.054687s ]
INFO: [ view_parse ] --END-- [ RunTime:0.056641s ]
INFO: [ view_filter ] --START--
INFO: Run ContentReplace Behavior [ RunTime:0.003906s ]
INFO: Run TokenBuild Behavior [ RunTime:0.002929s ]
INFO: Run WriteHtmlCache Behavior [ RunTime:0.005860s ]
INFO: Run ShowRuntime Behavior [ RunTime:0.003907s ]
INFO: [ view_filter ] --END-- [ RunTime:0.019531s ]
INFO: [ view_end ] --START--
INFO: Run ShowPageTrace Behavior [ RunTime:0.003906s ]
INFO: [ view_end ] --END-- [ RunTime:0.003906s ]

[ 2014-08-21T09:56:11+08:00 ] ERR: (ThinkException) Action:get_tpl_list您所请求的方法不存在！
[ 2014-08-21T09:56:13+08:00 ] 127.0.0.1 /p2p/index.php?g=Admin&m=Tpl&a=ls
INFO: [ app_begin ] --START--
INFO: Run ReadHtmlCache Behavior [ RunTime:0.003906s ]
INFO: [ app_begin ] --END-- [ RunTime:0.004883s ]

